Disabling dynamic polling
initializing CUDA
Listing all CUDA devices in system:
CUDA device 0: PCIe address is 06:00
CUDA device 1: PCIe address is 26:00
CUDA device 2: PCIe address is A6:00
CUDA device 3: PCIe address is C6:00

Picking device No. 1
[pid = 9500, dev = 1] device name = [NVIDIA H100 80GB HBM3]
creating CUDA Ctx
making it the current CUDA Ctx
CUDA device integrated: 0
using DMA-BUF for GPU buffer address at 0x7f34fa800000 aligned at 0x7f34fa800000 with aligned size 16777216
allocated GPU buffer of a 16777216 address at 0x154bf50 for type CUDA_MEM_DEVICE
Calling ibv_reg_dmabuf_mr(offset=0, size=16777216, addr=0x7f34fa800000, fd=58) for QP #0
---------------------------------------------------------------------------------------
                    RDMA_Read Latency Test
 Dual-port       : OFF		Device         : mlx5_2
 Number of qps   : 1		Transport type : IB
 Connection type : RC		Using SRQ      : OFF
 PCIe relax order: ON		Lock-free      : OFF
 ibv_wr* API     : ON		Using DDP      : OFF
 TX depth        : 1
 Mtu             : 4096[B]
 Link type       : Ethernet
 GID index       : 3
 Outstand reads  : 16
 rdma_cm QPs	 : ON
 Data ex. method : rdma_cm 	TOS    : 41
---------------------------------------------------------------------------------------
 local address: LID 0000 QPN 0x027c PSN 0x231058
 GID: 00:00:00:00:00:00:00:00:00:00:255:255:192:168:101:92
 remote address: LID 0000 QPN 0x0235 PSN 0xb07af4
 GID: 00:00:00:00:00:00:00:00:00:00:255:255:192:168:101:90
---------------------------------------------------------------------------------------
 #bytes #iterations    t_min[usec]    t_max[usec]  t_typical[usec]    t_avg[usec]    t_stdev[usec]   99% percentile[usec]   99.9% percentile[usec] 
 2       1000          3.92           7.22         4.01     	       4.03        	0.10   		4.34    		7.22   
 4       1000          3.98           7.52         4.01     	       4.03        	0.08   		4.18    		7.52   
 8       1000          3.93           6.51         4.02     	       4.03        	0.03   		4.20    		6.51   
 16      1000          3.94           9.50         4.02     	       4.04        	0.13   		4.20    		9.50   
 32      1000          3.93           8.29         4.02     	       4.04        	0.11   		4.17    		8.29   
 64      1000          3.95           10.06        4.04     	       4.06        	0.14   		4.21    		10.06  
 128     1000          3.98           7.38         4.07     	       4.09        	0.13   		4.22    		7.38   
 256     1000          4.08           8.88         4.11     	       4.13        	0.17   		4.28    		8.88   
 512     1000          4.07           9.55         4.13     	       4.15        	0.08   		4.25    		9.55   
 1024    1000          4.10           8.46         4.19     	       4.22        	0.10   		4.33    		8.46   
 2048    1000          4.20           9.02         4.28     	       4.31        	0.21   		4.45    		9.02   
 4096    1000          4.42           8.31         4.50     	       4.52        	0.15   		4.66    		8.31   
 8192    1000          4.60           7.98         4.67     	       4.69        	0.12   		4.87    		7.98   
 16384   1000          6.22           10.52        6.29     	       6.32        	0.17   		6.48    		10.52  
 32768   1000          6.80           9.95         7.01     	       7.02        	0.11   		7.18    		9.95   
 65536   1000          8.03           18.78        8.21     	       8.22        	0.22   		8.38    		18.78  
 131072  1000          10.62          16.26        10.71    	       10.73       	0.23   		10.89   		16.26  
 262144  1000          16.66          24.72        16.90    	       16.94       	0.35   		19.52   		24.72  
 524288  1000          26.68          28.76        26.79    	       26.79       	0.03   		26.94   		28.76  
 1048576 1000          46.53          50.72        46.71    	       46.72       	0.03   		46.95   		50.72  
 2097152 1000          87.32          103.57       87.42    	       87.48       	0.54   		89.02   		103.57 
 4194304 1000          168.98         173.07       169.10   	       169.13      	0.15   		169.48  		173.07 
 8388608 1000          332.34         362.03       332.53   	       333.15      	1.25   		338.03  		362.03 
---------------------------------------------------------------------------------------
deallocating GPU buffer 00007f34fa800000
destroying current CUDA Ctx
