Disabling dynamic polling

************************************
* Waiting for client to connect... *
************************************
initializing CUDA
Listing all CUDA devices in system:
CUDA device 0: PCIe address is 06:00
CUDA device 1: PCIe address is 26:00
CUDA device 2: PCIe address is A6:00
CUDA device 3: PCIe address is C6:00

Picking device No. 0
[pid = 9691, dev = 0] device name = [NVIDIA H100 80GB HBM3]
creating CUDA Ctx
making it the current CUDA Ctx
CUDA device integrated: 0
using DMA-BUF for GPU buffer address at 0x7fa3fa000000 aligned at 0x7fa3fa000000 with aligned size 134217728
allocated GPU buffer of a 134217728 address at 0x925c30 for type CUDA_MEM_DEVICE
Calling ibv_reg_dmabuf_mr(offset=0, size=134217728, addr=0x7fa3fa000000, fd=58) for QP #0
---------------------------------------------------------------------------------------
                    RDMA_Read BW Test
 Dual-port       : OFF		Device         : mlx5_5
 Number of qps   : 8		Transport type : IB
 Connection type : RC		Using SRQ      : OFF
 PCIe relax order: ON		Lock-free      : OFF
 ibv_wr* API     : ON		Using DDP      : OFF
 CQ Moderation   : 100
 CQE Poll Batch  : 16
 Mtu             : 4096[B]
 Link type       : Ethernet
 GID index       : 3
 Outstand reads  : 16
 rdma_cm QPs	 : ON
 Data ex. method : rdma_cm 	TOS    : 41
---------------------------------------------------------------------------------------
 Waiting for client rdma_cm QP to connect
 Please run the same command with the IB/RoCE interface IP
---------------------------------------------------------------------------------------
 local address: LID 0000 QPN 0x01cb PSN 0x8fd03
 GID: 00:00:00:00:00:00:00:00:00:00:255:255:192:168:102:92
 local address: LID 0000 QPN 0x01cc PSN 0xafd631
 GID: 00:00:00:00:00:00:00:00:00:00:255:255:192:168:102:92
 local address: LID 0000 QPN 0x01cd PSN 0xebba27
 GID: 00:00:00:00:00:00:00:00:00:00:255:255:192:168:102:92
 local address: LID 0000 QPN 0x01ce PSN 0xb7ebea
 GID: 00:00:00:00:00:00:00:00:00:00:255:255:192:168:102:92
 local address: LID 0000 QPN 0x01cf PSN 0x6d64b5
 GID: 00:00:00:00:00:00:00:00:00:00:255:255:192:168:102:92
 local address: LID 0000 QPN 0x01d0 PSN 0x82d473
 GID: 00:00:00:00:00:00:00:00:00:00:255:255:192:168:102:92
 local address: LID 0000 QPN 0x01d1 PSN 0x818856
 GID: 00:00:00:00:00:00:00:00:00:00:255:255:192:168:102:92
 local address: LID 0000 QPN 0x01d2 PSN 0xb18c97
 GID: 00:00:00:00:00:00:00:00:00:00:255:255:192:168:102:92
 remote address: LID 0000 QPN 0x01da PSN 0x1ab123
 GID: 00:00:00:00:00:00:00:00:00:00:255:255:192:168:102:90
 remote address: LID 0000 QPN 0x01db PSN 0x8e47d1
 GID: 00:00:00:00:00:00:00:00:00:00:255:255:192:168:102:90
 remote address: LID 0000 QPN 0x01dc PSN 0x37db47
 GID: 00:00:00:00:00:00:00:00:00:00:255:255:192:168:102:90
 remote address: LID 0000 QPN 0x01dd PSN 0x64c68a
 GID: 00:00:00:00:00:00:00:00:00:00:255:255:192:168:102:90
 remote address: LID 0000 QPN 0x01de PSN 0xf23ad5
 GID: 00:00:00:00:00:00:00:00:00:00:255:255:192:168:102:90
 remote address: LID 0000 QPN 0x01df PSN 0xf2c013
 GID: 00:00:00:00:00:00:00:00:00:00:255:255:192:168:102:90
 remote address: LID 0000 QPN 0x01e0 PSN 0x5a9b76
 GID: 00:00:00:00:00:00:00:00:00:00:255:255:192:168:102:90
 remote address: LID 0000 QPN 0x01e1 PSN 0xcd7137
 GID: 00:00:00:00:00:00:00:00:00:00:255:255:192:168:102:90
---------------------------------------------------------------------------------------
 #bytes     #iterations    BW peak[Gb/sec]    BW average[Gb/sec]   MsgRate[Mpps]
 8388608    8000             105.32             105.32 		     0.001569
---------------------------------------------------------------------------------------
deallocating GPU buffer 00007fa3fa000000
destroying current CUDA Ctx
