Disabling dynamic polling

************************************
* Waiting for client to connect... *
************************************
initializing CUDA
Listing all CUDA devices in system:
CUDA device 0: PCIe address is 06:00
CUDA device 1: PCIe address is 26:00
CUDA device 2: PCIe address is A6:00
CUDA device 3: PCIe address is C6:00

Picking device No. 0
[pid = 9659, dev = 0] device name = [NVIDIA H100 80GB HBM3]
creating CUDA Ctx
making it the current CUDA Ctx
CUDA device integrated: 0
using DMA-BUF for GPU buffer address at 0x7f67b6000000 aligned at 0x7f67b6000000 with aligned size 134217728
allocated GPU buffer of a 134217728 address at 0x1503c30 for type CUDA_MEM_DEVICE
Calling ibv_reg_dmabuf_mr(offset=0, size=134217728, addr=0x7f67b6000000, fd=58) for QP #0
---------------------------------------------------------------------------------------
                    RDMA_Read BW Test
 Dual-port       : OFF		Device         : mlx5_3
 Number of qps   : 8		Transport type : IB
 Connection type : RC		Using SRQ      : OFF
 PCIe relax order: ON		Lock-free      : OFF
 ibv_wr* API     : ON		Using DDP      : OFF
 CQ Moderation   : 100
 CQE Poll Batch  : 16
 Mtu             : 4096[B]
 Link type       : Ethernet
 GID index       : 3
 Outstand reads  : 16
 rdma_cm QPs	 : ON
 Data ex. method : rdma_cm 	TOS    : 41
---------------------------------------------------------------------------------------
 Waiting for client rdma_cm QP to connect
 Please run the same command with the IB/RoCE interface IP
---------------------------------------------------------------------------------------
 local address: LID 0000 QPN 0x022c PSN 0x8e8bef
 GID: 00:00:00:00:00:00:00:00:00:00:255:255:192:168:100:92
 local address: LID 0000 QPN 0x022d PSN 0x85b8ad
 GID: 00:00:00:00:00:00:00:00:00:00:255:255:192:168:100:92
 local address: LID 0000 QPN 0x022e PSN 0xc890f3
 GID: 00:00:00:00:00:00:00:00:00:00:255:255:192:168:100:92
 local address: LID 0000 QPN 0x022f PSN 0xcaa8c6
 GID: 00:00:00:00:00:00:00:00:00:00:255:255:192:168:100:92
 local address: LID 0000 QPN 0x0230 PSN 0xe57661
 GID: 00:00:00:00:00:00:00:00:00:00:255:255:192:168:100:92
 local address: LID 0000 QPN 0x0231 PSN 0x12e2af
 GID: 00:00:00:00:00:00:00:00:00:00:255:255:192:168:100:92
 local address: LID 0000 QPN 0x0232 PSN 0xf17fe2
 GID: 00:00:00:00:00:00:00:00:00:00:255:255:192:168:100:92
 local address: LID 0000 QPN 0x0233 PSN 0xd5bb33
 GID: 00:00:00:00:00:00:00:00:00:00:255:255:192:168:100:92
 remote address: LID 0000 QPN 0x020e PSN 0x509bf7
 GID: 00:00:00:00:00:00:00:00:00:00:255:255:192:168:100:90
 remote address: LID 0000 QPN 0x020f PSN 0xedbc15
 GID: 00:00:00:00:00:00:00:00:00:00:255:255:192:168:100:90
 remote address: LID 0000 QPN 0x0210 PSN 0x1743b
 GID: 00:00:00:00:00:00:00:00:00:00:255:255:192:168:100:90
 remote address: LID 0000 QPN 0x0211 PSN 0x961e6e
 GID: 00:00:00:00:00:00:00:00:00:00:255:255:192:168:100:90
 remote address: LID 0000 QPN 0x0212 PSN 0x1b7ee9
 GID: 00:00:00:00:00:00:00:00:00:00:255:255:192:168:100:90
 remote address: LID 0000 QPN 0x0213 PSN 0x1eb497
 GID: 00:00:00:00:00:00:00:00:00:00:255:255:192:168:100:90
 remote address: LID 0000 QPN 0x0214 PSN 0x704faa
 GID: 00:00:00:00:00:00:00:00:00:00:255:255:192:168:100:90
 remote address: LID 0000 QPN 0x0215 PSN 0xe1e35b
 GID: 00:00:00:00:00:00:00:00:00:00:255:255:192:168:100:90
---------------------------------------------------------------------------------------
 #bytes     #iterations    BW peak[Gb/sec]    BW average[Gb/sec]   MsgRate[Mpps]
 8388608    8000             170.77             170.77 		     0.002545
---------------------------------------------------------------------------------------
deallocating GPU buffer 00007f67b6000000
destroying current CUDA Ctx
