Disabling dynamic polling
initializing CUDA
Listing all CUDA devices in system:
CUDA device 0: PCIe address is 06:00
CUDA device 1: PCIe address is 26:00
CUDA device 2: PCIe address is A6:00
CUDA device 3: PCIe address is C6:00

Picking device No. 3
[pid = 9550, dev = 3] device name = [NVIDIA H100 80GB HBM3]
creating CUDA Ctx
making it the current CUDA Ctx
CUDA device integrated: 0
using DMA-BUF for GPU buffer address at 0x7fe0fa800000 aligned at 0x7fe0fa800000 with aligned size 16777216
allocated GPU buffer of a 16777216 address at 0x1d97f50 for type CUDA_MEM_DEVICE
Calling ibv_reg_dmabuf_mr(offset=0, size=16777216, addr=0x7fe0fa800000, fd=58) for QP #0
---------------------------------------------------------------------------------------
                    RDMA_Read Latency Test
 Dual-port       : OFF		Device         : mlx5_4
 Number of qps   : 1		Transport type : IB
 Connection type : RC		Using SRQ      : OFF
 PCIe relax order: ON		Lock-free      : OFF
 ibv_wr* API     : ON		Using DDP      : OFF
 TX depth        : 1
 Mtu             : 4096[B]
 Link type       : Ethernet
 GID index       : 3
 Outstand reads  : 16
 rdma_cm QPs	 : ON
 Data ex. method : rdma_cm 	TOS    : 41
---------------------------------------------------------------------------------------
 local address: LID 0000 QPN 0x01e3 PSN 0xb95242
 GID: 00:00:00:00:00:00:00:00:00:00:255:255:192:168:103:92
 remote address: LID 0000 QPN 0x01e3 PSN 0xa2c462
 GID: 00:00:00:00:00:00:00:00:00:00:255:255:192:168:103:90
---------------------------------------------------------------------------------------
 #bytes #iterations    t_min[usec]    t_max[usec]  t_typical[usec]    t_avg[usec]    t_stdev[usec]   99% percentile[usec]   99.9% percentile[usec] 
 2       1000          3.51           9.10         3.54     	       3.57        	0.16   		3.73    		9.10   
 4       1000          3.52           9.23         3.54     	       3.58        	0.08   		3.67    		9.23   
 8       1000          3.52           6.99         3.54     	       3.57        	0.07   		3.67    		6.99   
 16      1000          3.52           7.30         3.55     	       3.58        	0.16   		3.68    		7.30   
 32      1000          3.53           6.73         3.55     	       3.58        	0.09   		3.65    		6.73   
 64      1000          3.53           8.10         3.56     	       3.58        	0.16   		3.67    		8.10   
 128     1000          3.55           8.29         3.58     	       3.59        	0.12   		3.74    		8.29   
 256     1000          3.58           6.45         3.61     	       3.62        	0.07   		3.79    		6.45   
 512     1000          3.61           9.93         3.63     	       3.64        	0.06   		3.82    		9.93   
 1024    1000          3.64           6.94         3.67     	       3.68        	0.07   		3.83    		6.94   
 2048    1000          3.72           7.90         3.75     	       3.77        	0.15   		3.84    		7.90   
 4096    1000          3.90           7.09         3.94     	       3.95        	0.05   		4.10    		7.09   
 8192    1000          4.05           8.89         4.10     	       4.12        	0.16   		4.32    		8.89   
 16384   1000          4.86           9.03         4.93     	       4.94        	0.08   		5.10    		9.03   
 32768   1000          5.46           8.94         5.50     	       5.52        	0.05   		5.64    		8.94   
 65536   1000          6.64           8.75         6.69     	       6.74        	0.05   		6.83    		8.75   
 131072  1000          8.96           16.27        8.99     	       9.01        	0.20   		9.20    		16.27  
 262144  1000          13.59          16.89        13.62    	       13.64       	0.08   		13.77   		16.89  
 524288  1000          22.84          28.70        22.90    	       22.92       	0.17   		23.12   		28.70  
 1048576 1000          41.38          47.84        41.41    	       41.46       	0.33   		42.21   		47.84  
 2097152 1000          78.45          81.08        78.50    	       78.51       	0.03   		78.76   		81.08  
 4194304 1000          152.67         193.33       152.89   	       153.02      	1.28   		155.00  		193.33 
 8388608 1000          301.16         322.74       303.21   	       303.75      	4.35   		319.59  		322.74 
---------------------------------------------------------------------------------------
deallocating GPU buffer 00007fe0fa800000
destroying current CUDA Ctx
