Disabling dynamic polling
initializing CUDA
Listing all CUDA devices in system:
CUDA device 0: PCIe address is 06:00
CUDA device 1: PCIe address is 26:00
CUDA device 2: PCIe address is A6:00
CUDA device 3: PCIe address is C6:00

Picking device No. 1
[pid = 9479, dev = 1] device name = [NVIDIA H100 80GB HBM3]
creating CUDA Ctx
making it the current CUDA Ctx
CUDA device integrated: 0
using DMA-BUF for GPU buffer address at 0x7fcec0000000 aligned at 0x7fcec0000000 with aligned size 134217728
allocated GPU buffer of a 134217728 address at 0x89d640 for type CUDA_MEM_DEVICE
Calling ibv_reg_dmabuf_mr(offset=0, size=134217728, addr=0x7fcec0000000, fd=58) for QP #0
---------------------------------------------------------------------------------------
                    RDMA_Read BW Test
 Dual-port       : OFF		Device         : mlx5_5
 Number of qps   : 8		Transport type : IB
 Connection type : RC		Using SRQ      : OFF
 PCIe relax order: ON		Lock-free      : OFF
 ibv_wr* API     : ON		Using DDP      : OFF
 TX depth        : 128
 CQ Moderation   : 100
 CQE Poll Batch  : 16
 Mtu             : 4096[B]
 Link type       : Ethernet
 GID index       : 3
 Outstand reads  : 16
 rdma_cm QPs	 : ON
 Data ex. method : rdma_cm 	TOS    : 41
---------------------------------------------------------------------------------------
 local address: LID 0000 QPN 0x01a0 PSN 0x3f5bea
 GID: 00:00:00:00:00:00:00:00:00:00:255:255:192:168:102:92
 local address: LID 0000 QPN 0x01a1 PSN 0x843bc3
 GID: 00:00:00:00:00:00:00:00:00:00:255:255:192:168:102:92
 local address: LID 0000 QPN 0x01a2 PSN 0xbdb21b
 GID: 00:00:00:00:00:00:00:00:00:00:255:255:192:168:102:92
 local address: LID 0000 QPN 0x01a3 PSN 0x5d4397
 GID: 00:00:00:00:00:00:00:00:00:00:255:255:192:168:102:92
 local address: LID 0000 QPN 0x01a4 PSN 0x8b9a95
 GID: 00:00:00:00:00:00:00:00:00:00:255:255:192:168:102:92
 local address: LID 0000 QPN 0x01a5 PSN 0xd0919d
 GID: 00:00:00:00:00:00:00:00:00:00:255:255:192:168:102:92
 local address: LID 0000 QPN 0x01a6 PSN 0xd05c02
 GID: 00:00:00:00:00:00:00:00:00:00:255:255:192:168:102:92
 local address: LID 0000 QPN 0x01a7 PSN 0x87c19d
 GID: 00:00:00:00:00:00:00:00:00:00:255:255:192:168:102:92
 remote address: LID 0000 QPN 0x01af PSN 0xd18d0f
 GID: 00:00:00:00:00:00:00:00:00:00:255:255:192:168:102:90
 remote address: LID 0000 QPN 0x01b0 PSN 0x66684
 GID: 00:00:00:00:00:00:00:00:00:00:255:255:192:168:102:90
 remote address: LID 0000 QPN 0x01b1 PSN 0x7f4c48
 GID: 00:00:00:00:00:00:00:00:00:00:255:255:192:168:102:90
 remote address: LID 0000 QPN 0x01b2 PSN 0xcc56c0
 GID: 00:00:00:00:00:00:00:00:00:00:255:255:192:168:102:90
 remote address: LID 0000 QPN 0x01b3 PSN 0xd9990a
 GID: 00:00:00:00:00:00:00:00:00:00:255:255:192:168:102:90
 remote address: LID 0000 QPN 0x01b4 PSN 0x7f076e
 GID: 00:00:00:00:00:00:00:00:00:00:255:255:192:168:102:90
 remote address: LID 0000 QPN 0x01b5 PSN 0x9e4bff
 GID: 00:00:00:00:00:00:00:00:00:00:255:255:192:168:102:90
 remote address: LID 0000 QPN 0x01b6 PSN 0x103e56
 GID: 00:00:00:00:00:00:00:00:00:00:255:255:192:168:102:90
---------------------------------------------------------------------------------------
 #bytes     #iterations    BW peak[Gb/sec]    BW average[Gb/sec]   MsgRate[Mpps]
 2          8000           0.055641            0.055460            3.466249
 4          8000             0.11               0.11   		     3.502152
 8          8000             0.22               0.22   		     3.496325
 16         8000             0.45               0.45   		     3.490797
 32         8000             0.90               0.90   		     3.511050
 64         8000             1.79               1.79   		     3.487160
 128        8000             3.58               3.54   		     3.460043
 256        8000             7.22               7.20   		     3.517538
 512        8000             14.45              14.42  		     3.520631
 1024       8000             28.85              28.80  		     3.515046
 2048       8000             56.89              56.80  		     3.466655
 4096       8000             68.27              68.26  		     2.082997
 8192       8000             123.29             88.48  		     1.350054
 16384      8000             128.27             106.39 		     0.811654
 32768      8000             131.33             122.71 		     0.468106
 65536      8000             131.77             128.18 		     0.244477
 131072     8000             135.34             135.33 		     0.129065
 262144     8000             137.24             137.24 		     0.065442
 524288     8000             136.71             136.71 		     0.032594
 1048576    8000             138.89             138.89 		     0.016557
 2097152    8000             139.34             139.34 		     0.008305
 4194304    8000             139.19             139.19 		     0.004148
 8388608    8000             139.38             139.38 		     0.002077
---------------------------------------------------------------------------------------
deallocating GPU buffer 00007fcec0000000
destroying current CUDA Ctx
