Disabling dynamic polling
initializing CUDA
Listing all CUDA devices in system:
CUDA device 0: PCIe address is 06:00
CUDA device 1: PCIe address is 26:00
CUDA device 2: PCIe address is A6:00
CUDA device 3: PCIe address is C6:00

Picking device No. 2
[pid = 9424, dev = 2] device name = [NVIDIA H100 80GB HBM3]
creating CUDA Ctx
making it the current CUDA Ctx
CUDA device integrated: 0
using DMA-BUF for GPU buffer address at 0x7f3660000000 aligned at 0x7f3660000000 with aligned size 134217728
allocated GPU buffer of a 134217728 address at 0x227e640 for type CUDA_MEM_DEVICE
Calling ibv_reg_dmabuf_mr(offset=0, size=134217728, addr=0x7f3660000000, fd=58) for QP #0
---------------------------------------------------------------------------------------
                    RDMA_Read BW Test
 Dual-port       : OFF		Device         : mlx5_2
 Number of qps   : 8		Transport type : IB
 Connection type : RC		Using SRQ      : OFF
 PCIe relax order: ON		Lock-free      : OFF
 ibv_wr* API     : ON		Using DDP      : OFF
 TX depth        : 128
 CQ Moderation   : 100
 CQE Poll Batch  : 16
 Mtu             : 4096[B]
 Link type       : Ethernet
 GID index       : 3
 Outstand reads  : 16
 rdma_cm QPs	 : ON
 Data ex. method : rdma_cm 	TOS    : 41
---------------------------------------------------------------------------------------
 local address: LID 0000 QPN 0x0268 PSN 0x57062e
 GID: 00:00:00:00:00:00:00:00:00:00:255:255:192:168:101:92
 local address: LID 0000 QPN 0x0269 PSN 0xca5f80
 GID: 00:00:00:00:00:00:00:00:00:00:255:255:192:168:101:92
 local address: LID 0000 QPN 0x026a PSN 0x692aca
 GID: 00:00:00:00:00:00:00:00:00:00:255:255:192:168:101:92
 local address: LID 0000 QPN 0x026b PSN 0x975351
 GID: 00:00:00:00:00:00:00:00:00:00:255:255:192:168:101:92
 local address: LID 0000 QPN 0x026c PSN 0x66f590
 GID: 00:00:00:00:00:00:00:00:00:00:255:255:192:168:101:92
 local address: LID 0000 QPN 0x026d PSN 0xce43b2
 GID: 00:00:00:00:00:00:00:00:00:00:255:255:192:168:101:92
 local address: LID 0000 QPN 0x026e PSN 0xa68029
 GID: 00:00:00:00:00:00:00:00:00:00:255:255:192:168:101:92
 local address: LID 0000 QPN 0x026f PSN 0x9aa36e
 GID: 00:00:00:00:00:00:00:00:00:00:255:255:192:168:101:92
 remote address: LID 0000 QPN 0x0221 PSN 0xfcd5ba
 GID: 00:00:00:00:00:00:00:00:00:00:255:255:192:168:101:90
 remote address: LID 0000 QPN 0x0222 PSN 0xeb861c
 GID: 00:00:00:00:00:00:00:00:00:00:255:255:192:168:101:90
 remote address: LID 0000 QPN 0x0223 PSN 0x6c336
 GID: 00:00:00:00:00:00:00:00:00:00:255:255:192:168:101:90
 remote address: LID 0000 QPN 0x0224 PSN 0x32414d
 GID: 00:00:00:00:00:00:00:00:00:00:255:255:192:168:101:90
 remote address: LID 0000 QPN 0x0225 PSN 0x7eb1dc
 GID: 00:00:00:00:00:00:00:00:00:00:255:255:192:168:101:90
 remote address: LID 0000 QPN 0x0226 PSN 0x25b80e
 GID: 00:00:00:00:00:00:00:00:00:00:255:255:192:168:101:90
 remote address: LID 0000 QPN 0x0227 PSN 0x3db355
 GID: 00:00:00:00:00:00:00:00:00:00:255:255:192:168:101:90
 remote address: LID 0000 QPN 0x0228 PSN 0x84f52a
 GID: 00:00:00:00:00:00:00:00:00:00:255:255:192:168:101:90
---------------------------------------------------------------------------------------
 #bytes     #iterations    BW peak[Gb/sec]    BW average[Gb/sec]   MsgRate[Mpps]
 2          8000           0.076923            0.076471            4.779457
 4          8000             0.16               0.16   		     4.879239
 8          8000             0.32               0.31   		     4.896651
 16         8000             0.63               0.63   		     4.920897
 32         8000             1.25               1.25   		     4.880518
 64         8000             2.52               2.49   		     4.869824
 128        8000             4.97               4.92   		     4.802670
 256        8000             10.00              9.97   		     4.866273
 512        8000             20.08              19.95  		     4.870416
 1024       8000             40.15              40.04  		     4.888106
 2048       8000             68.90              68.81  		     4.199893
 4096       8000             68.52              68.50  		     2.090536
 8192       8000             124.96             87.91  		     1.341341
 16384      8000             129.97             106.15 		     0.809842
 32768      8000             131.48             122.19 		     0.466117
 65536      8000             134.03             130.15 		     0.248235
 131072     8000             133.75             133.74 		     0.127544
 262144     8000             136.84             136.84 		     0.065250
 524288     8000             138.04             138.04 		     0.032911
 1048576    8000             138.54             138.53 		     0.016515
 2097152    8000             139.01             138.76 		     0.008271
 4194304    8000             139.34             139.34 		     0.004153
 8388608    8000             139.27             139.27 		     0.002075
---------------------------------------------------------------------------------------
deallocating GPU buffer 00007f3660000000
destroying current CUDA Ctx
