Disabling dynamic polling
initializing CUDA
Listing all CUDA devices in system:
CUDA device 0: PCIe address is 06:00
CUDA device 1: PCIe address is 26:00
CUDA device 2: PCIe address is A6:00
CUDA device 3: PCIe address is C6:00

Picking device No. 3
[pid = 9489, dev = 3] device name = [NVIDIA H100 80GB HBM3]
creating CUDA Ctx
making it the current CUDA Ctx
CUDA device integrated: 0
using DMA-BUF for GPU buffer address at 0x7fa8d2000000 aligned at 0x7fa8d2000000 with aligned size 134217728
allocated GPU buffer of a 134217728 address at 0x1334640 for type CUDA_MEM_DEVICE
Calling ibv_reg_dmabuf_mr(offset=0, size=134217728, addr=0x7fa8d2000000, fd=58) for QP #0
---------------------------------------------------------------------------------------
                    RDMA_Read BW Test
 Dual-port       : OFF		Device         : mlx5_5
 Number of qps   : 8		Transport type : IB
 Connection type : RC		Using SRQ      : OFF
 PCIe relax order: ON		Lock-free      : OFF
 ibv_wr* API     : ON		Using DDP      : OFF
 TX depth        : 128
 CQ Moderation   : 100
 CQE Poll Batch  : 16
 Mtu             : 4096[B]
 Link type       : Ethernet
 GID index       : 3
 Outstand reads  : 16
 rdma_cm QPs	 : ON
 Data ex. method : rdma_cm 	TOS    : 41
---------------------------------------------------------------------------------------
 local address: LID 0000 QPN 0x01b2 PSN 0xf65bf2
 GID: 00:00:00:00:00:00:00:00:00:00:255:255:192:168:102:92
 local address: LID 0000 QPN 0x01b3 PSN 0xd66f2b
 GID: 00:00:00:00:00:00:00:00:00:00:255:255:192:168:102:92
 local address: LID 0000 QPN 0x01b4 PSN 0xcd0563
 GID: 00:00:00:00:00:00:00:00:00:00:255:255:192:168:102:92
 local address: LID 0000 QPN 0x01b5 PSN 0x16693f
 GID: 00:00:00:00:00:00:00:00:00:00:255:255:192:168:102:92
 local address: LID 0000 QPN 0x01b6 PSN 0x15931d
 GID: 00:00:00:00:00:00:00:00:00:00:255:255:192:168:102:92
 local address: LID 0000 QPN 0x01b7 PSN 0x399385
 GID: 00:00:00:00:00:00:00:00:00:00:255:255:192:168:102:92
 local address: LID 0000 QPN 0x01b8 PSN 0x1c9bca
 GID: 00:00:00:00:00:00:00:00:00:00:255:255:192:168:102:92
 local address: LID 0000 QPN 0x01b9 PSN 0xac99c5
 GID: 00:00:00:00:00:00:00:00:00:00:255:255:192:168:102:92
 remote address: LID 0000 QPN 0x01c1 PSN 0xd4b39
 GID: 00:00:00:00:00:00:00:00:00:00:255:255:192:168:102:90
 remote address: LID 0000 QPN 0x01c2 PSN 0x91a72f
 GID: 00:00:00:00:00:00:00:00:00:00:255:255:192:168:102:90
 remote address: LID 0000 QPN 0x01c3 PSN 0xfdea4d
 GID: 00:00:00:00:00:00:00:00:00:00:255:255:192:168:102:90
 remote address: LID 0000 QPN 0x01c4 PSN 0xc09018
 GID: 00:00:00:00:00:00:00:00:00:00:255:255:192:168:102:90
 remote address: LID 0000 QPN 0x01c5 PSN 0x4a04b
 GID: 00:00:00:00:00:00:00:00:00:00:255:255:192:168:102:90
 remote address: LID 0000 QPN 0x01c6 PSN 0xb7f751
 GID: 00:00:00:00:00:00:00:00:00:00:255:255:192:168:102:90
 remote address: LID 0000 QPN 0x01c7 PSN 0x1cd4dc
 GID: 00:00:00:00:00:00:00:00:00:00:255:255:192:168:102:90
 remote address: LID 0000 QPN 0x01c8 PSN 0x1985a5
 GID: 00:00:00:00:00:00:00:00:00:00:255:255:192:168:102:90
---------------------------------------------------------------------------------------
 #bytes     #iterations    BW peak[Gb/sec]    BW average[Gb/sec]   MsgRate[Mpps]
 2          8000           0.057416            0.057183            3.573966
 4          8000             0.12               0.12   		     3.598397
 8          8000             0.23               0.23   		     3.636264
 16         8000             0.46               0.46   		     3.621995
 32         8000             0.93               0.93   		     3.628892
 64         8000             1.84               1.83   		     3.579750
 128        8000             3.70               3.66   		     3.574572
 256        8000             7.43               7.40   		     3.614398
 512        8000             14.82              14.77  		     3.605011
 1024       8000             29.63              29.54  		     3.606333
 2048       8000             59.08              58.60  		     3.576378
 4096       8000             118.72             118.25 		     3.608610
 8192       8000             219.75             219.68 		     3.352118
 16384      8000             225.29             225.17 		     1.717882
 32768      8000             225.90             225.86 		     0.861594
 65536      8000             226.16             226.13 		     0.431313
 131072     8000             226.19             226.19 		     0.215715
 262144     8000             226.20             226.19 		     0.107857
 524288     8000             226.21             226.21 		     0.053933
 1048576    8000             226.23             226.23 		     0.026969
 2097152    8000             226.23             226.23 		     0.013484
 4194304    8000             226.23             226.23 		     0.006742
 8388608    8000             226.23             226.23 		     0.003371
---------------------------------------------------------------------------------------
deallocating GPU buffer 00007fa8d2000000
destroying current CUDA Ctx
