Disabling dynamic polling

************************************
* Waiting for client to connect... *
************************************
initializing CUDA
Listing all CUDA devices in system:
CUDA device 0: PCIe address is 06:00
CUDA device 1: PCIe address is 26:00
CUDA device 2: PCIe address is A6:00
CUDA device 3: PCIe address is C6:00

Picking device No. 2
[pid = 9699, dev = 2] device name = [NVIDIA H100 80GB HBM3]
creating CUDA Ctx
making it the current CUDA Ctx
CUDA device integrated: 0
using DMA-BUF for GPU buffer address at 0x7f0d2e000000 aligned at 0x7f0d2e000000 with aligned size 134217728
allocated GPU buffer of a 134217728 address at 0x116ec30 for type CUDA_MEM_DEVICE
Calling ibv_reg_dmabuf_mr(offset=0, size=134217728, addr=0x7f0d2e000000, fd=58) for QP #0
---------------------------------------------------------------------------------------
                    RDMA_Read BW Test
 Dual-port       : OFF		Device         : mlx5_5
 Number of qps   : 8		Transport type : IB
 Connection type : RC		Using SRQ      : OFF
 PCIe relax order: ON		Lock-free      : OFF
 ibv_wr* API     : ON		Using DDP      : OFF
 CQ Moderation   : 100
 CQE Poll Batch  : 16
 Mtu             : 4096[B]
 Link type       : Ethernet
 GID index       : 3
 Outstand reads  : 16
 rdma_cm QPs	 : ON
 Data ex. method : rdma_cm 	TOS    : 41
---------------------------------------------------------------------------------------
 Waiting for client rdma_cm QP to connect
 Please run the same command with the IB/RoCE interface IP
---------------------------------------------------------------------------------------
 local address: LID 0000 QPN 0x01dd PSN 0x1ede01
 GID: 00:00:00:00:00:00:00:00:00:00:255:255:192:168:102:92
 local address: LID 0000 QPN 0x01de PSN 0xc3498e
 GID: 00:00:00:00:00:00:00:00:00:00:255:255:192:168:102:92
 local address: LID 0000 QPN 0x01df PSN 0x1ef38a
 GID: 00:00:00:00:00:00:00:00:00:00:255:255:192:168:102:92
 local address: LID 0000 QPN 0x01e0 PSN 0xe3d9da
 GID: 00:00:00:00:00:00:00:00:00:00:255:255:192:168:102:92
 local address: LID 0000 QPN 0x01e1 PSN 0x9dc71c
 GID: 00:00:00:00:00:00:00:00:00:00:255:255:192:168:102:92
 local address: LID 0000 QPN 0x01e2 PSN 0x2d118
 GID: 00:00:00:00:00:00:00:00:00:00:255:255:192:168:102:92
 local address: LID 0000 QPN 0x01e3 PSN 0xa1e561
 GID: 00:00:00:00:00:00:00:00:00:00:255:255:192:168:102:92
 local address: LID 0000 QPN 0x01e4 PSN 0xbe9910
 GID: 00:00:00:00:00:00:00:00:00:00:255:255:192:168:102:92
 remote address: LID 0000 QPN 0x01ec PSN 0x301f1e
 GID: 00:00:00:00:00:00:00:00:00:00:255:255:192:168:102:90
 remote address: LID 0000 QPN 0x01ed PSN 0x5810e7
 GID: 00:00:00:00:00:00:00:00:00:00:255:255:192:168:102:90
 remote address: LID 0000 QPN 0x01ee PSN 0x9dca6f
 GID: 00:00:00:00:00:00:00:00:00:00:255:255:192:168:102:90
 remote address: LID 0000 QPN 0x01ef PSN 0x13175b
 GID: 00:00:00:00:00:00:00:00:00:00:255:255:192:168:102:90
 remote address: LID 0000 QPN 0x01f0 PSN 0xe8dd09
 GID: 00:00:00:00:00:00:00:00:00:00:255:255:192:168:102:90
 remote address: LID 0000 QPN 0x01f1 PSN 0x2a1501
 GID: 00:00:00:00:00:00:00:00:00:00:255:255:192:168:102:90
 remote address: LID 0000 QPN 0x01f2 PSN 0x292596
 GID: 00:00:00:00:00:00:00:00:00:00:255:255:192:168:102:90
 remote address: LID 0000 QPN 0x01f3 PSN 0xe08da1
 GID: 00:00:00:00:00:00:00:00:00:00:255:255:192:168:102:90
---------------------------------------------------------------------------------------
 #bytes     #iterations    BW peak[Gb/sec]    BW average[Gb/sec]   MsgRate[Mpps]
 8388608    8000             168.78             168.78 		     0.002515
---------------------------------------------------------------------------------------
deallocating GPU buffer 00007f0d2e000000
destroying current CUDA Ctx
