Disabling dynamic polling

************************************
* Waiting for client to connect... *
************************************
initializing CUDA
Listing all CUDA devices in system:
CUDA device 0: PCIe address is 06:00
CUDA device 1: PCIe address is 26:00
CUDA device 2: PCIe address is A6:00
CUDA device 3: PCIe address is C6:00

Picking device No. 0
[pid = 9675, dev = 0] device name = [NVIDIA H100 80GB HBM3]
creating CUDA Ctx
making it the current CUDA Ctx
CUDA device integrated: 0
using DMA-BUF for GPU buffer address at 0x7fd7a2000000 aligned at 0x7fd7a2000000 with aligned size 134217728
allocated GPU buffer of a 134217728 address at 0x22a7c30 for type CUDA_MEM_DEVICE
Calling ibv_reg_dmabuf_mr(offset=0, size=134217728, addr=0x7fd7a2000000, fd=58) for QP #0
---------------------------------------------------------------------------------------
                    RDMA_Read BW Test
 Dual-port       : OFF		Device         : mlx5_4
 Number of qps   : 8		Transport type : IB
 Connection type : RC		Using SRQ      : OFF
 PCIe relax order: ON		Lock-free      : OFF
 ibv_wr* API     : ON		Using DDP      : OFF
 CQ Moderation   : 100
 CQE Poll Batch  : 16
 Mtu             : 4096[B]
 Link type       : Ethernet
 GID index       : 3
 Outstand reads  : 16
 rdma_cm QPs	 : ON
 Data ex. method : rdma_cm 	TOS    : 41
---------------------------------------------------------------------------------------
 Waiting for client rdma_cm QP to connect
 Please run the same command with the IB/RoCE interface IP
---------------------------------------------------------------------------------------
 local address: LID 0000 QPN 0x01ed PSN 0xa88199
 GID: 00:00:00:00:00:00:00:00:00:00:255:255:192:168:103:92
 local address: LID 0000 QPN 0x01ee PSN 0x20e0f
 GID: 00:00:00:00:00:00:00:00:00:00:255:255:192:168:103:92
 local address: LID 0000 QPN 0x01ef PSN 0xc6f7ad
 GID: 00:00:00:00:00:00:00:00:00:00:255:255:192:168:103:92
 local address: LID 0000 QPN 0x01f0 PSN 0xdf81f8
 GID: 00:00:00:00:00:00:00:00:00:00:255:255:192:168:103:92
 local address: LID 0000 QPN 0x01f1 PSN 0xdcab
 GID: 00:00:00:00:00:00:00:00:00:00:255:255:192:168:103:92
 local address: LID 0000 QPN 0x01f2 PSN 0xdbec31
 GID: 00:00:00:00:00:00:00:00:00:00:255:255:192:168:103:92
 local address: LID 0000 QPN 0x01f3 PSN 0xed583c
 GID: 00:00:00:00:00:00:00:00:00:00:255:255:192:168:103:92
 local address: LID 0000 QPN 0x01f4 PSN 0x69b585
 GID: 00:00:00:00:00:00:00:00:00:00:255:255:192:168:103:92
 remote address: LID 0000 QPN 0x01ed PSN 0xe992f5
 GID: 00:00:00:00:00:00:00:00:00:00:255:255:192:168:103:90
 remote address: LID 0000 QPN 0x01ee PSN 0x1f1a3b
 GID: 00:00:00:00:00:00:00:00:00:00:255:255:192:168:103:90
 remote address: LID 0000 QPN 0x01ef PSN 0xa4ae69
 GID: 00:00:00:00:00:00:00:00:00:00:255:255:192:168:103:90
 remote address: LID 0000 QPN 0x01f0 PSN 0xc33804
 GID: 00:00:00:00:00:00:00:00:00:00:255:255:192:168:103:90
 remote address: LID 0000 QPN 0x01f1 PSN 0x9427c7
 GID: 00:00:00:00:00:00:00:00:00:00:255:255:192:168:103:90
 remote address: LID 0000 QPN 0x01f2 PSN 0xde0f1d
 GID: 00:00:00:00:00:00:00:00:00:00:255:255:192:168:103:90
 remote address: LID 0000 QPN 0x01f3 PSN 0xc63eb8
 GID: 00:00:00:00:00:00:00:00:00:00:255:255:192:168:103:90
 remote address: LID 0000 QPN 0x01f4 PSN 0x274051
 GID: 00:00:00:00:00:00:00:00:00:00:255:255:192:168:103:90
---------------------------------------------------------------------------------------
 #bytes     #iterations    BW peak[Gb/sec]    BW average[Gb/sec]   MsgRate[Mpps]
 8388608    8000             111.28             111.22 		     0.001657
---------------------------------------------------------------------------------------
deallocating GPU buffer 00007fd7a2000000
destroying current CUDA Ctx
