Disabling dynamic polling
initializing CUDA
Listing all CUDA devices in system:
CUDA device 0: PCIe address is 06:00
CUDA device 1: PCIe address is 26:00
CUDA device 2: PCIe address is A6:00
CUDA device 3: PCIe address is C6:00

Picking device No. 0
[pid = 9414, dev = 0] device name = [NVIDIA H100 80GB HBM3]
creating CUDA Ctx
making it the current CUDA Ctx
CUDA device integrated: 0
using DMA-BUF for GPU buffer address at 0x7fd7f2000000 aligned at 0x7fd7f2000000 with aligned size 134217728
allocated GPU buffer of a 134217728 address at 0x6ea640 for type CUDA_MEM_DEVICE
Calling ibv_reg_dmabuf_mr(offset=0, size=134217728, addr=0x7fd7f2000000, fd=58) for QP #0
---------------------------------------------------------------------------------------
                    RDMA_Read BW Test
 Dual-port       : OFF		Device         : mlx5_2
 Number of qps   : 8		Transport type : IB
 Connection type : RC		Using SRQ      : OFF
 PCIe relax order: ON		Lock-free      : OFF
 ibv_wr* API     : ON		Using DDP      : OFF
 TX depth        : 128
 CQ Moderation   : 100
 CQE Poll Batch  : 16
 Mtu             : 4096[B]
 Link type       : Ethernet
 GID index       : 3
 Outstand reads  : 16
 rdma_cm QPs	 : ON
 Data ex. method : rdma_cm 	TOS    : 41
---------------------------------------------------------------------------------------
 local address: LID 0000 QPN 0x0256 PSN 0x62cc76
 GID: 00:00:00:00:00:00:00:00:00:00:255:255:192:168:101:92
 local address: LID 0000 QPN 0x0257 PSN 0x527c28
 GID: 00:00:00:00:00:00:00:00:00:00:255:255:192:168:101:92
 local address: LID 0000 QPN 0x0258 PSN 0xfc4e52
 GID: 00:00:00:00:00:00:00:00:00:00:255:255:192:168:101:92
 local address: LID 0000 QPN 0x0259 PSN 0x89a439
 GID: 00:00:00:00:00:00:00:00:00:00:255:255:192:168:101:92
 local address: LID 0000 QPN 0x025a PSN 0x23d858
 GID: 00:00:00:00:00:00:00:00:00:00:255:255:192:168:101:92
 local address: LID 0000 QPN 0x025b PSN 0x5a82da
 GID: 00:00:00:00:00:00:00:00:00:00:255:255:192:168:101:92
 local address: LID 0000 QPN 0x025c PSN 0xfb5431
 GID: 00:00:00:00:00:00:00:00:00:00:255:255:192:168:101:92
 local address: LID 0000 QPN 0x025d PSN 0x981ad6
 GID: 00:00:00:00:00:00:00:00:00:00:255:255:192:168:101:92
 remote address: LID 0000 QPN 0x020f PSN 0x3fe472
 GID: 00:00:00:00:00:00:00:00:00:00:255:255:192:168:101:90
 remote address: LID 0000 QPN 0x0210 PSN 0x521a74
 GID: 00:00:00:00:00:00:00:00:00:00:255:255:192:168:101:90
 remote address: LID 0000 QPN 0x0211 PSN 0x1afcae
 GID: 00:00:00:00:00:00:00:00:00:00:255:255:192:168:101:90
 remote address: LID 0000 QPN 0x0212 PSN 0x108965
 GID: 00:00:00:00:00:00:00:00:00:00:255:255:192:168:101:90
 remote address: LID 0000 QPN 0x0213 PSN 0x8f414
 GID: 00:00:00:00:00:00:00:00:00:00:255:255:192:168:101:90
 remote address: LID 0000 QPN 0x0214 PSN 0x2239e6
 GID: 00:00:00:00:00:00:00:00:00:00:255:255:192:168:101:90
 remote address: LID 0000 QPN 0x0215 PSN 0x890c4d
 GID: 00:00:00:00:00:00:00:00:00:00:255:255:192:168:101:90
 remote address: LID 0000 QPN 0x0216 PSN 0x28a6c2
 GID: 00:00:00:00:00:00:00:00:00:00:255:255:192:168:101:90
---------------------------------------------------------------------------------------
 #bytes     #iterations    BW peak[Gb/sec]    BW average[Gb/sec]   MsgRate[Mpps]
 2          8000           0.078431            0.078215            4.888422
 4          8000             0.16               0.16   		     4.938364
 8          8000             0.32               0.32   		     4.984983
 16         8000             0.64               0.63   		     4.934677
 32         8000             1.27               1.27   		     4.962718
 64         8000             2.54               2.52   		     4.930814
 128        8000             5.03               4.96   		     4.842615
 256        8000             10.19              10.14  		     4.952916
 512        8000             20.25              20.14  		     4.915998
 1024       8000             40.42              40.38  		     4.928932
 2048       8000             80.49              80.34  		     4.903519
 4096       8000             161.33             160.65 		     4.902622
 8192       8000             223.08             222.93 		     3.401636
 16384      8000             225.47             225.41 		     1.719761
 32768      8000             226.07             226.01 		     0.862148
 65536      8000             226.16             226.15 		     0.431348
 131072     8000             226.22             226.20 		     0.215725
 262144     8000             226.20             226.19 		     0.107857
 524288     8000             226.21             226.21 		     0.053931
 1048576    8000             226.23             226.23 		     0.026969
 2097152    8000             226.23             226.23 		     0.013484
 4194304    8000             226.24             226.24 		     0.006742
 8388608    8000             226.23             226.23 		     0.003371
---------------------------------------------------------------------------------------
deallocating GPU buffer 00007fd7f2000000
destroying current CUDA Ctx
