Disabling dynamic polling
initializing CUDA
Listing all CUDA devices in system:
CUDA device 0: PCIe address is 06:00
CUDA device 1: PCIe address is 26:00
CUDA device 2: PCIe address is A6:00
CUDA device 3: PCIe address is C6:00

Picking device No. 3
[pid = 9510, dev = 3] device name = [NVIDIA H100 80GB HBM3]
creating CUDA Ctx
making it the current CUDA Ctx
CUDA device integrated: 0
using DMA-BUF for GPU buffer address at 0x7f6858800000 aligned at 0x7f6858800000 with aligned size 16777216
allocated GPU buffer of a 16777216 address at 0x16e0f50 for type CUDA_MEM_DEVICE
Calling ibv_reg_dmabuf_mr(offset=0, size=16777216, addr=0x7f6858800000, fd=58) for QP #0
---------------------------------------------------------------------------------------
                    RDMA_Read Latency Test
 Dual-port       : OFF		Device         : mlx5_2
 Number of qps   : 1		Transport type : IB
 Connection type : RC		Using SRQ      : OFF
 PCIe relax order: ON		Lock-free      : OFF
 ibv_wr* API     : ON		Using DDP      : OFF
 TX depth        : 1
 Mtu             : 4096[B]
 Link type       : Ethernet
 GID index       : 3
 Outstand reads  : 16
 rdma_cm QPs	 : ON
 Data ex. method : rdma_cm 	TOS    : 41
---------------------------------------------------------------------------------------
 local address: LID 0000 QPN 0x0280 PSN 0x2d6fec
 GID: 00:00:00:00:00:00:00:00:00:00:255:255:192:168:101:92
 remote address: LID 0000 QPN 0x0239 PSN 0x44decb
 GID: 00:00:00:00:00:00:00:00:00:00:255:255:192:168:101:90
---------------------------------------------------------------------------------------
 #bytes #iterations    t_min[usec]    t_max[usec]  t_typical[usec]    t_avg[usec]    t_stdev[usec]   99% percentile[usec]   99.9% percentile[usec] 
 2       1000          4.37           9.93         4.42     	       4.45        	0.17   		4.85    		9.93   
 4       1000          4.36           9.66         4.42     	       4.44        	0.19   		4.60    		9.66   
 8       1000          4.35           8.19         4.42     	       4.44        	0.08   		4.62    		8.19   
 16      1000          4.35           11.56        4.43     	       4.45        	0.25   		4.59    		11.56  
 32      1000          4.36           8.16         4.43     	       4.44        	0.05   		4.61    		8.16   
 64      1000          4.39           8.78         4.45     	       4.46        	0.12   		4.58    		8.78   
 128     1000          4.44           11.99        4.49     	       4.51        	0.29   		4.65    		11.99  
 256     1000          4.50           10.10        4.55     	       4.57        	0.14   		4.74    		10.10  
 512     1000          4.54           11.37        4.60     	       4.63        	0.24   		4.79    		11.37  
 1024    1000          4.63           11.26        4.69     	       4.72        	0.25   		4.87    		11.26  
 2048    1000          4.80           8.53         4.86     	       4.88        	0.15   		5.04    		8.53   
 4096    1000          5.17           8.93         5.24     	       5.26        	0.11   		5.39    		8.93   
 8192    1000          5.66           9.55         5.72     	       5.75        	0.08   		5.95    		9.55   
 16384   1000          8.19           11.87        8.29     	       8.32        	0.11   		8.80    		11.87  
 32768   1000          10.07          16.13        10.16    	       10.19       	0.21   		11.19   		16.13  
 65536   1000          9.97           33.23        10.10    	       11.47       	1.48   		15.35   		33.23  
 131072  1000          13.72          29.25        13.79    	       15.31       	2.82   		21.55   		29.25  
 262144  1000          21.22          44.80        21.28    	       23.17       	4.67   		36.57   		44.80  
 524288  1000          37.76          71.56        37.85    	       39.73       	6.92   		68.10   		71.56  
 1048576 1000          67.89          135.53       68.03    	       70.15       	10.56  		130.14  		135.53 
 2097152 1000          129.54         253.19       129.66   	       131.48      	14.02  		249.76  		253.19 
 4194304 1000          252.67         567.21       253.06   	       256.42      	20.08  		273.31  		567.21 
 8388608 1000          499.04         982.37       499.33   	       501.74      	21.71  		518.62  		982.37 
---------------------------------------------------------------------------------------
deallocating GPU buffer 00007f6858800000
destroying current CUDA Ctx
