Disabling dynamic polling
initializing CUDA
Listing all CUDA devices in system:
CUDA device 0: PCIe address is 06:00
CUDA device 1: PCIe address is 26:00
CUDA device 2: PCIe address is A6:00
CUDA device 3: PCIe address is C6:00

Picking device No. 3
[pid = 9570, dev = 3] device name = [NVIDIA H100 80GB HBM3]
creating CUDA Ctx
making it the current CUDA Ctx
CUDA device integrated: 0
using DMA-BUF for GPU buffer address at 0x7fe7e8800000 aligned at 0x7fe7e8800000 with aligned size 16777216
allocated GPU buffer of a 16777216 address at 0x22a6f50 for type CUDA_MEM_DEVICE
Calling ibv_reg_dmabuf_mr(offset=0, size=16777216, addr=0x7fe7e8800000, fd=58) for QP #0
---------------------------------------------------------------------------------------
                    RDMA_Read Latency Test
 Dual-port       : OFF		Device         : mlx5_5
 Number of qps   : 1		Transport type : IB
 Connection type : RC		Using SRQ      : OFF
 PCIe relax order: ON		Lock-free      : OFF
 ibv_wr* API     : ON		Using DDP      : OFF
 TX depth        : 1
 Mtu             : 4096[B]
 Link type       : Ethernet
 GID index       : 3
 Outstand reads  : 16
 rdma_cm QPs	 : ON
 Data ex. method : rdma_cm 	TOS    : 41
---------------------------------------------------------------------------------------
 local address: LID 0000 QPN 0x01c1 PSN 0xd7428
 GID: 00:00:00:00:00:00:00:00:00:00:255:255:192:168:102:92
 remote address: LID 0000 QPN 0x01d0 PSN 0x3d133e
 GID: 00:00:00:00:00:00:00:00:00:00:255:255:192:168:102:90
---------------------------------------------------------------------------------------
 #bytes #iterations    t_min[usec]    t_max[usec]  t_typical[usec]    t_avg[usec]    t_stdev[usec]   99% percentile[usec]   99.9% percentile[usec] 
 2       1000          4.10           11.94        4.18     	       4.23        	0.29   		4.54    		11.94  
 4       1000          4.10           9.45         4.18     	       4.22        	0.10   		4.36    		9.45   
 8       1000          4.10           10.61        4.18     	       4.22        	0.21   		4.34    		10.61  
 16      1000          4.11           10.67        4.18     	       4.23        	0.21   		4.34    		10.67  
 32      1000          4.11           13.91        4.19     	       4.23        	0.21   		4.33    		13.91  
 64      1000          4.13           9.62         4.20     	       4.23        	0.15   		4.34    		9.62   
 128     1000          4.15           13.04        4.23     	       4.25        	0.15   		4.39    		13.04  
 256     1000          4.22           7.83         4.28     	       4.30        	0.12   		4.49    		7.83   
 512     1000          4.23           8.84         4.30     	       4.32        	0.13   		4.43    		8.84   
 1024    1000          4.25           8.73         4.35     	       4.38        	0.13   		4.52    		8.73   
 2048    1000          4.35           15.03        4.43     	       4.45        	0.16   		4.59    		15.03  
 4096    1000          4.57           8.63         4.65     	       4.67        	0.13   		4.86    		8.63   
 8192    1000          4.75           8.31         4.87     	       4.87        	0.14   		4.97    		8.31   
 16384   1000          6.43           12.60        6.52     	       6.54        	0.16   		6.69    		12.60  
 32768   1000          7.06           9.79         7.23     	       7.24        	0.08   		7.39    		9.79   
 65536   1000          8.29           13.73        8.39     	       8.41        	0.20   		8.55    		13.73  
 131072  1000          10.60          18.95        10.71    	       10.72       	0.16   		10.81   		18.95  
 262144  1000          16.51          22.09        16.74    	       16.77       	0.20   		16.97   		22.09  
 524288  1000          25.88          33.24        26.00    	       26.03       	0.26   		26.22   		33.24  
 1048576 1000          44.42          55.96        44.66    	       44.69       	0.40   		45.63   		55.96  
 2097152 1000          82.94          91.59        83.15    	       83.31       	0.65   		86.68   		91.59  
 4194304 1000          159.90         169.05       160.19   	       160.20      	0.41   		160.54  		169.05 
 8388608 1000          314.01         323.26       314.19   	       314.27      	0.58   		317.24  		323.26 
---------------------------------------------------------------------------------------
deallocating GPU buffer 00007fe7e8800000
destroying current CUDA Ctx
