Perftest doesn't supports CUDA tests with inline messages: inline size set to 0
initializing CUDA
Listing all CUDA devices in system:
CUDA device 0: PCIe address is 06:00
CUDA device 1: PCIe address is 26:00
CUDA device 2: PCIe address is A6:00
CUDA device 3: PCIe address is C6:00

Picking device No. 2
[pid = 9362, dev = 2] device name = [NVIDIA H100 80GB HBM3]
creating CUDA Ctx
making it the current CUDA Ctx
CUDA device integrated: 0
using DMA-BUF for GPU buffer address at 0x7f89ba000000 aligned at 0x7f89ba000000 with aligned size 134217728
allocated GPU buffer of a 134217728 address at 0x8fdc50 for type CUDA_MEM_DEVICE
Calling ibv_reg_dmabuf_mr(offset=0, size=134217728, addr=0x7f89ba000000, fd=58) for QP #0
---------------------------------------------------------------------------------------
                    RDMA_Write BW Test
 Dual-port       : OFF		Device         : mlx5_3
 Number of qps   : 8		Transport type : IB
 Connection type : RC		Using SRQ      : OFF
 PCIe relax order: ON		Lock-free      : OFF
 ibv_wr* API     : ON		Using DDP      : OFF
 TX depth        : 128
 CQ Moderation   : 100
 CQE Poll Batch  : Dynamic
 Mtu             : 4096[B]
 Link type       : Ethernet
 GID index       : 3
 Max inline data : 0[B]
 rdma_cm QPs	 : ON
 Data ex. method : rdma_cm 	TOS    : 41
---------------------------------------------------------------------------------------
 local address: LID 0000 QPN 0x01e6 PSN 0x9075c0
 GID: 00:00:00:00:00:00:00:00:00:00:255:255:192:168:100:92
 local address: LID 0000 QPN 0x01e7 PSN 0x140caa
 GID: 00:00:00:00:00:00:00:00:00:00:255:255:192:168:100:92
 local address: LID 0000 QPN 0x01e8 PSN 0x13a1ac
 GID: 00:00:00:00:00:00:00:00:00:00:255:255:192:168:100:92
 local address: LID 0000 QPN 0x01e9 PSN 0x52fd8b
 GID: 00:00:00:00:00:00:00:00:00:00:255:255:192:168:100:92
 local address: LID 0000 QPN 0x01ea PSN 0xb68c42
 GID: 00:00:00:00:00:00:00:00:00:00:255:255:192:168:100:92
 local address: LID 0000 QPN 0x01eb PSN 0x2d597c
 GID: 00:00:00:00:00:00:00:00:00:00:255:255:192:168:100:92
 local address: LID 0000 QPN 0x01ec PSN 0xee432b
 GID: 00:00:00:00:00:00:00:00:00:00:255:255:192:168:100:92
 local address: LID 0000 QPN 0x01ed PSN 0x347748
 GID: 00:00:00:00:00:00:00:00:00:00:255:255:192:168:100:92
 remote address: LID 0000 QPN 0x01c8 PSN 0x83eb1b
 GID: 00:00:00:00:00:00:00:00:00:00:255:255:192:168:100:90
 remote address: LID 0000 QPN 0x01c9 PSN 0x10c669
 GID: 00:00:00:00:00:00:00:00:00:00:255:255:192:168:100:90
 remote address: LID 0000 QPN 0x01ca PSN 0xa451ff
 GID: 00:00:00:00:00:00:00:00:00:00:255:255:192:168:100:90
 remote address: LID 0000 QPN 0x01cb PSN 0xdca2e2
 GID: 00:00:00:00:00:00:00:00:00:00:255:255:192:168:100:90
 remote address: LID 0000 QPN 0x01cc PSN 0x121c4d
 GID: 00:00:00:00:00:00:00:00:00:00:255:255:192:168:100:90
 remote address: LID 0000 QPN 0x01cd PSN 0xb7902b
 GID: 00:00:00:00:00:00:00:00:00:00:255:255:192:168:100:90
 remote address: LID 0000 QPN 0x01ce PSN 0x3cc5ae
 GID: 00:00:00:00:00:00:00:00:00:00:255:255:192:168:100:90
 remote address: LID 0000 QPN 0x01cf PSN 0xa7bb0f
 GID: 00:00:00:00:00:00:00:00:00:00:255:255:192:168:100:90
---------------------------------------------------------------------------------------
 #bytes     #iterations    BW peak[Gb/sec]    BW average[Gb/sec]   MsgRate[Mpps]
 2          40000           0.078941            0.078250            4.890632
 4          40000            0.16               0.16   		     5.019740
 8          40000            0.33               0.33   		     5.203672
 16         40000            0.67               0.67   		     5.212154
 32         40000            1.34               1.33   		     5.200708
 64         40000            2.67               2.66   		     5.194198
 128        40000            5.33               5.32   		     5.191832
 256        40000            10.67              10.60  		     5.175073
 512        40000            21.24              21.17  		     5.167538
 1024       40000            41.61              27.10  		     3.308363
 2048       40000            82.29              67.82  		     4.139416
 4096       40000            108.42             87.35  		     2.665718
 8192       40000            109.55             88.80  		     1.355006
 16384      40000            110.41             103.01 		     0.785869
 32768      40000            110.56             107.21 		     0.408961
 65536      40000            110.90             109.72 		     0.209272
 131072     40000            110.69             110.33 		     0.105217
 262144     40000            110.97             110.97 		     0.052916
 524288     40000            111.37             111.37 		     0.026553
 1048576    40000            111.21             111.21 		     0.013257
 2097152    40000            111.44             111.44 		     0.006642
 4194304    40000            111.44             111.42 		     0.003321
 8388608    40000            111.47             111.47 		     0.001661
---------------------------------------------------------------------------------------
deallocating GPU buffer 00007f89ba000000
destroying current CUDA Ctx
