Perftest doesn't supports CUDA tests with inline messages: inline size set to 0
initializing CUDA
Listing all CUDA devices in system:
CUDA device 0: PCIe address is 06:00
CUDA device 1: PCIe address is 26:00
CUDA device 2: PCIe address is A6:00
CUDA device 3: PCIe address is C6:00

Picking device No. 1
[pid = 9357, dev = 1] device name = [NVIDIA H100 80GB HBM3]
creating CUDA Ctx
making it the current CUDA Ctx
CUDA device integrated: 0
using DMA-BUF for GPU buffer address at 0x7f08ea000000 aligned at 0x7f08ea000000 with aligned size 134217728
allocated GPU buffer of a 134217728 address at 0x1c0ec50 for type CUDA_MEM_DEVICE
Calling ibv_reg_dmabuf_mr(offset=0, size=134217728, addr=0x7f08ea000000, fd=58) for QP #0
---------------------------------------------------------------------------------------
                    RDMA_Write BW Test
 Dual-port       : OFF		Device         : mlx5_3
 Number of qps   : 8		Transport type : IB
 Connection type : RC		Using SRQ      : OFF
 PCIe relax order: ON		Lock-free      : OFF
 ibv_wr* API     : ON		Using DDP      : OFF
 TX depth        : 128
 CQ Moderation   : 100
 CQE Poll Batch  : Dynamic
 Mtu             : 4096[B]
 Link type       : Ethernet
 GID index       : 3
 Max inline data : 0[B]
 rdma_cm QPs	 : ON
 Data ex. method : rdma_cm 	TOS    : 41
---------------------------------------------------------------------------------------
 local address: LID 0000 QPN 0x01dd PSN 0x7869a2
 GID: 00:00:00:00:00:00:00:00:00:00:255:255:192:168:100:92
 local address: LID 0000 QPN 0x01de PSN 0xc2631b
 GID: 00:00:00:00:00:00:00:00:00:00:255:255:192:168:100:92
 local address: LID 0000 QPN 0x01df PSN 0xad8293
 GID: 00:00:00:00:00:00:00:00:00:00:255:255:192:168:100:92
 local address: LID 0000 QPN 0x01e0 PSN 0x64d6af
 GID: 00:00:00:00:00:00:00:00:00:00:255:255:192:168:100:92
 local address: LID 0000 QPN 0x01e1 PSN 0xccbcd
 GID: 00:00:00:00:00:00:00:00:00:00:255:255:192:168:100:92
 local address: LID 0000 QPN 0x01e2 PSN 0xaad675
 GID: 00:00:00:00:00:00:00:00:00:00:255:255:192:168:100:92
 local address: LID 0000 QPN 0x01e3 PSN 0xb9bbfa
 GID: 00:00:00:00:00:00:00:00:00:00:255:255:192:168:100:92
 local address: LID 0000 QPN 0x01e4 PSN 0xbe6e35
 GID: 00:00:00:00:00:00:00:00:00:00:255:255:192:168:100:92
 remote address: LID 0000 QPN 0x01bf PSN 0x81f868
 GID: 00:00:00:00:00:00:00:00:00:00:255:255:192:168:100:90
 remote address: LID 0000 QPN 0x01c0 PSN 0xa21169
 GID: 00:00:00:00:00:00:00:00:00:00:255:255:192:168:100:90
 remote address: LID 0000 QPN 0x01c1 PSN 0x6ccdc9
 GID: 00:00:00:00:00:00:00:00:00:00:255:255:192:168:100:90
 remote address: LID 0000 QPN 0x01c2 PSN 0x3260ad
 GID: 00:00:00:00:00:00:00:00:00:00:255:255:192:168:100:90
 remote address: LID 0000 QPN 0x01c3 PSN 0xb2c0f3
 GID: 00:00:00:00:00:00:00:00:00:00:255:255:192:168:100:90
 remote address: LID 0000 QPN 0x01c4 PSN 0x9c5ba3
 GID: 00:00:00:00:00:00:00:00:00:00:255:255:192:168:100:90
 remote address: LID 0000 QPN 0x01c5 PSN 0x9ec490
 GID: 00:00:00:00:00:00:00:00:00:00:255:255:192:168:100:90
 remote address: LID 0000 QPN 0x01c6 PSN 0x41da13
 GID: 00:00:00:00:00:00:00:00:00:00:255:255:192:168:100:90
---------------------------------------------------------------------------------------
 #bytes     #iterations    BW peak[Gb/sec]    BW average[Gb/sec]   MsgRate[Mpps]
 2          40000           0.077922            0.077571            4.848191
 4          40000            0.16               0.16   		     5.012123
 8          40000            0.32               0.32   		     5.004892
 16         40000            0.71               0.64   		     5.032668
 32         40000            1.29               1.28   		     5.009104
 64         40000            2.54               2.53   		     4.935731
 128        40000            5.13               5.10   		     4.976587
 256        40000            10.40              10.29  		     5.022583
 512        40000            20.34              20.32  		     4.960295
 1024       40000            40.60              40.44  		     4.936218
 2048       40000            79.97              79.77  		     4.868834
 4096       40000            156.54             156.22 		     4.767580
 8192       40000            208.27             208.09 		     3.175243
 16384      40000            209.31             209.27 		     1.596607
 32768      40000            209.75             209.70 		     0.799937
 65536      40000            209.90             209.89 		     0.400337
 131072     40000            210.01             210.00 		     0.200269
 262144     40000            210.05             210.05 		     0.100160
 524288     40000            210.09             210.09 		     0.050089
 1048576    40000            210.11             210.10 		     0.025046
 2097152    40000            210.11             210.11 		     0.012523
 4194304    40000            202.36             202.36 		     0.006031
 8388608    40000            171.46             171.45 		     0.002555
---------------------------------------------------------------------------------------
deallocating GPU buffer 00007f08ea000000
destroying current CUDA Ctx
