Perftest doesn't supports CUDA tests with inline messages: inline size set to 0

************************************
* Waiting for client to connect... *
************************************
initializing CUDA
Listing all CUDA devices in system:
CUDA device 0: PCIe address is 06:00
CUDA device 1: PCIe address is 26:00
CUDA device 2: PCIe address is A6:00
CUDA device 3: PCIe address is C6:00

Picking device No. 3
[pid = 8969, dev = 3] device name = [NVIDIA H100 80GB HBM3]
creating CUDA Ctx
making it the current CUDA Ctx
CUDA device integrated: 0
using DMA-BUF for GPU buffer address at 0x7f598e000000 aligned at 0x7f598e000000 with aligned size 134217728
allocated GPU buffer of a 134217728 address at 0xa2cc30 for type CUDA_MEM_DEVICE
Calling ibv_reg_dmabuf_mr(offset=0, size=134217728, addr=0x7f598e000000, fd=58) for QP #0
---------------------------------------------------------------------------------------
                    RDMA_Write BW Test
 Dual-port       : OFF		Device         : mlx5_2
 Number of qps   : 8		Transport type : IB
 Connection type : RC		Using SRQ      : OFF
 PCIe relax order: ON		Lock-free      : OFF
 ibv_wr* API     : ON		Using DDP      : OFF
 CQ Moderation   : 100
 CQE Poll Batch  : Dynamic
 Mtu             : 4096[B]
 Link type       : Ethernet
 GID index       : 3
 Max inline data : 0[B]
 rdma_cm QPs	 : ON
 Data ex. method : rdma_cm 	TOS    : 41
---------------------------------------------------------------------------------------
 Waiting for client rdma_cm QP to connect
 Please run the same command with the IB/RoCE interface IP
---------------------------------------------------------------------------------------
 local address: LID 0000 QPN 0x01e1 PSN 0x79f074
 GID: 00:00:00:00:00:00:00:00:00:00:255:255:192:168:101:92
 local address: LID 0000 QPN 0x01e2 PSN 0xab034e
 GID: 00:00:00:00:00:00:00:00:00:00:255:255:192:168:101:92
 local address: LID 0000 QPN 0x01e3 PSN 0x21fd80
 GID: 00:00:00:00:00:00:00:00:00:00:255:255:192:168:101:92
 local address: LID 0000 QPN 0x01e4 PSN 0x608ecf
 GID: 00:00:00:00:00:00:00:00:00:00:255:255:192:168:101:92
 local address: LID 0000 QPN 0x01e5 PSN 0xb07e36
 GID: 00:00:00:00:00:00:00:00:00:00:255:255:192:168:101:92
 local address: LID 0000 QPN 0x01e6 PSN 0xea9660
 GID: 00:00:00:00:00:00:00:00:00:00:255:255:192:168:101:92
 local address: LID 0000 QPN 0x01e7 PSN 0x66083f
 GID: 00:00:00:00:00:00:00:00:00:00:255:255:192:168:101:92
 local address: LID 0000 QPN 0x01e8 PSN 0xb358cc
 GID: 00:00:00:00:00:00:00:00:00:00:255:255:192:168:101:92
 remote address: LID 0000 QPN 0x019a PSN 0x7bceba
 GID: 00:00:00:00:00:00:00:00:00:00:255:255:192:168:101:90
 remote address: LID 0000 QPN 0x019b PSN 0xb18b1c
 GID: 00:00:00:00:00:00:00:00:00:00:255:255:192:168:101:90
 remote address: LID 0000 QPN 0x019c PSN 0xd4e436
 GID: 00:00:00:00:00:00:00:00:00:00:255:255:192:168:101:90
 remote address: LID 0000 QPN 0x019d PSN 0x9c4e4d
 GID: 00:00:00:00:00:00:00:00:00:00:255:255:192:168:101:90
 remote address: LID 0000 QPN 0x019e PSN 0x543adc
 GID: 00:00:00:00:00:00:00:00:00:00:255:255:192:168:101:90
 remote address: LID 0000 QPN 0x019f PSN 0x270d0e
 GID: 00:00:00:00:00:00:00:00:00:00:255:255:192:168:101:90
 remote address: LID 0000 QPN 0x01a0 PSN 0x2ce455
 GID: 00:00:00:00:00:00:00:00:00:00:255:255:192:168:101:90
 remote address: LID 0000 QPN 0x01a1 PSN 0x62d22a
 GID: 00:00:00:00:00:00:00:00:00:00:255:255:192:168:101:90
---------------------------------------------------------------------------------------
 #bytes     #iterations    BW peak[Gb/sec]    BW average[Gb/sec]   MsgRate[Mpps]
 8388608    40000            139.27             139.27 		     0.002075
---------------------------------------------------------------------------------------
deallocating GPU buffer 00007f598e000000
destroying current CUDA Ctx
