Perftest doesn't supports CUDA tests with inline messages: inline size set to 0
initializing CUDA
Listing all CUDA devices in system:
CUDA device 0: PCIe address is 06:00
CUDA device 1: PCIe address is 26:00
CUDA device 2: PCIe address is A6:00
CUDA device 3: PCIe address is C6:00

Picking device No. 2
[pid = 9382, dev = 2] device name = [NVIDIA H100 80GB HBM3]
creating CUDA Ctx
making it the current CUDA Ctx
CUDA device integrated: 0
using DMA-BUF for GPU buffer address at 0x7f0466000000 aligned at 0x7f0466000000 with aligned size 134217728
allocated GPU buffer of a 134217728 address at 0xb88c50 for type CUDA_MEM_DEVICE
Calling ibv_reg_dmabuf_mr(offset=0, size=134217728, addr=0x7f0466000000, fd=58) for QP #0
---------------------------------------------------------------------------------------
                    RDMA_Write BW Test
 Dual-port       : OFF		Device         : mlx5_4
 Number of qps   : 8		Transport type : IB
 Connection type : RC		Using SRQ      : OFF
 PCIe relax order: ON		Lock-free      : OFF
 ibv_wr* API     : ON		Using DDP      : OFF
 TX depth        : 128
 CQ Moderation   : 100
 CQE Poll Batch  : Dynamic
 Mtu             : 4096[B]
 Link type       : Ethernet
 GID index       : 3
 Max inline data : 0[B]
 rdma_cm QPs	 : ON
 Data ex. method : rdma_cm 	TOS    : 41
---------------------------------------------------------------------------------------
 local address: LID 0000 QPN 0x01a7 PSN 0xbba640
 GID: 00:00:00:00:00:00:00:00:00:00:255:255:192:168:103:92
 local address: LID 0000 QPN 0x01a8 PSN 0xab32a
 GID: 00:00:00:00:00:00:00:00:00:00:255:255:192:168:103:92
 local address: LID 0000 QPN 0x01a9 PSN 0xaf862c
 GID: 00:00:00:00:00:00:00:00:00:00:255:255:192:168:103:92
 local address: LID 0000 QPN 0x01aa PSN 0xfe480b
 GID: 00:00:00:00:00:00:00:00:00:00:255:255:192:168:103:92
 local address: LID 0000 QPN 0x01ab PSN 0x9444c2
 GID: 00:00:00:00:00:00:00:00:00:00:255:255:192:168:103:92
 local address: LID 0000 QPN 0x01ac PSN 0x57e7fc
 GID: 00:00:00:00:00:00:00:00:00:00:255:255:192:168:103:92
 local address: LID 0000 QPN 0x01ad PSN 0x13efab
 GID: 00:00:00:00:00:00:00:00:00:00:255:255:192:168:103:92
 local address: LID 0000 QPN 0x01ae PSN 0x39e9c8
 GID: 00:00:00:00:00:00:00:00:00:00:255:255:192:168:103:92
 remote address: LID 0000 QPN 0x01a7 PSN 0x273507
 GID: 00:00:00:00:00:00:00:00:00:00:255:255:192:168:103:90
 remote address: LID 0000 QPN 0x01a8 PSN 0x9147e5
 GID: 00:00:00:00:00:00:00:00:00:00:255:255:192:168:103:90
 remote address: LID 0000 QPN 0x01a9 PSN 0xdbcb
 GID: 00:00:00:00:00:00:00:00:00:00:255:255:192:168:103:90
 remote address: LID 0000 QPN 0x01aa PSN 0x2096be
 GID: 00:00:00:00:00:00:00:00:00:00:255:255:192:168:103:90
 remote address: LID 0000 QPN 0x01ab PSN 0xe898f9
 GID: 00:00:00:00:00:00:00:00:00:00:255:255:192:168:103:90
 remote address: LID 0000 QPN 0x01ac PSN 0x9d2d67
 GID: 00:00:00:00:00:00:00:00:00:00:255:255:192:168:103:90
 remote address: LID 0000 QPN 0x01ad PSN 0x94a03a
 GID: 00:00:00:00:00:00:00:00:00:00:255:255:192:168:103:90
 remote address: LID 0000 QPN 0x01ae PSN 0x7990ab
 GID: 00:00:00:00:00:00:00:00:00:00:255:255:192:168:103:90
---------------------------------------------------------------------------------------
 #bytes     #iterations    BW peak[Gb/sec]    BW average[Gb/sec]   MsgRate[Mpps]
 2          40000           0.079111            0.078922            4.932600
 4          40000            0.17               0.16   		     5.128337
 8          40000            0.33               0.33   		     5.123535
 16         40000            0.66               0.66   		     5.134696
 32         40000            1.32               1.32   		     5.138935
 64         40000            2.64               2.63   		     5.135849
 128        40000            5.26               5.21   		     5.089589
 256        40000            10.52              10.49  		     5.120048
 512        40000            21.09              21.02  		     5.132555
 1024       40000            41.99              41.86  		     5.109392
 2048       40000            83.78              83.52  		     5.097925
 4096       40000            168.33             167.80 		     5.120819
 8192       40000            206.81             206.64 		     3.153124
 16384      40000            207.68             207.59 		     1.583798
 32768      40000            207.90             207.84 		     0.792862
 65536      40000            208.12             208.12 		     0.396961
 131072     40000            208.23             208.23 		     0.198582
 262144     40000            208.28             208.28 		     0.099314
 524288     40000            208.31             208.31 		     0.049665
 1048576    40000            208.33             208.33 		     0.024834
 2097152    40000            208.34             208.34 		     0.012418
 4194304    40000            201.69             201.43 		     0.006003
 8388608    40000            170.45             170.45 		     0.002540
---------------------------------------------------------------------------------------
deallocating GPU buffer 00007f0466000000
destroying current CUDA Ctx
