Perftest doesn't supports CUDA tests with inline messages: inline size set to 0

************************************
* Waiting for client to connect... *
************************************
initializing CUDA
Listing all CUDA devices in system:
CUDA device 0: PCIe address is 06:00
CUDA device 1: PCIe address is 26:00
CUDA device 2: PCIe address is A6:00
CUDA device 3: PCIe address is C6:00

Picking device No. 3
[pid = 9017, dev = 3] device name = [NVIDIA H100 80GB HBM3]
creating CUDA Ctx
making it the current CUDA Ctx
CUDA device integrated: 0
using DMA-BUF for GPU buffer address at 0x7f7106000000 aligned at 0x7f7106000000 with aligned size 134217728
allocated GPU buffer of a 134217728 address at 0x1920c30 for type CUDA_MEM_DEVICE
Calling ibv_reg_dmabuf_mr(offset=0, size=134217728, addr=0x7f7106000000, fd=58) for QP #0
---------------------------------------------------------------------------------------
                    RDMA_Write BW Test
 Dual-port       : OFF		Device         : mlx5_5
 Number of qps   : 8		Transport type : IB
 Connection type : RC		Using SRQ      : OFF
 PCIe relax order: ON		Lock-free      : OFF
 ibv_wr* API     : ON		Using DDP      : OFF
 CQ Moderation   : 100
 CQE Poll Batch  : Dynamic
 Mtu             : 4096[B]
 Link type       : Ethernet
 GID index       : 3
 Max inline data : 0[B]
 rdma_cm QPs	 : ON
 Data ex. method : rdma_cm 	TOS    : 41
---------------------------------------------------------------------------------------
 Waiting for client rdma_cm QP to connect
 Please run the same command with the IB/RoCE interface IP
---------------------------------------------------------------------------------------
 local address: LID 0000 QPN 0x0144 PSN 0xcac9cb
 GID: 00:00:00:00:00:00:00:00:00:00:255:255:192:168:102:92
 local address: LID 0000 QPN 0x0145 PSN 0x62a90
 GID: 00:00:00:00:00:00:00:00:00:00:255:255:192:168:102:92
 local address: LID 0000 QPN 0x0146 PSN 0x988d64
 GID: 00:00:00:00:00:00:00:00:00:00:255:255:192:168:102:92
 local address: LID 0000 QPN 0x0147 PSN 0xdc37ac
 GID: 00:00:00:00:00:00:00:00:00:00:255:255:192:168:102:92
 local address: LID 0000 QPN 0x0148 PSN 0x406586
 GID: 00:00:00:00:00:00:00:00:00:00:255:255:192:168:102:92
 local address: LID 0000 QPN 0x0149 PSN 0x4b803a
 GID: 00:00:00:00:00:00:00:00:00:00:255:255:192:168:102:92
 local address: LID 0000 QPN 0x014a PSN 0x4502db
 GID: 00:00:00:00:00:00:00:00:00:00:255:255:192:168:102:92
 local address: LID 0000 QPN 0x014b PSN 0x25c202
 GID: 00:00:00:00:00:00:00:00:00:00:255:255:192:168:102:92
 remote address: LID 0000 QPN 0x014c PSN 0xf4fda5
 GID: 00:00:00:00:00:00:00:00:00:00:255:255:192:168:102:90
 remote address: LID 0000 QPN 0x014d PSN 0x8c1a62
 GID: 00:00:00:00:00:00:00:00:00:00:255:255:192:168:102:90
 remote address: LID 0000 QPN 0x014e PSN 0xae55ce
 GID: 00:00:00:00:00:00:00:00:00:00:255:255:192:168:102:90
 remote address: LID 0000 QPN 0x014f PSN 0xe9c8ce
 GID: 00:00:00:00:00:00:00:00:00:00:255:255:192:168:102:90
 remote address: LID 0000 QPN 0x0150 PSN 0xc3bd00
 GID: 00:00:00:00:00:00:00:00:00:00:255:255:192:168:102:90
 remote address: LID 0000 QPN 0x0151 PSN 0x475b2c
 GID: 00:00:00:00:00:00:00:00:00:00:255:255:192:168:102:90
 remote address: LID 0000 QPN 0x0152 PSN 0x4ea7e5
 GID: 00:00:00:00:00:00:00:00:00:00:255:255:192:168:102:90
 remote address: LID 0000 QPN 0x0153 PSN 0xc00344
 GID: 00:00:00:00:00:00:00:00:00:00:255:255:192:168:102:90
---------------------------------------------------------------------------------------
 #bytes     #iterations    BW peak[Gb/sec]    BW average[Gb/sec]   MsgRate[Mpps]
 8388608    40000            226.21             226.21 		     0.003371
---------------------------------------------------------------------------------------
deallocating GPU buffer 00007f7106000000
destroying current CUDA Ctx
