Perftest doesn't supports CUDA tests with inline messages: inline size set to 0
initializing CUDA
Listing all CUDA devices in system:
CUDA device 0: PCIe address is 06:00
CUDA device 1: PCIe address is 26:00
CUDA device 2: PCIe address is A6:00
CUDA device 3: PCIe address is C6:00

Picking device No. 3
[pid = 9347, dev = 3] device name = [NVIDIA H100 80GB HBM3]
creating CUDA Ctx
making it the current CUDA Ctx
CUDA device integrated: 0
using DMA-BUF for GPU buffer address at 0x7ff8c2000000 aligned at 0x7ff8c2000000 with aligned size 134217728
allocated GPU buffer of a 134217728 address at 0x1173c50 for type CUDA_MEM_DEVICE
Calling ibv_reg_dmabuf_mr(offset=0, size=134217728, addr=0x7ff8c2000000, fd=58) for QP #0
---------------------------------------------------------------------------------------
                    RDMA_Write BW Test
 Dual-port       : OFF		Device         : mlx5_2
 Number of qps   : 8		Transport type : IB
 Connection type : RC		Using SRQ      : OFF
 PCIe relax order: ON		Lock-free      : OFF
 ibv_wr* API     : ON		Using DDP      : OFF
 TX depth        : 128
 CQ Moderation   : 100
 CQE Poll Batch  : Dynamic
 Mtu             : 4096[B]
 Link type       : Ethernet
 GID index       : 3
 Max inline data : 0[B]
 rdma_cm QPs	 : ON
 Data ex. method : rdma_cm 	TOS    : 41
---------------------------------------------------------------------------------------
 local address: LID 0000 QPN 0x024d PSN 0xa79ad2
 GID: 00:00:00:00:00:00:00:00:00:00:255:255:192:168:101:92
 local address: LID 0000 QPN 0x024e PSN 0xd50154
 GID: 00:00:00:00:00:00:00:00:00:00:255:255:192:168:101:92
 local address: LID 0000 QPN 0x024f PSN 0xc48a0e
 GID: 00:00:00:00:00:00:00:00:00:00:255:255:192:168:101:92
 local address: LID 0000 QPN 0x0250 PSN 0xc5fb45
 GID: 00:00:00:00:00:00:00:00:00:00:255:255:192:168:101:92
 local address: LID 0000 QPN 0x0251 PSN 0x19b074
 GID: 00:00:00:00:00:00:00:00:00:00:255:255:192:168:101:92
 local address: LID 0000 QPN 0x0252 PSN 0xaec6
 GID: 00:00:00:00:00:00:00:00:00:00:255:255:192:168:101:92
 local address: LID 0000 QPN 0x0253 PSN 0xc20fad
 GID: 00:00:00:00:00:00:00:00:00:00:255:255:192:168:101:92
 local address: LID 0000 QPN 0x0254 PSN 0xf756a2
 GID: 00:00:00:00:00:00:00:00:00:00:255:255:192:168:101:92
 remote address: LID 0000 QPN 0x0206 PSN 0xb6083a
 GID: 00:00:00:00:00:00:00:00:00:00:255:255:192:168:101:90
 remote address: LID 0000 QPN 0x0207 PSN 0x25069c
 GID: 00:00:00:00:00:00:00:00:00:00:255:255:192:168:101:90
 remote address: LID 0000 QPN 0x0208 PSN 0xf579b6
 GID: 00:00:00:00:00:00:00:00:00:00:255:255:192:168:101:90
 remote address: LID 0000 QPN 0x0209 PSN 0xccf5cd
 GID: 00:00:00:00:00:00:00:00:00:00:255:255:192:168:101:90
 remote address: LID 0000 QPN 0x020a PSN 0x888c5c
 GID: 00:00:00:00:00:00:00:00:00:00:255:255:192:168:101:90
 remote address: LID 0000 QPN 0x020b PSN 0xa6c08e
 GID: 00:00:00:00:00:00:00:00:00:00:255:255:192:168:101:90
 remote address: LID 0000 QPN 0x020c PSN 0xd151d5
 GID: 00:00:00:00:00:00:00:00:00:00:255:255:192:168:101:90
 remote address: LID 0000 QPN 0x020d PSN 0xc671aa
 GID: 00:00:00:00:00:00:00:00:00:00:255:255:192:168:101:90
---------------------------------------------------------------------------------------
 #bytes     #iterations    BW peak[Gb/sec]    BW average[Gb/sec]   MsgRate[Mpps]
 2          40000           0.080899            0.080488            5.030517
 4          40000            0.17               0.17   		     5.209174
 8          40000            0.34               0.33   		     5.205446
 16         40000            0.67               0.67   		     5.200242
 32         40000            1.34               1.33   		     5.189582
 64         40000            2.64               2.62   		     5.126444
 128        40000            5.33               5.30   		     5.177129
 256        40000            10.62              10.60  		     5.175427
 512        40000            21.38              21.32  		     5.205114
 1024       40000            42.47              27.00  		     3.295449
 2048       40000            84.16              69.14  		     4.220028
 4096       40000            101.41             83.82  		     2.557945
 8192       40000            102.26             102.21 		     1.559580
 16384      40000            104.54             91.87  		     0.700893
 32768      40000            104.52             101.10 		     0.385664
 65536      40000            104.56             103.01 		     0.196472
 131072     40000            104.81             104.41 		     0.099578
 262144     40000            104.71             104.71 		     0.049931
 524288     40000            105.22             105.22 		     0.025086
 1048576    40000            105.38             105.37 		     0.012562
 2097152    40000            105.38             105.38 		     0.006281
 4194304    40000            105.46             105.46 		     0.003143
 8388608    40000            105.52             105.52 		     0.001572
---------------------------------------------------------------------------------------
deallocating GPU buffer 00007ff8c2000000
destroying current CUDA Ctx
