Perftest doesn't supports CUDA tests with inline messages: inline size set to 0

************************************
* Waiting for client to connect... *
************************************
initializing CUDA
Listing all CUDA devices in system:
CUDA device 0: PCIe address is 06:00
CUDA device 1: PCIe address is 26:00
CUDA device 2: PCIe address is A6:00
CUDA device 3: PCIe address is C6:00

Picking device No. 2
[pid = 8981, dev = 2] device name = [NVIDIA H100 80GB HBM3]
creating CUDA Ctx
making it the current CUDA Ctx
CUDA device integrated: 0
using DMA-BUF for GPU buffer address at 0x7efea8000000 aligned at 0x7efea8000000 with aligned size 134217728
allocated GPU buffer of a 134217728 address at 0x1247c30 for type CUDA_MEM_DEVICE
Calling ibv_reg_dmabuf_mr(offset=0, size=134217728, addr=0x7efea8000000, fd=58) for QP #0
---------------------------------------------------------------------------------------
                    RDMA_Write BW Test
 Dual-port       : OFF		Device         : mlx5_3
 Number of qps   : 8		Transport type : IB
 Connection type : RC		Using SRQ      : OFF
 PCIe relax order: ON		Lock-free      : OFF
 ibv_wr* API     : ON		Using DDP      : OFF
 CQ Moderation   : 100
 CQE Poll Batch  : Dynamic
 Mtu             : 4096[B]
 Link type       : Ethernet
 GID index       : 3
 Max inline data : 0[B]
 rdma_cm QPs	 : ON
 Data ex. method : rdma_cm 	TOS    : 41
---------------------------------------------------------------------------------------
 Waiting for client rdma_cm QP to connect
 Please run the same command with the IB/RoCE interface IP
---------------------------------------------------------------------------------------
 local address: LID 0000 QPN 0x017a PSN 0x6381c3
 GID: 00:00:00:00:00:00:00:00:00:00:255:255:192:168:100:92
 local address: LID 0000 QPN 0x017b PSN 0xf54f28
 GID: 00:00:00:00:00:00:00:00:00:00:255:255:192:168:100:92
 local address: LID 0000 QPN 0x017c PSN 0x6bb21c
 GID: 00:00:00:00:00:00:00:00:00:00:255:255:192:168:100:92
 local address: LID 0000 QPN 0x017d PSN 0x602a04
 GID: 00:00:00:00:00:00:00:00:00:00:255:255:192:168:100:92
 local address: LID 0000 QPN 0x017e PSN 0x49a4fe
 GID: 00:00:00:00:00:00:00:00:00:00:255:255:192:168:100:92
 local address: LID 0000 QPN 0x017f PSN 0xe15652
 GID: 00:00:00:00:00:00:00:00:00:00:255:255:192:168:100:92
 local address: LID 0000 QPN 0x0180 PSN 0x8abb13
 GID: 00:00:00:00:00:00:00:00:00:00:255:255:192:168:100:92
 local address: LID 0000 QPN 0x0181 PSN 0xf781da
 GID: 00:00:00:00:00:00:00:00:00:00:255:255:192:168:100:92
 remote address: LID 0000 QPN 0x015c PSN 0xf6c86c
 GID: 00:00:00:00:00:00:00:00:00:00:255:255:192:168:100:90
 remote address: LID 0000 QPN 0x015d PSN 0x7bc7e6
 GID: 00:00:00:00:00:00:00:00:00:00:255:255:192:168:100:90
 remote address: LID 0000 QPN 0x015e PSN 0xc64238
 GID: 00:00:00:00:00:00:00:00:00:00:255:255:192:168:100:90
 remote address: LID 0000 QPN 0x015f PSN 0xaf2127
 GID: 00:00:00:00:00:00:00:00:00:00:255:255:192:168:100:90
 remote address: LID 0000 QPN 0x0160 PSN 0xbfddae
 GID: 00:00:00:00:00:00:00:00:00:00:255:255:192:168:100:90
 remote address: LID 0000 QPN 0x0161 PSN 0xdc0c78
 GID: 00:00:00:00:00:00:00:00:00:00:255:255:192:168:100:90
 remote address: LID 0000 QPN 0x0162 PSN 0x6ee077
 GID: 00:00:00:00:00:00:00:00:00:00:255:255:192:168:100:90
 remote address: LID 0000 QPN 0x0163 PSN 0x59b8a4
 GID: 00:00:00:00:00:00:00:00:00:00:255:255:192:168:100:90
---------------------------------------------------------------------------------------
 #bytes     #iterations    BW peak[Gb/sec]    BW average[Gb/sec]   MsgRate[Mpps]
 8388608    40000            139.37             139.37 		     0.002077
---------------------------------------------------------------------------------------
deallocating GPU buffer 00007efea8000000
destroying current CUDA Ctx
