Perftest doesn't supports CUDA tests with inline messages: inline size set to 0

************************************
* Waiting for client to connect... *
************************************
initializing CUDA
Listing all CUDA devices in system:
CUDA device 0: PCIe address is 06:00
CUDA device 1: PCIe address is 26:00
CUDA device 2: PCIe address is A6:00
CUDA device 3: PCIe address is C6:00

Picking device No. 0
[pid = 8989, dev = 0] device name = [NVIDIA H100 80GB HBM3]
creating CUDA Ctx
making it the current CUDA Ctx
CUDA device integrated: 0
using DMA-BUF for GPU buffer address at 0x7f1b80000000 aligned at 0x7f1b80000000 with aligned size 134217728
allocated GPU buffer of a 134217728 address at 0x105fc30 for type CUDA_MEM_DEVICE
Calling ibv_reg_dmabuf_mr(offset=0, size=134217728, addr=0x7f1b80000000, fd=58) for QP #0
---------------------------------------------------------------------------------------
                    RDMA_Write BW Test
 Dual-port       : OFF		Device         : mlx5_4
 Number of qps   : 8		Transport type : IB
 Connection type : RC		Using SRQ      : OFF
 PCIe relax order: ON		Lock-free      : OFF
 ibv_wr* API     : ON		Using DDP      : OFF
 CQ Moderation   : 100
 CQE Poll Batch  : Dynamic
 Mtu             : 4096[B]
 Link type       : Ethernet
 GID index       : 3
 Max inline data : 0[B]
 rdma_cm QPs	 : ON
 Data ex. method : rdma_cm 	TOS    : 41
---------------------------------------------------------------------------------------
 Waiting for client rdma_cm QP to connect
 Please run the same command with the IB/RoCE interface IP
---------------------------------------------------------------------------------------
 local address: LID 0000 QPN 0x0128 PSN 0x46da27
 GID: 00:00:00:00:00:00:00:00:00:00:255:255:192:168:103:92
 local address: LID 0000 QPN 0x0129 PSN 0xe55685
 GID: 00:00:00:00:00:00:00:00:00:00:255:255:192:168:103:92
 local address: LID 0000 QPN 0x012a PSN 0x6ed5eb
 GID: 00:00:00:00:00:00:00:00:00:00:255:255:192:168:103:92
 local address: LID 0000 QPN 0x012b PSN 0x2cd65e
 GID: 00:00:00:00:00:00:00:00:00:00:255:255:192:168:103:92
 local address: LID 0000 QPN 0x012c PSN 0xc97019
 GID: 00:00:00:00:00:00:00:00:00:00:255:255:192:168:103:92
 local address: LID 0000 QPN 0x012d PSN 0x1f8607
 GID: 00:00:00:00:00:00:00:00:00:00:255:255:192:168:103:92
 local address: LID 0000 QPN 0x012e PSN 0x341c5a
 GID: 00:00:00:00:00:00:00:00:00:00:255:255:192:168:103:92
 local address: LID 0000 QPN 0x012f PSN 0x662a4b
 GID: 00:00:00:00:00:00:00:00:00:00:255:255:192:168:103:92
 remote address: LID 0000 QPN 0x0128 PSN 0x4b4ca4
 GID: 00:00:00:00:00:00:00:00:00:00:255:255:192:168:103:90
 remote address: LID 0000 QPN 0x0129 PSN 0xe263be
 GID: 00:00:00:00:00:00:00:00:00:00:255:255:192:168:103:90
 remote address: LID 0000 QPN 0x012a PSN 0x9aad30
 GID: 00:00:00:00:00:00:00:00:00:00:255:255:192:168:103:90
 remote address: LID 0000 QPN 0x012b PSN 0xdb7cbf
 GID: 00:00:00:00:00:00:00:00:00:00:255:255:192:168:103:90
 remote address: LID 0000 QPN 0x012c PSN 0xd6d66
 GID: 00:00:00:00:00:00:00:00:00:00:255:255:192:168:103:90
 remote address: LID 0000 QPN 0x012d PSN 0xa18dd0
 GID: 00:00:00:00:00:00:00:00:00:00:255:255:192:168:103:90
 remote address: LID 0000 QPN 0x012e PSN 0xdc02ef
 GID: 00:00:00:00:00:00:00:00:00:00:255:255:192:168:103:90
 remote address: LID 0000 QPN 0x012f PSN 0x6935bc
 GID: 00:00:00:00:00:00:00:00:00:00:255:255:192:168:103:90
---------------------------------------------------------------------------------------
 #bytes     #iterations    BW peak[Gb/sec]    BW average[Gb/sec]   MsgRate[Mpps]
 8388608    40000            139.51             139.51 		     0.002079
---------------------------------------------------------------------------------------
deallocating GPU buffer 00007f1b80000000
destroying current CUDA Ctx
