Perftest doesn't supports CUDA tests with inline messages: inline size set to 0
initializing CUDA
Listing all CUDA devices in system:
CUDA device 0: PCIe address is 06:00
CUDA device 1: PCIe address is 26:00
CUDA device 2: PCIe address is A6:00
CUDA device 3: PCIe address is C6:00

Picking device No. 3
[pid = 9407, dev = 3] device name = [NVIDIA H100 80GB HBM3]
creating CUDA Ctx
making it the current CUDA Ctx
CUDA device integrated: 0
using DMA-BUF for GPU buffer address at 0x7f292c000000 aligned at 0x7f292c000000 with aligned size 134217728
allocated GPU buffer of a 134217728 address at 0x1c10c50 for type CUDA_MEM_DEVICE
Calling ibv_reg_dmabuf_mr(offset=0, size=134217728, addr=0x7f292c000000, fd=58) for QP #0
---------------------------------------------------------------------------------------
                    RDMA_Write BW Test
 Dual-port       : OFF		Device         : mlx5_5
 Number of qps   : 8		Transport type : IB
 Connection type : RC		Using SRQ      : OFF
 PCIe relax order: ON		Lock-free      : OFF
 ibv_wr* API     : ON		Using DDP      : OFF
 TX depth        : 128
 CQ Moderation   : 100
 CQE Poll Batch  : Dynamic
 Mtu             : 4096[B]
 Link type       : Ethernet
 GID index       : 3
 Max inline data : 0[B]
 rdma_cm QPs	 : ON
 Data ex. method : rdma_cm 	TOS    : 41
---------------------------------------------------------------------------------------
 local address: LID 0000 QPN 0x018e PSN 0x6085b5
 GID: 00:00:00:00:00:00:00:00:00:00:255:255:192:168:102:92
 local address: LID 0000 QPN 0x018f PSN 0xdcf5fb
 GID: 00:00:00:00:00:00:00:00:00:00:255:255:192:168:102:92
 local address: LID 0000 QPN 0x0190 PSN 0xe9bf29
 GID: 00:00:00:00:00:00:00:00:00:00:255:255:192:168:102:92
 local address: LID 0000 QPN 0x0191 PSN 0x37d9c4
 GID: 00:00:00:00:00:00:00:00:00:00:255:255:192:168:102:92
 local address: LID 0000 QPN 0x0192 PSN 0x8f8687
 GID: 00:00:00:00:00:00:00:00:00:00:255:255:192:168:102:92
 local address: LID 0000 QPN 0x0193 PSN 0x5e6dd
 GID: 00:00:00:00:00:00:00:00:00:00:255:255:192:168:102:92
 local address: LID 0000 QPN 0x0194 PSN 0x939b78
 GID: 00:00:00:00:00:00:00:00:00:00:255:255:192:168:102:92
 local address: LID 0000 QPN 0x0195 PSN 0xec3e11
 GID: 00:00:00:00:00:00:00:00:00:00:255:255:192:168:102:92
 remote address: LID 0000 QPN 0x019d PSN 0x74cefc
 GID: 00:00:00:00:00:00:00:00:00:00:255:255:192:168:102:90
 remote address: LID 0000 QPN 0x019e PSN 0xc9f336
 GID: 00:00:00:00:00:00:00:00:00:00:255:255:192:168:102:90
 remote address: LID 0000 QPN 0x019f PSN 0xb89348
 GID: 00:00:00:00:00:00:00:00:00:00:255:255:192:168:102:90
 remote address: LID 0000 QPN 0x01a0 PSN 0x7004f7
 GID: 00:00:00:00:00:00:00:00:00:00:255:255:192:168:102:90
 remote address: LID 0000 QPN 0x01a1 PSN 0x4dbd3e
 GID: 00:00:00:00:00:00:00:00:00:00:255:255:192:168:102:90
 remote address: LID 0000 QPN 0x01a2 PSN 0xdf9cc8
 GID: 00:00:00:00:00:00:00:00:00:00:255:255:192:168:102:90
 remote address: LID 0000 QPN 0x01a3 PSN 0x5b3287
 GID: 00:00:00:00:00:00:00:00:00:00:255:255:192:168:102:90
 remote address: LID 0000 QPN 0x01a4 PSN 0x730974
 GID: 00:00:00:00:00:00:00:00:00:00:255:255:192:168:102:90
---------------------------------------------------------------------------------------
 #bytes     #iterations    BW peak[Gb/sec]    BW average[Gb/sec]   MsgRate[Mpps]
 2          40000           0.055470            0.055397            3.462316
 4          40000            0.11               0.11   		     3.560344
 8          40000            0.23               0.23   		     3.547741
 16         40000            0.46               0.45   		     3.546382
 32         40000            0.91               0.91   		     3.548295
 64         40000            1.80               1.79   		     3.497011
 128        40000            3.65               3.63   		     3.544673
 256        40000            7.26               7.21   		     3.519376
 512        40000            14.58              14.52  		     3.543844
 1024       40000            29.07              29.03  		     3.543354
 2048       40000            58.05              57.93  		     3.535746
 4096       40000            117.40             117.19 		     3.576503
 8192       40000            205.37             205.27 		     3.132209
 16384      40000            206.81             206.70 		     1.576959
 32768      40000            207.32             207.29 		     0.790738
 65536      40000            207.50             207.50 		     0.395767
 131072     40000            207.63             207.63 		     0.198010
 262144     40000            207.71             207.71 		     0.099043
 524288     40000            207.74             207.74 		     0.049530
 1048576    40000            207.77             207.77 		     0.024768
 2097152    40000            207.77             207.77 		     0.012384
 4194304    40000            199.79             199.62 		     0.005949
 8388608    40000            170.10             170.09 		     0.002535
---------------------------------------------------------------------------------------
deallocating GPU buffer 00007f292c000000
destroying current CUDA Ctx
