Perftest doesn't supports CUDA tests with inline messages: inline size set to 0
initializing CUDA
Listing all CUDA devices in system:
CUDA device 0: PCIe address is 06:00
CUDA device 1: PCIe address is 26:00
CUDA device 2: PCIe address is A6:00
CUDA device 3: PCIe address is C6:00

Picking device No. 2
[pid = 9402, dev = 2] device name = [NVIDIA H100 80GB HBM3]
creating CUDA Ctx
making it the current CUDA Ctx
CUDA device integrated: 0
using DMA-BUF for GPU buffer address at 0x7f69cc000000 aligned at 0x7f69cc000000 with aligned size 134217728
allocated GPU buffer of a 134217728 address at 0x143fc50 for type CUDA_MEM_DEVICE
Calling ibv_reg_dmabuf_mr(offset=0, size=134217728, addr=0x7f69cc000000, fd=58) for QP #0
---------------------------------------------------------------------------------------
                    RDMA_Write BW Test
 Dual-port       : OFF		Device         : mlx5_5
 Number of qps   : 8		Transport type : IB
 Connection type : RC		Using SRQ      : OFF
 PCIe relax order: ON		Lock-free      : OFF
 ibv_wr* API     : ON		Using DDP      : OFF
 TX depth        : 128
 CQ Moderation   : 100
 CQE Poll Batch  : Dynamic
 Mtu             : 4096[B]
 Link type       : Ethernet
 GID index       : 3
 Max inline data : 0[B]
 rdma_cm QPs	 : ON
 Data ex. method : rdma_cm 	TOS    : 41
---------------------------------------------------------------------------------------
 local address: LID 0000 QPN 0x0185 PSN 0xdca23e
 GID: 00:00:00:00:00:00:00:00:00:00:255:255:192:168:102:92
 local address: LID 0000 QPN 0x0186 PSN 0xa43250
 GID: 00:00:00:00:00:00:00:00:00:00:255:255:192:168:102:92
 local address: LID 0000 QPN 0x0187 PSN 0x4ecd5a
 GID: 00:00:00:00:00:00:00:00:00:00:255:255:192:168:102:92
 local address: LID 0000 QPN 0x0188 PSN 0x2aeaa1
 GID: 00:00:00:00:00:00:00:00:00:00:255:255:192:168:102:92
 local address: LID 0000 QPN 0x0189 PSN 0xf042a0
 GID: 00:00:00:00:00:00:00:00:00:00:255:255:192:168:102:92
 local address: LID 0000 QPN 0x018a PSN 0x407382
 GID: 00:00:00:00:00:00:00:00:00:00:255:255:192:168:102:92
 local address: LID 0000 QPN 0x018b PSN 0xf9bbb9
 GID: 00:00:00:00:00:00:00:00:00:00:255:255:192:168:102:92
 local address: LID 0000 QPN 0x018c PSN 0x4e5fbe
 GID: 00:00:00:00:00:00:00:00:00:00:255:255:192:168:102:92
 remote address: LID 0000 QPN 0x0194 PSN 0x4bacb6
 GID: 00:00:00:00:00:00:00:00:00:00:255:255:192:168:102:90
 remote address: LID 0000 QPN 0x0195 PSN 0xf37768
 GID: 00:00:00:00:00:00:00:00:00:00:255:255:192:168:102:90
 remote address: LID 0000 QPN 0x0196 PSN 0x42c892
 GID: 00:00:00:00:00:00:00:00:00:00:255:255:192:168:102:90
 remote address: LID 0000 QPN 0x0197 PSN 0x613179
 GID: 00:00:00:00:00:00:00:00:00:00:255:255:192:168:102:90
 remote address: LID 0000 QPN 0x0198 PSN 0xd27c98
 GID: 00:00:00:00:00:00:00:00:00:00:255:255:192:168:102:90
 remote address: LID 0000 QPN 0x0199 PSN 0x47f21a
 GID: 00:00:00:00:00:00:00:00:00:00:255:255:192:168:102:90
 remote address: LID 0000 QPN 0x019a PSN 0x73271
 GID: 00:00:00:00:00:00:00:00:00:00:255:255:192:168:102:90
 remote address: LID 0000 QPN 0x019b PSN 0x533c16
 GID: 00:00:00:00:00:00:00:00:00:00:255:255:192:168:102:90
---------------------------------------------------------------------------------------
 #bytes     #iterations    BW peak[Gb/sec]    BW average[Gb/sec]   MsgRate[Mpps]
 2          40000           0.061121            0.060588            3.786749
 4          40000            0.13               0.13   		     3.912600
 8          40000            0.25               0.25   		     3.874016
 16         40000            0.50               0.49   		     3.856182
 32         40000            1.00               1.00   		     3.892702
 64         40000            2.01               2.00   		     3.914151
 128        40000            4.01               3.98   		     3.887941
 256        40000            8.04               7.86   		     3.835646
 512        40000            16.14              16.00  		     3.906189
 1024       40000            32.51              32.39  		     3.953479
 2048       40000            66.30              66.01  		     4.029228
 4096       40000            137.55             136.82 		     4.175544
 8192       40000            200.35             200.14 		     3.053920
 16384      40000            201.43             201.40 		     1.536591
 32768      40000            201.99             201.95 		     0.770373
 65536      40000            202.31             202.28 		     0.385815
 131072     40000            202.50             202.49 		     0.193107
 262144     40000            202.52             202.52 		     0.096567
 524288     40000            202.54             202.54 		     0.048290
 1048576    40000            202.60             202.60 		     0.024151
 2097152    40000            202.59             202.59 		     0.012075
 4194304    40000            197.81             197.58 		     0.005888
 8388608    40000            168.76             168.76 		     0.002515
---------------------------------------------------------------------------------------
deallocating GPU buffer 00007f69cc000000
destroying current CUDA Ctx
