Hostname:, torchrun-multipod-0
NUM PODS : 1
NUM PROCS: 4
NUM_ITER  : 10
MODEL    : d12
BS        : 32
SEQ LEN   : 1024
GRAD ACCUM: 1
BS TOTAL  : 131072
LOG FILE: /tmp/stdout_npods1_nprocs4_numiter10_gradaccum1_bs32_seq1024_totalbs131072_runidnewoc1nodes.log
NODE RANK: 0
PROFILE  : 0
TAG      : 1_4_1_0_d12_newoc1nodes
RUNID    : newoc1nodes
Dumping initial: /proc/net/dev
W0428 04:46:09.792000 43 torch/distributed/run.py:792] 
W0428 04:46:09.792000 43 torch/distributed/run.py:792] *****************************************
W0428 04:46:09.792000 43 torch/distributed/run.py:792] Setting OMP_NUM_THREADS environment variable for each process to be 1 in default, to avoid your system being overloaded, please further tune the variable for optimal performance in your application as needed. 
W0428 04:46:09.792000 43 torch/distributed/run.py:792] *****************************************
Running pytorch 2.6.0+cu124
using device: cuda:0
total desired batch size: 131072
=> calculated gradient accumulation steps: 1
using device: cuda:1
using device: cuda:3
using device: cuda:2
compiling the model...
DataLoader: total number of tokens: 100,000,000 across 1 files
num decayed parameter tensors: 50, with 124,318,464 parameters
num non-decayed parameter tensors: 98, with 121,344 parameters
using fused AdamW: False
using regular AdamW
step    1/10 | train loss 11.014092 | norm 15.4736 | lr 1.00e-04 | (164923.32 ms | 795 tok/s)
step    2/10 | train loss 10.141844 | norm 5.7135 | lr 1.00e-04 | (121.89 ms | 1075304 tok/s)
step    3/10 | train loss 9.799839 | norm 2.6057 | lr 1.00e-04 | (98.80 ms | 1326602 tok/s)
step    4/10 | train loss 9.628633 | norm 2.1056 | lr 1.00e-04 | (98.55 ms | 1330001 tok/s)
step    5/10 | train loss 9.542357 | norm 2.0859 | lr 1.00e-04 | (98.23 ms | 1334356 tok/s)
step    6/10 | train loss 9.457880 | norm 1.9885 | lr 1.00e-04 | (98.39 ms | 1332218 tok/s)
step    7/10 | train loss 9.368456 | norm 1.9401 | lr 1.00e-04 | (99.13 ms | 1322244 tok/s)
step    8/10 | train loss 9.272747 | norm 1.9033 | lr 1.00e-04 | (98.67 ms | 1328355 tok/s)
step    9/10 | train loss 9.174332 | norm 1.8405 | lr 1.00e-04 | (98.68 ms | 1328237 tok/s)
step   10/10 | train loss 9.087929 | norm 1.7911 | lr 1.00e-04 | (98.82 ms | 1326330 tok/s)
final 9 iters avg: 101.241ms
peak memory consumption: 19114 MiB
Dumping final: /proc/net/dev
