Hostname:, torchrun-multipod-0
NUM PODS : 2
NUM PROCS: 4
NUM_ITER  : 10
MODEL    : d12
BS        : 32
SEQ LEN   : 1024
GRAD ACCUM: 3
BS TOTAL  : 786432
LOG FILE: /tmp/stdout_npods2_nprocs4_numiter10_gradaccum3_bs32_seq1024_totalbs786432_runidnewoc2nodes.log
NODE RANK: 0
PROFILE  : 0
TAG      : 2_4_3_0_d12_newoc2nodes
RUNID    : newoc2nodes
Dumping initial: /proc/net/dev
W0428 01:46:03.561000 45 torch/distributed/run.py:792] 
W0428 01:46:03.561000 45 torch/distributed/run.py:792] *****************************************
W0428 01:46:03.561000 45 torch/distributed/run.py:792] Setting OMP_NUM_THREADS environment variable for each process to be 1 in default, to avoid your system being overloaded, please further tune the variable for optimal performance in your application as needed. 
W0428 01:46:03.561000 45 torch/distributed/run.py:792] *****************************************
Running pytorch 2.6.0+cu124
using device: cuda:0
total desired batch size: 786432
=> calculated gradient accumulation steps: 3
using device: cuda:3
using device: cuda:2
using device: cuda:1
compiling the model...
DataLoader: total number of tokens: 100,000,000 across 1 files
num decayed parameter tensors: 50, with 124,318,464 parameters
num non-decayed parameter tensors: 98, with 121,344 parameters
using fused AdamW: False
using regular AdamW
step    1/10 | train loss 11.010592 | norm 15.5176 | lr 1.00e-04 | (167604.20 ms | 4692 tok/s)
step    2/10 | train loss 10.133065 | norm 5.7704 | lr 1.00e-04 | (1193.50 ms | 658928 tok/s)
step    3/10 | train loss 9.789812 | norm 2.6244 | lr 1.00e-04 | (1174.06 ms | 669841 tok/s)
step    4/10 | train loss 9.619398 | norm 2.1221 | lr 1.00e-04 | (1197.32 ms | 656825 tok/s)
step    5/10 | train loss 9.536025 | norm 2.1102 | lr 1.00e-04 | (1168.53 ms | 673007 tok/s)
step    6/10 | train loss 9.454283 | norm 2.0041 | lr 1.00e-04 | (1196.40 ms | 657335 tok/s)
step    7/10 | train loss 9.368488 | norm 1.9533 | lr 1.00e-04 | (1217.19 ms | 646103 tok/s)
step    8/10 | train loss 9.276958 | norm 1.9199 | lr 1.00e-04 | (1225.58 ms | 641681 tok/s)
step    9/10 | train loss 9.181939 | norm 1.8692 | lr 1.00e-04 | (1197.59 ms | 656681 tok/s)
step   10/10 | train loss 9.094183 | norm 1.7928 | lr 1.00e-04 | (1187.68 ms | 662159 tok/s)
final 9 iters avg: 1195.317ms
peak memory consumption: 19594 MiB
Dumping final: /proc/net/dev
