Hostname:, torchrun-multipod-0
NUM PODS : 2
NUM PROCS: 4
NUM_ITER  : 10
MODEL    : d12
BS        : 32
SEQ LEN   : 1024
GRAD ACCUM: 2
BS TOTAL  : 524288
LOG FILE: /tmp/stdout_npods2_nprocs4_numiter10_gradaccum2_bs32_seq1024_totalbs524288_runidnewoc2nodes.log
NODE RANK: 0
PROFILE  : 0
TAG      : 2_4_2_0_d12_newoc2nodes
RUNID    : newoc2nodes
Dumping initial: /proc/net/dev
W0428 01:41:36.754000 45 torch/distributed/run.py:792] 
W0428 01:41:36.754000 45 torch/distributed/run.py:792] *****************************************
W0428 01:41:36.754000 45 torch/distributed/run.py:792] Setting OMP_NUM_THREADS environment variable for each process to be 1 in default, to avoid your system being overloaded, please further tune the variable for optimal performance in your application as needed. 
W0428 01:41:36.754000 45 torch/distributed/run.py:792] *****************************************
Running pytorch 2.6.0+cu124
using device: cuda:0
total desired batch size: 524288
=> calculated gradient accumulation steps: 2
using device: cuda:2
using device: cuda:1
using device: cuda:3
compiling the model...
DataLoader: total number of tokens: 100,000,000 across 1 files
num decayed parameter tensors: 50, with 124,318,464 parameters
num non-decayed parameter tensors: 98, with 121,344 parameters
using fused AdamW: False
using regular AdamW
step    1/10 | train loss 11.008972 | norm 15.7108 | lr 1.00e-04 | (171329.74 ms | 3060 tok/s)
step    2/10 | train loss 10.123230 | norm 5.8019 | lr 1.00e-04 | (1194.47 ms | 438930 tok/s)
step    3/10 | train loss 9.777213 | norm 2.6314 | lr 1.00e-04 | (1135.81 ms | 461598 tok/s)
step    4/10 | train loss 9.607346 | norm 2.1165 | lr 1.00e-04 | (1099.48 ms | 476851 tok/s)
step    5/10 | train loss 9.524708 | norm 2.1075 | lr 1.00e-04 | (1095.93 ms | 478396 tok/s)
step    6/10 | train loss 9.443516 | norm 2.0012 | lr 1.00e-04 | (1124.26 ms | 466338 tok/s)
step    7/10 | train loss 9.358717 | norm 1.9491 | lr 1.00e-04 | (1103.07 ms | 475297 tok/s)
step    8/10 | train loss 9.269127 | norm 1.9124 | lr 1.00e-04 | (1091.34 ms | 480406 tok/s)
step    9/10 | train loss 9.176628 | norm 1.8636 | lr 1.00e-04 | (1118.10 ms | 468910 tok/s)
step   10/10 | train loss 9.088068 | norm 1.7782 | lr 1.00e-04 | (1088.11 ms | 481833 tok/s)
final 9 iters avg: 1116.731ms
peak memory consumption: 19594 MiB
Dumping final: /proc/net/dev
