Hostname:, torchrun-multipod-0
NUM PODS : 2
NUM PROCS: 4
NUM_ITER  : 10
MODEL    : d12
BS        : 32
SEQ LEN   : 1024
GRAD ACCUM: 4
BS TOTAL  : 1048576
LOG FILE: /tmp/stdout_npods2_nprocs4_numiter10_gradaccum4_bs32_seq1024_totalbs1048576_runidnewoc2nodes.log
NODE RANK: 0
PROFILE  : 0
TAG      : 2_4_4_0_d12_newoc2nodes
RUNID    : newoc2nodes
Dumping initial: /proc/net/dev
W0428 01:50:29.301000 44 torch/distributed/run.py:792] 
W0428 01:50:29.301000 44 torch/distributed/run.py:792] *****************************************
W0428 01:50:29.301000 44 torch/distributed/run.py:792] Setting OMP_NUM_THREADS environment variable for each process to be 1 in default, to avoid your system being overloaded, please further tune the variable for optimal performance in your application as needed. 
W0428 01:50:29.301000 44 torch/distributed/run.py:792] *****************************************
Running pytorch 2.6.0+cu124
using device: cuda:0
total desired batch size: 1048576
=> calculated gradient accumulation steps: 4
using device: cuda:2
using device: cuda:3
using device: cuda:1
compiling the model...
DataLoader: total number of tokens: 100,000,000 across 1 files
num decayed parameter tensors: 50, with 124,318,464 parameters
num non-decayed parameter tensors: 98, with 121,344 parameters
using fused AdamW: False
using regular AdamW
step    1/10 | train loss 11.010098 | norm 15.4734 | lr 1.00e-04 | (172482.64 ms | 6079 tok/s)
step    2/10 | train loss 10.132356 | norm 5.7712 | lr 1.00e-04 | (1289.31 ms | 813284 tok/s)
step    3/10 | train loss 9.790421 | norm 2.6207 | lr 1.00e-04 | (1299.30 ms | 807033 tok/s)
step    4/10 | train loss 9.620090 | norm 2.1209 | lr 1.00e-04 | (1263.73 ms | 829746 tok/s)
step    5/10 | train loss 9.536892 | norm 2.1163 | lr 1.00e-04 | (1272.53 ms | 824007 tok/s)
step    6/10 | train loss 9.455265 | norm 2.0053 | lr 1.00e-04 | (1274.24 ms | 822906 tok/s)
step    7/10 | train loss 9.369593 | norm 1.9545 | lr 1.00e-04 | (1274.30 ms | 822867 tok/s)
step    8/10 | train loss 9.277897 | norm 1.9223 | lr 1.00e-04 | (1294.56 ms | 809984 tok/s)
step    9/10 | train loss 9.182260 | norm 1.8716 | lr 1.00e-04 | (1272.44 ms | 824069 tok/s)
step   10/10 | train loss 9.094440 | norm 1.7972 | lr 1.00e-04 | (1302.73 ms | 804909 tok/s)
final 9 iters avg: 1282.570ms
peak memory consumption: 19594 MiB
Dumping final: /proc/net/dev
