Hostname:, torchrun-multipod-0
NUM PODS : 2
NUM PROCS: 4
NUM_ITER  : 10
MODEL    : d12
BS        : 32
SEQ LEN   : 1024
GRAD ACCUM: 6
BS TOTAL  : 1572864
LOG FILE: /tmp/stdout_npods2_nprocs4_numiter10_gradaccum6_bs32_seq1024_totalbs1572864_runidnewoc2nodes.log
NODE RANK: 0
PROFILE  : 0
TAG      : 2_4_6_0_d12_newoc2nodes
RUNID    : newoc2nodes
Dumping initial: /proc/net/dev
W0428 01:59:27.842000 43 torch/distributed/run.py:792] 
W0428 01:59:27.842000 43 torch/distributed/run.py:792] *****************************************
W0428 01:59:27.842000 43 torch/distributed/run.py:792] Setting OMP_NUM_THREADS environment variable for each process to be 1 in default, to avoid your system being overloaded, please further tune the variable for optimal performance in your application as needed. 
W0428 01:59:27.842000 43 torch/distributed/run.py:792] *****************************************
Running pytorch 2.6.0+cu124
using device: cuda:0
total desired batch size: 1572864
=> calculated gradient accumulation steps: 6
using device: cuda:3
using device: cuda:1
using device: cuda:2
compiling the model...
DataLoader: total number of tokens: 100,000,000 across 1 files
num decayed parameter tensors: 50, with 124,318,464 parameters
num non-decayed parameter tensors: 98, with 121,344 parameters
using fused AdamW: False
using regular AdamW
step    1/10 | train loss 11.010139 | norm 15.4232 | lr 1.00e-04 | (171029.60 ms | 9196 tok/s)
step    2/10 | train loss 10.136949 | norm 5.7587 | lr 1.00e-04 | (1480.88 ms | 1062115 tok/s)
step    3/10 | train loss 9.795476 | norm 2.6124 | lr 1.00e-04 | (1469.42 ms | 1070400 tok/s)
step    4/10 | train loss 9.625648 | norm 2.1154 | lr 1.00e-04 | (1439.16 ms | 1092902 tok/s)
step    5/10 | train loss 9.542587 | norm 2.1031 | lr 1.00e-04 | (1456.45 ms | 1079928 tok/s)
step    6/10 | train loss 9.461353 | norm 1.9978 | lr 1.00e-04 | (1462.84 ms | 1075211 tok/s)
step    7/10 | train loss 9.375707 | norm 1.9473 | lr 1.00e-04 | (1482.48 ms | 1060968 tok/s)
step    8/10 | train loss 9.283989 | norm 1.9146 | lr 1.00e-04 | (1462.16 ms | 1075713 tok/s)
step    9/10 | train loss 9.188595 | norm 1.8601 | lr 1.00e-04 | (1450.69 ms | 1084220 tok/s)
step   10/10 | train loss 9.103167 | norm 1.7948 | lr 1.00e-04 | (1466.29 ms | 1072680 tok/s)
final 9 iters avg: 1463.375ms
peak memory consumption: 19594 MiB
Dumping final: /proc/net/dev
