Hostname:, torchrun-multipod-0
NUM PODS : 2
NUM PROCS: 4
NUM_ITER  : 10
MODEL    : d12
BS        : 32
SEQ LEN   : 1024
GRAD ACCUM: 8
BS TOTAL  : 2097152
LOG FILE: /tmp/stdout_npods2_nprocs4_numiter10_gradaccum8_bs32_seq1024_totalbs2097152_runidnewoc2nodes.log
NODE RANK: 0
PROFILE  : 0
TAG      : 2_4_8_0_d12_newoc2nodes
RUNID    : newoc2nodes
Dumping initial: /proc/net/dev
W0428 02:08:33.508000 43 torch/distributed/run.py:792] 
W0428 02:08:33.508000 43 torch/distributed/run.py:792] *****************************************
W0428 02:08:33.508000 43 torch/distributed/run.py:792] Setting OMP_NUM_THREADS environment variable for each process to be 1 in default, to avoid your system being overloaded, please further tune the variable for optimal performance in your application as needed. 
W0428 02:08:33.508000 43 torch/distributed/run.py:792] *****************************************
Running pytorch 2.6.0+cu124
using device: cuda:0
total desired batch size: 2097152
=> calculated gradient accumulation steps: 8
using device: cuda:2
using device: cuda:3
using device: cuda:1
compiling the model...
DataLoader: total number of tokens: 100,000,000 across 1 files
num decayed parameter tensors: 50, with 124,318,464 parameters
num non-decayed parameter tensors: 98, with 121,344 parameters
using fused AdamW: False
using regular AdamW
step    1/10 | train loss 11.009807 | norm 15.3614 | lr 1.00e-04 | (169634.17 ms | 12363 tok/s)
step    2/10 | train loss 10.138536 | norm 5.7422 | lr 1.00e-04 | (1664.54 ms | 1259896 tok/s)
step    3/10 | train loss 9.797913 | norm 2.6066 | lr 1.00e-04 | (1676.76 ms | 1250716 tok/s)
step    4/10 | train loss 9.628577 | norm 2.1114 | lr 1.00e-04 | (1633.99 ms | 1283459 tok/s)
step    5/10 | train loss 9.545596 | norm 2.1044 | lr 1.00e-04 | (1613.53 ms | 1299726 tok/s)
step    6/10 | train loss 9.464417 | norm 1.9969 | lr 1.00e-04 | (1586.63 ms | 1321762 tok/s)
step    7/10 | train loss 9.378770 | norm 1.9478 | lr 1.00e-04 | (1591.49 ms | 1317732 tok/s)
step    8/10 | train loss 9.286815 | norm 1.9138 | lr 1.00e-04 | (1585.40 ms | 1322791 tok/s)
step    9/10 | train loss 9.191307 | norm 1.8553 | lr 1.00e-04 | (1600.68 ms | 1310162 tok/s)
step   10/10 | train loss 9.107035 | norm 1.7972 | lr 1.00e-04 | (1612.15 ms | 1300845 tok/s)
final 9 iters avg: 1618.352ms
peak memory consumption: 19594 MiB
Dumping final: /proc/net/dev
