Hostname:, torchrun-multipod-0
NUM PODS : 2
NUM PROCS: 4
NUM_ITER  : 10
MODEL    : d12
BS        : 32
SEQ LEN   : 1024
GRAD ACCUM: 1
BS TOTAL  : 262144
LOG FILE: /tmp/stdout_npods2_nprocs4_numiter10_gradaccum1_bs32_seq1024_totalbs262144_runidnewoc2nodes.log
NODE RANK: 0
PROFILE  : 0
TAG      : 2_4_1_0_d12_newoc2nodes
RUNID    : newoc2nodes
Dumping initial: /proc/net/dev
W0428 01:37:06.645000 45 torch/distributed/run.py:792] 
W0428 01:37:06.645000 45 torch/distributed/run.py:792] *****************************************
W0428 01:37:06.645000 45 torch/distributed/run.py:792] Setting OMP_NUM_THREADS environment variable for each process to be 1 in default, to avoid your system being overloaded, please further tune the variable for optimal performance in your application as needed. 
W0428 01:37:06.645000 45 torch/distributed/run.py:792] *****************************************
Running pytorch 2.6.0+cu124
using device: cuda:0
total desired batch size: 262144
=> calculated gradient accumulation steps: 1
using device: cuda:3
using device: cuda:1
using device: cuda:2
compiling the model...
DataLoader: total number of tokens: 100,000,000 across 1 files
num decayed parameter tensors: 50, with 124,318,464 parameters
num non-decayed parameter tensors: 98, with 121,344 parameters
using fused AdamW: False
using regular AdamW
step    1/10 | train loss 11.008533 | norm 15.8511 | lr 1.00e-04 | (170912.66 ms | 1534 tok/s)
step    2/10 | train loss 10.116463 | norm 5.8733 | lr 1.00e-04 | (1121.90 ms | 233661 tok/s)
step    3/10 | train loss 9.765993 | norm 2.6306 | lr 1.00e-04 | (1452.75 ms | 180446 tok/s)
step    4/10 | train loss 9.596250 | norm 2.1069 | lr 1.00e-04 | (1031.48 ms | 254143 tok/s)
step    5/10 | train loss 9.513386 | norm 2.1000 | lr 1.00e-04 | (1039.42 ms | 252202 tok/s)
step    6/10 | train loss 9.431202 | norm 1.9935 | lr 1.00e-04 | (1049.74 ms | 249723 tok/s)
step    7/10 | train loss 9.345901 | norm 1.9369 | lr 1.00e-04 | (1056.18 ms | 248200 tok/s)
step    8/10 | train loss 9.256422 | norm 1.9010 | lr 1.00e-04 | (1012.97 ms | 258787 tok/s)
step    9/10 | train loss 9.164144 | norm 1.8592 | lr 1.00e-04 | (1019.33 ms | 257173 tok/s)
step   10/10 | train loss 9.071947 | norm 1.7839 | lr 1.00e-04 | (1064.69 ms | 246217 tok/s)
final 9 iters avg: 1094.274ms
peak memory consumption: 19114 MiB
Dumping final: /proc/net/dev
