Hostname:, torchrun-multipod-0
NUM PODS : 2
NUM PROCS: 4
NUM_ITER  : 10
MODEL    : d12
BS        : 32
SEQ LEN   : 1024
GRAD ACCUM: 5
BS TOTAL  : 1310720
LOG FILE: /tmp/stdout_npods2_nprocs4_numiter10_gradaccum5_bs32_seq1024_totalbs1310720_runidnewoc2nodes.log
NODE RANK: 0
PROFILE  : 0
TAG      : 2_4_5_0_d12_newoc2nodes
RUNID    : newoc2nodes
Dumping initial: /proc/net/dev
W0428 01:54:54.579000 45 torch/distributed/run.py:792] 
W0428 01:54:54.579000 45 torch/distributed/run.py:792] *****************************************
W0428 01:54:54.579000 45 torch/distributed/run.py:792] Setting OMP_NUM_THREADS environment variable for each process to be 1 in default, to avoid your system being overloaded, please further tune the variable for optimal performance in your application as needed. 
W0428 01:54:54.579000 45 torch/distributed/run.py:792] *****************************************
Running pytorch 2.6.0+cu124
using device: cuda:0
total desired batch size: 1310720
=> calculated gradient accumulation steps: 5
using device: cuda:1
using device: cuda:2
using device: cuda:3
compiling the model...
DataLoader: total number of tokens: 100,000,000 across 1 files
num decayed parameter tensors: 50, with 124,318,464 parameters
num non-decayed parameter tensors: 98, with 121,344 parameters
using fused AdamW: False
using regular AdamW
step    1/10 | train loss 11.010132 | norm 15.4556 | lr 1.00e-04 | (171527.52 ms | 7641 tok/s)
step    2/10 | train loss 10.134739 | norm 5.7680 | lr 1.00e-04 | (1348.05 ms | 972306 tok/s)
step    3/10 | train loss 9.792711 | norm 2.6180 | lr 1.00e-04 | (1362.67 ms | 961879 tok/s)
step    4/10 | train loss 9.622601 | norm 2.1198 | lr 1.00e-04 | (1388.93 ms | 943692 tok/s)
step    5/10 | train loss 9.539341 | norm 2.1126 | lr 1.00e-04 | (1357.41 ms | 965607 tok/s)
step    6/10 | train loss 9.457718 | norm 2.0030 | lr 1.00e-04 | (1387.47 ms | 944684 tok/s)
step    7/10 | train loss 9.371843 | norm 1.9528 | lr 1.00e-04 | (1356.64 ms | 966149 tok/s)
step    8/10 | train loss 9.279837 | norm 1.9192 | lr 1.00e-04 | (1384.11 ms | 946980 tok/s)
step    9/10 | train loss 9.184063 | norm 1.8636 | lr 1.00e-04 | (1371.65 ms | 955581 tok/s)
step   10/10 | train loss 9.097850 | norm 1.7989 | lr 1.00e-04 | (1382.05 ms | 948385 tok/s)
final 9 iters avg: 1370.997ms
peak memory consumption: 19594 MiB
Dumping final: /proc/net/dev
