Running pytorch 2.7.0+cu126
using device: cuda:0
total desired batch size: 1835008
=> calculated gradient accumulation steps: 7
using device: cuda:3
using device: cuda:2
using device: cuda:1
compiling the model...
DataLoader: total number of tokens: 1,661,249,667 across 103 files
MOC-R4PCC04U05:242884:242884 [0] NCCL INFO NCCL_SOCKET_IFNAME set by environment to eno7np0
MOC-R4PCC04U05:242884:242884 [0] NCCL INFO Bootstrap: Using eno7np0:192.168.50.193<0>
MOC-R4PCC04U05:242884:242884 [0] NCCL INFO cudaDriverVersion 12040
MOC-R4PCC04U05:242884:242884 [0] NCCL INFO NCCL version 2.26.2+cuda12.2
MOC-R4PCC04U05:242884:242884 [0] NCCL INFO Comm config Blocking set to 1
MOC-R4PCC04U05:242884:242926 [0] NCCL INFO NET/Plugin: Could not find: libnccl-net.so. Using internal net plugin.
MOC-R4PCC04U05:242884:242926 [0] NCCL INFO NCCL_IB_DISABLE set by environment to 1.
MOC-R4PCC04U05:242884:242926 [0] NCCL INFO NCCL_SOCKET_IFNAME set by environment to eno7np0
MOC-R4PCC04U05:242884:242926 [0] NCCL INFO NET/Socket : Using [0]eno7np0:192.168.50.193<0>
MOC-R4PCC04U05:242884:242926 [0] NCCL INFO PROFILER/Plugin: Could not find: libnccl-profiler.so. 
MOC-R4PCC04U05:242884:242926 [0] NCCL INFO Using network Socket
MOC-R4PCC04U05:242884:242926 [0] NCCL INFO ncclCommInitRankConfig comm 0x55add5249f50 rank 0 nranks 8 cudaDev 0 nvmlDev 0 busId 6000 commId 0x742839c05eba47e8 - Init START
MOC-R4PCC04U05:242887:242887 [3] NCCL INFO cudaDriverVersion 12040
MOC-R4PCC04U05:242887:242887 [3] NCCL INFO NCCL_SOCKET_IFNAME set by environment to eno7np0
MOC-R4PCC04U05:242886:242886 [2] NCCL INFO cudaDriverVersion 12040
MOC-R4PCC04U05:242886:242886 [2] NCCL INFO NCCL_SOCKET_IFNAME set by environment to eno7np0
MOC-R4PCC04U05:242886:242886 [2] NCCL INFO Bootstrap: Using eno7np0:192.168.50.193<0>
MOC-R4PCC04U05:242887:242887 [3] NCCL INFO Bootstrap: Using eno7np0:192.168.50.193<0>
MOC-R4PCC04U05:242886:242886 [2] NCCL INFO NCCL version 2.26.2+cuda12.2
MOC-R4PCC04U05:242887:242887 [3] NCCL INFO NCCL version 2.26.2+cuda12.2
MOC-R4PCC04U05:242886:242886 [2] NCCL INFO Comm config Blocking set to 1
MOC-R4PCC04U05:242885:242885 [1] NCCL INFO cudaDriverVersion 12040
MOC-R4PCC04U05:242887:242887 [3] NCCL INFO Comm config Blocking set to 1
MOC-R4PCC04U05:242885:242885 [1] NCCL INFO NCCL_SOCKET_IFNAME set by environment to eno7np0
MOC-R4PCC04U05:242885:242885 [1] NCCL INFO Bootstrap: Using eno7np0:192.168.50.193<0>
MOC-R4PCC04U05:242885:242885 [1] NCCL INFO NCCL version 2.26.2+cuda12.2
MOC-R4PCC04U05:242885:242885 [1] NCCL INFO Comm config Blocking set to 1
MOC-R4PCC04U05:242887:242928 [3] NCCL INFO NET/Plugin: Could not find: libnccl-net.so. Using internal net plugin.
MOC-R4PCC04U05:242886:242927 [2] NCCL INFO NET/Plugin: Could not find: libnccl-net.so. Using internal net plugin.
MOC-R4PCC04U05:242887:242928 [3] NCCL INFO NCCL_IB_DISABLE set by environment to 1.
MOC-R4PCC04U05:242886:242927 [2] NCCL INFO NCCL_IB_DISABLE set by environment to 1.
MOC-R4PCC04U05:242887:242928 [3] NCCL INFO NCCL_SOCKET_IFNAME set by environment to eno7np0
MOC-R4PCC04U05:242886:242927 [2] NCCL INFO NCCL_SOCKET_IFNAME set by environment to eno7np0
MOC-R4PCC04U05:242887:242928 [3] NCCL INFO NET/Socket : Using [0]eno7np0:192.168.50.193<0>
MOC-R4PCC04U05:242886:242927 [2] NCCL INFO NET/Socket : Using [0]eno7np0:192.168.50.193<0>
MOC-R4PCC04U05:242887:242928 [3] NCCL INFO PROFILER/Plugin: Could not find: libnccl-profiler.so. 
MOC-R4PCC04U05:242887:242928 [3] NCCL INFO Using network Socket
MOC-R4PCC04U05:242886:242927 [2] NCCL INFO PROFILER/Plugin: Could not find: libnccl-profiler.so. 
MOC-R4PCC04U05:242886:242927 [2] NCCL INFO Using network Socket
MOC-R4PCC04U05:242885:242929 [1] NCCL INFO NET/Plugin: Could not find: libnccl-net.so. Using internal net plugin.
MOC-R4PCC04U05:242885:242929 [1] NCCL INFO NCCL_IB_DISABLE set by environment to 1.
MOC-R4PCC04U05:242885:242929 [1] NCCL INFO NCCL_SOCKET_IFNAME set by environment to eno7np0
MOC-R4PCC04U05:242885:242929 [1] NCCL INFO NET/Socket : Using [0]eno7np0:192.168.50.193<0>
MOC-R4PCC04U05:242885:242929 [1] NCCL INFO PROFILER/Plugin: Could not find: libnccl-profiler.so. 
MOC-R4PCC04U05:242885:242929 [1] NCCL INFO Using network Socket
MOC-R4PCC04U05:242887:242928 [3] NCCL INFO ncclCommInitRankConfig comm 0x558673bc5810 rank 3 nranks 8 cudaDev 3 nvmlDev 3 busId c6000 commId 0x742839c05eba47e8 - Init START
MOC-R4PCC04U05:242886:242927 [2] NCCL INFO ncclCommInitRankConfig comm 0x564076c59580 rank 2 nranks 8 cudaDev 2 nvmlDev 2 busId a6000 commId 0x742839c05eba47e8 - Init START
MOC-R4PCC04U05:242887:242928 [3] NCCL INFO RAS client listening socket at ::1<28028>
MOC-R4PCC04U05:242885:242929 [1] NCCL INFO ncclCommInitRankConfig comm 0x5624451eece0 rank 1 nranks 8 cudaDev 1 nvmlDev 1 busId 26000 commId 0x742839c05eba47e8 - Init START
MOC-R4PCC04U05:242886:242927 [2] NCCL INFO RAS client listening socket at ::1<28028>
MOC-R4PCC04U05:242885:242929 [1] NCCL INFO RAS client listening socket at ::1<28028>
MOC-R4PCC04U05:242884:242926 [0] NCCL INFO RAS client listening socket at ::1<28028>
MOC-R4PCC04U05:242887:242928 [3] NCCL INFO Bootstrap timings total 0.063224 (create 0.000152, send 0.000326, recv 0.000459, ring 0.021134, delay 0.000001)
MOC-R4PCC04U05:242885:242929 [1] NCCL INFO Bootstrap timings total 0.002955 (create 0.000094, send 0.000248, recv 0.000500, ring 0.000898, delay 0.000000)
MOC-R4PCC04U05:242886:242927 [2] NCCL INFO Bootstrap timings total 0.023309 (create 0.000154, send 0.000330, recv 0.000414, ring 0.001002, delay 0.000001)
MOC-R4PCC04U05:242884:242926 [0] NCCL INFO Bootstrap timings total 2.012754 (create 0.000153, send 0.000482, recv 2.010032, ring 0.000584, delay 0.000001)
MOC-R4PCC04U05:242884:242926 [0] NCCL INFO Setting affinity for GPU 0 to ffffffff,ffffffff,ffffffff,ffffffff,00000000,00000000,00000000,00000000,ffffffff,ffffffff,ffffffff,ffffffff
MOC-R4PCC04U05:242884:242926 [0] NCCL INFO NVLS multicast support is not available on dev 0
MOC-R4PCC04U05:242886:242927 [2] NCCL INFO Setting affinity for GPU 2 to ffffffff,ffffffff,ffffffff,ffffffff,00000000,00000000,00000000,00000000,ffffffff,ffffffff,ffffffff,ffffffff,00000000,00000000,00000000,00000000
MOC-R4PCC04U05:242886:242927 [2] NCCL INFO NVLS multicast support is not available on dev 2
MOC-R4PCC04U05:242887:242928 [3] NCCL INFO Setting affinity for GPU 3 to ffffffff,ffffffff,ffffffff,ffffffff,00000000,00000000,00000000,00000000,ffffffff,ffffffff,ffffffff,ffffffff,00000000,00000000,00000000,00000000
MOC-R4PCC04U05:242887:242928 [3] NCCL INFO NVLS multicast support is not available on dev 3
MOC-R4PCC04U05:242885:242929 [1] NCCL INFO Setting affinity for GPU 1 to ffffffff,ffffffff,ffffffff,ffffffff,00000000,00000000,00000000,00000000,ffffffff,ffffffff,ffffffff,ffffffff
MOC-R4PCC04U05:242885:242929 [1] NCCL INFO NVLS multicast support is not available on dev 1
MOC-R4PCC04U05:242887:242928 [3] NCCL INFO comm 0x558673bc5810 rank 3 nRanks 8 nNodes 2 localRanks 4 localRank 3 MNNVL 0
MOC-R4PCC04U05:242887:242928 [3] NCCL INFO Trees [0] 0/7/-1->3->-1 [1] 0/7/-1->3->-1 [2] 0/-1/-1->3->7 [3] 0/-1/-1->3->7
MOC-R4PCC04U05:242887:242928 [3] NCCL INFO P2P Chunksize set to 131072
MOC-R4PCC04U05:242886:242927 [2] NCCL INFO comm 0x564076c59580 rank 2 nRanks 8 nNodes 2 localRanks 4 localRank 2 MNNVL 0
MOC-R4PCC04U05:242885:242929 [1] NCCL INFO comm 0x5624451eece0 rank 1 nRanks 8 nNodes 2 localRanks 4 localRank 1 MNNVL 0
MOC-R4PCC04U05:242884:242926 [0] NCCL INFO comm 0x55add5249f50 rank 0 nRanks 8 nNodes 2 localRanks 4 localRank 0 MNNVL 0
MOC-R4PCC04U05:242886:242927 [2] NCCL INFO Trees [0] -1/-1/-1->2->1 [1] -1/-1/-1->2->1 [2] -1/-1/-1->2->1 [3] -1/-1/-1->2->1
MOC-R4PCC04U05:242885:242929 [1] NCCL INFO Trees [0] 2/-1/-1->1->0 [1] 2/-1/-1->1->0 [2] 2/-1/-1->1->0 [3] 2/-1/-1->1->0
MOC-R4PCC04U05:242886:242927 [2] NCCL INFO P2P Chunksize set to 131072
MOC-R4PCC04U05:242885:242929 [1] NCCL INFO P2P Chunksize set to 131072
MOC-R4PCC04U05:242884:242926 [0] NCCL INFO Channel 00/04 : 0 3 6 5 4 7 2 1
MOC-R4PCC04U05:242884:242926 [0] NCCL INFO Channel 01/04 : 0 2 7 5 4 6 3 1
MOC-R4PCC04U05:242884:242926 [0] NCCL INFO Channel 02/04 : 0 3 6 5 4 7 2 1
MOC-R4PCC04U05:242884:242926 [0] NCCL INFO Channel 03/04 : 0 2 7 5 4 6 3 1
MOC-R4PCC04U05:242884:242926 [0] NCCL INFO Trees [0] 1/-1/-1->0->3 [1] 1/-1/-1->0->3 [2] 1/-1/-1->0->3 [3] 1/-1/-1->0->3
MOC-R4PCC04U05:242884:242926 [0] NCCL INFO P2P Chunksize set to 131072
MOC-R4PCC04U05:242884:242926 [0] NCCL INFO Check P2P Type intraNodeP2pSupport 1 directMode 0
MOC-R4PCC04U05:242887:242937 [3] NCCL INFO [Proxy Service] Device 3 CPU core 161
MOC-R4PCC04U05:242885:242938 [1] NCCL INFO [Proxy Service] Device 1 CPU core 278
MOC-R4PCC04U05:242887:242939 [3] NCCL INFO [Proxy Service UDS] Device 3 CPU core 437
MOC-R4PCC04U05:242885:242941 [1] NCCL INFO [Proxy Service UDS] Device 1 CPU core 295
MOC-R4PCC04U05:242886:242942 [2] NCCL INFO [Proxy Service] Device 2 CPU core 440
MOC-R4PCC04U05:242886:242943 [2] NCCL INFO [Proxy Service UDS] Device 2 CPU core 216
MOC-R4PCC04U05:242884:242940 [0] NCCL INFO [Proxy Service] Device 0 CPU core 280
MOC-R4PCC04U05:242884:242944 [0] NCCL INFO [Proxy Service UDS] Device 0 CPU core 311
MOC-R4PCC04U05:242887:242928 [3] NCCL INFO threadThresholds 8/8/64 | 64/8/64 | 512 | 512
MOC-R4PCC04U05:242887:242928 [3] NCCL INFO 4 coll channels, 4 collnet channels, 0 nvls channels, 4 p2p channels, 2 p2p channels per peer
MOC-R4PCC04U05:242886:242927 [2] NCCL INFO threadThresholds 8/8/64 | 64/8/64 | 512 | 512
MOC-R4PCC04U05:242886:242927 [2] NCCL INFO 4 coll channels, 4 collnet channels, 0 nvls channels, 4 p2p channels, 2 p2p channels per peer
MOC-R4PCC04U05:242884:242926 [0] NCCL INFO threadThresholds 8/8/64 | 64/8/64 | 512 | 512
MOC-R4PCC04U05:242884:242926 [0] NCCL INFO 4 coll channels, 4 collnet channels, 0 nvls channels, 4 p2p channels, 2 p2p channels per peer
MOC-R4PCC04U05:242885:242929 [1] NCCL INFO threadThresholds 8/8/64 | 64/8/64 | 512 | 512
MOC-R4PCC04U05:242885:242929 [1] NCCL INFO 4 coll channels, 4 collnet channels, 0 nvls channels, 4 p2p channels, 2 p2p channels per peer
MOC-R4PCC04U05:242884:242926 [0] NCCL INFO CC Off, workFifoBytes 1048576
MOC-R4PCC04U05:242885:242929 [1] NCCL INFO TUNER/Plugin: Could not find: libnccl-tuner.so. Using internal tuner plugin.
MOC-R4PCC04U05:242885:242929 [1] NCCL INFO ncclCommInitRankConfig comm 0x5624451eece0 rank 1 nranks 8 cudaDev 1 nvmlDev 1 busId 26000 commId 0x742839c05eba47e8 - Init COMPLETE
MOC-R4PCC04U05:242885:242929 [1] NCCL INFO Init timings - ncclCommInitRankConfig: rank 1 nranks 8 total 3.20 (kernels 0.51, alloc 1.48, bootstrap 0.00, allgathers 0.04, topo 0.84, graphs 0.01, connections 0.32, rest 0.00)
MOC-R4PCC04U05:242887:242928 [3] NCCL INFO TUNER/Plugin: Could not find: libnccl-tuner.so. Using internal tuner plugin.
MOC-R4PCC04U05:242886:242927 [2] NCCL INFO TUNER/Plugin: Could not find: libnccl-tuner.so. Using internal tuner plugin.
MOC-R4PCC04U05:242887:242928 [3] NCCL INFO ncclCommInitRankConfig comm 0x558673bc5810 rank 3 nranks 8 cudaDev 3 nvmlDev 3 busId c6000 commId 0x742839c05eba47e8 - Init COMPLETE
MOC-R4PCC04U05:242886:242927 [2] NCCL INFO ncclCommInitRankConfig comm 0x564076c59580 rank 2 nranks 8 cudaDev 2 nvmlDev 2 busId a6000 commId 0x742839c05eba47e8 - Init COMPLETE
MOC-R4PCC04U05:242887:242928 [3] NCCL INFO Init timings - ncclCommInitRankConfig: rank 3 nranks 8 total 3.21 (kernels 0.31, alloc 1.63, bootstrap 0.06, allgathers 0.04, topo 0.84, graphs 0.00, connections 0.30, rest 0.02)
MOC-R4PCC04U05:242886:242927 [2] NCCL INFO Init timings - ncclCommInitRankConfig: rank 2 nranks 8 total 3.21 (kernels 0.31, alloc 1.67, bootstrap 0.02, allgathers 0.04, topo 0.84, graphs 0.00, connections 0.30, rest 0.02)
MOC-R4PCC04U05:242884:242926 [0] NCCL INFO TUNER/Plugin: Could not find: libnccl-tuner.so. Using internal tuner plugin.
MOC-R4PCC04U05:242884:242926 [0] NCCL INFO ncclCommInitRankConfig comm 0x55add5249f50 rank 0 nranks 8 cudaDev 0 nvmlDev 0 busId 6000 commId 0x742839c05eba47e8 - Init COMPLETE
MOC-R4PCC04U05:242884:242926 [0] NCCL INFO Init timings - ncclCommInitRankConfig: rank 0 nranks 8 total 4.11 (kernels 0.32, alloc 0.58, bootstrap 2.01, allgathers 0.04, topo 0.84, graphs 0.00, connections 0.31, rest 0.01)
MOC-R4PCC04U05:242884:242946 [0] NCCL INFO Channel 01/0 : 0[0] -> 2[2] via P2P/CUMEM
MOC-R4PCC04U05:242884:242946 [0] NCCL INFO Channel 03/0 : 0[0] -> 2[2] via P2P/CUMEM
MOC-R4PCC04U05:242884:242946 [0] NCCL INFO Channel 00/0 : 0[0] -> 3[3] via P2P/CUMEM
MOC-R4PCC04U05:242887:242950 [3] NCCL INFO [Proxy Progress] Device 3 CPU core 440
MOC-R4PCC04U05:242884:242946 [0] NCCL INFO Channel 02/0 : 0[0] -> 3[3] via P2P/CUMEM
MOC-R4PCC04U05:242887:242947 [3] NCCL INFO Channel 00/0 : 3[3] -> 6[2] [send] via NET/Socket/0
MOC-R4PCC04U05:242887:242947 [3] NCCL INFO Channel 02/0 : 3[3] -> 6[2] [send] via NET/Socket/0
MOC-R4PCC04U05:242887:242937 [3] NCCL INFO NCCL_NSOCKS_PERTHREAD set by environment to 8.
MOC-R4PCC04U05:242887:242937 [3] NCCL INFO NCCL_SOCKET_NTHREADS set by environment to 8.
MOC-R4PCC04U05:242887:242937 [3] NCCL INFO NET/Socket: Using 8 threads and 8 sockets per thread
MOC-R4PCC04U05:242887:242947 [3] NCCL INFO Channel 01/0 : 6[2] -> 3[3] [receive] via NET/Socket/0
MOC-R4PCC04U05:242887:242937 [3] NCCL INFO NET/Socket: Using 8 threads and 8 sockets per thread
MOC-R4PCC04U05:242887:242947 [3] NCCL INFO Channel 03/0 : 6[2] -> 3[3] [receive] via NET/Socket/0
MOC-R4PCC04U05:242887:242947 [3] NCCL INFO Channel 01/0 : 3[3] -> 1[1] via P2P/CUMEM
MOC-R4PCC04U05:242887:242947 [3] NCCL INFO Channel 03/0 : 3[3] -> 1[1] via P2P/CUMEM
MOC-R4PCC04U05:242885:242948 [1] NCCL INFO Channel 00/0 : 1[1] -> 0[0] via P2P/CUMEM
MOC-R4PCC04U05:242885:242948 [1] NCCL INFO Channel 01/0 : 1[1] -> 0[0] via P2P/CUMEM
MOC-R4PCC04U05:242885:242948 [1] NCCL INFO Channel 02/0 : 1[1] -> 0[0] via P2P/CUMEM
MOC-R4PCC04U05:242886:242951 [2] NCCL INFO [Proxy Progress] Device 2 CPU core 456
MOC-R4PCC04U05:242886:242942 [2] NCCL INFO NCCL_NSOCKS_PERTHREAD set by environment to 8.
MOC-R4PCC04U05:242886:242942 [2] NCCL INFO NCCL_SOCKET_NTHREADS set by environment to 8.
MOC-R4PCC04U05:242886:242942 [2] NCCL INFO NET/Socket: Using 8 threads and 8 sockets per thread
MOC-R4PCC04U05:242886:242949 [2] NCCL INFO Channel 00/0 : 7[3] -> 2[2] [receive] via NET/Socket/0
MOC-R4PCC04U05:242886:242942 [2] NCCL INFO NET/Socket: Using 8 threads and 8 sockets per thread
MOC-R4PCC04U05:242886:242949 [2] NCCL INFO Channel 02/0 : 7[3] -> 2[2] [receive] via NET/Socket/0
MOC-R4PCC04U05:242885:242948 [1] NCCL INFO Channel 03/0 : 1[1] -> 0[0] via P2P/CUMEM
MOC-R4PCC04U05:242886:242949 [2] NCCL INFO Channel 01/0 : 2[2] -> 7[3] [send] via NET/Socket/0
MOC-R4PCC04U05:242886:242949 [2] NCCL INFO Channel 03/0 : 2[2] -> 7[3] [send] via NET/Socket/0
MOC-R4PCC04U05:242886:242949 [2] NCCL INFO Channel 00/0 : 2[2] -> 1[1] via P2P/CUMEM
MOC-R4PCC04U05:242886:242949 [2] NCCL INFO Channel 02/0 : 2[2] -> 1[1] via P2P/CUMEM
MOC-R4PCC04U05:242887:242947 [3] NCCL INFO Connected all rings, use ring PXN 0 GDR 0
MOC-R4PCC04U05:242885:242948 [1] NCCL INFO Connected all rings, use ring PXN 0 GDR 0
MOC-R4PCC04U05:242886:242949 [2] NCCL INFO Connected all rings, use ring PXN 0 GDR 0
MOC-R4PCC04U05:242884:242946 [0] NCCL INFO Connected all rings, use ring PXN 0 GDR 0
num decayed parameter tensors: 50, with 124,318,464 parameters
num non-decayed parameter tensors: 98, with 121,344 parameters
using fused AdamW: False
using regular AdamW
MOC-R4PCC04U05:242884:243705 [0] NCCL INFO Channel 00/0 : 0[0] -> 1[1] via P2P/CUMEM
MOC-R4PCC04U05:242884:243705 [0] NCCL INFO Channel 01/0 : 0[0] -> 1[1] via P2P/CUMEM
MOC-R4PCC04U05:242884:243705 [0] NCCL INFO Channel 02/0 : 0[0] -> 1[1] via P2P/CUMEM
MOC-R4PCC04U05:242884:243705 [0] NCCL INFO Channel 03/0 : 0[0] -> 1[1] via P2P/CUMEM
MOC-R4PCC04U05:242885:243707 [1] NCCL INFO Channel 00/0 : 1[1] -> 2[2] via P2P/CUMEM
MOC-R4PCC04U05:242885:243707 [1] NCCL INFO Channel 01/0 : 1[1] -> 2[2] via P2P/CUMEM
MOC-R4PCC04U05:242885:243707 [1] NCCL INFO Channel 02/0 : 1[1] -> 2[2] via P2P/CUMEM
MOC-R4PCC04U05:242885:243707 [1] NCCL INFO Channel 03/0 : 1[1] -> 2[2] via P2P/CUMEM
MOC-R4PCC04U05:242884:243705 [0] NCCL INFO Channel 01/0 : 0[0] -> 3[3] via P2P/CUMEM
MOC-R4PCC04U05:242884:243705 [0] NCCL INFO Channel 03/0 : 0[0] -> 3[3] via P2P/CUMEM
MOC-R4PCC04U05:242887:242937 [3] NCCL INFO NET/Socket: Using 8 threads and 8 sockets per thread
MOC-R4PCC04U05:242887:243704 [3] NCCL INFO Channel 00/0 : 7[3] -> 3[3] [receive] via NET/Socket/0
MOC-R4PCC04U05:242887:242937 [3] NCCL INFO NET/Socket: Using 8 threads and 8 sockets per thread
MOC-R4PCC04U05:242887:243704 [3] NCCL INFO Channel 01/0 : 7[3] -> 3[3] [receive] via NET/Socket/0
MOC-R4PCC04U05:242887:242937 [3] NCCL INFO NET/Socket: Using 8 threads and 8 sockets per thread
MOC-R4PCC04U05:242887:243704 [3] NCCL INFO Channel 02/0 : 7[3] -> 3[3] [receive] via NET/Socket/0
MOC-R4PCC04U05:242887:242937 [3] NCCL INFO NET/Socket: Using 8 threads and 8 sockets per thread
MOC-R4PCC04U05:242887:243704 [3] NCCL INFO Channel 03/0 : 7[3] -> 3[3] [receive] via NET/Socket/0
MOC-R4PCC04U05:242887:243704 [3] NCCL INFO Channel 00/0 : 3[3] -> 7[3] [send] via NET/Socket/0
MOC-R4PCC04U05:242886:243708 [2] NCCL INFO Channel 01/0 : 2[2] -> 1[1] via P2P/CUMEM
MOC-R4PCC04U05:242886:243708 [2] NCCL INFO Channel 03/0 : 2[2] -> 1[1] via P2P/CUMEM
MOC-R4PCC04U05:242887:243704 [3] NCCL INFO Channel 01/0 : 3[3] -> 7[3] [send] via NET/Socket/0
MOC-R4PCC04U05:242887:243704 [3] NCCL INFO Channel 02/0 : 3[3] -> 7[3] [send] via NET/Socket/0
MOC-R4PCC04U05:242887:243704 [3] NCCL INFO Channel 03/0 : 3[3] -> 7[3] [send] via NET/Socket/0
MOC-R4PCC04U05:242887:243704 [3] NCCL INFO Channel 00/0 : 3[3] -> 0[0] via P2P/CUMEM
MOC-R4PCC04U05:242887:243704 [3] NCCL INFO Channel 01/0 : 3[3] -> 0[0] via P2P/CUMEM
MOC-R4PCC04U05:242887:243704 [3] NCCL INFO Channel 02/0 : 3[3] -> 0[0] via P2P/CUMEM
MOC-R4PCC04U05:242887:243704 [3] NCCL INFO Channel 03/0 : 3[3] -> 0[0] via P2P/CUMEM
MOC-R4PCC04U05:242885:243707 [1] NCCL INFO Connected all trees
MOC-R4PCC04U05:242886:243708 [2] NCCL INFO Connected all trees
MOC-R4PCC04U05:242887:243704 [3] NCCL INFO Connected all trees
MOC-R4PCC04U05:242884:243705 [0] NCCL INFO Connected all trees
step    1/10 | train loss 11.010164 | norm 15.3785 | lr 1.00e-04 | (14261.41 ms | 128669 tok/s)
step    2/10 | train loss 10.136257 | norm 5.7531 | lr 1.00e-04 | (578.30 ms | 3173090 tok/s)
step    3/10 | train loss 9.794407 | norm 2.6140 | lr 1.00e-04 | (578.37 ms | 3172715 tok/s)
step    4/10 | train loss 9.624503 | norm 2.1149 | lr 1.00e-04 | (577.15 ms | 3179435 tok/s)
step    5/10 | train loss 9.541204 | norm 2.1072 | lr 1.00e-04 | (783.76 ms | 2341292 tok/s)
step    6/10 | train loss 9.459827 | norm 2.0014 | lr 1.00e-04 | (577.45 ms | 3177779 tok/s)
step    7/10 | train loss 9.374056 | norm 1.9509 | lr 1.00e-04 | (581.68 ms | 3154647 tok/s)
step    8/10 | train loss 9.281910 | norm 1.9181 | lr 1.00e-04 | (576.92 ms | 3180707 tok/s)
step    9/10 | train loss 9.186089 | norm 1.8610 | lr 1.00e-04 | (783.08 ms | 2343323 tok/s)
step   10/10 | train loss 9.101141 | norm 1.8022 | lr 1.00e-04 | (784.44 ms | 2339266 tok/s)
final 9 iters avg: 646.795ms
peak memory consumption: 16601 MiB
MOC-R4PCC04U05:242885:243781 [1] NCCL INFO comm 0x5624451eece0 rank 1 nranks 8 cudaDev 1 busId 26000 - Destroy COMPLETE
MOC-R4PCC04U05:242886:243778 [2] NCCL INFO comm 0x564076c59580 rank 2 nranks 8 cudaDev 2 busId a6000 - Destroy COMPLETE
MOC-R4PCC04U05:242884:243780 [0] NCCL INFO comm 0x55add5249f50 rank 0 nranks 8 cudaDev 0 busId 6000 - Destroy COMPLETE
MOC-R4PCC04U05:242887:243779 [3] NCCL INFO comm 0x558673bc5810 rank 3 nranks 8 cudaDev 3 busId c6000 - Destroy COMPLETE
