Hostname:, torchrun-multipod-0
NUM PODS : 8
NUM PROCS: 4
NUM_ITER  : 10
MODEL    : d12
BS        : 32
SEQ LEN   : 1024
GRAD ACCUM: 5
BS TOTAL  : 5242880
LOG FILE: /tmp/stdout_npods8_nprocs4_numiter10_gradaccum5_bs32_seq1024_totalbs5242880_runidnewoc8nodes.log
NODE RANK: 0
PROFILE  : 0
TAG      : 8_4_5_0_d12_newoc8nodes
RUNID    : newoc8nodes
Dumping initial: /proc/net/dev
W0428 03:52:34.894000 43 torch/distributed/run.py:792] 
W0428 03:52:34.894000 43 torch/distributed/run.py:792] *****************************************
W0428 03:52:34.894000 43 torch/distributed/run.py:792] Setting OMP_NUM_THREADS environment variable for each process to be 1 in default, to avoid your system being overloaded, please further tune the variable for optimal performance in your application as needed. 
W0428 03:52:34.894000 43 torch/distributed/run.py:792] *****************************************
Running pytorch 2.6.0+cu124
using device: cuda:0
total desired batch size: 5242880
=> calculated gradient accumulation steps: 5
using device: cuda:1
using device: cuda:2
using device: cuda:3
compiling the model...
DataLoader: total number of tokens: 100,000,000 across 1 files
num decayed parameter tensors: 50, with 124,318,464 parameters
num non-decayed parameter tensors: 98, with 121,344 parameters
using fused AdamW: False
using regular AdamW
step    1/10 | train loss 11.010066 | norm 15.3474 | lr 1.00e-04 | (172928.11 ms | 30318 tok/s)
step    2/10 | train loss 10.140054 | norm 5.7420 | lr 1.00e-04 | (1563.03 ms | 3354316 tok/s)
step    3/10 | train loss 9.801186 | norm 2.5966 | lr 1.00e-04 | (1569.67 ms | 3340110 tok/s)
step    4/10 | train loss 9.632748 | norm 2.1052 | lr 1.00e-04 | (1573.98 ms | 3330960 tok/s)
step    5/10 | train loss 9.550312 | norm 2.0977 | lr 1.00e-04 | (1566.24 ms | 3347427 tok/s)
step    6/10 | train loss 9.470087 | norm 1.9901 | lr 1.00e-04 | (1558.58 ms | 3363890 tok/s)
step    7/10 | train loss 9.385624 | norm 1.9404 | lr 1.00e-04 | (1562.64 ms | 3355141 tok/s)
step    8/10 | train loss 9.295289 | norm 1.9082 | lr 1.00e-04 | (1561.87 ms | 3356790 tok/s)
step    9/10 | train loss 9.200840 | norm 1.8588 | lr 1.00e-04 | (1556.50 ms | 3368373 tok/s)
step   10/10 | train loss 9.114129 | norm 1.7863 | lr 1.00e-04 | (1569.52 ms | 3340427 tok/s)
final 9 iters avg: 1564.671ms
peak memory consumption: 19594 MiB
Dumping final: /proc/net/dev
