Disabling dynamic polling
initializing CUDA
Listing all CUDA devices in system:
CUDA device 0: PCIe address is 06:00
CUDA device 1: PCIe address is 26:00
CUDA device 2: PCIe address is A6:00
CUDA device 3: PCIe address is C6:00

Picking device No. 2
[pid = 10141, dev = 2] device name = [NVIDIA H100 80GB HBM3]
creating CUDA Ctx
making it the current CUDA Ctx
CUDA device integrated: 0
using DMA-BUF for GPU buffer address at 0x7f2c82000000 aligned at 0x7f2c82000000 with aligned size 134217728
allocated GPU buffer of a 134217728 address at 0x156e640 for type CUDA_MEM_DEVICE
Calling ibv_reg_dmabuf_mr(offset=0, size=134217728, addr=0x7f2c82000000, fd=58) for QP #0
---------------------------------------------------------------------------------------
                    RDMA_Read BW Test
 Dual-port       : OFF		Device         : mlx5_3
 Number of qps   : 8		Transport type : IB
 Connection type : RC		Using SRQ      : OFF
 PCIe relax order: ON		Lock-free      : OFF
 ibv_wr* API     : ON		Using DDP      : OFF
 TX depth        : 128
 CQ Moderation   : 100
 CQE Poll Batch  : 16
 Mtu             : 4096[B]
 Link type       : Ethernet
 GID index       : 3
 Outstand reads  : 16
 rdma_cm QPs	 : ON
 Data ex. method : rdma_cm 	TOS    : 41
---------------------------------------------------------------------------------------
 local address: LID 0000 QPN 0x0220 PSN 0x823ade
 GID: 00:00:00:00:00:00:00:00:00:00:255:255:192:168:100:90
 local address: LID 0000 QPN 0x0221 PSN 0xc5ee70
 GID: 00:00:00:00:00:00:00:00:00:00:255:255:192:168:100:90
 local address: LID 0000 QPN 0x0222 PSN 0x30a6fa
 GID: 00:00:00:00:00:00:00:00:00:00:255:255:192:168:100:90
 local address: LID 0000 QPN 0x0223 PSN 0x5a53c1
 GID: 00:00:00:00:00:00:00:00:00:00:255:255:192:168:100:90
 local address: LID 0000 QPN 0x0224 PSN 0x12c540
 GID: 00:00:00:00:00:00:00:00:00:00:255:255:192:168:100:90
 local address: LID 0000 QPN 0x0225 PSN 0xcdd1a2
 GID: 00:00:00:00:00:00:00:00:00:00:255:255:192:168:100:90
 local address: LID 0000 QPN 0x0226 PSN 0x3b8f59
 GID: 00:00:00:00:00:00:00:00:00:00:255:255:192:168:100:90
 local address: LID 0000 QPN 0x0227 PSN 0xf73ade
 GID: 00:00:00:00:00:00:00:00:00:00:255:255:192:168:100:90
 remote address: LID 0000 QPN 0x023e PSN 0x7029fe
 GID: 00:00:00:00:00:00:00:00:00:00:255:255:192:168:100:92
 remote address: LID 0000 QPN 0x023f PSN 0x6b7f10
 GID: 00:00:00:00:00:00:00:00:00:00:255:255:192:168:100:92
 remote address: LID 0000 QPN 0x0240 PSN 0x1efb1a
 GID: 00:00:00:00:00:00:00:00:00:00:255:255:192:168:100:92
 remote address: LID 0000 QPN 0x0241 PSN 0xe8e561
 GID: 00:00:00:00:00:00:00:00:00:00:255:255:192:168:100:92
 remote address: LID 0000 QPN 0x0242 PSN 0x1c8660
 GID: 00:00:00:00:00:00:00:00:00:00:255:255:192:168:100:92
 remote address: LID 0000 QPN 0x0243 PSN 0xf7cc42
 GID: 00:00:00:00:00:00:00:00:00:00:255:255:192:168:100:92
 remote address: LID 0000 QPN 0x0244 PSN 0xc70579
 GID: 00:00:00:00:00:00:00:00:00:00:255:255:192:168:100:92
 remote address: LID 0000 QPN 0x0245 PSN 0xf9467e
 GID: 00:00:00:00:00:00:00:00:00:00:255:255:192:168:100:92
---------------------------------------------------------------------------------------
 #bytes     #iterations    BW peak[Gb/sec]    BW average[Gb/sec]   MsgRate[Mpps]
 2          8000           0.057971            0.057478            3.592406
 4          8000             0.12               0.11   		     3.511744
 8          8000             0.23               0.23   		     3.519377
 16         8000             0.47               0.46   		     3.624715
 32         8000             0.94               0.93   		     3.618518
 64         8000             1.86               1.84   		     3.598433
 128        8000             3.73               3.69   		     3.606398
 256        8000             7.44               7.36   		     3.594779
 512        8000             14.79              14.61  		     3.568068
 1024       8000             29.54              29.29  		     3.575227
 2048       8000             51.70              51.65  		     3.152399
 4096       8000             55.27              55.25  		     1.686063
 8192       8000             92.51              71.94  		     1.097686
 16384      8000             95.81              76.82  		     0.586085
 32768      8000             104.62             92.33  		     0.352203
 65536      8000             106.89             102.03 		     0.194610
 131072     8000             107.81             106.18 		     0.101264
 262144     8000             108.64             108.63 		     0.051801
 524288     8000             110.08             110.08 		     0.026245
 1048576    8000             111.09             111.09 		     0.013243
 2097152    8000             111.05             111.05 		     0.006619
 4194304    8000             111.29             111.29 		     0.003317
 8388608    8000             111.33             111.33 		     0.001659
---------------------------------------------------------------------------------------
deallocating GPU buffer 00007f2c82000000
destroying current CUDA Ctx
