Disabling dynamic polling
initializing CUDA
Listing all CUDA devices in system:
CUDA device 0: PCIe address is 06:00
CUDA device 1: PCIe address is 26:00
CUDA device 2: PCIe address is A6:00
CUDA device 3: PCIe address is C6:00

Picking device No. 0
[pid = 10171, dev = 0] device name = [NVIDIA H100 80GB HBM3]
creating CUDA Ctx
making it the current CUDA Ctx
CUDA device integrated: 0
using DMA-BUF for GPU buffer address at 0x7fab24000000 aligned at 0x7fab24000000 with aligned size 134217728
allocated GPU buffer of a 134217728 address at 0x2437640 for type CUDA_MEM_DEVICE
Calling ibv_reg_dmabuf_mr(offset=0, size=134217728, addr=0x7fab24000000, fd=58) for QP #0
---------------------------------------------------------------------------------------
                    RDMA_Read BW Test
 Dual-port       : OFF		Device         : mlx5_5
 Number of qps   : 8		Transport type : IB
 Connection type : RC		Using SRQ      : OFF
 PCIe relax order: ON		Lock-free      : OFF
 ibv_wr* API     : ON		Using DDP      : OFF
 TX depth        : 128
 CQ Moderation   : 100
 CQE Poll Batch  : 16
 Mtu             : 4096[B]
 Link type       : Ethernet
 GID index       : 3
 Outstand reads  : 16
 rdma_cm QPs	 : ON
 Data ex. method : rdma_cm 	TOS    : 41
---------------------------------------------------------------------------------------
 local address: LID 0000 QPN 0x01da PSN 0x1ab123
 GID: 00:00:00:00:00:00:00:00:00:00:255:255:192:168:102:90
 local address: LID 0000 QPN 0x01db PSN 0x8e47d1
 GID: 00:00:00:00:00:00:00:00:00:00:255:255:192:168:102:90
 local address: LID 0000 QPN 0x01dc PSN 0x37db47
 GID: 00:00:00:00:00:00:00:00:00:00:255:255:192:168:102:90
 local address: LID 0000 QPN 0x01dd PSN 0x64c68a
 GID: 00:00:00:00:00:00:00:00:00:00:255:255:192:168:102:90
 local address: LID 0000 QPN 0x01de PSN 0xf23ad5
 GID: 00:00:00:00:00:00:00:00:00:00:255:255:192:168:102:90
 local address: LID 0000 QPN 0x01df PSN 0xf2c013
 GID: 00:00:00:00:00:00:00:00:00:00:255:255:192:168:102:90
 local address: LID 0000 QPN 0x01e0 PSN 0x5a9b76
 GID: 00:00:00:00:00:00:00:00:00:00:255:255:192:168:102:90
 local address: LID 0000 QPN 0x01e1 PSN 0xcd7137
 GID: 00:00:00:00:00:00:00:00:00:00:255:255:192:168:102:90
 remote address: LID 0000 QPN 0x01cb PSN 0x8fd03
 GID: 00:00:00:00:00:00:00:00:00:00:255:255:192:168:102:92
 remote address: LID 0000 QPN 0x01cc PSN 0xafd631
 GID: 00:00:00:00:00:00:00:00:00:00:255:255:192:168:102:92
 remote address: LID 0000 QPN 0x01cd PSN 0xebba27
 GID: 00:00:00:00:00:00:00:00:00:00:255:255:192:168:102:92
 remote address: LID 0000 QPN 0x01ce PSN 0xb7ebea
 GID: 00:00:00:00:00:00:00:00:00:00:255:255:192:168:102:92
 remote address: LID 0000 QPN 0x01cf PSN 0x6d64b5
 GID: 00:00:00:00:00:00:00:00:00:00:255:255:192:168:102:92
 remote address: LID 0000 QPN 0x01d0 PSN 0x82d473
 GID: 00:00:00:00:00:00:00:00:00:00:255:255:192:168:102:92
 remote address: LID 0000 QPN 0x01d1 PSN 0x818856
 GID: 00:00:00:00:00:00:00:00:00:00:255:255:192:168:102:92
 remote address: LID 0000 QPN 0x01d2 PSN 0xb18c97
 GID: 00:00:00:00:00:00:00:00:00:00:255:255:192:168:102:92
---------------------------------------------------------------------------------------
 #bytes     #iterations    BW peak[Gb/sec]    BW average[Gb/sec]   MsgRate[Mpps]
 2          8000           0.034059            0.033636            2.102243
 4          8000           0.068506            0.067937            2.123018
 8          8000             0.13               0.13   		     2.076752
 16         8000             0.27               0.27   		     2.123300
 32         8000             0.55               0.54   		     2.121346
 64         8000             1.10               1.08   		     2.117449
 128        8000             2.21               2.17   		     2.121189
 256        8000             4.35               4.31   		     2.106472
 512        8000             8.70               8.64   		     2.109249
 1024       8000             17.36              17.16  		     2.095283
 2048       8000             34.84              34.67  		     2.115842
 4096       8000             47.38              22.78  		     0.695123
 8192       8000             65.39              60.46  		     0.922487
 16384      8000             89.80              74.49  		     0.568317
 32768      8000             97.59              88.27  		     0.336741
 65536      8000             100.82             97.77  		     0.186484
 131072     8000             101.47             99.68  		     0.095061
 262144     8000             103.41             103.41 		     0.049308
 524288     8000             103.72             103.71 		     0.024728
 1048576    8000             104.83             104.83 		     0.012497
 2097152    8000             105.26             105.26 		     0.006274
 4194304    8000             105.19             105.19 		     0.003135
 8388608    8000             105.32             105.32 		     0.001569
---------------------------------------------------------------------------------------
deallocating GPU buffer 00007fab24000000
destroying current CUDA Ctx
