Disabling dynamic polling
initializing CUDA
Listing all CUDA devices in system:
CUDA device 0: PCIe address is 06:00
CUDA device 1: PCIe address is 26:00
CUDA device 2: PCIe address is A6:00
CUDA device 3: PCIe address is C6:00

Picking device No. 1
[pid = 10058, dev = 1] device name = [NVIDIA H100 80GB HBM3]
creating CUDA Ctx
making it the current CUDA Ctx
CUDA device integrated: 0
using DMA-BUF for GPU buffer address at 0x7fe7d2800000 aligned at 0x7fe7d2800000 with aligned size 16777216
allocated GPU buffer of a 16777216 address at 0x137ef50 for type CUDA_MEM_DEVICE
Calling ibv_reg_dmabuf_mr(offset=0, size=16777216, addr=0x7fe7d2800000, fd=58) for QP #0
---------------------------------------------------------------------------------------
                    RDMA_Read Latency Test
 Dual-port       : OFF		Device         : mlx5_4
 Number of qps   : 1		Transport type : IB
 Connection type : RC		Using SRQ      : OFF
 PCIe relax order: ON		Lock-free      : OFF
 ibv_wr* API     : ON		Using DDP      : OFF
 TX depth        : 1
 Mtu             : 4096[B]
 Link type       : Ethernet
 GID index       : 3
 Outstand reads  : 16
 rdma_cm QPs	 : ON
 Data ex. method : rdma_cm 	TOS    : 41
---------------------------------------------------------------------------------------
 local address: LID 0000 QPN 0x01e7 PSN 0xa62b0d
 GID: 00:00:00:00:00:00:00:00:00:00:255:255:192:168:103:90
 remote address: LID 0000 QPN 0x01e7 PSN 0x766053
 GID: 00:00:00:00:00:00:00:00:00:00:255:255:192:168:103:92
---------------------------------------------------------------------------------------
 #bytes #iterations    t_min[usec]    t_max[usec]  t_typical[usec]    t_avg[usec]    t_stdev[usec]   99% percentile[usec]   99.9% percentile[usec] 
 2       1000          4.56           13.96        4.62     	       4.66        	0.37   		4.82    		13.96  
 4       1000          4.55           18.26        4.62     	       4.67        	0.61   		4.75    		18.26  
 8       1000          4.56           11.81        4.62     	       4.65        	0.23   		5.04    		11.81  
 16      1000          4.56           12.89        4.66     	       4.75        	0.21   		5.28    		12.89  
 32      1000          4.55           12.27        4.62     	       4.68        	0.25   		5.16    		12.27  
 64      1000          4.58           12.67        4.65     	       4.68        	0.21   		5.10    		12.67  
 128     1000          4.62           12.36        4.69     	       4.73        	0.41   		4.87    		12.36  
 256     1000          4.71           14.64        4.86     	       4.93        	0.28   		5.51    		14.64  
 512     1000          4.75           13.40        4.87     	       4.96        	0.28   		5.51    		13.40  
 1024    1000          4.87           14.10        4.92     	       4.96        	0.46   		5.10    		14.10  
 2048    1000          5.04           16.38        5.11     	       5.16        	0.52   		5.34    		16.38  
 4096    1000          5.47           16.22        5.55     	       5.58        	0.25   		5.80    		16.22  
 8192    1000          6.19           11.97        6.28     	       6.36        	0.26   		6.77    		11.97  
 16384   1000          7.97           15.67        8.05     	       8.13        	0.33   		8.74    		15.67  
 32768   1000          10.42          15.16        10.66    	       10.64       	0.04   		10.88   		15.16  
 65536   1000          10.92          29.86        11.14    	       12.39       	1.59   		15.50   		29.86  
 131072  1000          15.62          30.32        15.82    	       17.33       	3.04   		25.26   		30.32  
 262144  1000          25.09          44.46        25.37    	       26.98       	4.83   		43.38   		44.46  
 524288  1000          43.71          2262.26      44.09    	       50.18       	68.52  		112.98  		2262.26
 1048576 1000          81.24          163.55       81.47    	       83.79       	11.90  		156.08  		163.55 
 2097152 1000          156.27         346.17       156.37   	       162.18      	28.14  		328.35  		346.17 
 4194304 1000          306.30         742.46       308.41   	       316.19      	41.88  		614.67  		742.46 
 8388608 1000          606.37         1471.66      607.11   	       614.01      	54.55  		638.35  		1471.66
---------------------------------------------------------------------------------------
deallocating GPU buffer 00007fe7d2800000
destroying current CUDA Ctx
