Disabling dynamic polling
initializing CUDA
Listing all CUDA devices in system:
CUDA device 0: PCIe address is 06:00
CUDA device 1: PCIe address is 26:00
CUDA device 2: PCIe address is A6:00
CUDA device 3: PCIe address is C6:00

Picking device No. 1
[pid = 10013, dev = 1] device name = [NVIDIA H100 80GB HBM3]
creating CUDA Ctx
making it the current CUDA Ctx
CUDA device integrated: 0
using DMA-BUF for GPU buffer address at 0x7f4dd6800000 aligned at 0x7f4dd6800000 with aligned size 16777216
allocated GPU buffer of a 16777216 address at 0x571f50 for type CUDA_MEM_DEVICE
Calling ibv_reg_dmabuf_mr(offset=0, size=16777216, addr=0x7f4dd6800000, fd=58) for QP #0
---------------------------------------------------------------------------------------
                    RDMA_Read Latency Test
 Dual-port       : OFF		Device         : mlx5_2
 Number of qps   : 1		Transport type : IB
 Connection type : RC		Using SRQ      : OFF
 PCIe relax order: ON		Lock-free      : OFF
 ibv_wr* API     : ON		Using DDP      : OFF
 TX depth        : 1
 Mtu             : 4096[B]
 Link type       : Ethernet
 GID index       : 3
 Outstand reads  : 16
 rdma_cm QPs	 : ON
 Data ex. method : rdma_cm 	TOS    : 41
---------------------------------------------------------------------------------------
 local address: LID 0000 QPN 0x023d PSN 0x6d002
 GID: 00:00:00:00:00:00:00:00:00:00:255:255:192:168:101:90
 remote address: LID 0000 QPN 0x0284 PSN 0x33c0c9
 GID: 00:00:00:00:00:00:00:00:00:00:255:255:192:168:101:92
---------------------------------------------------------------------------------------
 #bytes #iterations    t_min[usec]    t_max[usec]  t_typical[usec]    t_avg[usec]    t_stdev[usec]   99% percentile[usec]   99.9% percentile[usec] 
 2       1000          4.09           16.17        4.16     	       4.18        	0.32   		4.49    		16.17  
 4       1000          4.09           16.31        4.16     	       4.18        	0.31   		4.30    		16.31  
 8       1000          4.09           12.30        4.16     	       4.18        	0.29   		4.37    		12.30  
 16      1000          4.09           12.24        4.16     	       4.18        	0.23   		4.31    		12.24  
 32      1000          4.09           12.01        4.16     	       4.17        	0.17   		4.30    		12.01  
 64      1000          4.12           13.83        4.18     	       4.21        	0.34   		4.32    		13.83  
 128     1000          4.14           16.87        4.21     	       4.24        	0.36   		4.33    		16.87  
 256     1000          4.19           11.37        4.25     	       4.28        	0.24   		4.44    		11.37  
 512     1000          4.21           17.26        4.27     	       4.30        	0.44   		4.42    		17.26  
 1024    1000          4.25           15.31        4.34     	       4.39        	0.51   		4.76    		15.31  
 2048    1000          4.36           11.91        4.43     	       4.47        	0.36   		4.72    		11.91  
 4096    1000          4.56           18.14        4.66     	       4.68        	0.40   		4.81    		18.14  
 8192    1000          4.83           14.81        4.91     	       4.93        	0.27   		5.34    		14.81  
 16384   1000          6.46           17.19        6.53     	       6.57        	0.38   		6.74    		17.19  
 32768   1000          7.17           16.57        7.28     	       7.30        	0.27   		7.56    		16.57  
 65536   1000          8.43           18.97        8.56     	       8.60        	0.38   		8.82    		18.97  
 131072  1000          11.94          24.34        12.04    	       12.08       	0.37   		12.39   		24.34  
 262144  1000          17.98          29.30        18.35    	       18.41       	0.57   		21.31   		29.30  
 524288  1000          31.02          44.02        31.30    	       31.32       	0.38   		31.65   		44.02  
 1048576 1000          51.93          59.59        52.55    	       52.59       	0.18   		53.10   		59.59  
 2097152 1000          94.37          109.23       94.96    	       95.19       	1.23   		103.13  		109.23 
 4194304 1000          179.42         207.50       180.07   	       180.18      	0.87   		185.28  		207.50 
 8388608 1000          349.67         360.08       350.30   	       350.37      	0.50   		351.77  		360.08 
---------------------------------------------------------------------------------------
deallocating GPU buffer 00007f4dd6800000
destroying current CUDA Ctx
