Disabling dynamic polling
initializing CUDA
Listing all CUDA devices in system:
CUDA device 0: PCIe address is 06:00
CUDA device 1: PCIe address is 26:00
CUDA device 2: PCIe address is A6:00
CUDA device 3: PCIe address is C6:00

Picking device No. 2
[pid = 10119, dev = 2] device name = [NVIDIA H100 80GB HBM3]
creating CUDA Ctx
making it the current CUDA Ctx
CUDA device integrated: 0
using DMA-BUF for GPU buffer address at 0x7fd474000000 aligned at 0x7fd474000000 with aligned size 134217728
allocated GPU buffer of a 134217728 address at 0x7dc640 for type CUDA_MEM_DEVICE
Calling ibv_reg_dmabuf_mr(offset=0, size=134217728, addr=0x7fd474000000, fd=58) for QP #0
---------------------------------------------------------------------------------------
                    RDMA_Read BW Test
 Dual-port       : OFF		Device         : mlx5_2
 Number of qps   : 8		Transport type : IB
 Connection type : RC		Using SRQ      : OFF
 PCIe relax order: ON		Lock-free      : OFF
 ibv_wr* API     : ON		Using DDP      : OFF
 TX depth        : 128
 CQ Moderation   : 100
 CQE Poll Batch  : 16
 Mtu             : 4096[B]
 Link type       : Ethernet
 GID index       : 3
 Outstand reads  : 16
 rdma_cm QPs	 : ON
 Data ex. method : rdma_cm 	TOS    : 41
---------------------------------------------------------------------------------------
 local address: LID 0000 QPN 0x0255 PSN 0x8c0a01
 GID: 00:00:00:00:00:00:00:00:00:00:255:255:192:168:101:90
 local address: LID 0000 QPN 0x0256 PSN 0x509257
 GID: 00:00:00:00:00:00:00:00:00:00:255:255:192:168:101:90
 local address: LID 0000 QPN 0x0257 PSN 0x6dfa55
 GID: 00:00:00:00:00:00:00:00:00:00:255:255:192:168:101:90
 local address: LID 0000 QPN 0x0258 PSN 0x3e9380
 GID: 00:00:00:00:00:00:00:00:00:00:255:255:192:168:101:90
 local address: LID 0000 QPN 0x0259 PSN 0x9b8393
 GID: 00:00:00:00:00:00:00:00:00:00:255:255:192:168:101:90
 local address: LID 0000 QPN 0x025a PSN 0x896cf9
 GID: 00:00:00:00:00:00:00:00:00:00:255:255:192:168:101:90
 local address: LID 0000 QPN 0x025b PSN 0xe0dd64
 GID: 00:00:00:00:00:00:00:00:00:00:255:255:192:168:101:90
 local address: LID 0000 QPN 0x025c PSN 0x9b578d
 GID: 00:00:00:00:00:00:00:00:00:00:255:255:192:168:101:90
 remote address: LID 0000 QPN 0x029c PSN 0xa3659d
 GID: 00:00:00:00:00:00:00:00:00:00:255:255:192:168:101:92
 remote address: LID 0000 QPN 0x029d PSN 0x60bbc3
 GID: 00:00:00:00:00:00:00:00:00:00:255:255:192:168:101:92
 remote address: LID 0000 QPN 0x029e PSN 0x16a551
 GID: 00:00:00:00:00:00:00:00:00:00:255:255:192:168:101:92
 remote address: LID 0000 QPN 0x029f PSN 0xfdc8cc
 GID: 00:00:00:00:00:00:00:00:00:00:255:255:192:168:101:92
 remote address: LID 0000 QPN 0x02a0 PSN 0xf77cef
 GID: 00:00:00:00:00:00:00:00:00:00:255:255:192:168:101:92
 remote address: LID 0000 QPN 0x02a1 PSN 0x8b4125
 GID: 00:00:00:00:00:00:00:00:00:00:255:255:192:168:101:92
 remote address: LID 0000 QPN 0x02a2 PSN 0xd7bc20
 GID: 00:00:00:00:00:00:00:00:00:00:255:255:192:168:101:92
 remote address: LID 0000 QPN 0x02a3 PSN 0x251599
 GID: 00:00:00:00:00:00:00:00:00:00:255:255:192:168:101:92
---------------------------------------------------------------------------------------
 #bytes     #iterations    BW peak[Gb/sec]    BW average[Gb/sec]   MsgRate[Mpps]
 2          8000           0.058537            0.058145            3.634084
 4          8000             0.12               0.12   		     3.627131
 8          8000             0.24               0.23   		     3.582817
 16         8000             0.47               0.46   		     3.583395
 32         8000             0.94               0.94   		     3.652351
 64         8000             1.89               1.85   		     3.616227
 128        8000             3.75               3.70   		     3.608756
 256        8000             7.53               7.45   		     3.636000
 512        8000             14.94              14.68  		     3.584888
 1024       8000             29.83              29.51  		     3.602403
 2048       8000             52.29              52.16  		     3.183610
 4096       8000             49.65              25.67  		     0.783308
 8192       8000             74.96              60.23  		     0.919105
 16384      8000             92.10              73.52  		     0.560911
 32768      8000             94.10              81.71  		     0.311692
 65536      8000             101.08             95.68  		     0.182503
 131072     8000             101.93             101.16 		     0.096478
 262144     8000             102.81             102.81 		     0.049023
 524288     8000             104.51             104.51 		     0.024916
 1048576    8000             104.75             104.70 		     0.012481
 2097152    8000             105.32             105.32 		     0.006277
 4194304    8000             105.31             105.31 		     0.003139
 8388608    8000             105.33             105.33 		     0.001569
---------------------------------------------------------------------------------------
deallocating GPU buffer 00007fd474000000
destroying current CUDA Ctx
