Disabling dynamic polling
initializing CUDA
Listing all CUDA devices in system:
CUDA device 0: PCIe address is 06:00
CUDA device 1: PCIe address is 26:00
CUDA device 2: PCIe address is A6:00
CUDA device 3: PCIe address is C6:00

Picking device No. 2
[pid = 10181, dev = 2] device name = [NVIDIA H100 80GB HBM3]
creating CUDA Ctx
making it the current CUDA Ctx
CUDA device integrated: 0
using DMA-BUF for GPU buffer address at 0x7f9ae6000000 aligned at 0x7f9ae6000000 with aligned size 134217728
allocated GPU buffer of a 134217728 address at 0x2411640 for type CUDA_MEM_DEVICE
Calling ibv_reg_dmabuf_mr(offset=0, size=134217728, addr=0x7f9ae6000000, fd=58) for QP #0
---------------------------------------------------------------------------------------
                    RDMA_Read BW Test
 Dual-port       : OFF		Device         : mlx5_5
 Number of qps   : 8		Transport type : IB
 Connection type : RC		Using SRQ      : OFF
 PCIe relax order: ON		Lock-free      : OFF
 ibv_wr* API     : ON		Using DDP      : OFF
 TX depth        : 128
 CQ Moderation   : 100
 CQE Poll Batch  : 16
 Mtu             : 4096[B]
 Link type       : Ethernet
 GID index       : 3
 Outstand reads  : 16
 rdma_cm QPs	 : ON
 Data ex. method : rdma_cm 	TOS    : 41
---------------------------------------------------------------------------------------
 local address: LID 0000 QPN 0x01ec PSN 0x301f1e
 GID: 00:00:00:00:00:00:00:00:00:00:255:255:192:168:102:90
 local address: LID 0000 QPN 0x01ed PSN 0x5810e7
 GID: 00:00:00:00:00:00:00:00:00:00:255:255:192:168:102:90
 local address: LID 0000 QPN 0x01ee PSN 0x9dca6f
 GID: 00:00:00:00:00:00:00:00:00:00:255:255:192:168:102:90
 local address: LID 0000 QPN 0x01ef PSN 0x13175b
 GID: 00:00:00:00:00:00:00:00:00:00:255:255:192:168:102:90
 local address: LID 0000 QPN 0x01f0 PSN 0xe8dd09
 GID: 00:00:00:00:00:00:00:00:00:00:255:255:192:168:102:90
 local address: LID 0000 QPN 0x01f1 PSN 0x2a1501
 GID: 00:00:00:00:00:00:00:00:00:00:255:255:192:168:102:90
 local address: LID 0000 QPN 0x01f2 PSN 0x292596
 GID: 00:00:00:00:00:00:00:00:00:00:255:255:192:168:102:90
 local address: LID 0000 QPN 0x01f3 PSN 0xe08da1
 GID: 00:00:00:00:00:00:00:00:00:00:255:255:192:168:102:90
 remote address: LID 0000 QPN 0x01dd PSN 0x1ede01
 GID: 00:00:00:00:00:00:00:00:00:00:255:255:192:168:102:92
 remote address: LID 0000 QPN 0x01de PSN 0xc3498e
 GID: 00:00:00:00:00:00:00:00:00:00:255:255:192:168:102:92
 remote address: LID 0000 QPN 0x01df PSN 0x1ef38a
 GID: 00:00:00:00:00:00:00:00:00:00:255:255:192:168:102:92
 remote address: LID 0000 QPN 0x01e0 PSN 0xe3d9da
 GID: 00:00:00:00:00:00:00:00:00:00:255:255:192:168:102:92
 remote address: LID 0000 QPN 0x01e1 PSN 0x9dc71c
 GID: 00:00:00:00:00:00:00:00:00:00:255:255:192:168:102:92
 remote address: LID 0000 QPN 0x01e2 PSN 0x2d118
 GID: 00:00:00:00:00:00:00:00:00:00:255:255:192:168:102:92
 remote address: LID 0000 QPN 0x01e3 PSN 0xa1e561
 GID: 00:00:00:00:00:00:00:00:00:00:255:255:192:168:102:92
 remote address: LID 0000 QPN 0x01e4 PSN 0xbe9910
 GID: 00:00:00:00:00:00:00:00:00:00:255:255:192:168:102:92
---------------------------------------------------------------------------------------
 #bytes     #iterations    BW peak[Gb/sec]    BW average[Gb/sec]   MsgRate[Mpps]
 2          8000           0.033210            0.032465            2.029092
 4          8000           0.066298            0.065579            2.049348
 8          8000             0.13               0.13   		     2.038123
 16         8000             0.27               0.26   		     2.058951
 32         8000             0.53               0.53   		     2.066420
 64         8000             1.06               1.05   		     2.051272
 128        8000             2.12               2.11   		     2.056222
 256        8000             4.25               4.20   		     2.051592
 512        8000             8.49               8.41   		     2.053725
 1024       8000             16.91              16.78  		     2.048346
 2048       8000             33.73              33.31  		     2.032944
 4096       8000             68.90              68.39  		     2.087207
 8192       8000             137.04             135.66 		     2.070046
 16384      8000             200.89             200.76 		     1.531652
 32768      8000             202.12             202.09 		     0.770925
 65536      8000             202.38             202.36 		     0.385964
 131072     8000             202.50             202.49 		     0.193111
 262144     8000             202.50             202.49 		     0.096555
 524288     8000             202.54             202.53 		     0.048288
 1048576    8000             202.55             202.55 		     0.024146
 2097152    8000             202.53             202.53 		     0.012072
 4194304    8000             190.76             190.76 		     0.005685
 8388608    8000             168.78             168.78 		     0.002515
---------------------------------------------------------------------------------------
deallocating GPU buffer 00007f9ae6000000
destroying current CUDA Ctx
