Disabling dynamic polling
initializing CUDA
Listing all CUDA devices in system:
CUDA device 0: PCIe address is 06:00
CUDA device 1: PCIe address is 26:00
CUDA device 2: PCIe address is A6:00
CUDA device 3: PCIe address is C6:00

Picking device No. 0
[pid = 10028, dev = 0] device name = [NVIDIA H100 80GB HBM3]
creating CUDA Ctx
making it the current CUDA Ctx
CUDA device integrated: 0
using DMA-BUF for GPU buffer address at 0x7f6496800000 aligned at 0x7f6496800000 with aligned size 16777216
allocated GPU buffer of a 16777216 address at 0x1367f50 for type CUDA_MEM_DEVICE
Calling ibv_reg_dmabuf_mr(offset=0, size=16777216, addr=0x7f6496800000, fd=58) for QP #0
---------------------------------------------------------------------------------------
                    RDMA_Read Latency Test
 Dual-port       : OFF		Device         : mlx5_3
 Number of qps   : 1		Transport type : IB
 Connection type : RC		Using SRQ      : OFF
 PCIe relax order: ON		Lock-free      : OFF
 ibv_wr* API     : ON		Using DDP      : OFF
 TX depth        : 1
 Mtu             : 4096[B]
 Link type       : Ethernet
 GID index       : 3
 Outstand reads  : 16
 rdma_cm QPs	 : ON
 Data ex. method : rdma_cm 	TOS    : 41
---------------------------------------------------------------------------------------
 local address: LID 0000 QPN 0x0206 PSN 0x46e480
 GID: 00:00:00:00:00:00:00:00:00:00:255:255:192:168:100:90
 remote address: LID 0000 QPN 0x0224 PSN 0x1ac53d
 GID: 00:00:00:00:00:00:00:00:00:00:255:255:192:168:100:92
---------------------------------------------------------------------------------------
 #bytes #iterations    t_min[usec]    t_max[usec]  t_typical[usec]    t_avg[usec]    t_stdev[usec]   99% percentile[usec]   99.9% percentile[usec] 
 2       1000          4.55           15.26        4.59     	       4.63        	0.50   		4.83    		15.26  
 4       1000          4.55           12.53        4.59     	       4.62        	0.35   		4.72    		12.53  
 8       1000          4.54           11.94        4.59     	       4.61        	0.20   		4.74    		11.94  
 16      1000          4.55           10.54        4.59     	       4.61        	0.17   		4.75    		10.54  
 32      1000          4.56           11.62        4.60     	       4.61        	0.18   		4.76    		11.62  
 64      1000          4.57           12.63        4.62     	       4.64        	0.22   		4.78    		12.63  
 128     1000          4.60           21.87        4.64     	       4.68        	0.37   		4.82    		21.87  
 256     1000          4.65           13.25        4.69     	       4.71        	0.22   		4.87    		13.25  
 512     1000          4.67           12.01        4.71     	       4.75        	0.31   		4.91    		12.01  
 1024    1000          4.71           14.06        4.84     	       4.85        	0.50   		4.91    		14.06  
 2048    1000          4.82           17.45        4.86     	       4.90        	0.52   		4.99    		17.45  
 4096    1000          5.03           12.94        5.08     	       5.10        	0.24   		5.23    		12.94  
 8192    1000          5.31           10.22        5.35     	       5.37        	0.16   		5.44    		10.22  
 16384   1000          6.93           16.46        6.97     	       7.00        	0.22   		7.16    		16.46  
 32768   1000          7.65           14.27        7.71     	       7.75        	0.22   		7.92    		14.27  
 65536   1000          8.88           18.37        9.01     	       9.04        	0.37   		9.20    		18.37  
 131072  1000          12.38          17.60        12.45    	       12.48       	0.23   		12.67   		17.60  
 262144  1000          18.51          25.94        18.74    	       18.76       	0.34   		20.73   		25.94  
 524288  1000          31.38          38.81        31.66    	       31.71       	0.42   		34.90   		38.81  
 1048576 1000          52.24          64.89        52.83    	       52.85       	0.44   		53.39   		64.89  
 2097152 1000          94.56          106.81       95.01    	       95.15       	0.81   		100.85  		106.81 
 4194304 1000          179.19         196.28       179.80   	       179.85      	0.50   		180.62  		196.28 
 8388608 1000          348.71         384.55       349.28   	       349.34      	0.43   		351.63  		384.55 
---------------------------------------------------------------------------------------
deallocating GPU buffer 00007f6496800000
destroying current CUDA Ctx
