Disabling dynamic polling
initializing CUDA
Listing all CUDA devices in system:
CUDA device 0: PCIe address is 06:00
CUDA device 1: PCIe address is 26:00
CUDA device 2: PCIe address is A6:00
CUDA device 3: PCIe address is C6:00

Picking device No. 3
[pid = 10146, dev = 3] device name = [NVIDIA H100 80GB HBM3]
creating CUDA Ctx
making it the current CUDA Ctx
CUDA device integrated: 0
using DMA-BUF for GPU buffer address at 0x7f84ea000000 aligned at 0x7f84ea000000 with aligned size 134217728
allocated GPU buffer of a 134217728 address at 0x2195640 for type CUDA_MEM_DEVICE
Calling ibv_reg_dmabuf_mr(offset=0, size=134217728, addr=0x7f84ea000000, fd=58) for QP #0
---------------------------------------------------------------------------------------
                    RDMA_Read BW Test
 Dual-port       : OFF		Device         : mlx5_3
 Number of qps   : 8		Transport type : IB
 Connection type : RC		Using SRQ      : OFF
 PCIe relax order: ON		Lock-free      : OFF
 ibv_wr* API     : ON		Using DDP      : OFF
 TX depth        : 128
 CQ Moderation   : 100
 CQE Poll Batch  : 16
 Mtu             : 4096[B]
 Link type       : Ethernet
 GID index       : 3
 Outstand reads  : 16
 rdma_cm QPs	 : ON
 Data ex. method : rdma_cm 	TOS    : 41
---------------------------------------------------------------------------------------
 local address: LID 0000 QPN 0x0229 PSN 0xa0a58f
 GID: 00:00:00:00:00:00:00:00:00:00:255:255:192:168:100:90
 local address: LID 0000 QPN 0x022a PSN 0xc061cd
 GID: 00:00:00:00:00:00:00:00:00:00:255:255:192:168:100:90
 local address: LID 0000 QPN 0x022b PSN 0x355393
 GID: 00:00:00:00:00:00:00:00:00:00:255:255:192:168:100:90
 local address: LID 0000 QPN 0x022c PSN 0x7546e6
 GID: 00:00:00:00:00:00:00:00:00:00:255:255:192:168:100:90
 local address: LID 0000 QPN 0x022d PSN 0x1b8a01
 GID: 00:00:00:00:00:00:00:00:00:00:255:255:192:168:100:90
 local address: LID 0000 QPN 0x022e PSN 0x3afdcf
 GID: 00:00:00:00:00:00:00:00:00:00:255:255:192:168:100:90
 local address: LID 0000 QPN 0x022f PSN 0xe3cc82
 GID: 00:00:00:00:00:00:00:00:00:00:255:255:192:168:100:90
 local address: LID 0000 QPN 0x0230 PSN 0x581b53
 GID: 00:00:00:00:00:00:00:00:00:00:255:255:192:168:100:90
 remote address: LID 0000 QPN 0x0247 PSN 0xae87e9
 GID: 00:00:00:00:00:00:00:00:00:00:255:255:192:168:100:92
 remote address: LID 0000 QPN 0x0248 PSN 0x751156
 GID: 00:00:00:00:00:00:00:00:00:00:255:255:192:168:100:92
 remote address: LID 0000 QPN 0x0249 PSN 0xaeb3b2
 GID: 00:00:00:00:00:00:00:00:00:00:255:255:192:168:100:92
 remote address: LID 0000 QPN 0x024a PSN 0x9c9ae2
 GID: 00:00:00:00:00:00:00:00:00:00:255:255:192:168:100:92
 remote address: LID 0000 QPN 0x024b PSN 0x152784
 GID: 00:00:00:00:00:00:00:00:00:00:255:255:192:168:100:92
 remote address: LID 0000 QPN 0x024c PSN 0x544d60
 GID: 00:00:00:00:00:00:00:00:00:00:255:255:192:168:100:92
 remote address: LID 0000 QPN 0x024d PSN 0x5c8009
 GID: 00:00:00:00:00:00:00:00:00:00:255:255:192:168:100:92
 remote address: LID 0000 QPN 0x024e PSN 0x56298
 GID: 00:00:00:00:00:00:00:00:00:00:255:255:192:168:100:92
---------------------------------------------------------------------------------------
 #bytes     #iterations    BW peak[Gb/sec]    BW average[Gb/sec]   MsgRate[Mpps]
 2          8000           0.057416            0.056201            3.512578
 4          8000             0.11               0.11   		     3.549866
 8          8000             0.23               0.22   		     3.508972
 16         8000             0.46               0.45   		     3.551183
 32         8000             0.93               0.91   		     3.573391
 64         8000             1.95               1.92   		     3.742690
 128        8000             3.68               3.66   		     3.570440
 256        8000             7.37               7.30   		     3.563872
 512        8000             14.58              14.39  		     3.513988
 1024       8000             29.26              29.07  		     3.548631
 2048       8000             54.29              53.97  		     3.294147
 4096       8000             53.35              48.98  		     1.494676
 8192       8000             78.18              63.06  		     0.962195
 16384      8000             96.28              76.07  		     0.580344
 32768      8000             104.73             94.53  		     0.360597
 65536      8000             106.56             95.17  		     0.181526
 131072     8000             107.70             105.64 		     0.100745
 262144     8000             109.86             109.86 		     0.052386
 524288     8000             110.40             110.40 		     0.026321
 1048576    8000             110.52             110.23 		     0.013141
 2097152    8000             111.08             111.08 		     0.006621
 4194304    8000             111.30             111.30 		     0.003317
 8388608    8000             110.96             109.98 		     0.001639
---------------------------------------------------------------------------------------
deallocating GPU buffer 00007f84ea000000
destroying current CUDA Ctx
