Disabling dynamic polling
initializing CUDA
Listing all CUDA devices in system:
CUDA device 0: PCIe address is 06:00
CUDA device 1: PCIe address is 26:00
CUDA device 2: PCIe address is A6:00
CUDA device 3: PCIe address is C6:00

Picking device No. 0
[pid = 10131, dev = 0] device name = [NVIDIA H100 80GB HBM3]
creating CUDA Ctx
making it the current CUDA Ctx
CUDA device integrated: 0
using DMA-BUF for GPU buffer address at 0x7f4414000000 aligned at 0x7f4414000000 with aligned size 134217728
allocated GPU buffer of a 134217728 address at 0xff4640 for type CUDA_MEM_DEVICE
Calling ibv_reg_dmabuf_mr(offset=0, size=134217728, addr=0x7f4414000000, fd=58) for QP #0
---------------------------------------------------------------------------------------
                    RDMA_Read BW Test
 Dual-port       : OFF		Device         : mlx5_3
 Number of qps   : 8		Transport type : IB
 Connection type : RC		Using SRQ      : OFF
 PCIe relax order: ON		Lock-free      : OFF
 ibv_wr* API     : ON		Using DDP      : OFF
 TX depth        : 128
 CQ Moderation   : 100
 CQE Poll Batch  : 16
 Mtu             : 4096[B]
 Link type       : Ethernet
 GID index       : 3
 Outstand reads  : 16
 rdma_cm QPs	 : ON
 Data ex. method : rdma_cm 	TOS    : 41
---------------------------------------------------------------------------------------
 local address: LID 0000 QPN 0x020e PSN 0x509bf7
 GID: 00:00:00:00:00:00:00:00:00:00:255:255:192:168:100:90
 local address: LID 0000 QPN 0x020f PSN 0xedbc15
 GID: 00:00:00:00:00:00:00:00:00:00:255:255:192:168:100:90
 local address: LID 0000 QPN 0x0210 PSN 0x1743b
 GID: 00:00:00:00:00:00:00:00:00:00:255:255:192:168:100:90
 local address: LID 0000 QPN 0x0211 PSN 0x961e6e
 GID: 00:00:00:00:00:00:00:00:00:00:255:255:192:168:100:90
 local address: LID 0000 QPN 0x0212 PSN 0x1b7ee9
 GID: 00:00:00:00:00:00:00:00:00:00:255:255:192:168:100:90
 local address: LID 0000 QPN 0x0213 PSN 0x1eb497
 GID: 00:00:00:00:00:00:00:00:00:00:255:255:192:168:100:90
 local address: LID 0000 QPN 0x0214 PSN 0x704faa
 GID: 00:00:00:00:00:00:00:00:00:00:255:255:192:168:100:90
 local address: LID 0000 QPN 0x0215 PSN 0xe1e35b
 GID: 00:00:00:00:00:00:00:00:00:00:255:255:192:168:100:90
 remote address: LID 0000 QPN 0x022c PSN 0x8e8bef
 GID: 00:00:00:00:00:00:00:00:00:00:255:255:192:168:100:92
 remote address: LID 0000 QPN 0x022d PSN 0x85b8ad
 GID: 00:00:00:00:00:00:00:00:00:00:255:255:192:168:100:92
 remote address: LID 0000 QPN 0x022e PSN 0xc890f3
 GID: 00:00:00:00:00:00:00:00:00:00:255:255:192:168:100:92
 remote address: LID 0000 QPN 0x022f PSN 0xcaa8c6
 GID: 00:00:00:00:00:00:00:00:00:00:255:255:192:168:100:92
 remote address: LID 0000 QPN 0x0230 PSN 0xe57661
 GID: 00:00:00:00:00:00:00:00:00:00:255:255:192:168:100:92
 remote address: LID 0000 QPN 0x0231 PSN 0x12e2af
 GID: 00:00:00:00:00:00:00:00:00:00:255:255:192:168:100:92
 remote address: LID 0000 QPN 0x0232 PSN 0xf17fe2
 GID: 00:00:00:00:00:00:00:00:00:00:255:255:192:168:100:92
 remote address: LID 0000 QPN 0x0233 PSN 0xd5bb33
 GID: 00:00:00:00:00:00:00:00:00:00:255:255:192:168:100:92
---------------------------------------------------------------------------------------
 #bytes     #iterations    BW peak[Gb/sec]    BW average[Gb/sec]   MsgRate[Mpps]
 2          8000           0.059308            0.058676            3.667235
 4          8000             0.12               0.12   		     3.678854
 8          8000             0.25               0.24   		     3.714710
 16         8000             0.48               0.47   		     3.646919
 32         8000             0.95               0.93   		     3.623976
 64         8000             1.91               1.88   		     3.668648
 128        8000             3.78               3.66   		     3.572592
 256        8000             8.03               7.92   		     3.866205
 512        8000             16.14              15.96  		     3.896812
 1024       8000             32.56              32.23  		     3.934342
 2048       8000             65.83              64.99  		     3.966855
 4096       8000             139.64             137.66 		     4.200908
 8192       8000             199.80             199.66 		     3.046633
 16384      8000             203.10             202.97 		     1.548533
 32768      8000             203.66             203.65 		     0.776860
 65536      8000             203.91             203.90 		     0.388910
 131072     8000             204.00             204.00 		     0.194550
 262144     8000             204.06             204.05 		     0.097301
 524288     8000             204.13             204.12 		     0.048667
 1048576    8000             204.10             204.10 		     0.024331
 2097152    8000             204.09             204.09 		     0.012165
 4194304    8000             192.43             192.38 		     0.005733
 8388608    8000             170.77             170.77 		     0.002545
---------------------------------------------------------------------------------------
deallocating GPU buffer 00007f4414000000
destroying current CUDA Ctx
