Disabling dynamic polling
initializing CUDA
Listing all CUDA devices in system:
CUDA device 0: PCIe address is 06:00
CUDA device 1: PCIe address is 26:00
CUDA device 2: PCIe address is A6:00
CUDA device 3: PCIe address is C6:00

Picking device No. 1
[pid = 10114, dev = 1] device name = [NVIDIA H100 80GB HBM3]
creating CUDA Ctx
making it the current CUDA Ctx
CUDA device integrated: 0
using DMA-BUF for GPU buffer address at 0x7fa4e6000000 aligned at 0x7fa4e6000000 with aligned size 134217728
allocated GPU buffer of a 134217728 address at 0x1db9640 for type CUDA_MEM_DEVICE
Calling ibv_reg_dmabuf_mr(offset=0, size=134217728, addr=0x7fa4e6000000, fd=58) for QP #0
---------------------------------------------------------------------------------------
                    RDMA_Read BW Test
 Dual-port       : OFF		Device         : mlx5_2
 Number of qps   : 8		Transport type : IB
 Connection type : RC		Using SRQ      : OFF
 PCIe relax order: ON		Lock-free      : OFF
 ibv_wr* API     : ON		Using DDP      : OFF
 TX depth        : 128
 CQ Moderation   : 100
 CQE Poll Batch  : 16
 Mtu             : 4096[B]
 Link type       : Ethernet
 GID index       : 3
 Outstand reads  : 16
 rdma_cm QPs	 : ON
 Data ex. method : rdma_cm 	TOS    : 41
---------------------------------------------------------------------------------------
 local address: LID 0000 QPN 0x024c PSN 0x9ed01b
 GID: 00:00:00:00:00:00:00:00:00:00:255:255:192:168:101:90
 local address: LID 0000 QPN 0x024d PSN 0x424769
 GID: 00:00:00:00:00:00:00:00:00:00:255:255:192:168:101:90
 local address: LID 0000 QPN 0x024e PSN 0x9e3eff
 GID: 00:00:00:00:00:00:00:00:00:00:255:255:192:168:101:90
 local address: LID 0000 QPN 0x024f PSN 0x348be2
 GID: 00:00:00:00:00:00:00:00:00:00:255:255:192:168:101:90
 local address: LID 0000 QPN 0x0250 PSN 0xd6514d
 GID: 00:00:00:00:00:00:00:00:00:00:255:255:192:168:101:90
 local address: LID 0000 QPN 0x0251 PSN 0xe0212b
 GID: 00:00:00:00:00:00:00:00:00:00:255:255:192:168:101:90
 local address: LID 0000 QPN 0x0252 PSN 0xc882ae
 GID: 00:00:00:00:00:00:00:00:00:00:255:255:192:168:101:90
 local address: LID 0000 QPN 0x0253 PSN 0xf5340f
 GID: 00:00:00:00:00:00:00:00:00:00:255:255:192:168:101:90
 remote address: LID 0000 QPN 0x0293 PSN 0x72d06f
 GID: 00:00:00:00:00:00:00:00:00:00:255:255:192:168:101:92
 remote address: LID 0000 QPN 0x0294 PSN 0xb85664
 GID: 00:00:00:00:00:00:00:00:00:00:255:255:192:168:101:92
 remote address: LID 0000 QPN 0x0295 PSN 0x45aea8
 GID: 00:00:00:00:00:00:00:00:00:00:255:255:192:168:101:92
 remote address: LID 0000 QPN 0x0296 PSN 0x2679a0
 GID: 00:00:00:00:00:00:00:00:00:00:255:255:192:168:101:92
 remote address: LID 0000 QPN 0x0297 PSN 0xfb26a
 GID: 00:00:00:00:00:00:00:00:00:00:255:255:192:168:101:92
 remote address: LID 0000 QPN 0x0298 PSN 0xd4154e
 GID: 00:00:00:00:00:00:00:00:00:00:255:255:192:168:101:92
 remote address: LID 0000 QPN 0x0299 PSN 0xcc745f
 GID: 00:00:00:00:00:00:00:00:00:00:255:255:192:168:101:92
 remote address: LID 0000 QPN 0x029a PSN 0x7daf36
 GID: 00:00:00:00:00:00:00:00:00:00:255:255:192:168:101:92
---------------------------------------------------------------------------------------
 #bytes     #iterations    BW peak[Gb/sec]    BW average[Gb/sec]   MsgRate[Mpps]
 2          8000           0.060094            0.058885            3.680330
 4          8000             0.12               0.12   		     3.700446
 8          8000             0.21               0.21   		     3.265560
 16         8000             0.49               0.49   		     3.793699
 32         8000             0.96               0.94   		     3.680106
 64         8000             1.93               1.90   		     3.714469
 128        8000             3.85               3.80   		     3.711556
 256        8000             7.72               7.63   		     3.725088
 512        8000             15.54              15.41  		     3.762144
 1024       8000             31.24              30.88  		     3.770117
 2048       8000             61.96              60.80  		     3.710885
 4096       8000             132.37             131.69 		     4.018708
 8192       8000             199.26             199.00 		     3.036514
 16384      8000             202.41             202.35 		     1.543817
 32768      8000             202.83             202.78 		     0.773563
 65536      8000             203.04             203.00 		     0.387198
 131072     8000             203.09             203.08 		     0.193674
 262144     8000             203.10             203.09 		     0.096842
 524288     8000             203.15             203.15 		     0.048434
 1048576    8000             203.20             203.20 		     0.024223
 2097152    8000             203.22             203.22 		     0.012113
 4194304    8000             191.92             191.92 		     0.005720
 8388608    8000             169.87             169.87 		     0.002531
---------------------------------------------------------------------------------------
deallocating GPU buffer 00007fa4e6000000
destroying current CUDA Ctx
