Disabling dynamic polling

************************************
* Waiting for client to connect... *
************************************
initializing CUDA
Listing all CUDA devices in system:
CUDA device 0: PCIe address is 06:00
CUDA device 1: PCIe address is 26:00
CUDA device 2: PCIe address is A6:00
CUDA device 3: PCIe address is C6:00

Picking device No. 3
[pid = 9891, dev = 3] device name = [NVIDIA H100 80GB HBM3]
creating CUDA Ctx
making it the current CUDA Ctx
CUDA device integrated: 0
using DMA-BUF for GPU buffer address at 0x7fd6ac000000 aligned at 0x7fd6ac000000 with aligned size 134217728
allocated GPU buffer of a 134217728 address at 0x1817c30 for type CUDA_MEM_DEVICE
Calling ibv_reg_dmabuf_mr(offset=0, size=134217728, addr=0x7fd6ac000000, fd=58) for QP #0
---------------------------------------------------------------------------------------
                    RDMA_Read BW Test
 Dual-port       : OFF		Device         : mlx5_3
 Number of qps   : 8		Transport type : IB
 Connection type : RC		Using SRQ      : OFF
 PCIe relax order: ON		Lock-free      : OFF
 ibv_wr* API     : ON		Using DDP      : OFF
 CQ Moderation   : 100
 CQE Poll Batch  : 16
 Mtu             : 4096[B]
 Link type       : Ethernet
 GID index       : 3
 Outstand reads  : 16
 rdma_cm QPs	 : ON
 Data ex. method : rdma_cm 	TOS    : 41
---------------------------------------------------------------------------------------
 Waiting for client rdma_cm QP to connect
 Please run the same command with the IB/RoCE interface IP
---------------------------------------------------------------------------------------
 local address: LID 0000 QPN 0x01f5 PSN 0x8bde16
 GID: 00:00:00:00:00:00:00:00:00:00:255:255:192:168:100:90
 local address: LID 0000 QPN 0x01f6 PSN 0x24bd48
 GID: 00:00:00:00:00:00:00:00:00:00:255:255:192:168:100:90
 local address: LID 0000 QPN 0x01f7 PSN 0x84c8f2
 GID: 00:00:00:00:00:00:00:00:00:00:255:255:192:168:100:90
 local address: LID 0000 QPN 0x01f8 PSN 0x519a59
 GID: 00:00:00:00:00:00:00:00:00:00:255:255:192:168:100:90
 local address: LID 0000 QPN 0x01f9 PSN 0xe863f8
 GID: 00:00:00:00:00:00:00:00:00:00:255:255:192:168:100:90
 local address: LID 0000 QPN 0x01fa PSN 0xfbb5fa
 GID: 00:00:00:00:00:00:00:00:00:00:255:255:192:168:100:90
 local address: LID 0000 QPN 0x01fb PSN 0xcd8d1
 GID: 00:00:00:00:00:00:00:00:00:00:255:255:192:168:100:90
 local address: LID 0000 QPN 0x01fc PSN 0xb552f6
 GID: 00:00:00:00:00:00:00:00:00:00:255:255:192:168:100:90
 remote address: LID 0000 QPN 0x0213 PSN 0xd9ef66
 GID: 00:00:00:00:00:00:00:00:00:00:255:255:192:168:100:92
 remote address: LID 0000 QPN 0x0214 PSN 0xaffc58
 GID: 00:00:00:00:00:00:00:00:00:00:255:255:192:168:100:92
 remote address: LID 0000 QPN 0x0215 PSN 0x3702c2
 GID: 00:00:00:00:00:00:00:00:00:00:255:255:192:168:100:92
 remote address: LID 0000 QPN 0x0216 PSN 0xe517e9
 GID: 00:00:00:00:00:00:00:00:00:00:255:255:192:168:100:92
 remote address: LID 0000 QPN 0x0217 PSN 0x443a48
 GID: 00:00:00:00:00:00:00:00:00:00:255:255:192:168:100:92
 remote address: LID 0000 QPN 0x0218 PSN 0x61d60a
 GID: 00:00:00:00:00:00:00:00:00:00:255:255:192:168:100:92
 remote address: LID 0000 QPN 0x0219 PSN 0x16dfa1
 GID: 00:00:00:00:00:00:00:00:00:00:255:255:192:168:100:92
 remote address: LID 0000 QPN 0x021a PSN 0xd91986
 GID: 00:00:00:00:00:00:00:00:00:00:255:255:192:168:100:92
---------------------------------------------------------------------------------------
 #bytes     #iterations    BW peak[Gb/sec]    BW average[Gb/sec]   MsgRate[Mpps]
 8388608    8000             139.22             139.22 		     0.002074
---------------------------------------------------------------------------------------
deallocating GPU buffer 00007fd6ac000000
destroying current CUDA Ctx
