Disabling dynamic polling
initializing CUDA
Listing all CUDA devices in system:
CUDA device 0: PCIe address is 06:00
CUDA device 1: PCIe address is 26:00
CUDA device 2: PCIe address is A6:00
CUDA device 3: PCIe address is C6:00

Picking device No. 3
[pid = 10124, dev = 3] device name = [NVIDIA H100 80GB HBM3]
creating CUDA Ctx
making it the current CUDA Ctx
CUDA device integrated: 0
using DMA-BUF for GPU buffer address at 0x7f4992000000 aligned at 0x7f4992000000 with aligned size 134217728
allocated GPU buffer of a 134217728 address at 0x7e4640 for type CUDA_MEM_DEVICE
Calling ibv_reg_dmabuf_mr(offset=0, size=134217728, addr=0x7f4992000000, fd=58) for QP #0
---------------------------------------------------------------------------------------
                    RDMA_Read BW Test
 Dual-port       : OFF		Device         : mlx5_2
 Number of qps   : 8		Transport type : IB
 Connection type : RC		Using SRQ      : OFF
 PCIe relax order: ON		Lock-free      : OFF
 ibv_wr* API     : ON		Using DDP      : OFF
 TX depth        : 128
 CQ Moderation   : 100
 CQE Poll Batch  : 16
 Mtu             : 4096[B]
 Link type       : Ethernet
 GID index       : 3
 Outstand reads  : 16
 rdma_cm QPs	 : ON
 Data ex. method : rdma_cm 	TOS    : 41
---------------------------------------------------------------------------------------
 local address: LID 0000 QPN 0x025e PSN 0xc7529e
 GID: 00:00:00:00:00:00:00:00:00:00:255:255:192:168:101:90
 local address: LID 0000 QPN 0x025f PSN 0x878b30
 GID: 00:00:00:00:00:00:00:00:00:00:255:255:192:168:101:90
 local address: LID 0000 QPN 0x0260 PSN 0x74e4ba
 GID: 00:00:00:00:00:00:00:00:00:00:255:255:192:168:101:90
 local address: LID 0000 QPN 0x0261 PSN 0xe31e81
 GID: 00:00:00:00:00:00:00:00:00:00:255:255:192:168:101:90
 local address: LID 0000 QPN 0x0262 PSN 0x799900
 GID: 00:00:00:00:00:00:00:00:00:00:255:255:192:168:101:90
 local address: LID 0000 QPN 0x0263 PSN 0xd47a62
 GID: 00:00:00:00:00:00:00:00:00:00:255:255:192:168:101:90
 local address: LID 0000 QPN 0x0264 PSN 0xade919
 GID: 00:00:00:00:00:00:00:00:00:00:255:255:192:168:101:90
 local address: LID 0000 QPN 0x0265 PSN 0x49f19e
 GID: 00:00:00:00:00:00:00:00:00:00:255:255:192:168:101:90
 remote address: LID 0000 QPN 0x02a5 PSN 0x615e0a
 GID: 00:00:00:00:00:00:00:00:00:00:255:255:192:168:101:92
 remote address: LID 0000 QPN 0x02a6 PSN 0xf1702c
 GID: 00:00:00:00:00:00:00:00:00:00:255:255:192:168:101:92
 remote address: LID 0000 QPN 0x02a7 PSN 0x95cc06
 GID: 00:00:00:00:00:00:00:00:00:00:255:255:192:168:101:92
 remote address: LID 0000 QPN 0x02a8 PSN 0xc3e1dd
 GID: 00:00:00:00:00:00:00:00:00:00:255:255:192:168:101:92
 remote address: LID 0000 QPN 0x02a9 PSN 0x816f2c
 GID: 00:00:00:00:00:00:00:00:00:00:255:255:192:168:101:92
 remote address: LID 0000 QPN 0x02aa PSN 0x26331e
 GID: 00:00:00:00:00:00:00:00:00:00:255:255:192:168:101:92
 remote address: LID 0000 QPN 0x02ab PSN 0xc27925
 GID: 00:00:00:00:00:00:00:00:00:00:255:255:192:168:101:92
 remote address: LID 0000 QPN 0x02ac PSN 0x860eba
 GID: 00:00:00:00:00:00:00:00:00:00:255:255:192:168:101:92
---------------------------------------------------------------------------------------
 #bytes     #iterations    BW peak[Gb/sec]    BW average[Gb/sec]   MsgRate[Mpps]
 2          8000           0.056782            0.056647            3.540450
 4          8000             0.12               0.11   		     3.534532
 8          8000             0.23               0.22   		     3.486370
 16         8000             0.46               0.45   		     3.549939
 32         8000             0.92               0.91   		     3.553740
 64         8000             1.85               1.83   		     3.568052
 128        8000             3.68               3.65   		     3.559843
 256        8000             7.34               7.26   		     3.544795
 512        8000             14.61              14.48  		     3.534834
 1024       8000             29.44              29.07  		     3.548757
 2048       8000             52.22              52.15  		     3.182990
 4096       8000             49.72              26.49  		     0.808487
 8192       8000             71.65              58.42  		     0.891347
 16384      8000             95.53              80.44  		     0.613730
 32768      8000             99.83              90.34  		     0.344625
 65536      8000             99.95              94.70  		     0.180626
 131072     8000             101.98             101.79 		     0.097077
 262144     8000             102.90             102.90 		     0.049067
 524288     8000             104.47             104.47 		     0.024909
 1048576    8000             105.02             105.02 		     0.012519
 2097152    8000             105.06             105.06 		     0.006262
 4194304    8000             105.25             105.25 		     0.003137
 8388608    8000             105.37             105.37 		     0.001570
---------------------------------------------------------------------------------------
deallocating GPU buffer 00007f4992000000
destroying current CUDA Ctx
