Disabling dynamic polling
initializing CUDA
Listing all CUDA devices in system:
CUDA device 0: PCIe address is 06:00
CUDA device 1: PCIe address is 26:00
CUDA device 2: PCIe address is A6:00
CUDA device 3: PCIe address is C6:00

Picking device No. 3
[pid = 10023, dev = 3] device name = [NVIDIA H100 80GB HBM3]
creating CUDA Ctx
making it the current CUDA Ctx
CUDA device integrated: 0
using DMA-BUF for GPU buffer address at 0x7f3288800000 aligned at 0x7f3288800000 with aligned size 16777216
allocated GPU buffer of a 16777216 address at 0xa06f50 for type CUDA_MEM_DEVICE
Calling ibv_reg_dmabuf_mr(offset=0, size=16777216, addr=0x7f3288800000, fd=58) for QP #0
---------------------------------------------------------------------------------------
                    RDMA_Read Latency Test
 Dual-port       : OFF		Device         : mlx5_2
 Number of qps   : 1		Transport type : IB
 Connection type : RC		Using SRQ      : OFF
 PCIe relax order: ON		Lock-free      : OFF
 ibv_wr* API     : ON		Using DDP      : OFF
 TX depth        : 1
 Mtu             : 4096[B]
 Link type       : Ethernet
 GID index       : 3
 Outstand reads  : 16
 rdma_cm QPs	 : ON
 Data ex. method : rdma_cm 	TOS    : 41
---------------------------------------------------------------------------------------
 local address: LID 0000 QPN 0x0241 PSN 0x3ddb59
 GID: 00:00:00:00:00:00:00:00:00:00:255:255:192:168:101:90
 remote address: LID 0000 QPN 0x0288 PSN 0x2cf519
 GID: 00:00:00:00:00:00:00:00:00:00:255:255:192:168:101:92
---------------------------------------------------------------------------------------
 #bytes #iterations    t_min[usec]    t_max[usec]  t_typical[usec]    t_avg[usec]    t_stdev[usec]   99% percentile[usec]   99.9% percentile[usec] 
 2       1000          4.96           10.53        5.01     	       5.04        	0.23   		5.26    		10.53  
 4       1000          4.98           13.31        5.01     	       5.04        	0.32   		5.17    		13.31  
 8       1000          4.97           14.44        5.01     	       5.05        	0.35   		5.29    		14.44  
 16      1000          4.98           11.40        5.02     	       5.05        	0.28   		5.20    		11.40  
 32      1000          4.97           11.09        5.01     	       5.04        	0.23   		5.19    		11.09  
 64      1000          5.00           14.03        5.04     	       5.07        	0.36   		5.22    		14.03  
 128     1000          5.04           14.66        5.09     	       5.12        	0.37   		5.26    		14.66  
 256     1000          5.13           15.81        5.17     	       5.20        	0.41   		5.35    		15.81  
 512     1000          5.17           17.05        5.22     	       5.26        	0.48   		5.45    		17.05  
 1024    1000          5.28           15.12        5.32     	       5.35        	0.37   		5.49    		15.12  
 2048    1000          5.45           13.14        5.51     	       5.55        	0.34   		5.62    		13.14  
 4096    1000          5.90           14.35        5.97     	       6.02        	0.39   		6.23    		14.35  
 8192    1000          6.65           15.06        6.82     	       6.82        	0.28   		6.85    		15.06  
 16384   1000          8.42           16.38        8.47     	       8.51        	0.34   		8.76    		16.38  
 32768   1000          10.97          16.37        11.05    	       11.08       	0.22   		11.54   		16.37  
 65536   1000          11.43          25.59        11.50    	       12.73       	1.82   		16.17   		25.59  
 131072  1000          16.40          27.79        16.56    	       17.83       	3.09   		26.04   		27.79  
 262144  1000          26.29          47.41        26.45    	       28.01       	4.88   		46.00   		47.41  
 524288  1000          46.14          92.96        46.30    	       47.90       	7.37   		85.72   		92.96  
 1048576 1000          85.75          2693.73      85.86    	       89.45       	27.96  		165.84  		2693.73
 2097152 1000          165.04         336.11       165.29   	       170.79      	27.21  		327.53  		336.11 
 4194304 1000          323.74         845.08       324.46   	       330.53      	42.17  		644.93  		845.08 
 8388608 1000          641.03         1675.47      641.82   	       647.69      	58.20  		692.27  		1675.47
---------------------------------------------------------------------------------------
deallocating GPU buffer 00007f3288800000
destroying current CUDA Ctx
