Disabling dynamic polling
initializing CUDA
Listing all CUDA devices in system:
CUDA device 0: PCIe address is 06:00
CUDA device 1: PCIe address is 26:00
CUDA device 2: PCIe address is A6:00
CUDA device 3: PCIe address is C6:00

Picking device No. 1
[pid = 10033, dev = 1] device name = [NVIDIA H100 80GB HBM3]
creating CUDA Ctx
making it the current CUDA Ctx
CUDA device integrated: 0
using DMA-BUF for GPU buffer address at 0x7f096e800000 aligned at 0x7f096e800000 with aligned size 16777216
allocated GPU buffer of a 16777216 address at 0xeb1f50 for type CUDA_MEM_DEVICE
Calling ibv_reg_dmabuf_mr(offset=0, size=16777216, addr=0x7f096e800000, fd=58) for QP #0
---------------------------------------------------------------------------------------
                    RDMA_Read Latency Test
 Dual-port       : OFF		Device         : mlx5_3
 Number of qps   : 1		Transport type : IB
 Connection type : RC		Using SRQ      : OFF
 PCIe relax order: ON		Lock-free      : OFF
 ibv_wr* API     : ON		Using DDP      : OFF
 TX depth        : 1
 Mtu             : 4096[B]
 Link type       : Ethernet
 GID index       : 3
 Outstand reads  : 16
 rdma_cm QPs	 : ON
 Data ex. method : rdma_cm 	TOS    : 41
---------------------------------------------------------------------------------------
 local address: LID 0000 QPN 0x0208 PSN 0x5f950a
 GID: 00:00:00:00:00:00:00:00:00:00:255:255:192:168:100:90
 remote address: LID 0000 QPN 0x0226 PSN 0xb5ceb6
 GID: 00:00:00:00:00:00:00:00:00:00:255:255:192:168:100:92
---------------------------------------------------------------------------------------
 #bytes #iterations    t_min[usec]    t_max[usec]  t_typical[usec]    t_avg[usec]    t_stdev[usec]   99% percentile[usec]   99.9% percentile[usec] 
 2       1000          4.69           14.42        4.87     	       4.88        	0.41   		5.01    		14.42  
 4       1000          4.69           13.83        4.87     	       4.88        	0.38   		4.88    		13.83  
 8       1000          4.66           13.35        4.75     	       4.80        	0.21   		4.88    		13.35  
 16      1000          4.69           11.47        4.87     	       4.87        	0.21   		4.88    		11.47  
 32      1000          4.69           12.31        4.87     	       4.87        	0.29   		4.89    		12.31  
 64      1000          4.73           14.66        4.87     	       4.89        	0.44   		4.88    		14.66  
 128     1000          4.76           15.19        4.87     	       4.88        	0.31   		4.92    		15.19  
 256     1000          4.80           17.18        4.87     	       4.89        	0.39   		4.95    		17.18  
 512     1000          4.82           13.34        4.87     	       4.89        	0.21   		5.01    		13.34  
 1024    1000          4.87           11.60        4.92     	       4.94        	0.30   		5.08    		11.60  
 2048    1000          4.96           12.85        5.00     	       5.04        	0.38   		5.19    		12.85  
 4096    1000          5.15           14.13        5.20     	       5.23        	0.33   		5.38    		14.13  
 8192    1000          5.42           13.79        5.48     	       5.51        	0.21   		5.64    		13.79  
 16384   1000          7.09           13.04        7.16     	       7.19        	0.16   		7.34    		13.04  
 32768   1000          7.83           15.78        7.89     	       7.92        	0.30   		8.06    		15.78  
 65536   1000          9.09           14.99        9.15     	       9.17        	0.20   		9.32    		14.99  
 131072  1000          12.44          19.59        12.55    	       12.62       	0.37   		14.44   		19.59  
 262144  1000          18.51          25.67        18.82    	       18.84       	0.21   		20.20   		25.67  
 524288  1000          30.81          39.08        31.29    	       31.24       	0.30   		33.54   		39.08  
 1048576 1000          51.48          64.00        52.05    	       52.12       	0.79   		57.70   		64.00  
 2097152 1000          92.77          103.34       93.35    	       93.34       	0.42   		95.77   		103.34 
 4194304 1000          175.36         184.60       175.89   	       175.91      	0.36   		176.48  		184.60 
 8388608 1000          340.72         376.15       341.16   	       341.23      	0.59   		342.69  		376.15 
---------------------------------------------------------------------------------------
deallocating GPU buffer 00007f096e800000
destroying current CUDA Ctx
