Disabling dynamic polling
initializing CUDA
Listing all CUDA devices in system:
CUDA device 0: PCIe address is 06:00
CUDA device 1: PCIe address is 26:00
CUDA device 2: PCIe address is A6:00
CUDA device 3: PCIe address is C6:00

Picking device No. 3
[pid = 10166, dev = 3] device name = [NVIDIA H100 80GB HBM3]
creating CUDA Ctx
making it the current CUDA Ctx
CUDA device integrated: 0
using DMA-BUF for GPU buffer address at 0x7ff3d8000000 aligned at 0x7ff3d8000000 with aligned size 134217728
allocated GPU buffer of a 134217728 address at 0x8b5640 for type CUDA_MEM_DEVICE
Calling ibv_reg_dmabuf_mr(offset=0, size=134217728, addr=0x7ff3d8000000, fd=58) for QP #0
---------------------------------------------------------------------------------------
                    RDMA_Read BW Test
 Dual-port       : OFF		Device         : mlx5_4
 Number of qps   : 8		Transport type : IB
 Connection type : RC		Using SRQ      : OFF
 PCIe relax order: ON		Lock-free      : OFF
 ibv_wr* API     : ON		Using DDP      : OFF
 TX depth        : 128
 CQ Moderation   : 100
 CQE Poll Batch  : 16
 Mtu             : 4096[B]
 Link type       : Ethernet
 GID index       : 3
 Outstand reads  : 16
 rdma_cm QPs	 : ON
 Data ex. method : rdma_cm 	TOS    : 41
---------------------------------------------------------------------------------------
 local address: LID 0000 QPN 0x0208 PSN 0xf35c2a
 GID: 00:00:00:00:00:00:00:00:00:00:255:255:192:168:103:90
 local address: LID 0000 QPN 0x0209 PSN 0xeb63cc
 GID: 00:00:00:00:00:00:00:00:00:00:255:255:192:168:103:90
 local address: LID 0000 QPN 0x020a PSN 0x644726
 GID: 00:00:00:00:00:00:00:00:00:00:255:255:192:168:103:90
 local address: LID 0000 QPN 0x020b PSN 0xcd0e7d
 GID: 00:00:00:00:00:00:00:00:00:00:255:255:192:168:103:90
 local address: LID 0000 QPN 0x020c PSN 0x12f4c
 GID: 00:00:00:00:00:00:00:00:00:00:255:255:192:168:103:90
 local address: LID 0000 QPN 0x020d PSN 0xa7c0be
 GID: 00:00:00:00:00:00:00:00:00:00:255:255:192:168:103:90
 local address: LID 0000 QPN 0x020e PSN 0xa98645
 GID: 00:00:00:00:00:00:00:00:00:00:255:255:192:168:103:90
 local address: LID 0000 QPN 0x020f PSN 0x31655a
 GID: 00:00:00:00:00:00:00:00:00:00:255:255:192:168:103:90
 remote address: LID 0000 QPN 0x0208 PSN 0x53e4e4
 GID: 00:00:00:00:00:00:00:00:00:00:255:255:192:168:103:92
 remote address: LID 0000 QPN 0x0209 PSN 0x54b6fe
 GID: 00:00:00:00:00:00:00:00:00:00:255:255:192:168:103:92
 remote address: LID 0000 QPN 0x020a PSN 0x139f70
 GID: 00:00:00:00:00:00:00:00:00:00:255:255:192:168:103:92
 remote address: LID 0000 QPN 0x020b PSN 0x21ff
 GID: 00:00:00:00:00:00:00:00:00:00:255:255:192:168:103:92
 remote address: LID 0000 QPN 0x020c PSN 0x1f49a6
 GID: 00:00:00:00:00:00:00:00:00:00:255:255:192:168:103:92
 remote address: LID 0000 QPN 0x020d PSN 0x1dd510
 GID: 00:00:00:00:00:00:00:00:00:00:255:255:192:168:103:92
 remote address: LID 0000 QPN 0x020e PSN 0xc9d92f
 GID: 00:00:00:00:00:00:00:00:00:00:255:255:192:168:103:92
 remote address: LID 0000 QPN 0x020f PSN 0x2aeefc
 GID: 00:00:00:00:00:00:00:00:00:00:255:255:192:168:103:92
---------------------------------------------------------------------------------------
 #bytes     #iterations    BW peak[Gb/sec]    BW average[Gb/sec]   MsgRate[Mpps]
 2          8000           0.057234            0.056545            3.534052
 4          8000             0.12               0.11   		     3.575467
 8          8000             0.22               0.21   		     3.245292
 16         8000             0.46               0.46   		     3.577699
 32         8000             0.92               0.92   		     3.581021
 64         8000             1.85               1.83   		     3.578346
 128        8000             3.68               3.64   		     3.551578
 256        8000             7.40               7.33   		     3.576890
 512        8000             14.79              14.61  		     3.567335
 1024       8000             29.44              29.16  		     3.559590
 2048       8000             58.70              58.08  		     3.544811
 4096       8000             118.34             117.95 		     3.599485
 8192       8000             198.19             197.93 		     3.020247
 16384      8000             201.58             201.48 		     1.537146
 32768      8000             202.06             201.94 		     0.770346
 65536      8000             202.31             202.28 		     0.385814
 131072     8000             202.35             202.35 		     0.192974
 262144     8000             202.38             202.38 		     0.096504
 524288     8000             202.40             202.40 		     0.048256
 1048576    8000             202.44             202.44 		     0.024133
 2097152    8000             202.47             202.47 		     0.012068
 4194304    8000             190.00             190.00 		     0.005662
 8388608    8000             168.35             168.35 		     0.002509
---------------------------------------------------------------------------------------
deallocating GPU buffer 00007ff3d8000000
destroying current CUDA Ctx
