Perftest doesn't supports CUDA tests with inline messages: inline size set to 0
initializing CUDA
Listing all CUDA devices in system:
CUDA device 0: PCIe address is 06:00
CUDA device 1: PCIe address is 26:00
CUDA device 2: PCIe address is A6:00
CUDA device 3: PCIe address is C6:00

Picking device No. 3
[pid = 9458, dev = 3] device name = [NVIDIA H100 80GB HBM3]
creating CUDA Ctx
making it the current CUDA Ctx
CUDA device integrated: 0
using DMA-BUF for GPU buffer address at 0x7fadae000000 aligned at 0x7fadae000000 with aligned size 134217728
allocated GPU buffer of a 134217728 address at 0x1539c50 for type CUDA_MEM_DEVICE
Calling ibv_reg_dmabuf_mr(offset=0, size=134217728, addr=0x7fadae000000, fd=58) for QP #0
---------------------------------------------------------------------------------------
                    RDMA_Write BW Test
 Dual-port       : OFF		Device         : mlx5_2
 Number of qps   : 8		Transport type : IB
 Connection type : RC		Using SRQ      : OFF
 PCIe relax order: ON		Lock-free      : OFF
 ibv_wr* API     : ON		Using DDP      : OFF
 TX depth        : 128
 CQ Moderation   : 100
 CQE Poll Batch  : Dynamic
 Mtu             : 4096[B]
 Link type       : Ethernet
 GID index       : 3
 Max inline data : 0[B]
 rdma_cm QPs	 : ON
 Data ex. method : rdma_cm 	TOS    : 41
---------------------------------------------------------------------------------------
 local address: LID 0000 QPN 0x019a PSN 0x7bceba
 GID: 00:00:00:00:00:00:00:00:00:00:255:255:192:168:101:90
 local address: LID 0000 QPN 0x019b PSN 0xb18b1c
 GID: 00:00:00:00:00:00:00:00:00:00:255:255:192:168:101:90
 local address: LID 0000 QPN 0x019c PSN 0xd4e436
 GID: 00:00:00:00:00:00:00:00:00:00:255:255:192:168:101:90
 local address: LID 0000 QPN 0x019d PSN 0x9c4e4d
 GID: 00:00:00:00:00:00:00:00:00:00:255:255:192:168:101:90
 local address: LID 0000 QPN 0x019e PSN 0x543adc
 GID: 00:00:00:00:00:00:00:00:00:00:255:255:192:168:101:90
 local address: LID 0000 QPN 0x019f PSN 0x270d0e
 GID: 00:00:00:00:00:00:00:00:00:00:255:255:192:168:101:90
 local address: LID 0000 QPN 0x01a0 PSN 0x2ce455
 GID: 00:00:00:00:00:00:00:00:00:00:255:255:192:168:101:90
 local address: LID 0000 QPN 0x01a1 PSN 0x62d22a
 GID: 00:00:00:00:00:00:00:00:00:00:255:255:192:168:101:90
 remote address: LID 0000 QPN 0x01e1 PSN 0x79f074
 GID: 00:00:00:00:00:00:00:00:00:00:255:255:192:168:101:92
 remote address: LID 0000 QPN 0x01e2 PSN 0xab034e
 GID: 00:00:00:00:00:00:00:00:00:00:255:255:192:168:101:92
 remote address: LID 0000 QPN 0x01e3 PSN 0x21fd80
 GID: 00:00:00:00:00:00:00:00:00:00:255:255:192:168:101:92
 remote address: LID 0000 QPN 0x01e4 PSN 0x608ecf
 GID: 00:00:00:00:00:00:00:00:00:00:255:255:192:168:101:92
 remote address: LID 0000 QPN 0x01e5 PSN 0xb07e36
 GID: 00:00:00:00:00:00:00:00:00:00:255:255:192:168:101:92
 remote address: LID 0000 QPN 0x01e6 PSN 0xea9660
 GID: 00:00:00:00:00:00:00:00:00:00:255:255:192:168:101:92
 remote address: LID 0000 QPN 0x01e7 PSN 0x66083f
 GID: 00:00:00:00:00:00:00:00:00:00:255:255:192:168:101:92
 remote address: LID 0000 QPN 0x01e8 PSN 0xb358cc
 GID: 00:00:00:00:00:00:00:00:00:00:255:255:192:168:101:92
---------------------------------------------------------------------------------------
 #bytes     #iterations    BW peak[Gb/sec]    BW average[Gb/sec]   MsgRate[Mpps]
 2          40000           0.057408            0.056677            3.542321
 4          40000            0.12               0.12   		     3.697890
 8          40000            0.23               0.23   		     3.622935
 16         40000            0.47               0.47   		     3.684497
 32         40000            0.95               0.94   		     3.690428
 64         40000            1.91               1.89   		     3.698437
 128        40000            3.80               3.77   		     3.679122
 256        40000            7.62               7.57   		     3.694051
 512        40000            15.18              15.10  		     3.686972
 1024       40000            29.73              29.55  		     3.606849
 2048       40000            60.63              59.33  		     3.621476
 4096       40000            120.47             103.24 		     3.150656
 8192       40000            137.81             124.06 		     1.893047
 16384      40000            138.00             131.56 		     1.003734
 32768      40000            138.04             135.17 		     0.515636
 65536      40000            138.05             137.20 		     0.261681
 131072     40000            138.42             138.41 		     0.132001
 262144     40000            138.81             138.81 		     0.066188
 524288     40000            139.11             139.11 		     0.033166
 1048576    40000            139.14             139.14 		     0.016586
 2097152    40000            139.24             139.22 		     0.008298
 4194304    40000            139.23             139.21 		     0.004149
 8388608    40000            139.27             139.27 		     0.002075
---------------------------------------------------------------------------------------
deallocating GPU buffer 00007fadae000000
destroying current CUDA Ctx
