Perftest doesn't supports CUDA tests with inline messages: inline size set to 0
initializing CUDA
Listing all CUDA devices in system:
CUDA device 0: PCIe address is 06:00
CUDA device 1: PCIe address is 26:00
CUDA device 2: PCIe address is A6:00
CUDA device 3: PCIe address is C6:00

Picking device No. 2
[pid = 9518, dev = 2] device name = [NVIDIA H100 80GB HBM3]
creating CUDA Ctx
making it the current CUDA Ctx
CUDA device integrated: 0
using DMA-BUF for GPU buffer address at 0x7f2db2000000 aligned at 0x7f2db2000000 with aligned size 134217728
allocated GPU buffer of a 134217728 address at 0x1802c50 for type CUDA_MEM_DEVICE
Calling ibv_reg_dmabuf_mr(offset=0, size=134217728, addr=0x7f2db2000000, fd=58) for QP #0
---------------------------------------------------------------------------------------
                    RDMA_Write BW Test
 Dual-port       : OFF		Device         : mlx5_5
 Number of qps   : 8		Transport type : IB
 Connection type : RC		Using SRQ      : OFF
 PCIe relax order: ON		Lock-free      : OFF
 ibv_wr* API     : ON		Using DDP      : OFF
 TX depth        : 128
 CQ Moderation   : 100
 CQE Poll Batch  : Dynamic
 Mtu             : 4096[B]
 Link type       : Ethernet
 GID index       : 3
 Max inline data : 0[B]
 rdma_cm QPs	 : ON
 Data ex. method : rdma_cm 	TOS    : 41
---------------------------------------------------------------------------------------
 local address: LID 0000 QPN 0x0143 PSN 0xeb284c
 GID: 00:00:00:00:00:00:00:00:00:00:255:255:192:168:102:90
 local address: LID 0000 QPN 0x0144 PSN 0x2bda46
 GID: 00:00:00:00:00:00:00:00:00:00:255:255:192:168:102:90
 local address: LID 0000 QPN 0x0145 PSN 0xc05518
 GID: 00:00:00:00:00:00:00:00:00:00:255:255:192:168:102:90
 local address: LID 0000 QPN 0x0146 PSN 0x9e6a87
 GID: 00:00:00:00:00:00:00:00:00:00:255:255:192:168:102:90
 local address: LID 0000 QPN 0x0147 PSN 0xe5b8e
 GID: 00:00:00:00:00:00:00:00:00:00:255:255:192:168:102:90
 local address: LID 0000 QPN 0x0148 PSN 0xdee4d8
 GID: 00:00:00:00:00:00:00:00:00:00:255:255:192:168:102:90
 local address: LID 0000 QPN 0x0149 PSN 0x8b4157
 GID: 00:00:00:00:00:00:00:00:00:00:255:255:192:168:102:90
 local address: LID 0000 QPN 0x014a PSN 0xf83804
 GID: 00:00:00:00:00:00:00:00:00:00:255:255:192:168:102:90
 remote address: LID 0000 QPN 0x013b PSN 0x1c2cab
 GID: 00:00:00:00:00:00:00:00:00:00:255:255:192:168:102:92
 remote address: LID 0000 QPN 0x013c PSN 0x8c10b9
 GID: 00:00:00:00:00:00:00:00:00:00:255:255:192:168:102:92
 remote address: LID 0000 QPN 0x013d PSN 0xa6d60f
 GID: 00:00:00:00:00:00:00:00:00:00:255:255:192:168:102:92
 remote address: LID 0000 QPN 0x013e PSN 0x553db2
 GID: 00:00:00:00:00:00:00:00:00:00:255:255:192:168:102:92
 remote address: LID 0000 QPN 0x013f PSN 0x42e6dd
 GID: 00:00:00:00:00:00:00:00:00:00:255:255:192:168:102:92
 remote address: LID 0000 QPN 0x0140 PSN 0x3b2f7b
 GID: 00:00:00:00:00:00:00:00:00:00:255:255:192:168:102:92
 remote address: LID 0000 QPN 0x0141 PSN 0x297abe
 GID: 00:00:00:00:00:00:00:00:00:00:255:255:192:168:102:92
 remote address: LID 0000 QPN 0x0142 PSN 0xdd32df
 GID: 00:00:00:00:00:00:00:00:00:00:255:255:192:168:102:92
---------------------------------------------------------------------------------------
 #bytes     #iterations    BW peak[Gb/sec]    BW average[Gb/sec]   MsgRate[Mpps]
 2          40000           0.033302            0.032934            2.058381
 4          40000           0.068768            0.068465            2.139532
 8          40000            0.14               0.14   		     2.119665
 16         40000            0.28               0.27   		     2.137859
 32         40000            0.99               0.98   		     3.839556
 64         40000            1.98               1.97   		     3.843342
 128        40000            3.95               3.92   		     3.830240
 256        40000            7.94               7.86   		     3.838749
 512        40000            15.84              15.72  		     3.837648
 1024       40000            31.45              31.32  		     3.823196
 2048       40000            35.14              34.46  		     2.103086
 4096       40000            70.96              69.83  		     2.131154
 8192       40000            141.11             139.49 		     2.128425
 16384      40000            224.78             221.59 		     1.690600
 32768      40000            224.44             224.37 		     0.855888
 65536      40000            225.30             225.29 		     0.429716
 131072     40000            225.73             225.72 		     0.215263
 262144     40000            225.96             225.95 		     0.107743
 524288     40000            226.09             226.09 		     0.053903
 1048576    40000            226.15             226.15 		     0.026959
 2097152    40000            226.18             226.18 		     0.013481
 4194304    40000            226.18             226.18 		     0.006741
 8388608    40000            226.20             226.20 		     0.003371
---------------------------------------------------------------------------------------
deallocating GPU buffer 00007f2db2000000
destroying current CUDA Ctx
