Perftest doesn't supports CUDA tests with inline messages: inline size set to 0

************************************
* Waiting for client to connect... *
************************************
initializing CUDA
Listing all CUDA devices in system:
CUDA device 0: PCIe address is 06:00
CUDA device 1: PCIe address is 26:00
CUDA device 2: PCIe address is A6:00
CUDA device 3: PCIe address is C6:00

Picking device No. 0
[pid = 9797, dev = 0] device name = [NVIDIA H100 80GB HBM3]
creating CUDA Ctx
making it the current CUDA Ctx
CUDA device integrated: 0
using DMA-BUF for GPU buffer address at 0x7fd3d6000000 aligned at 0x7fd3d6000000 with aligned size 134217728
allocated GPU buffer of a 134217728 address at 0x205ec30 for type CUDA_MEM_DEVICE
Calling ibv_reg_dmabuf_mr(offset=0, size=134217728, addr=0x7fd3d6000000, fd=58) for QP #0
---------------------------------------------------------------------------------------
                    RDMA_Write BW Test
 Dual-port       : OFF		Device         : mlx5_3
 Number of qps   : 8		Transport type : IB
 Connection type : RC		Using SRQ      : OFF
 PCIe relax order: ON		Lock-free      : OFF
 ibv_wr* API     : ON		Using DDP      : OFF
 CQ Moderation   : 100
 CQE Poll Batch  : Dynamic
 Mtu             : 4096[B]
 Link type       : Ethernet
 GID index       : 3
 Max inline data : 0[B]
 rdma_cm QPs	 : ON
 Data ex. method : rdma_cm 	TOS    : 41
---------------------------------------------------------------------------------------
 Waiting for client rdma_cm QP to connect
 Please run the same command with the IB/RoCE interface IP
---------------------------------------------------------------------------------------
 local address: LID 0000 QPN 0x01b6 PSN 0x43a38a
 GID: 00:00:00:00:00:00:00:00:00:00:255:255:192:168:100:90
 local address: LID 0000 QPN 0x01b7 PSN 0xba07ac
 GID: 00:00:00:00:00:00:00:00:00:00:255:255:192:168:100:90
 local address: LID 0000 QPN 0x01b8 PSN 0x1b4d86
 GID: 00:00:00:00:00:00:00:00:00:00:255:255:192:168:100:90
 local address: LID 0000 QPN 0x01b9 PSN 0xf5055d
 GID: 00:00:00:00:00:00:00:00:00:00:255:255:192:168:100:90
 local address: LID 0000 QPN 0x01ba PSN 0x528cac
 GID: 00:00:00:00:00:00:00:00:00:00:255:255:192:168:100:90
 local address: LID 0000 QPN 0x01bb PSN 0xb0c29e
 GID: 00:00:00:00:00:00:00:00:00:00:255:255:192:168:100:90
 local address: LID 0000 QPN 0x01bc PSN 0xae92a5
 GID: 00:00:00:00:00:00:00:00:00:00:255:255:192:168:100:90
 local address: LID 0000 QPN 0x01bd PSN 0xf5ea3a
 GID: 00:00:00:00:00:00:00:00:00:00:255:255:192:168:100:90
 remote address: LID 0000 QPN 0x01d4 PSN 0x14e2ce
 GID: 00:00:00:00:00:00:00:00:00:00:255:255:192:168:100:92
 remote address: LID 0000 QPN 0x01d5 PSN 0x590fa0
 GID: 00:00:00:00:00:00:00:00:00:00:255:255:192:168:100:92
 remote address: LID 0000 QPN 0x01d6 PSN 0xe6e86a
 GID: 00:00:00:00:00:00:00:00:00:00:255:255:192:168:100:92
 remote address: LID 0000 QPN 0x01d7 PSN 0xfed071
 GID: 00:00:00:00:00:00:00:00:00:00:255:255:192:168:100:92
 remote address: LID 0000 QPN 0x01d8 PSN 0x61fc30
 GID: 00:00:00:00:00:00:00:00:00:00:255:255:192:168:100:92
 remote address: LID 0000 QPN 0x01d9 PSN 0x23d5d2
 GID: 00:00:00:00:00:00:00:00:00:00:255:255:192:168:100:92
 remote address: LID 0000 QPN 0x01da PSN 0xde77c9
 GID: 00:00:00:00:00:00:00:00:00:00:255:255:192:168:100:92
 remote address: LID 0000 QPN 0x01db PSN 0x68d28e
 GID: 00:00:00:00:00:00:00:00:00:00:255:255:192:168:100:92
---------------------------------------------------------------------------------------
 #bytes     #iterations    BW peak[Gb/sec]    BW average[Gb/sec]   MsgRate[Mpps]
 8388608    40000            170.86             170.86 		     0.002546
---------------------------------------------------------------------------------------
deallocating GPU buffer 00007fd3d6000000
destroying current CUDA Ctx
