Perftest doesn't supports CUDA tests with inline messages: inline size set to 0
initializing CUDA
Listing all CUDA devices in system:
CUDA device 0: PCIe address is 06:00
CUDA device 1: PCIe address is 26:00
CUDA device 2: PCIe address is A6:00
CUDA device 3: PCIe address is C6:00

Picking device No. 2
[pid = 9496, dev = 2] device name = [NVIDIA H100 80GB HBM3]
creating CUDA Ctx
making it the current CUDA Ctx
CUDA device integrated: 0
using DMA-BUF for GPU buffer address at 0x7f151c000000 aligned at 0x7f151c000000 with aligned size 134217728
allocated GPU buffer of a 134217728 address at 0xa5fc50 for type CUDA_MEM_DEVICE
Calling ibv_reg_dmabuf_mr(offset=0, size=134217728, addr=0x7f151c000000, fd=58) for QP #0
---------------------------------------------------------------------------------------
                    RDMA_Write BW Test
 Dual-port       : OFF		Device         : mlx5_4
 Number of qps   : 8		Transport type : IB
 Connection type : RC		Using SRQ      : OFF
 PCIe relax order: ON		Lock-free      : OFF
 ibv_wr* API     : ON		Using DDP      : OFF
 TX depth        : 128
 CQ Moderation   : 100
 CQE Poll Batch  : Dynamic
 Mtu             : 4096[B]
 Link type       : Ethernet
 GID index       : 3
 Max inline data : 0[B]
 rdma_cm QPs	 : ON
 Data ex. method : rdma_cm 	TOS    : 41
---------------------------------------------------------------------------------------
 local address: LID 0000 QPN 0x013b PSN 0xc6eb6a
 GID: 00:00:00:00:00:00:00:00:00:00:255:255:192:168:103:90
 local address: LID 0000 QPN 0x013c PSN 0xb2e20c
 GID: 00:00:00:00:00:00:00:00:00:00:255:255:192:168:103:90
 local address: LID 0000 QPN 0x013d PSN 0xc28866
 GID: 00:00:00:00:00:00:00:00:00:00:255:255:192:168:103:90
 local address: LID 0000 QPN 0x013e PSN 0x8e56bd
 GID: 00:00:00:00:00:00:00:00:00:00:255:255:192:168:103:90
 local address: LID 0000 QPN 0x013f PSN 0x36728c
 GID: 00:00:00:00:00:00:00:00:00:00:255:255:192:168:103:90
 local address: LID 0000 QPN 0x0140 PSN 0xc0e2fe
 GID: 00:00:00:00:00:00:00:00:00:00:255:255:192:168:103:90
 local address: LID 0000 QPN 0x0141 PSN 0x229b85
 GID: 00:00:00:00:00:00:00:00:00:00:255:255:192:168:103:90
 local address: LID 0000 QPN 0x0142 PSN 0xd6f19a
 GID: 00:00:00:00:00:00:00:00:00:00:255:255:192:168:103:90
 remote address: LID 0000 QPN 0x013b PSN 0xafe162
 GID: 00:00:00:00:00:00:00:00:00:00:255:255:192:168:103:92
 remote address: LID 0000 QPN 0x013c PSN 0xf6dfdb
 GID: 00:00:00:00:00:00:00:00:00:00:255:255:192:168:103:92
 remote address: LID 0000 QPN 0x013d PSN 0x1b2053
 GID: 00:00:00:00:00:00:00:00:00:00:255:255:192:168:103:92
 remote address: LID 0000 QPN 0x013e PSN 0xcb816f
 GID: 00:00:00:00:00:00:00:00:00:00:255:255:192:168:103:92
 remote address: LID 0000 QPN 0x013f PSN 0x2bff8d
 GID: 00:00:00:00:00:00:00:00:00:00:255:255:192:168:103:92
 remote address: LID 0000 QPN 0x0140 PSN 0x725f35
 GID: 00:00:00:00:00:00:00:00:00:00:255:255:192:168:103:92
 remote address: LID 0000 QPN 0x0141 PSN 0x8b75ba
 GID: 00:00:00:00:00:00:00:00:00:00:255:255:192:168:103:92
 remote address: LID 0000 QPN 0x0142 PSN 0xed04f5
 GID: 00:00:00:00:00:00:00:00:00:00:255:255:192:168:103:92
---------------------------------------------------------------------------------------
 #bytes     #iterations    BW peak[Gb/sec]    BW average[Gb/sec]   MsgRate[Mpps]
 2          40000           0.057684            0.056168            3.510479
 4          40000            0.12               0.12   		     3.682021
 8          40000            0.24               0.23   		     3.641153
 16         40000            0.48               0.47   		     3.697856
 32         40000            0.96               0.95   		     3.698546
 64         40000            1.91               1.90   		     3.707961
 128        40000            3.78               3.77   		     3.685885
 256        40000            7.60               7.58   		     3.698888
 512        40000            15.23              15.15  		     3.699008
 1024       40000            30.32              30.16  		     3.681739
 2048       40000            60.53              60.21  		     3.674961
 4096       40000            121.86             121.25 		     3.700226
 8192       40000            225.81             225.71 		     3.444092
 16384      40000            226.16             226.04 		     1.724554
 32768      40000            226.25             226.21 		     0.862937
 65536      40000            226.25             226.22 		     0.431486
 131072     40000            226.22             226.22 		     0.215743
 262144     40000            226.24             226.23 		     0.107876
 524288     40000            226.24             226.23 		     0.053938
 1048576    40000            226.24             226.23 		     0.026969
 2097152    40000            226.21             226.21 		     0.013483
 4194304    40000            226.23             226.23 		     0.006742
 8388608    40000            226.23             226.23 		     0.003371
---------------------------------------------------------------------------------------
deallocating GPU buffer 00007f151c000000
destroying current CUDA Ctx
