Perftest doesn't supports CUDA tests with inline messages: inline size set to 0
initializing CUDA
Listing all CUDA devices in system:
CUDA device 0: PCIe address is 06:00
CUDA device 1: PCIe address is 26:00
CUDA device 2: PCIe address is A6:00
CUDA device 3: PCIe address is C6:00

Picking device No. 1
[pid = 9471, dev = 1] device name = [NVIDIA H100 80GB HBM3]
creating CUDA Ctx
making it the current CUDA Ctx
CUDA device integrated: 0
using DMA-BUF for GPU buffer address at 0x7fc696000000 aligned at 0x7fc696000000 with aligned size 134217728
allocated GPU buffer of a 134217728 address at 0xccbc50 for type CUDA_MEM_DEVICE
Calling ibv_reg_dmabuf_mr(offset=0, size=134217728, addr=0x7fc696000000, fd=58) for QP #0
---------------------------------------------------------------------------------------
                    RDMA_Write BW Test
 Dual-port       : OFF		Device         : mlx5_3
 Number of qps   : 8		Transport type : IB
 Connection type : RC		Using SRQ      : OFF
 PCIe relax order: ON		Lock-free      : OFF
 ibv_wr* API     : ON		Using DDP      : OFF
 TX depth        : 128
 CQ Moderation   : 100
 CQE Poll Batch  : Dynamic
 Mtu             : 4096[B]
 Link type       : Ethernet
 GID index       : 3
 Max inline data : 0[B]
 rdma_cm QPs	 : ON
 Data ex. method : rdma_cm 	TOS    : 41
---------------------------------------------------------------------------------------
 local address: LID 0000 QPN 0x0153 PSN 0x7960ef
 GID: 00:00:00:00:00:00:00:00:00:00:255:255:192:168:100:90
 local address: LID 0000 QPN 0x0154 PSN 0xe069ad
 GID: 00:00:00:00:00:00:00:00:00:00:255:255:192:168:100:90
 local address: LID 0000 QPN 0x0155 PSN 0x6bedf3
 GID: 00:00:00:00:00:00:00:00:00:00:255:255:192:168:100:90
 local address: LID 0000 QPN 0x0156 PSN 0xe741c6
 GID: 00:00:00:00:00:00:00:00:00:00:255:255:192:168:100:90
 local address: LID 0000 QPN 0x0157 PSN 0x889b61
 GID: 00:00:00:00:00:00:00:00:00:00:255:255:192:168:100:90
 local address: LID 0000 QPN 0x0158 PSN 0xc7a3af
 GID: 00:00:00:00:00:00:00:00:00:00:255:255:192:168:100:90
 local address: LID 0000 QPN 0x0159 PSN 0x4dace2
 GID: 00:00:00:00:00:00:00:00:00:00:255:255:192:168:100:90
 local address: LID 0000 QPN 0x015a PSN 0x82e433
 GID: 00:00:00:00:00:00:00:00:00:00:255:255:192:168:100:90
 remote address: LID 0000 QPN 0x0171 PSN 0x5871dd
 GID: 00:00:00:00:00:00:00:00:00:00:255:255:192:168:100:92
 remote address: LID 0000 QPN 0x0172 PSN 0x787303
 GID: 00:00:00:00:00:00:00:00:00:00:255:255:192:168:100:92
 remote address: LID 0000 QPN 0x0173 PSN 0xd32b91
 GID: 00:00:00:00:00:00:00:00:00:00:255:255:192:168:100:92
 remote address: LID 0000 QPN 0x0174 PSN 0xe0720c
 GID: 00:00:00:00:00:00:00:00:00:00:255:255:192:168:100:92
 remote address: LID 0000 QPN 0x0175 PSN 0x890d2f
 GID: 00:00:00:00:00:00:00:00:00:00:255:255:192:168:100:92
 remote address: LID 0000 QPN 0x0176 PSN 0x1f2c65
 GID: 00:00:00:00:00:00:00:00:00:00:255:255:192:168:100:92
 remote address: LID 0000 QPN 0x0177 PSN 0x2e6660
 GID: 00:00:00:00:00:00:00:00:00:00:255:255:192:168:100:92
 remote address: LID 0000 QPN 0x0178 PSN 0x112d9
 GID: 00:00:00:00:00:00:00:00:00:00:255:255:192:168:100:92
---------------------------------------------------------------------------------------
 #bytes     #iterations    BW peak[Gb/sec]    BW average[Gb/sec]   MsgRate[Mpps]
 2          40000           0.031359            0.030871            1.929432
 4          40000           0.063548            0.063213            1.975414
 8          40000            0.13               0.12   		     1.949155
 16         40000            0.25               0.25   		     1.976394
 32         40000            0.51               0.51   		     1.979057
 64         40000            1.96               1.93   		     3.769193
 128        40000            3.89               3.86   		     3.772675
 256        40000            7.78               7.73   		     3.774732
 512        40000            15.57              15.44  		     3.768945
 1024       40000            30.82              30.67  		     3.743933
 2048       40000            61.13              60.74  		     3.707373
 4096       40000            121.26             120.25 		     3.669644
 8192       40000            223.08             194.52 		     2.968081
 16384      40000            225.99             225.89 		     1.723369
 32768      40000            226.16             226.12 		     0.862569
 65536      40000            226.25             226.22 		     0.431483
 131072     40000            226.25             226.23 		     0.215745
 262144     40000            226.24             226.23 		     0.107875
 524288     40000            226.24             226.23 		     0.053938
 1048576    40000            226.24             226.23 		     0.026969
 2097152    40000            226.21             226.21 		     0.013483
 4194304    40000            226.23             226.23 		     0.006742
 8388608    40000            226.21             226.21 		     0.003371
---------------------------------------------------------------------------------------
deallocating GPU buffer 00007fc696000000
destroying current CUDA Ctx
