Perftest doesn't supports CUDA tests with inline messages: inline size set to 0

************************************
* Waiting for client to connect... *
************************************
initializing CUDA
Listing all CUDA devices in system:
CUDA device 0: PCIe address is 06:00
CUDA device 1: PCIe address is 26:00
CUDA device 2: PCIe address is A6:00
CUDA device 3: PCIe address is C6:00

Picking device No. 0
[pid = 9817, dev = 0] device name = [NVIDIA H100 80GB HBM3]
creating CUDA Ctx
making it the current CUDA Ctx
CUDA device integrated: 0
using DMA-BUF for GPU buffer address at 0x7f9456000000 aligned at 0x7f9456000000 with aligned size 134217728
allocated GPU buffer of a 134217728 address at 0x143cc30 for type CUDA_MEM_DEVICE
Calling ibv_reg_dmabuf_mr(offset=0, size=134217728, addr=0x7f9456000000, fd=58) for QP #0
---------------------------------------------------------------------------------------
                    RDMA_Write BW Test
 Dual-port       : OFF		Device         : mlx5_4
 Number of qps   : 8		Transport type : IB
 Connection type : RC		Using SRQ      : OFF
 PCIe relax order: ON		Lock-free      : OFF
 ibv_wr* API     : ON		Using DDP      : OFF
 CQ Moderation   : 100
 CQE Poll Batch  : Dynamic
 Mtu             : 4096[B]
 Link type       : Ethernet
 GID index       : 3
 Max inline data : 0[B]
 rdma_cm QPs	 : ON
 Data ex. method : rdma_cm 	TOS    : 41
---------------------------------------------------------------------------------------
 Waiting for client rdma_cm QP to connect
 Please run the same command with the IB/RoCE interface IP
---------------------------------------------------------------------------------------
 local address: LID 0000 QPN 0x0195 PSN 0xd75138
 GID: 00:00:00:00:00:00:00:00:00:00:255:255:192:168:103:90
 local address: LID 0000 QPN 0x0196 PSN 0xd4ec2
 GID: 00:00:00:00:00:00:00:00:00:00:255:255:192:168:103:90
 local address: LID 0000 QPN 0x0197 PSN 0xb655e4
 GID: 00:00:00:00:00:00:00:00:00:00:255:255:192:168:103:90
 local address: LID 0000 QPN 0x0198 PSN 0x240963
 GID: 00:00:00:00:00:00:00:00:00:00:255:255:192:168:103:90
 local address: LID 0000 QPN 0x0199 PSN 0x7ca73a
 GID: 00:00:00:00:00:00:00:00:00:00:255:255:192:168:103:90
 local address: LID 0000 QPN 0x019a PSN 0x61a514
 GID: 00:00:00:00:00:00:00:00:00:00:255:255:192:168:103:90
 local address: LID 0000 QPN 0x019b PSN 0x3d02e3
 GID: 00:00:00:00:00:00:00:00:00:00:255:255:192:168:103:90
 local address: LID 0000 QPN 0x019c PSN 0x9b68a0
 GID: 00:00:00:00:00:00:00:00:00:00:255:255:192:168:103:90
 remote address: LID 0000 QPN 0x0195 PSN 0x28fe46
 GID: 00:00:00:00:00:00:00:00:00:00:255:255:192:168:103:92
 remote address: LID 0000 QPN 0x0196 PSN 0x3691b8
 GID: 00:00:00:00:00:00:00:00:00:00:255:255:192:168:103:92
 remote address: LID 0000 QPN 0x0197 PSN 0x38dca2
 GID: 00:00:00:00:00:00:00:00:00:00:255:255:192:168:103:92
 remote address: LID 0000 QPN 0x0198 PSN 0xee1c49
 GID: 00:00:00:00:00:00:00:00:00:00:255:255:192:168:103:92
 remote address: LID 0000 QPN 0x0199 PSN 0x895728
 GID: 00:00:00:00:00:00:00:00:00:00:255:255:192:168:103:92
 remote address: LID 0000 QPN 0x019a PSN 0x40616a
 GID: 00:00:00:00:00:00:00:00:00:00:255:255:192:168:103:92
 remote address: LID 0000 QPN 0x019b PSN 0x907781
 GID: 00:00:00:00:00:00:00:00:00:00:255:255:192:168:103:92
 remote address: LID 0000 QPN 0x019c PSN 0x9203e6
 GID: 00:00:00:00:00:00:00:00:00:00:255:255:192:168:103:92
---------------------------------------------------------------------------------------
 #bytes     #iterations    BW peak[Gb/sec]    BW average[Gb/sec]   MsgRate[Mpps]
 8388608    40000            111.10             111.04 		     0.001655
---------------------------------------------------------------------------------------
deallocating GPU buffer 00007f9456000000
destroying current CUDA Ctx
