Perftest doesn't supports CUDA tests with inline messages: inline size set to 0

************************************
* Waiting for client to connect... *
************************************
initializing CUDA
Listing all CUDA devices in system:
CUDA device 0: PCIe address is 06:00
CUDA device 1: PCIe address is 26:00
CUDA device 2: PCIe address is A6:00
CUDA device 3: PCIe address is C6:00

Picking device No. 0
[pid = 9837, dev = 0] device name = [NVIDIA H100 80GB HBM3]
creating CUDA Ctx
making it the current CUDA Ctx
CUDA device integrated: 0
using DMA-BUF for GPU buffer address at 0x7fbca0000000 aligned at 0x7fbca0000000 with aligned size 134217728
allocated GPU buffer of a 134217728 address at 0x725c30 for type CUDA_MEM_DEVICE
Calling ibv_reg_dmabuf_mr(offset=0, size=134217728, addr=0x7fbca0000000, fd=58) for QP #0
---------------------------------------------------------------------------------------
                    RDMA_Write BW Test
 Dual-port       : OFF		Device         : mlx5_5
 Number of qps   : 8		Transport type : IB
 Connection type : RC		Using SRQ      : OFF
 PCIe relax order: ON		Lock-free      : OFF
 ibv_wr* API     : ON		Using DDP      : OFF
 CQ Moderation   : 100
 CQE Poll Batch  : Dynamic
 Mtu             : 4096[B]
 Link type       : Ethernet
 GID index       : 3
 Max inline data : 0[B]
 rdma_cm QPs	 : ON
 Data ex. method : rdma_cm 	TOS    : 41
---------------------------------------------------------------------------------------
 Waiting for client rdma_cm QP to connect
 Please run the same command with the IB/RoCE interface IP
---------------------------------------------------------------------------------------
 local address: LID 0000 QPN 0x0182 PSN 0x8c8d4a
 GID: 00:00:00:00:00:00:00:00:00:00:255:255:192:168:102:90
 local address: LID 0000 QPN 0x0183 PSN 0x3e81a3
 GID: 00:00:00:00:00:00:00:00:00:00:255:255:192:168:102:90
 local address: LID 0000 QPN 0x0184 PSN 0x54b27b
 GID: 00:00:00:00:00:00:00:00:00:00:255:255:192:168:102:90
 local address: LID 0000 QPN 0x0185 PSN 0x7eac77
 GID: 00:00:00:00:00:00:00:00:00:00:255:255:192:168:102:90
 local address: LID 0000 QPN 0x0186 PSN 0x7e81f5
 GID: 00:00:00:00:00:00:00:00:00:00:255:255:192:168:102:90
 local address: LID 0000 QPN 0x0187 PSN 0x9d557d
 GID: 00:00:00:00:00:00:00:00:00:00:255:255:192:168:102:90
 local address: LID 0000 QPN 0x0188 PSN 0x7b0262
 GID: 00:00:00:00:00:00:00:00:00:00:255:255:192:168:102:90
 local address: LID 0000 QPN 0x0189 PSN 0x2ad87d
 GID: 00:00:00:00:00:00:00:00:00:00:255:255:192:168:102:90
 remote address: LID 0000 QPN 0x0173 PSN 0x786266
 GID: 00:00:00:00:00:00:00:00:00:00:255:255:192:168:102:92
 remote address: LID 0000 QPN 0x0174 PSN 0x78f358
 GID: 00:00:00:00:00:00:00:00:00:00:255:255:192:168:102:92
 remote address: LID 0000 QPN 0x0175 PSN 0xb22dc2
 GID: 00:00:00:00:00:00:00:00:00:00:255:255:192:168:102:92
 remote address: LID 0000 QPN 0x0176 PSN 0xf866e9
 GID: 00:00:00:00:00:00:00:00:00:00:255:255:192:168:102:92
 remote address: LID 0000 QPN 0x0177 PSN 0x76dd48
 GID: 00:00:00:00:00:00:00:00:00:00:255:255:192:168:102:92
 remote address: LID 0000 QPN 0x0178 PSN 0x633d0a
 GID: 00:00:00:00:00:00:00:00:00:00:255:255:192:168:102:92
 remote address: LID 0000 QPN 0x0179 PSN 0x39baa1
 GID: 00:00:00:00:00:00:00:00:00:00:255:255:192:168:102:92
 remote address: LID 0000 QPN 0x017a PSN 0x725886
 GID: 00:00:00:00:00:00:00:00:00:00:255:255:192:168:102:92
---------------------------------------------------------------------------------------
 #bytes     #iterations    BW peak[Gb/sec]    BW average[Gb/sec]   MsgRate[Mpps]
 8388608    40000            105.36             105.36 		     0.001570
---------------------------------------------------------------------------------------
deallocating GPU buffer 00007fbca0000000
destroying current CUDA Ctx
