Perftest doesn't supports CUDA tests with inline messages: inline size set to 0

************************************
* Waiting for client to connect... *
************************************
initializing CUDA
Listing all CUDA devices in system:
CUDA device 0: PCIe address is 06:00
CUDA device 1: PCIe address is 26:00
CUDA device 2: PCIe address is A6:00
CUDA device 3: PCIe address is C6:00

Picking device No. 1
[pid = 9781, dev = 1] device name = [NVIDIA H100 80GB HBM3]
creating CUDA Ctx
making it the current CUDA Ctx
CUDA device integrated: 0
using DMA-BUF for GPU buffer address at 0x7f3e18000000 aligned at 0x7f3e18000000 with aligned size 134217728
allocated GPU buffer of a 134217728 address at 0x1a98c30 for type CUDA_MEM_DEVICE
Calling ibv_reg_dmabuf_mr(offset=0, size=134217728, addr=0x7f3e18000000, fd=58) for QP #0
---------------------------------------------------------------------------------------
                    RDMA_Write BW Test
 Dual-port       : OFF		Device         : mlx5_2
 Number of qps   : 8		Transport type : IB
 Connection type : RC		Using SRQ      : OFF
 PCIe relax order: ON		Lock-free      : OFF
 ibv_wr* API     : ON		Using DDP      : OFF
 CQ Moderation   : 100
 CQE Poll Batch  : Dynamic
 Mtu             : 4096[B]
 Link type       : Ethernet
 GID index       : 3
 Max inline data : 0[B]
 rdma_cm QPs	 : ON
 Data ex. method : rdma_cm 	TOS    : 41
---------------------------------------------------------------------------------------
 Waiting for client rdma_cm QP to connect
 Please run the same command with the IB/RoCE interface IP
---------------------------------------------------------------------------------------
 local address: LID 0000 QPN 0x01f4 PSN 0xcec3ed
 GID: 00:00:00:00:00:00:00:00:00:00:255:255:192:168:101:90
 local address: LID 0000 QPN 0x01f5 PSN 0xca370a
 GID: 00:00:00:00:00:00:00:00:00:00:255:255:192:168:101:90
 local address: LID 0000 QPN 0x01f6 PSN 0xbf7956
 GID: 00:00:00:00:00:00:00:00:00:00:255:255:192:168:101:90
 local address: LID 0000 QPN 0x01f7 PSN 0x8219b6
 GID: 00:00:00:00:00:00:00:00:00:00:255:255:192:168:101:90
 local address: LID 0000 QPN 0x01f8 PSN 0x2e9fc8
 GID: 00:00:00:00:00:00:00:00:00:00:255:255:192:168:101:90
 local address: LID 0000 QPN 0x01f9 PSN 0xe99a54
 GID: 00:00:00:00:00:00:00:00:00:00:255:255:192:168:101:90
 local address: LID 0000 QPN 0x01fa PSN 0x17bed
 GID: 00:00:00:00:00:00:00:00:00:00:255:255:192:168:101:90
 local address: LID 0000 QPN 0x01fb PSN 0xc37aac
 GID: 00:00:00:00:00:00:00:00:00:00:255:255:192:168:101:90
 remote address: LID 0000 QPN 0x023b PSN 0x7fe713
 GID: 00:00:00:00:00:00:00:00:00:00:255:255:192:168:101:92
 remote address: LID 0000 QPN 0x023c PSN 0xd25238
 GID: 00:00:00:00:00:00:00:00:00:00:255:255:192:168:101:92
 remote address: LID 0000 QPN 0x023d PSN 0x65fec
 GID: 00:00:00:00:00:00:00:00:00:00:255:255:192:168:101:92
 remote address: LID 0000 QPN 0x023e PSN 0x250b94
 GID: 00:00:00:00:00:00:00:00:00:00:255:255:192:168:101:92
 remote address: LID 0000 QPN 0x023f PSN 0x850f4e
 GID: 00:00:00:00:00:00:00:00:00:00:255:255:192:168:101:92
 remote address: LID 0000 QPN 0x0240 PSN 0x717a62
 GID: 00:00:00:00:00:00:00:00:00:00:255:255:192:168:101:92
 remote address: LID 0000 QPN 0x0241 PSN 0x1075e3
 GID: 00:00:00:00:00:00:00:00:00:00:255:255:192:168:101:92
 remote address: LID 0000 QPN 0x0242 PSN 0x7eec6a
 GID: 00:00:00:00:00:00:00:00:00:00:255:255:192:168:101:92
---------------------------------------------------------------------------------------
 #bytes     #iterations    BW peak[Gb/sec]    BW average[Gb/sec]   MsgRate[Mpps]
 8388608    40000            169.87             169.85 		     0.002531
---------------------------------------------------------------------------------------
deallocating GPU buffer 00007f3e18000000
destroying current CUDA Ctx
