Hostname:, torchrun-multipod-0
NUM PODS : 2
NUM PROCS: 4
NUM_ITER  : 10
MODEL    : d12
BS        : 32
SEQ LEN   : 1024
GRAD ACCUM: 10
BS TOTAL  : 2621440
LOG FILE: /tmp/stdout_npods2_nprocs4_numiter10_gradaccum10_bs32_seq1024_totalbs2621440_runidnewoc2nodes.log
NODE RANK: 0
PROFILE  : 0
TAG      : 2_4_10_0_d12_newoc2nodes
RUNID    : newoc2nodes
Dumping initial: /proc/net/dev
W0428 01:32:34.160000 43 torch/distributed/run.py:792] 
W0428 01:32:34.160000 43 torch/distributed/run.py:792] *****************************************
W0428 01:32:34.160000 43 torch/distributed/run.py:792] Setting OMP_NUM_THREADS environment variable for each process to be 1 in default, to avoid your system being overloaded, please further tune the variable for optimal performance in your application as needed. 
W0428 01:32:34.160000 43 torch/distributed/run.py:792] *****************************************
Running pytorch 2.6.0+cu124
using device: cuda:0
total desired batch size: 2621440
=> calculated gradient accumulation steps: 10
using device: cuda:2
using device: cuda:3
using device: cuda:1
compiling the model...
DataLoader: total number of tokens: 100,000,000 across 1 files
num decayed parameter tensors: 50, with 124,318,464 parameters
num non-decayed parameter tensors: 98, with 121,344 parameters
using fused AdamW: False
using regular AdamW
step    1/10 | train loss 11.009525 | norm 15.3463 | lr 1.00e-04 | (169249.58 ms | 15489 tok/s)
step    2/10 | train loss 10.140072 | norm 5.7337 | lr 1.00e-04 | (1783.95 ms | 1469456 tok/s)
step    3/10 | train loss 9.800386 | norm 2.6008 | lr 1.00e-04 | (1821.26 ms | 1439358 tok/s)
step    4/10 | train loss 9.631468 | norm 2.1085 | lr 1.00e-04 | (1828.03 ms | 1434028 tok/s)
step    5/10 | train loss 9.548712 | norm 2.0999 | lr 1.00e-04 | (1801.22 ms | 1455365 tok/s)
step    6/10 | train loss 9.467642 | norm 1.9930 | lr 1.00e-04 | (1810.81 ms | 1447664 tok/s)
step    7/10 | train loss 9.382118 | norm 1.9433 | lr 1.00e-04 | (1811.83 ms | 1446845 tok/s)
step    8/10 | train loss 9.290379 | norm 1.9093 | lr 1.00e-04 | (1810.11 ms | 1448219 tok/s)
step    9/10 | train loss 9.195257 | norm 1.8505 | lr 1.00e-04 | (1800.24 ms | 1456158 tok/s)
step   10/10 | train loss 9.111427 | norm 1.7945 | lr 1.00e-04 | (1808.60 ms | 1449432 tok/s)
final 9 iters avg: 1808.450ms
peak memory consumption: 19590 MiB
Dumping final: /proc/net/dev
