Hostname:, torchrun-multipod-0
NUM PODS : 8
NUM PROCS: 4
NUM_ITER  : 10
MODEL    : d12
BS        : 32
SEQ LEN   : 1024
GRAD ACCUM: 1
BS TOTAL  : 1048576
LOG FILE: /tmp/stdout_npods8_nprocs4_numiter10_gradaccum1_bs32_seq1024_totalbs1048576_runidnewoc8nodes.log
NODE RANK: 0
PROFILE  : 0
TAG      : 8_4_1_0_d12_newoc8nodes
RUNID    : newoc8nodes
Dumping initial: /proc/net/dev
W0428 03:30:36.471000 43 torch/distributed/run.py:792] 
W0428 03:30:36.471000 43 torch/distributed/run.py:792] *****************************************
W0428 03:30:36.471000 43 torch/distributed/run.py:792] Setting OMP_NUM_THREADS environment variable for each process to be 1 in default, to avoid your system being overloaded, please further tune the variable for optimal performance in your application as needed. 
W0428 03:30:36.471000 43 torch/distributed/run.py:792] *****************************************
Running pytorch 2.6.0+cu124
using device: cuda:0
total desired batch size: 1048576
=> calculated gradient accumulation steps: 1
using device: cuda:1
using device: cuda:3
using device: cuda:2
compiling the model...
DataLoader: total number of tokens: 100,000,000 across 1 files
num decayed parameter tensors: 50, with 124,318,464 parameters
num non-decayed parameter tensors: 98, with 121,344 parameters
using fused AdamW: False
using regular AdamW
step    1/10 | train loss 11.010095 | norm 15.4734 | lr 1.00e-04 | (171157.36 ms | 6126 tok/s)
step    2/10 | train loss 10.132356 | norm 5.7712 | lr 1.00e-04 | (1325.85 ms | 790869 tok/s)
step    3/10 | train loss 9.790418 | norm 2.6207 | lr 1.00e-04 | (1292.88 ms | 811038 tok/s)
step    4/10 | train loss 9.620092 | norm 2.1209 | lr 1.00e-04 | (1224.54 ms | 856299 tok/s)
step    5/10 | train loss 9.536889 | norm 2.1162 | lr 1.00e-04 | (1218.31 ms | 860684 tok/s)
step    6/10 | train loss 9.455263 | norm 2.0054 | lr 1.00e-04 | (1234.39 ms | 849469 tok/s)
step    7/10 | train loss 9.369593 | norm 1.9545 | lr 1.00e-04 | (1230.35 ms | 852257 tok/s)
step    8/10 | train loss 9.277901 | norm 1.9223 | lr 1.00e-04 | (1232.57 ms | 850723 tok/s)
step    9/10 | train loss 9.182255 | norm 1.8716 | lr 1.00e-04 | (1237.97 ms | 847010 tok/s)
step   10/10 | train loss 9.094440 | norm 1.7971 | lr 1.00e-04 | (1223.64 ms | 856934 tok/s)
final 9 iters avg: 1246.723ms
peak memory consumption: 19114 MiB
Dumping final: /proc/net/dev
