Hostname:, torchrun-multipod-0
NUM PODS : 8
NUM PROCS: 4
NUM_ITER  : 10
MODEL    : d12
BS        : 32
SEQ LEN   : 1024
GRAD ACCUM: 3
BS TOTAL  : 3145728
LOG FILE: /tmp/stdout_npods8_nprocs4_numiter10_gradaccum3_bs32_seq1024_totalbs3145728_runidnewoc8nodes.log
NODE RANK: 0
PROFILE  : 0
TAG      : 8_4_3_0_d12_newoc8nodes
RUNID    : newoc8nodes
Dumping initial: /proc/net/dev
W0428 03:41:37.599000 45 torch/distributed/run.py:792] 
W0428 03:41:37.599000 45 torch/distributed/run.py:792] *****************************************
W0428 03:41:37.599000 45 torch/distributed/run.py:792] Setting OMP_NUM_THREADS environment variable for each process to be 1 in default, to avoid your system being overloaded, please further tune the variable for optimal performance in your application as needed. 
W0428 03:41:37.599000 45 torch/distributed/run.py:792] *****************************************
Running pytorch 2.6.0+cu124
using device: cuda:0
total desired batch size: 3145728
=> calculated gradient accumulation steps: 3
using device: cuda:2
using device: cuda:3
using device: cuda:1
compiling the model...
DataLoader: total number of tokens: 100,000,000 across 1 files
num decayed parameter tensors: 50, with 124,318,464 parameters
num non-decayed parameter tensors: 98, with 121,344 parameters
using fused AdamW: False
using regular AdamW
step    1/10 | train loss 11.009269 | norm 15.3564 | lr 1.00e-04 | (171236.35 ms | 18371 tok/s)
step    2/10 | train loss 10.139998 | norm 5.7233 | lr 1.00e-04 | (1428.63 ms | 2201917 tok/s)
step    3/10 | train loss 9.800400 | norm 2.6013 | lr 1.00e-04 | (1548.45 ms | 2031533 tok/s)
step    4/10 | train loss 9.631658 | norm 2.1118 | lr 1.00e-04 | (1403.23 ms | 2241784 tok/s)
step    5/10 | train loss 9.548891 | norm 2.0958 | lr 1.00e-04 | (1409.64 ms | 2231586 tok/s)
step    6/10 | train loss 9.468089 | norm 1.9942 | lr 1.00e-04 | (1519.59 ms | 2070123 tok/s)
step    7/10 | train loss 9.382742 | norm 1.9443 | lr 1.00e-04 | (1408.46 ms | 2233449 tok/s)
step    8/10 | train loss 9.291194 | norm 1.9106 | lr 1.00e-04 | (1400.69 ms | 2245844 tok/s)
step    9/10 | train loss 9.195948 | norm 1.8556 | lr 1.00e-04 | (1433.98 ms | 2193707 tok/s)
step   10/10 | train loss 9.110965 | norm 1.7933 | lr 1.00e-04 | (1411.08 ms | 2229299 tok/s)
final 9 iters avg: 1440.416ms
peak memory consumption: 19594 MiB
Dumping final: /proc/net/dev
