Hostname:, torchrun-multipod-0
NUM PODS : 8
NUM PROCS: 4
NUM_ITER  : 10
MODEL    : d12
BS        : 32
SEQ LEN   : 1024
GRAD ACCUM: 7
BS TOTAL  : 7340032
LOG FILE: /tmp/stdout_npods8_nprocs4_numiter10_gradaccum7_bs32_seq1024_totalbs7340032_runidnewoc8nodes.log
NODE RANK: 0
PROFILE  : 0
TAG      : 8_4_7_0_d12_newoc8nodes
RUNID    : newoc8nodes
Dumping initial: /proc/net/dev
W0428 04:03:38.542000 46 torch/distributed/run.py:792] 
W0428 04:03:38.542000 46 torch/distributed/run.py:792] *****************************************
W0428 04:03:38.542000 46 torch/distributed/run.py:792] Setting OMP_NUM_THREADS environment variable for each process to be 1 in default, to avoid your system being overloaded, please further tune the variable for optimal performance in your application as needed. 
W0428 04:03:38.542000 46 torch/distributed/run.py:792] *****************************************
Running pytorch 2.6.0+cu124
using device: cuda:0
total desired batch size: 7340032
=> calculated gradient accumulation steps: 7
using device: cuda:2
using device: cuda:1
using device: cuda:3
compiling the model...
DataLoader: total number of tokens: 100,000,000 across 1 files
num decayed parameter tensors: 50, with 124,318,464 parameters
num non-decayed parameter tensors: 98, with 121,344 parameters
using fused AdamW: False
using regular AdamW
step    1/10 | train loss 11.010054 | norm 15.2832 | lr 1.00e-04 | (171064.67 ms | 42908 tok/s)
step    2/10 | train loss 10.141738 | norm 5.7289 | lr 1.00e-04 | (1808.01 ms | 4059737 tok/s)
step    3/10 | train loss 9.803284 | norm 2.5890 | lr 1.00e-04 | (1762.07 ms | 4165583 tok/s)
step    4/10 | train loss 9.634909 | norm 2.0961 | lr 1.00e-04 | (1773.20 ms | 4139437 tok/s)
step    5/10 | train loss 9.552648 | norm 2.0913 | lr 1.00e-04 | (1738.07 ms | 4223088 tok/s)
step    6/10 | train loss 9.472693 | norm 1.9847 | lr 1.00e-04 | (1727.34 ms | 4249317 tok/s)
step    7/10 | train loss 9.388644 | norm 1.9334 | lr 1.00e-04 | (1755.12 ms | 4182069 tok/s)
step    8/10 | train loss 9.298845 | norm 1.9021 | lr 1.00e-04 | (1761.24 ms | 4167534 tok/s)
step    9/10 | train loss 9.205000 | norm 1.8558 | lr 1.00e-04 | (1728.35 ms | 4246837 tok/s)
step   10/10 | train loss 9.117805 | norm 1.7789 | lr 1.00e-04 | (1746.50 ms | 4202705 tok/s)
final 9 iters avg: 1755.544ms
peak memory consumption: 19594 MiB
Dumping final: /proc/net/dev
