Hostname:, torchrun-multipod-0
NUM PODS : 4
NUM PROCS: 4
NUM_ITER  : 10
MODEL    : d12
BS        : 32
SEQ LEN   : 1024
GRAD ACCUM: 6
BS TOTAL  : 3145728
LOG FILE: /tmp/stdout_npods4_nprocs4_numiter10_gradaccum6_bs32_seq1024_totalbs3145728_runidnewoc4nodes.log
NODE RANK: 0
PROFILE  : 0
TAG      : 4_4_6_0_d12_newoc4nodes
RUNID    : newoc4nodes
Dumping initial: /proc/net/dev
W0428 02:51:39.549000 44 torch/distributed/run.py:792] 
W0428 02:51:39.549000 44 torch/distributed/run.py:792] *****************************************
W0428 02:51:39.549000 44 torch/distributed/run.py:792] Setting OMP_NUM_THREADS environment variable for each process to be 1 in default, to avoid your system being overloaded, please further tune the variable for optimal performance in your application as needed. 
W0428 02:51:39.549000 44 torch/distributed/run.py:792] *****************************************
Running pytorch 2.6.0+cu124
using device: cuda:0
total desired batch size: 3145728
=> calculated gradient accumulation steps: 6
using device: cuda:1
using device: cuda:2
using device: cuda:3
compiling the model...
DataLoader: total number of tokens: 100,000,000 across 1 files
num decayed parameter tensors: 50, with 124,318,464 parameters
num non-decayed parameter tensors: 98, with 121,344 parameters
using fused AdamW: False
using regular AdamW
step    1/10 | train loss 11.009267 | norm 15.3564 | lr 1.00e-04 | (172134.50 ms | 18275 tok/s)
step    2/10 | train loss 10.139996 | norm 5.7233 | lr 1.00e-04 | (1572.71 ms | 2000192 tok/s)
step    3/10 | train loss 9.800402 | norm 2.6013 | lr 1.00e-04 | (1575.16 ms | 1997080 tok/s)
step    4/10 | train loss 9.631659 | norm 2.1118 | lr 1.00e-04 | (1589.24 ms | 1979394 tok/s)
step    5/10 | train loss 9.548895 | norm 2.0958 | lr 1.00e-04 | (1594.05 ms | 1973424 tok/s)
step    6/10 | train loss 9.468092 | norm 1.9942 | lr 1.00e-04 | (1563.64 ms | 2011795 tok/s)
step    7/10 | train loss 9.382745 | norm 1.9443 | lr 1.00e-04 | (1553.33 ms | 2025154 tok/s)
step    8/10 | train loss 9.291201 | norm 1.9106 | lr 1.00e-04 | (1710.02 ms | 1839584 tok/s)
step    9/10 | train loss 9.195953 | norm 1.8556 | lr 1.00e-04 | (1564.55 ms | 2010633 tok/s)
step   10/10 | train loss 9.110965 | norm 1.7932 | lr 1.00e-04 | (1573.13 ms | 1999658 tok/s)
final 9 iters avg: 1588.426ms
peak memory consumption: 19594 MiB
Dumping final: /proc/net/dev
