Hostname:, torchrun-multipod-0
NUM PODS : 4
NUM PROCS: 4
NUM_ITER  : 10
MODEL    : d12
BS        : 32
SEQ LEN   : 1024
GRAD ACCUM: 3
BS TOTAL  : 1572864
LOG FILE: /tmp/stdout_npods4_nprocs4_numiter10_gradaccum3_bs32_seq1024_totalbs1572864_runidnewoc4nodes.log
NODE RANK: 0
PROFILE  : 0
TAG      : 4_4_3_0_d12_newoc4nodes
RUNID    : newoc4nodes
Dumping initial: /proc/net/dev
W0428 02:37:00.294000 44 torch/distributed/run.py:792] 
W0428 02:37:00.294000 44 torch/distributed/run.py:792] *****************************************
W0428 02:37:00.294000 44 torch/distributed/run.py:792] Setting OMP_NUM_THREADS environment variable for each process to be 1 in default, to avoid your system being overloaded, please further tune the variable for optimal performance in your application as needed. 
W0428 02:37:00.294000 44 torch/distributed/run.py:792] *****************************************
Running pytorch 2.6.0+cu124
using device: cuda:0
total desired batch size: 1572864
=> calculated gradient accumulation steps: 3
using device: cuda:3
using device: cuda:1
using device: cuda:2
compiling the model...
DataLoader: total number of tokens: 100,000,000 across 1 files
num decayed parameter tensors: 50, with 124,318,464 parameters
num non-decayed parameter tensors: 98, with 121,344 parameters
using fused AdamW: False
using regular AdamW
step    1/10 | train loss 11.010139 | norm 15.4233 | lr 1.00e-04 | (171672.45 ms | 9162 tok/s)
step    2/10 | train loss 10.136946 | norm 5.7587 | lr 1.00e-04 | (1242.46 ms | 1265929 tok/s)
step    3/10 | train loss 9.795479 | norm 2.6123 | lr 1.00e-04 | (1245.99 ms | 1262337 tok/s)
step    4/10 | train loss 9.625642 | norm 2.1154 | lr 1.00e-04 | (1432.30 ms | 1098140 tok/s)
step    5/10 | train loss 9.542587 | norm 2.1031 | lr 1.00e-04 | (1253.26 ms | 1255015 tok/s)
step    6/10 | train loss 9.461349 | norm 1.9978 | lr 1.00e-04 | (1247.30 ms | 1261015 tok/s)
step    7/10 | train loss 9.375709 | norm 1.9472 | lr 1.00e-04 | (1258.05 ms | 1250243 tok/s)
step    8/10 | train loss 9.283990 | norm 1.9146 | lr 1.00e-04 | (1241.49 ms | 1266921 tok/s)
step    9/10 | train loss 9.188593 | norm 1.8601 | lr 1.00e-04 | (1259.45 ms | 1248849 tok/s)
step   10/10 | train loss 9.103165 | norm 1.7948 | lr 1.00e-04 | (1256.77 ms | 1251511 tok/s)
final 9 iters avg: 1270.785ms
peak memory consumption: 19594 MiB
Dumping final: /proc/net/dev
