Hostname:, torchrun-multipod-0
NUM PODS : 4
NUM PROCS: 4
NUM_ITER  : 10
MODEL    : d12
BS        : 32
SEQ LEN   : 1024
GRAD ACCUM: 10
BS TOTAL  : 5242880
LOG FILE: /tmp/stdout_npods4_nprocs4_numiter10_gradaccum10_bs32_seq1024_totalbs5242880_runidnewoc4nodes.log
NODE RANK: 0
PROFILE  : 0
TAG      : 4_4_10_0_d12_newoc4nodes
RUNID    : newoc4nodes
Dumping initial: /proc/net/dev
W0428 02:22:27.906000 43 torch/distributed/run.py:792] 
W0428 02:22:27.906000 43 torch/distributed/run.py:792] *****************************************
W0428 02:22:27.906000 43 torch/distributed/run.py:792] Setting OMP_NUM_THREADS environment variable for each process to be 1 in default, to avoid your system being overloaded, please further tune the variable for optimal performance in your application as needed. 
W0428 02:22:27.906000 43 torch/distributed/run.py:792] *****************************************
Running pytorch 2.6.0+cu124
using device: cuda:0
total desired batch size: 5242880
=> calculated gradient accumulation steps: 10
using device: cuda:1
using device: cuda:3
using device: cuda:2
compiling the model...
DataLoader: total number of tokens: 100,000,000 across 1 files
num decayed parameter tensors: 50, with 124,318,464 parameters
num non-decayed parameter tensors: 98, with 121,344 parameters
using fused AdamW: False
using regular AdamW
step    1/10 | train loss 11.010066 | norm 15.3474 | lr 1.00e-04 | (171309.37 ms | 30605 tok/s)
step    2/10 | train loss 10.140057 | norm 5.7420 | lr 1.00e-04 | (1866.55 ms | 2808866 tok/s)
step    3/10 | train loss 9.801187 | norm 2.5966 | lr 1.00e-04 | (1867.84 ms | 2806918 tok/s)
step    4/10 | train loss 9.632750 | norm 2.1051 | lr 1.00e-04 | (1831.07 ms | 2863290 tok/s)
step    5/10 | train loss 9.550313 | norm 2.0977 | lr 1.00e-04 | (1856.35 ms | 2824293 tok/s)
step    6/10 | train loss 9.470087 | norm 1.9901 | lr 1.00e-04 | (1856.91 ms | 2823445 tok/s)
step    7/10 | train loss 9.385624 | norm 1.9404 | lr 1.00e-04 | (1848.57 ms | 2836187 tok/s)
step    8/10 | train loss 9.295288 | norm 1.9082 | lr 1.00e-04 | (1858.11 ms | 2821622 tok/s)
step    9/10 | train loss 9.200840 | norm 1.8588 | lr 1.00e-04 | (1888.65 ms | 2775990 tok/s)
step   10/10 | train loss 9.114128 | norm 1.7863 | lr 1.00e-04 | (1878.11 ms | 2791578 tok/s)
final 9 iters avg: 1861.350ms
peak memory consumption: 19594 MiB
Dumping final: /proc/net/dev
