Hostname:, torchrun-multipod-0
NUM PODS : 4
NUM PROCS: 4
NUM_ITER  : 10
MODEL    : d12
BS        : 32
SEQ LEN   : 1024
GRAD ACCUM: 9
BS TOTAL  : 4718592
LOG FILE: /tmp/stdout_npods4_nprocs4_numiter10_gradaccum9_bs32_seq1024_totalbs4718592_runidnewoc4nodes.log
NODE RANK: 0
PROFILE  : 0
TAG      : 4_4_9_0_d12_newoc4nodes
RUNID    : newoc4nodes
Dumping initial: /proc/net/dev
W0428 03:06:23.973000 46 torch/distributed/run.py:792] 
W0428 03:06:23.973000 46 torch/distributed/run.py:792] *****************************************
W0428 03:06:23.973000 46 torch/distributed/run.py:792] Setting OMP_NUM_THREADS environment variable for each process to be 1 in default, to avoid your system being overloaded, please further tune the variable for optimal performance in your application as needed. 
W0428 03:06:23.973000 46 torch/distributed/run.py:792] *****************************************
Running pytorch 2.6.0+cu124
using device: cuda:0
total desired batch size: 4718592
=> calculated gradient accumulation steps: 9
using device: cuda:1
using device: cuda:3
using device: cuda:2
compiling the model...
DataLoader: total number of tokens: 100,000,000 across 1 files
num decayed parameter tensors: 50, with 124,318,464 parameters
num non-decayed parameter tensors: 98, with 121,344 parameters
using fused AdamW: False
using regular AdamW
step    1/10 | train loss 11.010197 | norm 15.3781 | lr 1.00e-04 | (170126.26 ms | 27736 tok/s)
step    2/10 | train loss 10.139423 | norm 5.7379 | lr 1.00e-04 | (1741.69 ms | 2709204 tok/s)
step    3/10 | train loss 9.800096 | norm 2.5972 | lr 1.00e-04 | (1715.13 ms | 2751151 tok/s)
step    4/10 | train loss 9.631590 | norm 2.1025 | lr 1.00e-04 | (1707.40 ms | 2763618 tok/s)
step    5/10 | train loss 9.549198 | norm 2.0954 | lr 1.00e-04 | (1732.91 ms | 2722935 tok/s)
step    6/10 | train loss 9.469118 | norm 1.9887 | lr 1.00e-04 | (1714.21 ms | 2752640 tok/s)
step    7/10 | train loss 9.384791 | norm 1.9384 | lr 1.00e-04 | (1723.07 ms | 2738482 tok/s)
step    8/10 | train loss 9.294780 | norm 1.9078 | lr 1.00e-04 | (1698.60 ms | 2777928 tok/s)
step    9/10 | train loss 9.200790 | norm 1.8597 | lr 1.00e-04 | (1735.67 ms | 2718597 tok/s)
step   10/10 | train loss 9.113815 | norm 1.7827 | lr 1.00e-04 | (1727.40 ms | 2731621 tok/s)
final 9 iters avg: 1721.786ms
peak memory consumption: 19594 MiB
Dumping final: /proc/net/dev
