Hostname:, torchrun-multipod-0
NUM PODS : 4
NUM PROCS: 4
NUM_ITER  : 10
MODEL    : d12
BS        : 32
SEQ LEN   : 1024
GRAD ACCUM: 2
BS TOTAL  : 1048576
LOG FILE: /tmp/stdout_npods4_nprocs4_numiter10_gradaccum2_bs32_seq1024_totalbs1048576_runidnewoc4nodes.log
NODE RANK: 0
PROFILE  : 0
TAG      : 4_4_2_0_d12_newoc4nodes
RUNID    : newoc4nodes
Dumping initial: /proc/net/dev
W0428 02:32:11.403000 43 torch/distributed/run.py:792] 
W0428 02:32:11.403000 43 torch/distributed/run.py:792] *****************************************
W0428 02:32:11.403000 43 torch/distributed/run.py:792] Setting OMP_NUM_THREADS environment variable for each process to be 1 in default, to avoid your system being overloaded, please further tune the variable for optimal performance in your application as needed. 
W0428 02:32:11.403000 43 torch/distributed/run.py:792] *****************************************
Running pytorch 2.6.0+cu124
using device: cuda:0
total desired batch size: 1048576
=> calculated gradient accumulation steps: 2
using device: cuda:2
using device: cuda:1
using device: cuda:3
compiling the model...
DataLoader: total number of tokens: 100,000,000 across 1 files
num decayed parameter tensors: 50, with 124,318,464 parameters
num non-decayed parameter tensors: 98, with 121,344 parameters
using fused AdamW: False
using regular AdamW
step    1/10 | train loss 11.010093 | norm 15.4734 | lr 1.00e-04 | (171555.60 ms | 6112 tok/s)
step    2/10 | train loss 10.132356 | norm 5.7713 | lr 1.00e-04 | (1239.29 ms | 846112 tok/s)
step    3/10 | train loss 9.790425 | norm 2.6207 | lr 1.00e-04 | (1394.07 ms | 752171 tok/s)
step    4/10 | train loss 9.620094 | norm 2.1209 | lr 1.00e-04 | (1247.43 ms | 840592 tok/s)
step    5/10 | train loss 9.536891 | norm 2.1163 | lr 1.00e-04 | (1265.79 ms | 828399 tok/s)
step    6/10 | train loss 9.455261 | norm 2.0054 | lr 1.00e-04 | (1388.60 ms | 755133 tok/s)
step    7/10 | train loss 9.369596 | norm 1.9545 | lr 1.00e-04 | (1256.95 ms | 834225 tok/s)
step    8/10 | train loss 9.277903 | norm 1.9223 | lr 1.00e-04 | (1208.35 ms | 867774 tok/s)
step    9/10 | train loss 9.182264 | norm 1.8716 | lr 1.00e-04 | (1271.69 ms | 824555 tok/s)
step   10/10 | train loss 9.094437 | norm 1.7972 | lr 1.00e-04 | (1284.38 ms | 816407 tok/s)
final 9 iters avg: 1284.058ms
peak memory consumption: 19592 MiB
Dumping final: /proc/net/dev
