Hostname:, torchrun-multipod-0
NUM PODS : 4
NUM PROCS: 4
NUM_ITER  : 10
MODEL    : d12
BS        : 32
SEQ LEN   : 1024
GRAD ACCUM: 7
BS TOTAL  : 3670016
LOG FILE: /tmp/stdout_npods4_nprocs4_numiter10_gradaccum7_bs32_seq1024_totalbs3670016_runidnewoc4nodes.log
NODE RANK: 0
PROFILE  : 0
TAG      : 4_4_7_0_d12_newoc4nodes
RUNID    : newoc4nodes
Dumping initial: /proc/net/dev
W0428 02:56:36.490000 44 torch/distributed/run.py:792] 
W0428 02:56:36.490000 44 torch/distributed/run.py:792] *****************************************
W0428 02:56:36.490000 44 torch/distributed/run.py:792] Setting OMP_NUM_THREADS environment variable for each process to be 1 in default, to avoid your system being overloaded, please further tune the variable for optimal performance in your application as needed. 
W0428 02:56:36.490000 44 torch/distributed/run.py:792] *****************************************
Running pytorch 2.6.0+cu124
using device: cuda:0
total desired batch size: 3670016
=> calculated gradient accumulation steps: 7
using device: cuda:3
using device: cuda:1
using device: cuda:2
compiling the model...
DataLoader: total number of tokens: 100,000,000 across 1 files
num decayed parameter tensors: 50, with 124,318,464 parameters
num non-decayed parameter tensors: 98, with 121,344 parameters
using fused AdamW: False
using regular AdamW
step    1/10 | train loss 11.010114 | norm 15.2904 | lr 1.00e-04 | (170516.39 ms | 21523 tok/s)
step    2/10 | train loss 10.140854 | norm 5.7211 | lr 1.00e-04 | (1578.43 ms | 2325112 tok/s)
step    3/10 | train loss 9.801556 | norm 2.5941 | lr 1.00e-04 | (1684.02 ms | 2179316 tok/s)
step    4/10 | train loss 9.632924 | norm 2.0997 | lr 1.00e-04 | (1555.64 ms | 2359167 tok/s)
step    5/10 | train loss 9.550364 | norm 2.0944 | lr 1.00e-04 | (1556.76 ms | 2357469 tok/s)
step    6/10 | train loss 9.469851 | norm 1.9874 | lr 1.00e-04 | (1585.65 ms | 2314518 tok/s)
step    7/10 | train loss 9.385089 | norm 1.9374 | lr 1.00e-04 | (1569.34 ms | 2338578 tok/s)
step    8/10 | train loss 9.294361 | norm 1.9058 | lr 1.00e-04 | (1582.99 ms | 2318404 tok/s)
step    9/10 | train loss 9.199850 | norm 1.8538 | lr 1.00e-04 | (1560.66 ms | 2351577 tok/s)
step   10/10 | train loss 9.114299 | norm 1.7841 | lr 1.00e-04 | (1579.02 ms | 2324244 tok/s)
final 9 iters avg: 1583.612ms
peak memory consumption: 19594 MiB
Dumping final: /proc/net/dev
