Hostname:, torchrun-multipod-0
NUM PODS : 1
NUM PROCS: 4
NUM_ITER  : 10
MODEL    : d12
BS        : 32
SEQ LEN   : 1024
GRAD ACCUM: 5
BS TOTAL  : 655360
LOG FILE: /tmp/stdout_npods1_nprocs4_numiter10_gradaccum5_bs32_seq1024_totalbs655360_runidnewoc1nodes.log
NODE RANK: 0
PROFILE  : 0
TAG      : 1_4_5_0_d12_newoc1nodes
RUNID    : newoc1nodes
Dumping initial: /proc/net/dev
W0428 05:02:37.462000 44 torch/distributed/run.py:792] 
W0428 05:02:37.462000 44 torch/distributed/run.py:792] *****************************************
W0428 05:02:37.462000 44 torch/distributed/run.py:792] Setting OMP_NUM_THREADS environment variable for each process to be 1 in default, to avoid your system being overloaded, please further tune the variable for optimal performance in your application as needed. 
W0428 05:02:37.462000 44 torch/distributed/run.py:792] *****************************************
Running pytorch 2.6.0+cu124
using device: cuda:0
total desired batch size: 655360
=> calculated gradient accumulation steps: 5
using device: cuda:3
using device: cuda:1
using device: cuda:2
compiling the model...
DataLoader: total number of tokens: 100,000,000 across 1 files
num decayed parameter tensors: 50, with 124,318,464 parameters
num non-decayed parameter tensors: 98, with 121,344 parameters
using fused AdamW: False
using regular AdamW
step    1/10 | train loss 11.009865 | norm 15.6573 | lr 1.00e-04 | (169249.22 ms | 3872 tok/s)
step    2/10 | train loss 10.125185 | norm 5.7900 | lr 1.00e-04 | (415.06 ms | 1578940 tok/s)
step    3/10 | train loss 9.780491 | norm 2.6336 | lr 1.00e-04 | (412.84 ms | 1587441 tok/s)
step    4/10 | train loss 9.610162 | norm 2.1257 | lr 1.00e-04 | (412.69 ms | 1588018 tok/s)
step    5/10 | train loss 9.527073 | norm 2.1185 | lr 1.00e-04 | (413.73 ms | 1584039 tok/s)
step    6/10 | train loss 9.445531 | norm 2.0090 | lr 1.00e-04 | (413.22 ms | 1585972 tok/s)
step    7/10 | train loss 9.360233 | norm 1.9588 | lr 1.00e-04 | (412.82 ms | 1587528 tok/s)
step    8/10 | train loss 9.269672 | norm 1.9238 | lr 1.00e-04 | (413.46 ms | 1585054 tok/s)
step    9/10 | train loss 9.175789 | norm 1.8738 | lr 1.00e-04 | (416.64 ms | 1572949 tok/s)
step   10/10 | train loss 9.086975 | norm 1.7919 | lr 1.00e-04 | (413.55 ms | 1584717 tok/s)
final 9 iters avg: 413.780ms
peak memory consumption: 19594 MiB
Dumping final: /proc/net/dev
