Hostname:, torchrun-multipod-0
NUM PODS : 1
NUM PROCS: 4
NUM_ITER  : 10
MODEL    : d12
BS        : 32
SEQ LEN   : 1024
GRAD ACCUM: 6
BS TOTAL  : 786432
LOG FILE: /tmp/stdout_npods1_nprocs4_numiter10_gradaccum6_bs32_seq1024_totalbs786432_runidnewoc1nodes.log
NODE RANK: 0
PROFILE  : 0
TAG      : 1_4_6_0_d12_newoc1nodes
RUNID    : newoc1nodes
Dumping initial: /proc/net/dev
W0428 05:06:47.678000 44 torch/distributed/run.py:792] 
W0428 05:06:47.678000 44 torch/distributed/run.py:792] *****************************************
W0428 05:06:47.678000 44 torch/distributed/run.py:792] Setting OMP_NUM_THREADS environment variable for each process to be 1 in default, to avoid your system being overloaded, please further tune the variable for optimal performance in your application as needed. 
W0428 05:06:47.678000 44 torch/distributed/run.py:792] *****************************************
Running pytorch 2.6.0+cu124
using device: cuda:0
total desired batch size: 786432
=> calculated gradient accumulation steps: 6
using device: cuda:3
using device: cuda:1
using device: cuda:2
compiling the model...
DataLoader: total number of tokens: 100,000,000 across 1 files
num decayed parameter tensors: 50, with 124,318,464 parameters
num non-decayed parameter tensors: 98, with 121,344 parameters
using fused AdamW: False
using regular AdamW
step    1/10 | train loss 11.010591 | norm 15.5177 | lr 1.00e-04 | (165608.11 ms | 4749 tok/s)
step    2/10 | train loss 10.133058 | norm 5.7704 | lr 1.00e-04 | (490.35 ms | 1603803 tok/s)
step    3/10 | train loss 9.789812 | norm 2.6244 | lr 1.00e-04 | (491.78 ms | 1599144 tok/s)
step    4/10 | train loss 9.619393 | norm 2.1221 | lr 1.00e-04 | (493.81 ms | 1592584 tok/s)
step    5/10 | train loss 9.536023 | norm 2.1102 | lr 1.00e-04 | (491.77 ms | 1599192 tok/s)
step    6/10 | train loss 9.454281 | norm 2.0041 | lr 1.00e-04 | (493.95 ms | 1592116 tok/s)
step    7/10 | train loss 9.368488 | norm 1.9534 | lr 1.00e-04 | (492.59 ms | 1596519 tok/s)
step    8/10 | train loss 9.276949 | norm 1.9199 | lr 1.00e-04 | (492.17 ms | 1597890 tok/s)
step    9/10 | train loss 9.181939 | norm 1.8692 | lr 1.00e-04 | (496.36 ms | 1584383 tok/s)
step   10/10 | train loss 9.094182 | norm 1.7928 | lr 1.00e-04 | (497.28 ms | 1581477 tok/s)
final 9 iters avg: 493.341ms
peak memory consumption: 19594 MiB
Dumping final: /proc/net/dev
