Hostname:, torchrun-multipod-0
NUM PODS : 1
NUM PROCS: 4
NUM_ITER  : 10
MODEL    : d12
BS        : 32
SEQ LEN   : 1024
GRAD ACCUM: 2
BS TOTAL  : 262144
LOG FILE: /tmp/stdout_npods1_nprocs4_numiter10_gradaccum2_bs32_seq1024_totalbs262144_runidnewoc1nodes.log
NODE RANK: 0
PROFILE  : 0
TAG      : 1_4_2_0_d12_newoc1nodes
RUNID    : newoc1nodes
Dumping initial: /proc/net/dev
W0428 04:50:12.767000 44 torch/distributed/run.py:792] 
W0428 04:50:12.767000 44 torch/distributed/run.py:792] *****************************************
W0428 04:50:12.767000 44 torch/distributed/run.py:792] Setting OMP_NUM_THREADS environment variable for each process to be 1 in default, to avoid your system being overloaded, please further tune the variable for optimal performance in your application as needed. 
W0428 04:50:12.767000 44 torch/distributed/run.py:792] *****************************************
Running pytorch 2.6.0+cu124
using device: cuda:0
total desired batch size: 262144
=> calculated gradient accumulation steps: 2
using device: cuda:1
using device: cuda:2
using device: cuda:3
compiling the model...
DataLoader: total number of tokens: 100,000,000 across 1 files
num decayed parameter tensors: 50, with 124,318,464 parameters
num non-decayed parameter tensors: 98, with 121,344 parameters
using fused AdamW: False
using regular AdamW
step    1/10 | train loss 11.008533 | norm 15.8511 | lr 1.00e-04 | (167082.04 ms | 1569 tok/s)
step    2/10 | train loss 10.116473 | norm 5.8733 | lr 1.00e-04 | (179.01 ms | 1464422 tok/s)
step    3/10 | train loss 9.766001 | norm 2.6306 | lr 1.00e-04 | (177.46 ms | 1477183 tok/s)
step    4/10 | train loss 9.596247 | norm 2.1068 | lr 1.00e-04 | (177.19 ms | 1479449 tok/s)
step    5/10 | train loss 9.513397 | norm 2.1000 | lr 1.00e-04 | (177.07 ms | 1480437 tok/s)
step    6/10 | train loss 9.431199 | norm 1.9936 | lr 1.00e-04 | (177.35 ms | 1478085 tok/s)
step    7/10 | train loss 9.345903 | norm 1.9370 | lr 1.00e-04 | (177.33 ms | 1478313 tok/s)
step    8/10 | train loss 9.256418 | norm 1.9010 | lr 1.00e-04 | (178.16 ms | 1471401 tok/s)
step    9/10 | train loss 9.164143 | norm 1.8592 | lr 1.00e-04 | (176.84 ms | 1482387 tok/s)
step   10/10 | train loss 9.071945 | norm 1.7839 | lr 1.00e-04 | (177.94 ms | 1473238 tok/s)
final 9 iters avg: 177.594ms
peak memory consumption: 19594 MiB
Dumping final: /proc/net/dev
