Hostname:, torchrun-multipod-0
NUM PODS : 1
NUM PROCS: 4
NUM_ITER  : 10
MODEL    : d12
BS        : 32
SEQ LEN   : 1024
GRAD ACCUM: 7
BS TOTAL  : 917504
LOG FILE: /tmp/stdout_npods1_nprocs4_numiter10_gradaccum7_bs32_seq1024_totalbs917504_runidnewoc1nodes.log
NODE RANK: 0
PROFILE  : 0
TAG      : 1_4_7_0_d12_newoc1nodes
RUNID    : newoc1nodes
Dumping initial: /proc/net/dev
W0428 05:10:54.805000 44 torch/distributed/run.py:792] 
W0428 05:10:54.805000 44 torch/distributed/run.py:792] *****************************************
W0428 05:10:54.805000 44 torch/distributed/run.py:792] Setting OMP_NUM_THREADS environment variable for each process to be 1 in default, to avoid your system being overloaded, please further tune the variable for optimal performance in your application as needed. 
W0428 05:10:54.805000 44 torch/distributed/run.py:792] *****************************************
Running pytorch 2.6.0+cu124
using device: cuda:0
total desired batch size: 917504
=> calculated gradient accumulation steps: 7
using device: cuda:2
using device: cuda:1
using device: cuda:3
compiling the model...
DataLoader: total number of tokens: 100,000,000 across 1 files
num decayed parameter tensors: 50, with 124,318,464 parameters
num non-decayed parameter tensors: 98, with 121,344 parameters
using fused AdamW: False
using regular AdamW
step    1/10 | train loss 11.010629 | norm 15.4822 | lr 1.00e-04 | (167365.10 ms | 5482 tok/s)
step    2/10 | train loss 10.131082 | norm 5.7729 | lr 1.00e-04 | (574.64 ms | 1596646 tok/s)
step    3/10 | train loss 9.787624 | norm 2.6266 | lr 1.00e-04 | (574.39 ms | 1597345 tok/s)
step    4/10 | train loss 9.616814 | norm 2.1227 | lr 1.00e-04 | (573.47 ms | 1599903 tok/s)
step    5/10 | train loss 9.533213 | norm 2.1173 | lr 1.00e-04 | (575.11 ms | 1595355 tok/s)
step    6/10 | train loss 9.451192 | norm 2.0070 | lr 1.00e-04 | (576.13 ms | 1592532 tok/s)
step    7/10 | train loss 9.365076 | norm 1.9567 | lr 1.00e-04 | (576.37 ms | 1591858 tok/s)
step    8/10 | train loss 9.272899 | norm 1.9244 | lr 1.00e-04 | (576.12 ms | 1592561 tok/s)
step    9/10 | train loss 9.177179 | norm 1.8694 | lr 1.00e-04 | (576.60 ms | 1591232 tok/s)
step   10/10 | train loss 9.090705 | norm 1.8006 | lr 1.00e-04 | (578.90 ms | 1584919 tok/s)
final 9 iters avg: 575.749ms
peak memory consumption: 19594 MiB
Dumping final: /proc/net/dev
