Disabling dynamic polling

************************************
* Waiting for client to connect... *
************************************
---------------------------------------------------------------------------------------
                    RDMA_Read BW Test
 Dual-port       : OFF		Device         : mlx5_2
 Number of qps   : 8		Transport type : IB
 Connection type : RC		Using SRQ      : OFF
 PCIe relax order: ON		Lock-free      : OFF
 ibv_wr* API     : ON		Using DDP      : OFF
 CQ Moderation   : 100
 CQE Poll Batch  : 16
 Mtu             : 4096[B]
 Link type       : Ethernet
 GID index       : 3
 Outstand reads  : 16
 rdma_cm QPs	 : ON
 Data ex. method : rdma_cm 	TOS    : 41
---------------------------------------------------------------------------------------
 Waiting for client rdma_cm QP to connect
 Please run the same command with the IB/RoCE interface IP
---------------------------------------------------------------------------------------
 local address: LID 0000 QPN 0x01aa PSN 0x63a494
 GID: 00:00:00:00:00:00:00:00:00:00:255:255:192:168:100:92
 local address: LID 0000 QPN 0x01ab PSN 0x8174ee
 GID: 00:00:00:00:00:00:00:00:00:00:255:255:192:168:100:92
 local address: LID 0000 QPN 0x01ac PSN 0x61ea0
 GID: 00:00:00:00:00:00:00:00:00:00:255:255:192:168:100:92
 local address: LID 0000 QPN 0x01ad PSN 0xc5696f
 GID: 00:00:00:00:00:00:00:00:00:00:255:255:192:168:100:92
 local address: LID 0000 QPN 0x01ae PSN 0x8d5456
 GID: 00:00:00:00:00:00:00:00:00:00:255:255:192:168:100:92
 local address: LID 0000 QPN 0x01af PSN 0xd28200
 GID: 00:00:00:00:00:00:00:00:00:00:255:255:192:168:100:92
 local address: LID 0000 QPN 0x01b0 PSN 0x571b5f
 GID: 00:00:00:00:00:00:00:00:00:00:255:255:192:168:100:92
 local address: LID 0000 QPN 0x01b1 PSN 0x73d6c
 GID: 00:00:00:00:00:00:00:00:00:00:255:255:192:168:100:92
 remote address: LID 0000 QPN 0x01ab PSN 0x39a552
 GID: 00:00:00:00:00:00:00:00:00:00:255:255:192:168:100:94
 remote address: LID 0000 QPN 0x01ac PSN 0x7279d4
 GID: 00:00:00:00:00:00:00:00:00:00:255:255:192:168:100:94
 remote address: LID 0000 QPN 0x01ad PSN 0x13d88e
 GID: 00:00:00:00:00:00:00:00:00:00:255:255:192:168:100:94
 remote address: LID 0000 QPN 0x01ae PSN 0x1167c5
 GID: 00:00:00:00:00:00:00:00:00:00:255:255:192:168:100:94
 remote address: LID 0000 QPN 0x01af PSN 0xb1e2f4
 GID: 00:00:00:00:00:00:00:00:00:00:255:255:192:168:100:94
 remote address: LID 0000 QPN 0x01b0 PSN 0x2d2f46
 GID: 00:00:00:00:00:00:00:00:00:00:255:255:192:168:100:94
 remote address: LID 0000 QPN 0x01b1 PSN 0x27c62d
 GID: 00:00:00:00:00:00:00:00:00:00:255:255:192:168:100:94
 remote address: LID 0000 QPN 0x01b2 PSN 0x3d0b22
 GID: 00:00:00:00:00:00:00:00:00:00:255:255:192:168:100:94
---------------------------------------------------------------------------------------
 #bytes     #iterations    BW peak[Gb/sec]    BW average[Gb/sec]   MsgRate[Mpps]
 8388608    8000             231.98             231.98 		     0.003457
---------------------------------------------------------------------------------------
