Disabling dynamic polling
---------------------------------------------------------------------------------------
                    RDMA_Read BW Test
 Dual-port       : OFF		Device         : mlx5_2
 Number of qps   : 8		Transport type : IB
 Connection type : RC		Using SRQ      : OFF
 PCIe relax order: ON		Lock-free      : OFF
 ibv_wr* API     : ON		Using DDP      : OFF
 TX depth        : 128
 CQ Moderation   : 100
 CQE Poll Batch  : 16
 Mtu             : 4096[B]
 Link type       : Ethernet
 GID index       : 3
 Outstand reads  : 16
 rdma_cm QPs	 : ON
 Data ex. method : rdma_cm 	TOS    : 41
---------------------------------------------------------------------------------------
 local address: LID 0000 QPN 0x015b PSN 0x96694b
 GID: 00:00:00:00:00:00:00:00:00:00:255:255:192:168:100:94
 local address: LID 0000 QPN 0x015c PSN 0x8fa0d9
 GID: 00:00:00:00:00:00:00:00:00:00:255:255:192:168:100:94
 local address: LID 0000 QPN 0x015d PSN 0x27f3af
 GID: 00:00:00:00:00:00:00:00:00:00:255:255:192:168:100:94
 local address: LID 0000 QPN 0x015e PSN 0x6c9ad2
 GID: 00:00:00:00:00:00:00:00:00:00:255:255:192:168:100:94
 local address: LID 0000 QPN 0x015f PSN 0x604d7d
 GID: 00:00:00:00:00:00:00:00:00:00:255:255:192:168:100:94
 local address: LID 0000 QPN 0x0160 PSN 0x73a19b
 GID: 00:00:00:00:00:00:00:00:00:00:255:255:192:168:100:94
 local address: LID 0000 QPN 0x0161 PSN 0x3ad25e
 GID: 00:00:00:00:00:00:00:00:00:00:255:255:192:168:100:94
 local address: LID 0000 QPN 0x0162 PSN 0x7941ff
 GID: 00:00:00:00:00:00:00:00:00:00:255:255:192:168:100:94
 remote address: LID 0000 QPN 0x015a PSN 0x287126
 GID: 00:00:00:00:00:00:00:00:00:00:255:255:192:168:100:92
 remote address: LID 0000 QPN 0x015b PSN 0xafbb18
 GID: 00:00:00:00:00:00:00:00:00:00:255:255:192:168:100:92
 remote address: LID 0000 QPN 0x015c PSN 0x7bba82
 GID: 00:00:00:00:00:00:00:00:00:00:255:255:192:168:100:92
 remote address: LID 0000 QPN 0x015d PSN 0x3dd4a9
 GID: 00:00:00:00:00:00:00:00:00:00:255:255:192:168:100:92
 remote address: LID 0000 QPN 0x015e PSN 0xa11808
 GID: 00:00:00:00:00:00:00:00:00:00:255:255:192:168:100:92
 remote address: LID 0000 QPN 0x015f PSN 0x26c0ca
 GID: 00:00:00:00:00:00:00:00:00:00:255:255:192:168:100:92
 remote address: LID 0000 QPN 0x0160 PSN 0xd75361
 GID: 00:00:00:00:00:00:00:00:00:00:255:255:192:168:100:92
 remote address: LID 0000 QPN 0x0161 PSN 0xc8e246
 GID: 00:00:00:00:00:00:00:00:00:00:255:255:192:168:100:92
---------------------------------------------------------------------------------------
 #bytes     #iterations    BW peak[Gb/sec]    BW average[Gb/sec]   MsgRate[Mpps]
 2          8000           0.060914            0.060550            3.784367
 4          8000             0.12               0.12   		     3.802021
 8          8000             0.25               0.24   		     3.803474
 16         8000             0.50               0.49   		     3.793933
 32         8000             0.98               0.96   		     3.756115
 64         8000             1.98               1.95   		     3.811901
 128        8000             3.95               3.89   		     3.795282
 256        8000             7.90               7.77   		     3.795589
 512        8000             15.67              15.48  		     3.779147
 1024       8000             31.35              30.86  		     3.766656
 2048       8000             62.27              60.98  		     3.721986
 4096       8000             119.69             115.35 		     3.520057
 8192       8000             223.76             223.37 		     3.408287
 16384      8000             230.04             229.92 		     1.754117
 32768      8000             230.67             230.60 		     0.879684
 65536      8000             230.85             230.82 		     0.440246
 131072     8000             230.58             230.57 		     0.219888
 262144     8000             230.76             230.75 		     0.110032
 524288     8000             230.78             230.77 		     0.055021
 1048576    8000             230.81             230.80 		     0.027514
 2097152    8000             230.81             230.81 		     0.013757
 4194304    8000             230.85             230.85 		     0.006880
 8388608    8000             230.85             230.85 		     0.003440
---------------------------------------------------------------------------------------
