Disabling dynamic polling
---------------------------------------------------------------------------------------
                    RDMA_Read BW Test
 Dual-port       : OFF		Device         : mlx5_2
 Number of qps   : 8		Transport type : IB
 Connection type : RC		Using SRQ      : OFF
 PCIe relax order: ON		Lock-free      : OFF
 ibv_wr* API     : ON		Using DDP      : OFF
 TX depth        : 128
 CQ Moderation   : 100
 CQE Poll Batch  : 16
 Mtu             : 4096[B]
 Link type       : Ethernet
 GID index       : 3
 Outstand reads  : 16
 rdma_cm QPs	 : ON
 Data ex. method : rdma_cm 	TOS    : 41
---------------------------------------------------------------------------------------
 local address: LID 0000 QPN 0x0128 PSN 0xe8efb0
 GID: 00:00:00:00:00:00:00:00:00:00:255:255:192:168:100:94
 local address: LID 0000 QPN 0x0129 PSN 0x8d97da
 GID: 00:00:00:00:00:00:00:00:00:00:255:255:192:168:100:94
 local address: LID 0000 QPN 0x012a PSN 0x21051c
 GID: 00:00:00:00:00:00:00:00:00:00:255:255:192:168:100:94
 local address: LID 0000 QPN 0x012b PSN 0x9cf43b
 GID: 00:00:00:00:00:00:00:00:00:00:255:255:192:168:100:94
 local address: LID 0000 QPN 0x012c PSN 0x16b532
 GID: 00:00:00:00:00:00:00:00:00:00:255:255:192:168:100:94
 local address: LID 0000 QPN 0x012d PSN 0x2667ac
 GID: 00:00:00:00:00:00:00:00:00:00:255:255:192:168:100:94
 local address: LID 0000 QPN 0x012e PSN 0xf86d9b
 GID: 00:00:00:00:00:00:00:00:00:00:255:255:192:168:100:94
 local address: LID 0000 QPN 0x012f PSN 0xe928f8
 GID: 00:00:00:00:00:00:00:00:00:00:255:255:192:168:100:94
 remote address: LID 0000 QPN 0x0128 PSN 0xe8efb0
 GID: 00:00:00:00:00:00:00:00:00:00:255:255:192:168:100:92
 remote address: LID 0000 QPN 0x0129 PSN 0x8d97da
 GID: 00:00:00:00:00:00:00:00:00:00:255:255:192:168:100:92
 remote address: LID 0000 QPN 0x012a PSN 0x21051c
 GID: 00:00:00:00:00:00:00:00:00:00:255:255:192:168:100:92
 remote address: LID 0000 QPN 0x012b PSN 0x9cf43b
 GID: 00:00:00:00:00:00:00:00:00:00:255:255:192:168:100:92
 remote address: LID 0000 QPN 0x012c PSN 0x16b532
 GID: 00:00:00:00:00:00:00:00:00:00:255:255:192:168:100:92
 remote address: LID 0000 QPN 0x012d PSN 0x2667ac
 GID: 00:00:00:00:00:00:00:00:00:00:255:255:192:168:100:92
 remote address: LID 0000 QPN 0x012e PSN 0xf86d9b
 GID: 00:00:00:00:00:00:00:00:00:00:255:255:192:168:100:92
 remote address: LID 0000 QPN 0x012f PSN 0xe928f8
 GID: 00:00:00:00:00:00:00:00:00:00:255:255:192:168:100:92
---------------------------------------------------------------------------------------
 #bytes     #iterations    BW peak[Gb/sec]    BW average[Gb/sec]   MsgRate[Mpps]
 2          8000           0.081999            0.081877            5.117335
 4          8000             0.17               0.16   		     5.154075
 8          8000             0.33               0.33   		     5.121364
 16         8000             0.66               0.66   		     5.139175
 32         8000             1.32               1.31   		     5.115254
 64         8000             2.64               2.63   		     5.136503
 128        8000             5.28               5.28   		     5.152382
 256        8000             10.52              10.52  		     5.134656
 512        8000             20.99              20.98  		     5.123016
 1024       8000             41.70              41.65  		     5.084693
 2048       8000             81.74              81.46  		     4.972026
 4096       8000             161.32             160.91 		     4.910731
 8192       8000             228.61             228.39 		     3.485019
 16384      8000             230.22             230.15 		     1.755880
 32768      8000             230.67             230.63 		     0.879788
 65536      8000             230.58             230.58 		     0.439793
 131072     8000             230.90             230.88 		     0.220183
 262144     8000             230.91             230.91 		     0.110104
 524288     8000             230.90             230.90 		     0.055051
 1048576    8000             230.89             230.89 		     0.027524
 2097152    8000             230.89             230.89 		     0.013762
 4194304    8000             230.90             230.90 		     0.006881
 8388608    8000             230.92             230.92 		     0.003441
---------------------------------------------------------------------------------------
