Disabling dynamic polling
---------------------------------------------------------------------------------------
                    RDMA_Read BW Test
 Dual-port       : OFF		Device         : mlx5_2
 Number of qps   : 8		Transport type : IB
 Connection type : RC		Using SRQ      : OFF
 PCIe relax order: ON		Lock-free      : OFF
 ibv_wr* API     : ON		Using DDP      : OFF
 TX depth        : 128
 CQ Moderation   : 100
 CQE Poll Batch  : 16
 Mtu             : 4096[B]
 Link type       : Ethernet
 GID index       : 3
 Outstand reads  : 16
 rdma_cm QPs	 : ON
 Data ex. method : rdma_cm 	TOS    : 41
---------------------------------------------------------------------------------------
 local address: LID 0000 QPN 0x01d3 PSN 0x9efe36
 GID: 00:00:00:00:00:00:00:00:00:00:255:255:192:168:100:94
 local address: LID 0000 QPN 0x01d4 PSN 0xa62ae8
 GID: 00:00:00:00:00:00:00:00:00:00:255:255:192:168:100:94
 local address: LID 0000 QPN 0x01d5 PSN 0x9e3612
 GID: 00:00:00:00:00:00:00:00:00:00:255:255:192:168:100:94
 local address: LID 0000 QPN 0x01d6 PSN 0xafd0f9
 GID: 00:00:00:00:00:00:00:00:00:00:255:255:192:168:100:94
 local address: LID 0000 QPN 0x01d7 PSN 0x996618
 GID: 00:00:00:00:00:00:00:00:00:00:255:255:192:168:100:94
 local address: LID 0000 QPN 0x01d8 PSN 0xc25d9a
 GID: 00:00:00:00:00:00:00:00:00:00:255:255:192:168:100:94
 local address: LID 0000 QPN 0x01d9 PSN 0xbbf7f1
 GID: 00:00:00:00:00:00:00:00:00:00:255:255:192:168:100:94
 local address: LID 0000 QPN 0x01da PSN 0xbc5396
 GID: 00:00:00:00:00:00:00:00:00:00:255:255:192:168:100:94
 remote address: LID 0000 QPN 0x01d2 PSN 0x6b9e06
 GID: 00:00:00:00:00:00:00:00:00:00:255:255:192:168:100:92
 remote address: LID 0000 QPN 0x01d3 PSN 0x1b1678
 GID: 00:00:00:00:00:00:00:00:00:00:255:255:192:168:100:92
 remote address: LID 0000 QPN 0x01d4 PSN 0xc9e262
 GID: 00:00:00:00:00:00:00:00:00:00:255:255:192:168:100:92
 remote address: LID 0000 QPN 0x01d5 PSN 0xd80f09
 GID: 00:00:00:00:00:00:00:00:00:00:255:255:192:168:100:92
 remote address: LID 0000 QPN 0x01d6 PSN 0x3e32e8
 GID: 00:00:00:00:00:00:00:00:00:00:255:255:192:168:100:92
 remote address: LID 0000 QPN 0x01d7 PSN 0xb0722a
 GID: 00:00:00:00:00:00:00:00:00:00:255:255:192:168:100:92
 remote address: LID 0000 QPN 0x01d8 PSN 0x541941
 GID: 00:00:00:00:00:00:00:00:00:00:255:255:192:168:100:92
 remote address: LID 0000 QPN 0x01d9 PSN 0x3062a6
 GID: 00:00:00:00:00:00:00:00:00:00:255:255:192:168:100:92
---------------------------------------------------------------------------------------
 #bytes     #iterations    BW peak[Gb/sec]    BW average[Gb/sec]   MsgRate[Mpps]
 2          8000           0.057878            0.055715            3.482212
 4          8000             0.12               0.11   		     3.590133
 8          8000             0.23               0.23   		     3.598062
 16         8000             0.47               0.46   		     3.595037
 32         8000             0.93               0.92   		     3.586415
 64         8000             1.87               1.85   		     3.619107
 128        8000             3.73               3.67   		     3.582409
 256        8000             7.42               7.33   		     3.580555
 512        8000             14.82              14.63  		     3.571636
 1024       8000             29.44              29.23  		     3.567670
 2048       8000             58.15              57.30  		     3.497344
 4096       8000             116.29             115.43 		     3.522522
 8192       8000             180.48             180.41 		     2.752859
 16384      8000             189.90             189.85 		     1.448423
 32768      8000             209.83             209.81 		     0.800346
 65536      8000             218.00             217.96 		     0.415733
 131072     8000             223.76             223.74 		     0.213375
 262144     8000             226.34             226.34 		     0.107926
 524288     8000             227.97             227.96 		     0.054350
 1048576    8000             228.78             228.77 		     0.027272
 2097152    8000             229.12             229.12 		     0.013656
 4194304    8000             229.35             229.35 		     0.006835
 8388608    8000             229.48             229.48 		     0.003420
---------------------------------------------------------------------------------------
