Disabling dynamic polling
initializing CUDA
Listing all CUDA devices in system:
CUDA device 0: PCIe address is 06:00
CUDA device 1: PCIe address is 26:00
CUDA device 2: PCIe address is A6:00
CUDA device 3: PCIe address is C6:00

Picking device No. 1
[pid = 9543, dev = 1] device name = [NVIDIA H100 80GB HBM3]
creating CUDA Ctx
making it the current CUDA Ctx
CUDA device integrated: 0
using DMA-BUF for GPU buffer address at 0x7faa9e800000 aligned at 0x7faa9e800000 with aligned size 16777216
allocated GPU buffer of a 16777216 address at 0x55ff50 for type CUDA_MEM_DEVICE
Calling ibv_reg_dmabuf_mr(offset=0, size=16777216, addr=0x7faa9e800000, fd=58) for QP #0
---------------------------------------------------------------------------------------
                    RDMA_Read Latency Test
 Dual-port       : OFF		Device         : mlx5_2
 Number of qps   : 1		Transport type : IB
 Connection type : RC		Using SRQ      : OFF
 PCIe relax order: ON		Lock-free      : OFF
 ibv_wr* API     : ON		Using DDP      : OFF
 TX depth        : 1
 Mtu             : 4096[B]
 Link type       : Ethernet
 GID index       : 3
 Outstand reads  : 16
 rdma_cm QPs	 : ON
 Data ex. method : rdma_cm 	TOS    : 41
---------------------------------------------------------------------------------------
 local address: LID 0000 QPN 0x0181 PSN 0x499258
 GID: 00:00:00:00:00:00:00:00:00:00:255:255:192:168:100:94
 remote address: LID 0000 QPN 0x0180 PSN 0x58d052
 GID: 00:00:00:00:00:00:00:00:00:00:255:255:192:168:100:92
---------------------------------------------------------------------------------------
 #bytes #iterations    t_min[usec]    t_max[usec]  t_typical[usec]    t_avg[usec]    t_stdev[usec]   99% percentile[usec]   99.9% percentile[usec] 
 2       1000          5.69           28.94        5.75     	       5.78        	0.33   		6.51    		28.94  
 4       1000          5.67           13.53        5.75     	       5.78        	0.37   		5.89    		13.53  
 8       1000          5.70           10.29        5.75     	       5.77        	0.25   		5.89    		10.29  
 16      1000          5.71           15.96        5.75     	       5.78        	0.38   		5.92    		15.96  
 32      1000          5.69           11.27        5.75     	       5.77        	0.25   		5.89    		11.27  
 64      1000          5.73           13.13        5.81     	       5.85        	0.20   		5.93    		13.13  
 128     1000          5.74           16.24        5.82     	       5.86        	0.42   		5.96    		16.24  
 256     1000          5.80           17.96        5.86     	       5.90        	0.37   		6.21    		17.96  
 512     1000          5.81           16.26        5.89     	       5.93        	0.42   		6.03    		16.26  
 1024    1000          5.89           19.60        5.98     	       6.03        	0.47   		6.57    		19.60  
 2048    1000          6.01           19.05        6.08     	       6.11        	0.30   		6.45    		19.05  
 4096    1000          6.29           21.64        6.36     	       6.39        	0.34   		6.81    		21.64  
 8192    1000          6.55           13.08        6.62     	       6.64        	0.23   		6.76    		13.08  
 16384   1000          8.26           15.20        8.34     	       8.37        	0.23   		8.55    		15.20  
 32768   1000          8.98           13.60        9.06     	       9.09        	0.21   		9.24    		13.60  
 65536   1000          10.12          19.11        10.21    	       10.26       	0.46   		11.39   		19.11  
 131072  1000          12.46          22.88        12.53    	       12.61       	0.66   		15.31   		22.88  
 262144  1000          18.49          29.98        18.58    	       18.64       	0.57   		19.32   		29.98  
 524288  1000          28.09          42.20        28.38    	       28.52       	0.87   		35.32   		42.20  
 1048576 1000          50.98          63.49        51.15    	       51.27       	0.56   		55.23   		63.49  
 2097152 1000          96.82          148.90       97.02    	       97.11       	0.95   		98.57   		148.90 
 4194304 1000          188.41         238.23       188.64   	       188.83      	1.87   		196.76  		238.23 
 8388608 1000          371.60         429.25       372.01   	       372.35      	3.05   		386.26  		429.25 
---------------------------------------------------------------------------------------
deallocating GPU buffer 00007faa9e800000
destroying current CUDA Ctx
