Disabling dynamic polling
initializing CUDA
Listing all CUDA devices in system:
CUDA device 0: PCIe address is 06:00
CUDA device 1: PCIe address is 26:00
CUDA device 2: PCIe address is A6:00
CUDA device 3: PCIe address is C6:00

Picking device No. 1
[pid = 9049, dev = 1] device name = [NVIDIA H100 80GB HBM3]
creating CUDA Ctx
making it the current CUDA Ctx
CUDA device integrated: 0
using DMA-BUF for GPU buffer address at 0x7fa738000000 aligned at 0x7fa738000000 with aligned size 134217728
allocated GPU buffer of a 134217728 address at 0x1e67640 for type CUDA_MEM_DEVICE
Calling ibv_reg_dmabuf_mr(offset=0, size=134217728, addr=0x7fa738000000, fd=58) for QP #0
---------------------------------------------------------------------------------------
                    RDMA_Read BW Test
 Dual-port       : OFF		Device         : mlx5_2
 Number of qps   : 8		Transport type : IB
 Connection type : RC		Using SRQ      : OFF
 PCIe relax order: ON		Lock-free      : OFF
 ibv_wr* API     : ON		Using DDP      : OFF
 TX depth        : 128
 CQ Moderation   : 100
 CQE Poll Batch  : 16
 Mtu             : 4096[B]
 Link type       : Ethernet
 GID index       : 3
 Outstand reads  : 16
 rdma_cm QPs	 : ON
 Data ex. method : rdma_cm 	TOS    : 41
---------------------------------------------------------------------------------------
 local address: LID 0000 QPN 0x015a PSN 0x6075cf
 GID: 00:00:00:00:00:00:00:00:00:00:255:255:192:168:100:94
 local address: LID 0000 QPN 0x015b PSN 0xfc0044
 GID: 00:00:00:00:00:00:00:00:00:00:255:255:192:168:100:94
 local address: LID 0000 QPN 0x015c PSN 0x344308
 GID: 00:00:00:00:00:00:00:00:00:00:255:255:192:168:100:94
 local address: LID 0000 QPN 0x015d PSN 0x89e680
 GID: 00:00:00:00:00:00:00:00:00:00:255:255:192:168:100:94
 local address: LID 0000 QPN 0x015e PSN 0xb64dca
 GID: 00:00:00:00:00:00:00:00:00:00:255:255:192:168:100:94
 local address: LID 0000 QPN 0x015f PSN 0xdc7d2e
 GID: 00:00:00:00:00:00:00:00:00:00:255:255:192:168:100:94
 local address: LID 0000 QPN 0x0160 PSN 0x33eebf
 GID: 00:00:00:00:00:00:00:00:00:00:255:255:192:168:100:94
 local address: LID 0000 QPN 0x0161 PSN 0xff0a16
 GID: 00:00:00:00:00:00:00:00:00:00:255:255:192:168:100:94
 remote address: LID 0000 QPN 0x015a PSN 0x54f608
 GID: 00:00:00:00:00:00:00:00:00:00:255:255:192:168:100:92
 remote address: LID 0000 QPN 0x015b PSN 0x5f5b52
 GID: 00:00:00:00:00:00:00:00:00:00:255:255:192:168:100:92
 remote address: LID 0000 QPN 0x015c PSN 0xaf0f34
 GID: 00:00:00:00:00:00:00:00:00:00:255:255:192:168:100:92
 remote address: LID 0000 QPN 0x015d PSN 0x48d073
 GID: 00:00:00:00:00:00:00:00:00:00:255:255:192:168:100:92
 remote address: LID 0000 QPN 0x015e PSN 0xbdc90a
 GID: 00:00:00:00:00:00:00:00:00:00:255:255:192:168:100:92
 remote address: LID 0000 QPN 0x015f PSN 0x3deaa4
 GID: 00:00:00:00:00:00:00:00:00:00:255:255:192:168:100:92
 remote address: LID 0000 QPN 0x0160 PSN 0x460133
 GID: 00:00:00:00:00:00:00:00:00:00:255:255:192:168:100:92
 remote address: LID 0000 QPN 0x0161 PSN 0xab90b0
 GID: 00:00:00:00:00:00:00:00:00:00:255:255:192:168:100:92
---------------------------------------------------------------------------------------
 #bytes     #iterations    BW peak[Gb/sec]    BW average[Gb/sec]   MsgRate[Mpps]
 2          8000           0.080000            0.079871            4.991950
 4          8000             0.16               0.16   		     4.980420
 8          8000             0.32               0.32   		     5.034296
 16         8000             0.64               0.63   		     4.949916
 32         8000             1.29               1.28   		     5.009676
 64         8000             2.56               2.55   		     4.975093
 128        8000             5.11               5.10   		     4.978530
 256        8000             10.24              10.22  		     4.989554
 512        8000             20.39              20.25  		     4.943672
 1024       8000             40.24              40.22  		     4.910084
 2048       8000             79.45              79.38  		     4.845055
 4096       8000             157.20             156.81 		     4.785376
 8192       8000             222.41             222.12 		     3.389313
 16384      8000             225.30             225.30 		     1.718866
 32768      8000             225.99             225.95 		     0.861921
 65536      8000             226.12             226.09 		     0.431241
 131072     8000             226.20             226.19 		     0.215707
 262144     8000             226.15             226.14 		     0.107833
 524288     8000             226.15             226.15 		     0.053919
 1048576    8000             226.19             226.19 		     0.026964
 2097152    8000             226.18             226.18 		     0.013482
 4194304    8000             226.19             226.19 		     0.006741
 8388608    8000             226.20             226.20 		     0.003371
---------------------------------------------------------------------------------------
deallocating GPU buffer 00007fa738000000
destroying current CUDA Ctx
