Disabling dynamic polling
initializing CUDA
Listing all CUDA devices in system:
CUDA device 0: PCIe address is 06:00
CUDA device 1: PCIe address is 26:00
CUDA device 2: PCIe address is A6:00
CUDA device 3: PCIe address is C6:00

Picking device No. 1
[pid = 10128, dev = 1] device name = [NVIDIA H100 80GB HBM3]
creating CUDA Ctx
making it the current CUDA Ctx
CUDA device integrated: 0
using DMA-BUF for GPU buffer address at 0x7f9c3e000000 aligned at 0x7f9c3e000000 with aligned size 134217728
allocated GPU buffer of a 134217728 address at 0x1b00640 for type CUDA_MEM_DEVICE
Calling ibv_reg_dmabuf_mr(offset=0, size=134217728, addr=0x7f9c3e000000, fd=58) for QP #0
---------------------------------------------------------------------------------------
                    RDMA_Read BW Test
 Dual-port       : OFF		Device         : mlx5_2
 Number of qps   : 8		Transport type : IB
 Connection type : RC		Using SRQ      : OFF
 PCIe relax order: ON		Lock-free      : OFF
 ibv_wr* API     : ON		Using DDP      : OFF
 TX depth        : 128
 CQ Moderation   : 100
 CQE Poll Batch  : 16
 Mtu             : 4096[B]
 Link type       : Ethernet
 GID index       : 3
 Outstand reads  : 16
 rdma_cm QPs	 : ON
 Data ex. method : rdma_cm 	TOS    : 41
---------------------------------------------------------------------------------------
 local address: LID 0000 QPN 0x01b4 PSN 0x4ab326
 GID: 00:00:00:00:00:00:00:00:00:00:255:255:192:168:100:94
 local address: LID 0000 QPN 0x01b5 PSN 0x91d518
 GID: 00:00:00:00:00:00:00:00:00:00:255:255:192:168:100:94
 local address: LID 0000 QPN 0x01b6 PSN 0x1ccc82
 GID: 00:00:00:00:00:00:00:00:00:00:255:255:192:168:100:94
 local address: LID 0000 QPN 0x01b7 PSN 0xfe7ea9
 GID: 00:00:00:00:00:00:00:00:00:00:255:255:192:168:100:94
 local address: LID 0000 QPN 0x01b8 PSN 0x657a08
 GID: 00:00:00:00:00:00:00:00:00:00:255:255:192:168:100:94
 local address: LID 0000 QPN 0x01b9 PSN 0xd07aca
 GID: 00:00:00:00:00:00:00:00:00:00:255:255:192:168:100:94
 local address: LID 0000 QPN 0x01ba PSN 0x378561
 GID: 00:00:00:00:00:00:00:00:00:00:255:255:192:168:100:94
 local address: LID 0000 QPN 0x01bb PSN 0xaa2c46
 GID: 00:00:00:00:00:00:00:00:00:00:255:255:192:168:100:94
 remote address: LID 0000 QPN 0x01b3 PSN 0x27987e
 GID: 00:00:00:00:00:00:00:00:00:00:255:255:192:168:100:92
 remote address: LID 0000 QPN 0x01b4 PSN 0x42fec7
 GID: 00:00:00:00:00:00:00:00:00:00:255:255:192:168:100:92
 remote address: LID 0000 QPN 0x01b5 PSN 0xdc52cf
 GID: 00:00:00:00:00:00:00:00:00:00:255:255:192:168:100:92
 remote address: LID 0000 QPN 0x01b6 PSN 0xb9683b
 GID: 00:00:00:00:00:00:00:00:00:00:255:255:192:168:100:92
 remote address: LID 0000 QPN 0x01b7 PSN 0xe28c69
 GID: 00:00:00:00:00:00:00:00:00:00:255:255:192:168:100:92
 remote address: LID 0000 QPN 0x01b8 PSN 0x8a00e1
 GID: 00:00:00:00:00:00:00:00:00:00:255:255:192:168:100:92
 remote address: LID 0000 QPN 0x01b9 PSN 0x6bd3f6
 GID: 00:00:00:00:00:00:00:00:00:00:255:255:192:168:100:92
 remote address: LID 0000 QPN 0x01ba PSN 0x6f0c81
 GID: 00:00:00:00:00:00:00:00:00:00:255:255:192:168:100:92
---------------------------------------------------------------------------------------
 #bytes     #iterations    BW peak[Gb/sec]    BW average[Gb/sec]   MsgRate[Mpps]
 2          8000           0.032086            0.031985            1.999070
 4          8000           0.064748            0.064532            2.016632
 8          8000             0.13               0.13   		     2.019978
 16         8000             0.26               0.26   		     2.030251
 32         8000             0.52               0.52   		     2.016830
 64         8000             1.04               1.02   		     1.999690
 128        8000             2.07               2.06   		     2.010182
 256        8000             4.19               4.13   		     2.016743
 512        8000             8.36               8.24   		     2.012634
 1024       8000             16.64              16.49  		     2.012700
 2048       8000             33.09              32.88  		     2.006904
 4096       8000             66.78              66.06  		     2.015926
 8192       8000             131.19             130.47 		     1.990857
 16384      8000             223.59             223.56 		     1.705662
 32768      8000             225.73             225.67 		     0.860855
 65536      8000             226.03             225.99 		     0.431045
 131072     8000             226.12             226.10 		     0.215630
 262144     8000             226.03             226.02 		     0.107776
 524288     8000             226.06             226.05 		     0.053895
 1048576    8000             226.10             226.10 		     0.026953
 2097152    8000             226.12             226.12 		     0.013478
 4194304    8000             226.12             226.12 		     0.006739
 8388608    8000             226.13             226.13 		     0.003370
---------------------------------------------------------------------------------------
deallocating GPU buffer 00007f9c3e000000
destroying current CUDA Ctx
