Disabling dynamic polling
---------------------------------------------------------------------------------------
                    RDMA_Read BW Test
 Dual-port       : OFF		Device         : mlx5_2
 Number of qps   : 8		Transport type : IB
 Connection type : RC		Using SRQ      : OFF
 PCIe relax order: ON		Lock-free      : OFF
 ibv_wr* API     : ON		Using DDP      : OFF
 TX depth        : 128
 CQ Moderation   : 100
 CQE Poll Batch  : 16
 Mtu             : 4096[B]
 Link type       : Ethernet
 GID index       : 3
 Outstand reads  : 16
 rdma_cm QPs	 : ON
 Data ex. method : rdma_cm 	TOS    : 41
---------------------------------------------------------------------------------------
 local address: LID 0000 QPN 0x0144 PSN 0xa3d2e
 GID: 00:00:00:00:00:00:00:00:00:00:255:255:192:168:100:94
 local address: LID 0000 QPN 0x0145 PSN 0x82ca80
 GID: 00:00:00:00:00:00:00:00:00:00:255:255:192:168:100:94
 local address: LID 0000 QPN 0x0146 PSN 0x10b9ca
 GID: 00:00:00:00:00:00:00:00:00:00:255:255:192:168:100:94
 local address: LID 0000 QPN 0x0147 PSN 0x693651
 GID: 00:00:00:00:00:00:00:00:00:00:255:255:192:168:100:94
 local address: LID 0000 QPN 0x0148 PSN 0xb69c90
 GID: 00:00:00:00:00:00:00:00:00:00:255:255:192:168:100:94
 local address: LID 0000 QPN 0x0149 PSN 0xc25eb2
 GID: 00:00:00:00:00:00:00:00:00:00:255:255:192:168:100:94
 local address: LID 0000 QPN 0x014a PSN 0xd7ff29
 GID: 00:00:00:00:00:00:00:00:00:00:255:255:192:168:100:94
 local address: LID 0000 QPN 0x014b PSN 0xc7b66e
 GID: 00:00:00:00:00:00:00:00:00:00:255:255:192:168:100:94
 remote address: LID 0000 QPN 0x0144 PSN 0x1f922e
 GID: 00:00:00:00:00:00:00:00:00:00:255:255:192:168:100:92
 remote address: LID 0000 QPN 0x0145 PSN 0xf5fb80
 GID: 00:00:00:00:00:00:00:00:00:00:255:255:192:168:100:92
 remote address: LID 0000 QPN 0x0146 PSN 0x2296ca
 GID: 00:00:00:00:00:00:00:00:00:00:255:255:192:168:100:92
 remote address: LID 0000 QPN 0x0147 PSN 0x924f51
 GID: 00:00:00:00:00:00:00:00:00:00:255:255:192:168:100:92
 remote address: LID 0000 QPN 0x0148 PSN 0xac4190
 GID: 00:00:00:00:00:00:00:00:00:00:255:255:192:168:100:92
 remote address: LID 0000 QPN 0x0149 PSN 0x979fb2
 GID: 00:00:00:00:00:00:00:00:00:00:255:255:192:168:100:92
 remote address: LID 0000 QPN 0x014a PSN 0xaac29
 GID: 00:00:00:00:00:00:00:00:00:00:255:255:192:168:100:92
 remote address: LID 0000 QPN 0x014b PSN 0xc95f6e
 GID: 00:00:00:00:00:00:00:00:00:00:255:255:192:168:100:92
---------------------------------------------------------------------------------------
 #bytes     #iterations    BW peak[Gb/sec]    BW average[Gb/sec]   MsgRate[Mpps]
 2          8000           0.031524            0.030763            1.922684
 4          8000           0.063103            0.062748            1.960885
 8          8000             0.13               0.13   		     1.955952
 16         8000             0.25               0.25   		     1.966979
 32         8000             0.50               0.50   		     1.954643
 64         8000             1.01               1.01   		     1.964598
 128        8000             2.02               2.00   		     1.957669
 256        8000             4.04               4.03   		     1.965679
 512        8000             8.06               8.03   		     1.960477
 1024       8000             16.07              16.02  		     1.955203
 2048       8000             32.00              31.90  		     1.946770
 4096       8000             63.39              63.15  		     1.927219
 8192       8000             120.27             42.69  		     0.651391
 16384      8000             150.85             142.20 		     1.084936
 32768      8000             165.54             159.20 		     0.607303
 65536      8000             207.25             192.34 		     0.366863
 131072     8000             221.84             221.83 		     0.211556
 262144     8000             221.49             207.32 		     0.098858
 524288     8000             228.56             228.56 		     0.054493
 1048576    8000             224.28             224.28 		     0.026736
 2097152    8000             230.29             230.29 		     0.013727
 4194304    8000             229.98             229.98 		     0.006854
 8388608    8000             230.03             230.03 		     0.003428
---------------------------------------------------------------------------------------
