Disabling dynamic polling
initializing CUDA
Listing all CUDA devices in system:
CUDA device 0: PCIe address is 06:00
CUDA device 1: PCIe address is 26:00
CUDA device 2: PCIe address is A6:00
CUDA device 3: PCIe address is C6:00

Picking device No. 1
[pid = 9362, dev = 1] device name = [NVIDIA H100 80GB HBM3]
creating CUDA Ctx
making it the current CUDA Ctx
CUDA device integrated: 0
using DMA-BUF for GPU buffer address at 0x7f8620800000 aligned at 0x7f8620800000 with aligned size 16777216
allocated GPU buffer of a 16777216 address at 0x149df50 for type CUDA_MEM_DEVICE
Calling ibv_reg_dmabuf_mr(offset=0, size=16777216, addr=0x7f8620800000, fd=58) for QP #0
---------------------------------------------------------------------------------------
                    RDMA_Read Latency Test
 Dual-port       : OFF		Device         : mlx5_2
 Number of qps   : 1		Transport type : IB
 Connection type : RC		Using SRQ      : OFF
 PCIe relax order: ON		Lock-free      : OFF
 ibv_wr* API     : ON		Using DDP      : OFF
 TX depth        : 1
 Mtu             : 4096[B]
 Link type       : Ethernet
 GID index       : 3
 Outstand reads  : 16
 rdma_cm QPs	 : ON
 Data ex. method : rdma_cm 	TOS    : 41
---------------------------------------------------------------------------------------
 local address: LID 0000 QPN 0x0159 PSN 0x4cac90
 GID: 00:00:00:00:00:00:00:00:00:00:255:255:192:168:100:94
 remote address: LID 0000 QPN 0x0158 PSN 0x446c34
 GID: 00:00:00:00:00:00:00:00:00:00:255:255:192:168:100:92
---------------------------------------------------------------------------------------
 #bytes #iterations    t_min[usec]    t_max[usec]  t_typical[usec]    t_avg[usec]    t_stdev[usec]   99% percentile[usec]   99.9% percentile[usec] 
 2       1000          5.64           17.19        5.72     	       5.76        	0.51   		6.08    		17.19  
 4       1000          5.64           11.95        5.71     	       5.74        	0.28   		6.04    		11.95  
 8       1000          5.64           15.36        5.71     	       5.75        	0.28   		5.94    		15.36  
 16      1000          5.64           17.85        5.71     	       5.75        	0.46   		5.92    		17.85  
 32      1000          5.64           14.08        5.72     	       5.75        	0.33   		5.94    		14.08  
 64      1000          5.67           19.21        5.74     	       5.78        	0.43   		5.96    		19.21  
 128     1000          5.70           55.77        5.78     	       5.88        	0.88   		6.77    		55.77  
 256     1000          5.75           13.61        5.83     	       5.86        	0.33   		5.96    		13.61  
 512     1000          5.78           14.08        5.86     	       5.89        	0.35   		6.07    		14.08  
 1024    1000          5.85           14.25        5.93     	       5.95        	0.29   		6.10    		14.25  
 2048    1000          5.97           16.92        6.05     	       6.08        	0.40   		6.23    		16.92  
 4096    1000          6.25           14.30        6.33     	       6.35        	0.25   		6.47    		14.30  
 8192    1000          6.51           12.77        6.59     	       6.62        	0.25   		7.27    		12.77  
 16384   1000          8.21           16.60        8.30     	       8.34        	0.38   		8.64    		16.60  
 32768   1000          8.95           26.35        9.03     	       9.10        	0.71   		9.39    		26.35  
 65536   1000          10.09          17.95        10.18    	       10.21       	0.20   		10.54   		17.95  
 131072  1000          12.40          51.97        12.50    	       12.57       	0.53   		13.19   		51.97  
 262144  1000          18.45          26.89        18.54    	       18.58       	0.42   		18.98   		26.89  
 524288  1000          28.22          44.63        28.34    	       28.45       	0.71   		33.35   		44.63  
 1048576 1000          50.92          82.66        51.12    	       51.26       	0.98   		56.19   		82.66  
 2097152 1000          96.76          133.18       97.00    	       97.08       	0.64   		100.69  		133.18 
 4194304 1000          188.26         239.78       188.71   	       188.83      	1.28   		194.61  		239.78 
 8388608 1000          371.64         424.50       372.02   	       372.20      	1.89   		376.72  		424.50 
---------------------------------------------------------------------------------------
deallocating GPU buffer 00007f8620800000
destroying current CUDA Ctx
