Disabling dynamic polling
initializing CUDA
Listing all CUDA devices in system:
CUDA device 0: PCIe address is 06:00
CUDA device 1: PCIe address is 26:00
CUDA device 2: PCIe address is A6:00
CUDA device 3: PCIe address is C6:00

Picking device No. 1
[pid = 9803, dev = 1] device name = [NVIDIA H100 80GB HBM3]
creating CUDA Ctx
making it the current CUDA Ctx
CUDA device integrated: 0
using DMA-BUF for GPU buffer address at 0x7fe3a2000000 aligned at 0x7fe3a2000000 with aligned size 134217728
allocated GPU buffer of a 134217728 address at 0xcf6640 for type CUDA_MEM_DEVICE
Calling ibv_reg_dmabuf_mr(offset=0, size=134217728, addr=0x7fe3a2000000, fd=58) for QP #0
---------------------------------------------------------------------------------------
                    RDMA_Read BW Test
 Dual-port       : OFF		Device         : mlx5_2
 Number of qps   : 8		Transport type : IB
 Connection type : RC		Using SRQ      : OFF
 PCIe relax order: ON		Lock-free      : OFF
 ibv_wr* API     : ON		Using DDP      : OFF
 TX depth        : 128
 CQ Moderation   : 100
 CQE Poll Batch  : 16
 Mtu             : 4096[B]
 Link type       : Ethernet
 GID index       : 3
 Outstand reads  : 16
 rdma_cm QPs	 : ON
 Data ex. method : rdma_cm 	TOS    : 41
---------------------------------------------------------------------------------------
 local address: LID 0000 QPN 0x018c PSN 0x3b4960
 GID: 00:00:00:00:00:00:00:00:00:00:255:255:192:168:100:94
 local address: LID 0000 QPN 0x018d PSN 0xe85b01
 GID: 00:00:00:00:00:00:00:00:00:00:255:255:192:168:100:94
 local address: LID 0000 QPN 0x018e PSN 0x98b381
 GID: 00:00:00:00:00:00:00:00:00:00:255:255:192:168:100:94
 local address: LID 0000 QPN 0x018f PSN 0xe68005
 GID: 00:00:00:00:00:00:00:00:00:00:255:255:192:168:100:94
 local address: LID 0000 QPN 0x0190 PSN 0xad296b
 GID: 00:00:00:00:00:00:00:00:00:00:255:255:192:168:100:94
 local address: LID 0000 QPN 0x0191 PSN 0xb6a6bb
 GID: 00:00:00:00:00:00:00:00:00:00:255:255:192:168:100:94
 local address: LID 0000 QPN 0x0192 PSN 0x684dc8
 GID: 00:00:00:00:00:00:00:00:00:00:255:255:192:168:100:94
 local address: LID 0000 QPN 0x0193 PSN 0xf996eb
 GID: 00:00:00:00:00:00:00:00:00:00:255:255:192:168:100:94
 remote address: LID 0000 QPN 0x018b PSN 0x65889
 GID: 00:00:00:00:00:00:00:00:00:00:255:255:192:168:100:92
 remote address: LID 0000 QPN 0x018c PSN 0x52323f
 GID: 00:00:00:00:00:00:00:00:00:00:255:255:192:168:100:92
 remote address: LID 0000 QPN 0x018d PSN 0xa9801d
 GID: 00:00:00:00:00:00:00:00:00:00:255:255:192:168:100:92
 remote address: LID 0000 QPN 0x018e PSN 0x2839a8
 GID: 00:00:00:00:00:00:00:00:00:00:255:255:192:168:100:92
 remote address: LID 0000 QPN 0x018f PSN 0x3f329b
 GID: 00:00:00:00:00:00:00:00:00:00:255:255:192:168:100:92
 remote address: LID 0000 QPN 0x0190 PSN 0xdc2361
 GID: 00:00:00:00:00:00:00:00:00:00:255:255:192:168:100:92
 remote address: LID 0000 QPN 0x0191 PSN 0xd9f7ac
 GID: 00:00:00:00:00:00:00:00:00:00:255:255:192:168:100:92
 remote address: LID 0000 QPN 0x0192 PSN 0xa83835
 GID: 00:00:00:00:00:00:00:00:00:00:255:255:192:168:100:92
---------------------------------------------------------------------------------------
 #bytes     #iterations    BW peak[Gb/sec]    BW average[Gb/sec]   MsgRate[Mpps]
 2          8000           0.057234            0.056731            3.545691
 4          8000             0.12               0.12   		     3.609147
 8          8000             0.23               0.23   		     3.589285
 16         8000             0.47               0.46   		     3.615084
 32         8000             0.93               0.92   		     3.603084
 64         8000             1.85               1.81   		     3.533368
 128        8000             3.71               3.69   		     3.607829
 256        8000             7.42               7.33   		     3.576809
 512        8000             14.84              14.70  		     3.587910
 1024       8000             29.49              29.22  		     3.566985
 2048       8000             58.89              58.47  		     3.568720
 4096       8000             116.66             116.12 		     3.543821
 8192       8000             214.64             214.30 		     3.270017
 16384      8000             224.60             224.38 		     1.711856
 32768      8000             225.81             225.67 		     0.860846
 65536      8000             226.07             226.02 		     0.431102
 131072     8000             226.07             226.04 		     0.215564
 262144     8000             226.02             226.01 		     0.107771
 524288     8000             226.05             226.05 		     0.053894
 1048576    8000             226.11             226.11 		     0.026954
 2097152    8000             226.12             226.12 		     0.013478
 4194304    8000             226.12             226.12 		     0.006739
 8388608    8000             226.12             226.12 		     0.003369
---------------------------------------------------------------------------------------
deallocating GPU buffer 00007fe3a2000000
destroying current CUDA Ctx
