Disabling dynamic polling
initializing CUDA
Listing all CUDA devices in system:
CUDA device 0: PCIe address is 06:00
CUDA device 1: PCIe address is 26:00
CUDA device 2: PCIe address is A6:00
CUDA device 3: PCIe address is C6:00

Picking device No. 1
[pid = 8575, dev = 1] device name = [NVIDIA H100 80GB HBM3]
creating CUDA Ctx
making it the current CUDA Ctx
CUDA device integrated: 0
using DMA-BUF for GPU buffer address at 0x7fb59c000000 aligned at 0x7fb59c000000 with aligned size 134217728
allocated GPU buffer of a 134217728 address at 0x539640 for type CUDA_MEM_DEVICE
Calling ibv_reg_dmabuf_mr(offset=0, size=134217728, addr=0x7fb59c000000, fd=58) for QP #0
---------------------------------------------------------------------------------------
                    RDMA_Read BW Test
 Dual-port       : OFF		Device         : mlx5_2
 Number of qps   : 8		Transport type : IB
 Connection type : RC		Using SRQ      : OFF
 PCIe relax order: ON		Lock-free      : OFF
 ibv_wr* API     : ON		Using DDP      : OFF
 TX depth        : 128
 CQ Moderation   : 100
 CQE Poll Batch  : 16
 Mtu             : 4096[B]
 Link type       : Ethernet
 GID index       : 3
 Outstand reads  : 16
 rdma_cm QPs	 : ON
 Data ex. method : rdma_cm 	TOS    : 41
---------------------------------------------------------------------------------------
 local address: LID 0000 QPN 0x0132 PSN 0x2d853d
 GID: 00:00:00:00:00:00:00:00:00:00:255:255:192:168:100:94
 local address: LID 0000 QPN 0x0133 PSN 0x90661a
 GID: 00:00:00:00:00:00:00:00:00:00:255:255:192:168:100:94
 local address: LID 0000 QPN 0x0134 PSN 0x29e326
 GID: 00:00:00:00:00:00:00:00:00:00:255:255:192:168:100:94
 local address: LID 0000 QPN 0x0135 PSN 0xa20746
 GID: 00:00:00:00:00:00:00:00:00:00:255:255:192:168:100:94
 local address: LID 0000 QPN 0x0136 PSN 0xf62618
 GID: 00:00:00:00:00:00:00:00:00:00:255:255:192:168:100:94
 local address: LID 0000 QPN 0x0137 PSN 0x49aa64
 GID: 00:00:00:00:00:00:00:00:00:00:255:255:192:168:100:94
 local address: LID 0000 QPN 0x0138 PSN 0x16b2bd
 GID: 00:00:00:00:00:00:00:00:00:00:255:255:192:168:100:94
 local address: LID 0000 QPN 0x0139 PSN 0xcab13c
 GID: 00:00:00:00:00:00:00:00:00:00:255:255:192:168:100:94
 remote address: LID 0000 QPN 0x0132 PSN 0x2d853d
 GID: 00:00:00:00:00:00:00:00:00:00:255:255:192:168:100:92
 remote address: LID 0000 QPN 0x0133 PSN 0x90661a
 GID: 00:00:00:00:00:00:00:00:00:00:255:255:192:168:100:92
 remote address: LID 0000 QPN 0x0134 PSN 0x29e326
 GID: 00:00:00:00:00:00:00:00:00:00:255:255:192:168:100:92
 remote address: LID 0000 QPN 0x0135 PSN 0xa20746
 GID: 00:00:00:00:00:00:00:00:00:00:255:255:192:168:100:92
 remote address: LID 0000 QPN 0x0136 PSN 0xf62618
 GID: 00:00:00:00:00:00:00:00:00:00:255:255:192:168:100:92
 remote address: LID 0000 QPN 0x0137 PSN 0x49aa64
 GID: 00:00:00:00:00:00:00:00:00:00:255:255:192:168:100:92
 remote address: LID 0000 QPN 0x0138 PSN 0x16b2bd
 GID: 00:00:00:00:00:00:00:00:00:00:255:255:192:168:100:92
 remote address: LID 0000 QPN 0x0139 PSN 0xcab13c
 GID: 00:00:00:00:00:00:00:00:00:00:255:255:192:168:100:92
---------------------------------------------------------------------------------------
 #bytes     #iterations    BW peak[Gb/sec]    BW average[Gb/sec]   MsgRate[Mpps]
 2          8000           0.079642            0.079330            4.958109
 4          8000             0.16               0.16   		     5.019828
 8          8000             0.32               0.32   		     5.050091
 16         8000             0.61               0.61   		     4.728495
 32         8000             1.29               1.29   		     5.045631
 64         8000             2.59               2.59   		     5.050186
 128        8000             5.10               5.04   		     4.920715
 256        8000             10.31              10.28  		     5.017624
 512        8000             20.43              20.40  		     4.981134
 1024       8000             40.51              40.42  		     4.934620
 2048       8000             78.77              78.67  		     4.801662
 4096       8000             157.88             157.68 		     4.812116
 8192       8000             221.41             221.37 		     3.377836
 16384      8000             224.78             224.71 		     1.714435
 32768      8000             225.38             225.30 		     0.859462
 65536      8000             226.07             226.07 		     0.431197
 131072     8000             226.03             226.02 		     0.215550
 262144     8000             226.12             226.11 		     0.107818
 524288     8000             226.16             226.16 		     0.053920
 1048576    8000             226.19             226.19 		     0.026964
 2097152    8000             226.20             226.20 		     0.013482
 4194304    8000             226.19             226.19 		     0.006741
 8388608    8000             226.20             226.20 		     0.003371
---------------------------------------------------------------------------------------
deallocating GPU buffer 00007fb59c000000
destroying current CUDA Ctx
