Disabling dynamic polling

************************************
* Waiting for client to connect... *
************************************
---------------------------------------------------------------------------------------
                    RDMA_Read BW Test
 Dual-port       : OFF		Device         : mlx5_2
 Number of qps   : 8		Transport type : IB
 Connection type : RC		Using SRQ      : OFF
 PCIe relax order: ON		Lock-free      : OFF
 ibv_wr* API     : ON		Using DDP      : OFF
 CQ Moderation   : 100
 CQE Poll Batch  : 16
 Mtu             : 4096[B]
 Link type       : Ethernet
 GID index       : 3
 Outstand reads  : 16
 rdma_cm QPs	 : ON
 Data ex. method : rdma_cm 	TOS    : 41
---------------------------------------------------------------------------------------
 Waiting for client rdma_cm QP to connect
 Please run the same command with the IB/RoCE interface IP
---------------------------------------------------------------------------------------
 local address: LID 0000 QPN 0x015a PSN 0x287126
 GID: 00:00:00:00:00:00:00:00:00:00:255:255:192:168:100:92
 local address: LID 0000 QPN 0x015b PSN 0xafbb18
 GID: 00:00:00:00:00:00:00:00:00:00:255:255:192:168:100:92
 local address: LID 0000 QPN 0x015c PSN 0x7bba82
 GID: 00:00:00:00:00:00:00:00:00:00:255:255:192:168:100:92
 local address: LID 0000 QPN 0x015d PSN 0x3dd4a9
 GID: 00:00:00:00:00:00:00:00:00:00:255:255:192:168:100:92
 local address: LID 0000 QPN 0x015e PSN 0xa11808
 GID: 00:00:00:00:00:00:00:00:00:00:255:255:192:168:100:92
 local address: LID 0000 QPN 0x015f PSN 0x26c0ca
 GID: 00:00:00:00:00:00:00:00:00:00:255:255:192:168:100:92
 local address: LID 0000 QPN 0x0160 PSN 0xd75361
 GID: 00:00:00:00:00:00:00:00:00:00:255:255:192:168:100:92
 local address: LID 0000 QPN 0x0161 PSN 0xc8e246
 GID: 00:00:00:00:00:00:00:00:00:00:255:255:192:168:100:92
 remote address: LID 0000 QPN 0x015b PSN 0x96694b
 GID: 00:00:00:00:00:00:00:00:00:00:255:255:192:168:100:94
 remote address: LID 0000 QPN 0x015c PSN 0x8fa0d9
 GID: 00:00:00:00:00:00:00:00:00:00:255:255:192:168:100:94
 remote address: LID 0000 QPN 0x015d PSN 0x27f3af
 GID: 00:00:00:00:00:00:00:00:00:00:255:255:192:168:100:94
 remote address: LID 0000 QPN 0x015e PSN 0x6c9ad2
 GID: 00:00:00:00:00:00:00:00:00:00:255:255:192:168:100:94
 remote address: LID 0000 QPN 0x015f PSN 0x604d7d
 GID: 00:00:00:00:00:00:00:00:00:00:255:255:192:168:100:94
 remote address: LID 0000 QPN 0x0160 PSN 0x73a19b
 GID: 00:00:00:00:00:00:00:00:00:00:255:255:192:168:100:94
 remote address: LID 0000 QPN 0x0161 PSN 0x3ad25e
 GID: 00:00:00:00:00:00:00:00:00:00:255:255:192:168:100:94
 remote address: LID 0000 QPN 0x0162 PSN 0x7941ff
 GID: 00:00:00:00:00:00:00:00:00:00:255:255:192:168:100:94
---------------------------------------------------------------------------------------
 #bytes     #iterations    BW peak[Gb/sec]    BW average[Gb/sec]   MsgRate[Mpps]
 8388608    8000             230.85             230.85 		     0.003440
---------------------------------------------------------------------------------------
