Disabling dynamic polling
---------------------------------------------------------------------------------------
                    RDMA_Read BW Test
 Dual-port       : OFF		Device         : mlx5_2
 Number of qps   : 8		Transport type : IB
 Connection type : RC		Using SRQ      : OFF
 PCIe relax order: ON		Lock-free      : OFF
 ibv_wr* API     : ON		Using DDP      : OFF
 TX depth        : 128
 CQ Moderation   : 100
 CQE Poll Batch  : 16
 Mtu             : 4096[B]
 Link type       : Ethernet
 GID index       : 3
 Outstand reads  : 16
 rdma_cm QPs	 : ON
 Data ex. method : rdma_cm 	TOS    : 41
---------------------------------------------------------------------------------------
 local address: LID 0000 QPN 0x0183 PSN 0x4c1ad9
 GID: 00:00:00:00:00:00:00:00:00:00:255:255:192:168:100:94
 local address: LID 0000 QPN 0x0184 PSN 0xd04186
 GID: 00:00:00:00:00:00:00:00:00:00:255:255:192:168:100:94
 local address: LID 0000 QPN 0x0185 PSN 0xd5822
 GID: 00:00:00:00:00:00:00:00:00:00:255:255:192:168:100:94
 local address: LID 0000 QPN 0x0186 PSN 0xe53e92
 GID: 00:00:00:00:00:00:00:00:00:00:255:255:192:168:100:94
 local address: LID 0000 QPN 0x0187 PSN 0x52f974
 GID: 00:00:00:00:00:00:00:00:00:00:255:255:192:168:100:94
 local address: LID 0000 QPN 0x0188 PSN 0x845090
 GID: 00:00:00:00:00:00:00:00:00:00:255:255:192:168:100:94
 local address: LID 0000 QPN 0x0189 PSN 0xeafb79
 GID: 00:00:00:00:00:00:00:00:00:00:255:255:192:168:100:94
 local address: LID 0000 QPN 0x018a PSN 0xd69148
 GID: 00:00:00:00:00:00:00:00:00:00:255:255:192:168:100:94
 remote address: LID 0000 QPN 0x0182 PSN 0x33b53a
 GID: 00:00:00:00:00:00:00:00:00:00:255:255:192:168:100:92
 remote address: LID 0000 QPN 0x0183 PSN 0x15af9c
 GID: 00:00:00:00:00:00:00:00:00:00:255:255:192:168:100:92
 remote address: LID 0000 QPN 0x0184 PSN 0x436eb6
 GID: 00:00:00:00:00:00:00:00:00:00:255:255:192:168:100:92
 remote address: LID 0000 QPN 0x0185 PSN 0x1c46cd
 GID: 00:00:00:00:00:00:00:00:00:00:255:255:192:168:100:92
 remote address: LID 0000 QPN 0x0186 PSN 0x14095c
 GID: 00:00:00:00:00:00:00:00:00:00:255:255:192:168:100:92
 remote address: LID 0000 QPN 0x0187 PSN 0x58f98e
 GID: 00:00:00:00:00:00:00:00:00:00:255:255:192:168:100:92
 remote address: LID 0000 QPN 0x0188 PSN 0xe996d5
 GID: 00:00:00:00:00:00:00:00:00:00:255:255:192:168:100:92
 remote address: LID 0000 QPN 0x0189 PSN 0x19d2aa
 GID: 00:00:00:00:00:00:00:00:00:00:255:255:192:168:100:92
---------------------------------------------------------------------------------------
 #bytes     #iterations    BW peak[Gb/sec]    BW average[Gb/sec]   MsgRate[Mpps]
 2          8000           0.059113            0.058724            3.670230
 4          8000             0.12               0.12   		     3.673652
 8          8000             0.24               0.24   		     3.702383
 16         8000             0.48               0.47   		     3.698071
 32         8000             0.96               0.95   		     3.698857
 64         8000             1.92               1.89   		     3.695030
 128        8000             3.79               3.75   		     3.662953
 256        8000             7.68               7.54   		     3.679616
 512        8000             15.23              15.03  		     3.669539
 1024       8000             29.68              29.30  		     3.576162
 2048       8000             59.55              59.09  		     3.606467
 4096       8000             118.34             117.40 		     3.582817
 8192       8000             184.32             184.18 		     2.810440
 16384      8000             216.20             214.02 		     1.632867
 32768      8000             221.81             221.77 		     0.845973
 65536      8000             227.16             227.15 		     0.433251
 131072     8000             229.17             229.16 		     0.218540
 262144     8000             229.92             229.91 		     0.109630
 524288     8000             230.42             230.41 		     0.054934
 1048576    8000             230.68             230.68 		     0.027499
 2097152    8000             230.77             230.77 		     0.013755
 4194304    8000             230.83             230.83 		     0.006879
 8388608    8000             230.88             230.88 		     0.003440
---------------------------------------------------------------------------------------
