Disabling dynamic polling
---------------------------------------------------------------------------------------
                    RDMA_Read BW Test
 Dual-port       : OFF		Device         : mlx5_2
 Number of qps   : 8		Transport type : IB
 Connection type : RC		Using SRQ      : OFF
 PCIe relax order: ON		Lock-free      : OFF
 ibv_wr* API     : ON		Using DDP      : OFF
 TX depth        : 128
 CQ Moderation   : 100
 CQE Poll Batch  : 16
 Mtu             : 4096[B]
 Link type       : Ethernet
 GID index       : 3
 Outstand reads  : 16
 rdma_cm QPs	 : ON
 Data ex. method : rdma_cm 	TOS    : 41
---------------------------------------------------------------------------------------
 local address: LID 0000 QPN 0x01ab PSN 0x39a552
 GID: 00:00:00:00:00:00:00:00:00:00:255:255:192:168:100:94
 local address: LID 0000 QPN 0x01ac PSN 0x7279d4
 GID: 00:00:00:00:00:00:00:00:00:00:255:255:192:168:100:94
 local address: LID 0000 QPN 0x01ad PSN 0x13d88e
 GID: 00:00:00:00:00:00:00:00:00:00:255:255:192:168:100:94
 local address: LID 0000 QPN 0x01ae PSN 0x1167c5
 GID: 00:00:00:00:00:00:00:00:00:00:255:255:192:168:100:94
 local address: LID 0000 QPN 0x01af PSN 0xb1e2f4
 GID: 00:00:00:00:00:00:00:00:00:00:255:255:192:168:100:94
 local address: LID 0000 QPN 0x01b0 PSN 0x2d2f46
 GID: 00:00:00:00:00:00:00:00:00:00:255:255:192:168:100:94
 local address: LID 0000 QPN 0x01b1 PSN 0x27c62d
 GID: 00:00:00:00:00:00:00:00:00:00:255:255:192:168:100:94
 local address: LID 0000 QPN 0x01b2 PSN 0x3d0b22
 GID: 00:00:00:00:00:00:00:00:00:00:255:255:192:168:100:94
 remote address: LID 0000 QPN 0x01aa PSN 0x63a494
 GID: 00:00:00:00:00:00:00:00:00:00:255:255:192:168:100:92
 remote address: LID 0000 QPN 0x01ab PSN 0x8174ee
 GID: 00:00:00:00:00:00:00:00:00:00:255:255:192:168:100:92
 remote address: LID 0000 QPN 0x01ac PSN 0x61ea0
 GID: 00:00:00:00:00:00:00:00:00:00:255:255:192:168:100:92
 remote address: LID 0000 QPN 0x01ad PSN 0xc5696f
 GID: 00:00:00:00:00:00:00:00:00:00:255:255:192:168:100:92
 remote address: LID 0000 QPN 0x01ae PSN 0x8d5456
 GID: 00:00:00:00:00:00:00:00:00:00:255:255:192:168:100:92
 remote address: LID 0000 QPN 0x01af PSN 0xd28200
 GID: 00:00:00:00:00:00:00:00:00:00:255:255:192:168:100:92
 remote address: LID 0000 QPN 0x01b0 PSN 0x571b5f
 GID: 00:00:00:00:00:00:00:00:00:00:255:255:192:168:100:92
 remote address: LID 0000 QPN 0x01b1 PSN 0x73d6c
 GID: 00:00:00:00:00:00:00:00:00:00:255:255:192:168:100:92
---------------------------------------------------------------------------------------
 #bytes     #iterations    BW peak[Gb/sec]    BW average[Gb/sec]   MsgRate[Mpps]
 2          8000           0.058824            0.058686            3.667858
 4          8000             0.12               0.12   		     3.617618
 8          8000             0.24               0.23   		     3.631065
 16         8000             0.47               0.47   		     3.637736
 32         8000             0.94               0.93   		     3.626473
 64         8000             1.89               1.85   		     3.613761
 128        8000             3.78               3.72   		     3.628941
 256        8000             7.58               7.49   		     3.654821
 512        8000             15.23              14.86  		     3.627493
 1024       8000             30.22              29.58  		     3.610809
 2048       8000             59.55              58.38  		     3.563474
 4096       8000             120.27             117.09 		     3.573263
 8192       8000             226.51             225.24 		     3.436869
 16384      8000             231.49             231.33 		     1.764902
 32768      8000             231.85             231.79 		     0.884191
 65536      8000             231.99             231.96 		     0.442420
 131072     8000             231.67             231.65 		     0.220923
 262144     8000             231.89             231.89 		     0.110575
 524288     8000             231.91             231.91 		     0.055291
 1048576    8000             231.97             231.97 		     0.027653
 2097152    8000             231.97             231.97 		     0.013827
 4194304    8000             231.97             231.97 		     0.006913
 8388608    8000             231.98             231.98 		     0.003457
---------------------------------------------------------------------------------------
