Disabling dynamic polling
---------------------------------------------------------------------------------------
                    RDMA_Read BW Test
 Dual-port       : OFF		Device         : mlx5_2
 Number of qps   : 8		Transport type : IB
 Connection type : RC		Using SRQ      : OFF
 PCIe relax order: ON		Lock-free      : OFF
 ibv_wr* API     : ON		Using DDP      : OFF
 TX depth        : 128
 CQ Moderation   : 100
 CQE Poll Batch  : 16
 Mtu             : 4096[B]
 Link type       : Ethernet
 GID index       : 3
 Outstand reads  : 16
 rdma_cm QPs	 : ON
 Data ex. method : rdma_cm 	TOS    : 41
---------------------------------------------------------------------------------------
 local address: LID 0000 QPN 0x0151 PSN 0x264c73
 GID: 00:00:00:00:00:00:00:00:00:00:255:255:192:168:100:94
 local address: LID 0000 QPN 0x0152 PSN 0xc948e1
 GID: 00:00:00:00:00:00:00:00:00:00:255:255:192:168:100:94
 local address: LID 0000 QPN 0x0153 PSN 0xbaf17
 GID: 00:00:00:00:00:00:00:00:00:00:255:255:192:168:100:94
 local address: LID 0000 QPN 0x0154 PSN 0xa2d61a
 GID: 00:00:00:00:00:00:00:00:00:00:255:255:192:168:100:94
 local address: LID 0000 QPN 0x0155 PSN 0x1a3b25
 GID: 00:00:00:00:00:00:00:00:00:00:255:255:192:168:100:94
 local address: LID 0000 QPN 0x0156 PSN 0x2c223
 GID: 00:00:00:00:00:00:00:00:00:00:255:255:192:168:100:94
 local address: LID 0000 QPN 0x0157 PSN 0xc5dc46
 GID: 00:00:00:00:00:00:00:00:00:00:255:255:192:168:100:94
 local address: LID 0000 QPN 0x0158 PSN 0x72e9c7
 GID: 00:00:00:00:00:00:00:00:00:00:255:255:192:168:100:94
 remote address: LID 0000 QPN 0x0151 PSN 0x31717c
 GID: 00:00:00:00:00:00:00:00:00:00:255:255:192:168:100:92
 remote address: LID 0000 QPN 0x0152 PSN 0x1a23b6
 GID: 00:00:00:00:00:00:00:00:00:00:255:255:192:168:100:92
 remote address: LID 0000 QPN 0x0153 PSN 0x7039c8
 GID: 00:00:00:00:00:00:00:00:00:00:255:255:192:168:100:92
 remote address: LID 0000 QPN 0x0154 PSN 0x38e977
 GID: 00:00:00:00:00:00:00:00:00:00:255:255:192:168:100:92
 remote address: LID 0000 QPN 0x0155 PSN 0x2207be
 GID: 00:00:00:00:00:00:00:00:00:00:255:255:192:168:100:92
 remote address: LID 0000 QPN 0x0156 PSN 0x325548
 GID: 00:00:00:00:00:00:00:00:00:00:255:255:192:168:100:92
 remote address: LID 0000 QPN 0x0157 PSN 0x56c107
 GID: 00:00:00:00:00:00:00:00:00:00:255:255:192:168:100:92
 remote address: LID 0000 QPN 0x0158 PSN 0x95b5f4
 GID: 00:00:00:00:00:00:00:00:00:00:255:255:192:168:100:92
---------------------------------------------------------------------------------------
 #bytes     #iterations    BW peak[Gb/sec]    BW average[Gb/sec]   MsgRate[Mpps]
 2          8000           0.077419            0.077325            4.832815
 4          8000             0.16               0.16   		     4.906049
 8          8000             0.31               0.31   		     4.845694
 16         8000             0.63               0.63   		     4.894374
 32         8000             1.25               1.25   		     4.877276
 64         8000             2.51               2.50   		     4.880013
 128        8000             5.00               4.98   		     4.863045
 256        8000             10.02              10.01  		     4.888213
 512        8000             19.82              19.76  		     4.823694
 1024       8000             39.72              39.54  		     4.826954
 2048       8000             78.27              77.67  		     4.740713
 4096       8000             153.60             153.25 		     4.676803
 8192       8000             226.86             226.54 		     3.456709
 16384      8000             228.79             228.75 		     1.745231
 32768      8000             227.20             227.17 		     0.866573
 65536      8000             228.17             228.16 		     0.435185
 131072     8000             229.01             228.99 		     0.218384
 262144     8000             229.34             229.33 		     0.109354
 524288     8000             229.54             229.54 		     0.054725
 1048576    8000             229.57             229.57 		     0.027367
 2097152    8000             229.59             229.59 		     0.013684
 4194304    8000             229.61             229.61 		     0.006843
 8388608    8000             229.62             229.62 		     0.003422
---------------------------------------------------------------------------------------
