---------------------------------------------------------------------------------------
                    RDMA_Write BW Test
 Dual-port       : OFF		Device         : mlx5_2
 Number of qps   : 8		Transport type : IB
 Connection type : RC		Using SRQ      : OFF
 PCIe relax order: ON		Lock-free      : OFF
 ibv_wr* API     : ON		Using DDP      : OFF
 TX depth        : 128
 CQ Moderation   : 100
 CQE Poll Batch  : Dynamic
 Mtu             : 4096[B]
 Link type       : Ethernet
 GID index       : 3
 Max inline data : 0[B]
 rdma_cm QPs	 : ON
 Data ex. method : rdma_cm 	TOS    : 41
---------------------------------------------------------------------------------------
 local address: LID 0000 QPN 0x0163 PSN 0x4471d4
 GID: 00:00:00:00:00:00:00:00:00:00:255:255:192:168:100:94
 local address: LID 0000 QPN 0x0164 PSN 0xa0592e
 GID: 00:00:00:00:00:00:00:00:00:00:255:255:192:168:100:94
 local address: LID 0000 QPN 0x0165 PSN 0x3ecde0
 GID: 00:00:00:00:00:00:00:00:00:00:255:255:192:168:100:94
 local address: LID 0000 QPN 0x0166 PSN 0x5b87af
 GID: 00:00:00:00:00:00:00:00:00:00:255:255:192:168:100:94
 local address: LID 0000 QPN 0x0167 PSN 0xa5b596
 GID: 00:00:00:00:00:00:00:00:00:00:255:255:192:168:100:94
 local address: LID 0000 QPN 0x0168 PSN 0x936a40
 GID: 00:00:00:00:00:00:00:00:00:00:255:255:192:168:100:94
 local address: LID 0000 QPN 0x0169 PSN 0x237e9f
 GID: 00:00:00:00:00:00:00:00:00:00:255:255:192:168:100:94
 local address: LID 0000 QPN 0x016a PSN 0x38ffac
 GID: 00:00:00:00:00:00:00:00:00:00:255:255:192:168:100:94
 remote address: LID 0000 QPN 0x0163 PSN 0x94e6ae
 GID: 00:00:00:00:00:00:00:00:00:00:255:255:192:168:100:92
 remote address: LID 0000 QPN 0x0164 PSN 0xd5f600
 GID: 00:00:00:00:00:00:00:00:00:00:255:255:192:168:100:92
 remote address: LID 0000 QPN 0x0165 PSN 0x8f3f4a
 GID: 00:00:00:00:00:00:00:00:00:00:255:255:192:168:100:92
 remote address: LID 0000 QPN 0x0166 PSN 0x390dd1
 GID: 00:00:00:00:00:00:00:00:00:00:255:255:192:168:100:92
 remote address: LID 0000 QPN 0x0167 PSN 0xd25e10
 GID: 00:00:00:00:00:00:00:00:00:00:255:255:192:168:100:92
 remote address: LID 0000 QPN 0x0168 PSN 0x6cc232
 GID: 00:00:00:00:00:00:00:00:00:00:255:255:192:168:100:92
 remote address: LID 0000 QPN 0x0169 PSN 0xc95ca9
 GID: 00:00:00:00:00:00:00:00:00:00:255:255:192:168:100:92
 remote address: LID 0000 QPN 0x016a PSN 0x8d85ee
 GID: 00:00:00:00:00:00:00:00:00:00:255:255:192:168:100:92
---------------------------------------------------------------------------------------
 #bytes     #iterations    BW peak[Gb/sec]    BW average[Gb/sec]   MsgRate[Mpps]
 2          40000           0.077754            0.077686            4.855400
 4          40000            0.16               0.16   		     4.994693
 8          40000            0.32               0.32   		     4.995959
 16         40000            0.64               0.64   		     4.996022
 32         40000            1.28               1.28   		     4.995916
 64         40000            2.57               2.56   		     4.993808
 128        40000            5.10               5.09   		     4.968605
 256        40000            10.19              10.18  		     4.971161
 512        40000            20.39              20.34  		     4.965564
 1024       40000            40.51              40.42  		     4.934184
 2048       40000            80.31              80.22  		     4.895955
 4096       40000            161.33             160.85 		     4.908795
 8192       40000            228.26             227.94 		     3.478031
 16384      40000            229.15             228.95 		     1.746712
 32768      40000            229.41             229.39 		     0.875052
 65536      40000            229.19             229.15 		     0.437064
 131072     40000            229.44             229.43 		     0.218800
 262144     40000            229.46             229.45 		     0.109411
 524288     40000            229.58             229.58 		     0.054736
 1048576    40000            229.58             229.57 		     0.027367
 2097152    40000            229.59             229.59 		     0.013685
 4194304    40000            229.60             229.60 		     0.006843
 8388608    40000            229.59             229.59 		     0.003421
---------------------------------------------------------------------------------------
