---------------------------------------------------------------------------------------
                    RDMA_Write BW Test
 Dual-port       : OFF		Device         : mlx5_2
 Number of qps   : 8		Transport type : IB
 Connection type : RC		Using SRQ      : OFF
 PCIe relax order: ON		Lock-free      : OFF
 ibv_wr* API     : ON		Using DDP      : OFF
 TX depth        : 128
 CQ Moderation   : 100
 CQE Poll Batch  : Dynamic
 Mtu             : 4096[B]
 Link type       : Ethernet
 GID index       : 3
 Max inline data : 0[B]
 rdma_cm QPs	 : ON
 Data ex. method : rdma_cm 	TOS    : 41
---------------------------------------------------------------------------------------
 local address: LID 0000 QPN 0x013b PSN 0x6b829
 GID: 00:00:00:00:00:00:00:00:00:00:255:255:192:168:100:94
 local address: LID 0000 QPN 0x013c PSN 0xe4a95f
 GID: 00:00:00:00:00:00:00:00:00:00:255:255:192:168:100:94
 local address: LID 0000 QPN 0x013d PSN 0x8cf8bd
 GID: 00:00:00:00:00:00:00:00:00:00:255:255:192:168:100:94
 local address: LID 0000 QPN 0x013e PSN 0xe255c8
 GID: 00:00:00:00:00:00:00:00:00:00:255:255:192:168:100:94
 local address: LID 0000 QPN 0x013f PSN 0x41ec3b
 GID: 00:00:00:00:00:00:00:00:00:00:255:255:192:168:100:94
 local address: LID 0000 QPN 0x0140 PSN 0x4aec81
 GID: 00:00:00:00:00:00:00:00:00:00:255:255:192:168:100:94
 local address: LID 0000 QPN 0x0141 PSN 0x385a4c
 GID: 00:00:00:00:00:00:00:00:00:00:255:255:192:168:100:94
 local address: LID 0000 QPN 0x0142 PSN 0xf3f655
 GID: 00:00:00:00:00:00:00:00:00:00:255:255:192:168:100:94
 remote address: LID 0000 QPN 0x013b PSN 0x6b829
 GID: 00:00:00:00:00:00:00:00:00:00:255:255:192:168:100:92
 remote address: LID 0000 QPN 0x013c PSN 0xe4a95f
 GID: 00:00:00:00:00:00:00:00:00:00:255:255:192:168:100:92
 remote address: LID 0000 QPN 0x013d PSN 0x8cf8bd
 GID: 00:00:00:00:00:00:00:00:00:00:255:255:192:168:100:92
 remote address: LID 0000 QPN 0x013e PSN 0xe255c8
 GID: 00:00:00:00:00:00:00:00:00:00:255:255:192:168:100:92
 remote address: LID 0000 QPN 0x013f PSN 0x41ec3b
 GID: 00:00:00:00:00:00:00:00:00:00:255:255:192:168:100:92
 remote address: LID 0000 QPN 0x0140 PSN 0x4aec81
 GID: 00:00:00:00:00:00:00:00:00:00:255:255:192:168:100:92
 remote address: LID 0000 QPN 0x0141 PSN 0x385a4c
 GID: 00:00:00:00:00:00:00:00:00:00:255:255:192:168:100:92
 remote address: LID 0000 QPN 0x0142 PSN 0xf3f655
 GID: 00:00:00:00:00:00:00:00:00:00:255:255:192:168:100:92
---------------------------------------------------------------------------------------
 #bytes     #iterations    BW peak[Gb/sec]    BW average[Gb/sec]   MsgRate[Mpps]
 2          40000           0.076596            0.075735            4.733431
 4          40000            0.16               0.16   		     4.907283
 8          40000            0.31               0.31   		     4.904762
 16         40000            0.63               0.63   		     4.905069
 32         40000            1.26               1.26   		     4.902616
 64         40000            2.52               2.51   		     4.897280
 128        40000            5.01               5.00   		     4.884309
 256        40000            10.04              10.00  		     4.881871
 512        40000            19.99              19.97  		     4.874464
 1024       40000            39.90              39.82  		     4.860675
 2048       40000            78.94              78.74  		     4.805705
 4096       40000            157.54             157.34 		     4.801563
 8192       40000            226.51             226.35 		     3.453874
 16384      40000            228.97             228.81 		     1.745719
 32768      40000            229.95             229.89 		     0.876970
 65536      40000            230.40             230.37 		     0.439398
 131072     40000            230.67             230.67 		     0.219982
 262144     40000            230.76             230.76 		     0.110035
 524288     40000            230.85             230.85 		     0.055038
 1048576    40000            230.88             230.88 		     0.027523
 2097152    40000            230.92             230.92 		     0.013764
 4194304    40000            230.92             230.92 		     0.006882
 8388608    40000            230.95             230.95 		     0.003441
---------------------------------------------------------------------------------------
