---------------------------------------------------------------------------------------
                    RDMA_Write BW Test
 Dual-port       : OFF		Device         : mlx5_2
 Number of qps   : 8		Transport type : IB
 Connection type : RC		Using SRQ      : OFF
 PCIe relax order: ON		Lock-free      : OFF
 ibv_wr* API     : ON		Using DDP      : OFF
 TX depth        : 128
 CQ Moderation   : 100
 CQE Poll Batch  : Dynamic
 Mtu             : 4096[B]
 Link type       : Ethernet
 GID index       : 3
 Max inline data : 0[B]
 rdma_cm QPs	 : ON
 Data ex. method : rdma_cm 	TOS    : 41
---------------------------------------------------------------------------------------
 local address: LID 0000 QPN 0x01e5 PSN 0x4a7af4
 GID: 00:00:00:00:00:00:00:00:00:00:255:255:192:168:100:94
 local address: LID 0000 QPN 0x01e6 PSN 0xe4fbce
 GID: 00:00:00:00:00:00:00:00:00:00:255:255:192:168:100:94
 local address: LID 0000 QPN 0x01e7 PSN 0x13cc00
 GID: 00:00:00:00:00:00:00:00:00:00:255:255:192:168:100:94
 local address: LID 0000 QPN 0x01e8 PSN 0xdc7b4f
 GID: 00:00:00:00:00:00:00:00:00:00:255:255:192:168:100:94
 local address: LID 0000 QPN 0x01e9 PSN 0xef30b6
 GID: 00:00:00:00:00:00:00:00:00:00:255:255:192:168:100:94
 local address: LID 0000 QPN 0x01ea PSN 0xfb96e0
 GID: 00:00:00:00:00:00:00:00:00:00:255:255:192:168:100:94
 local address: LID 0000 QPN 0x01eb PSN 0x163ebf
 GID: 00:00:00:00:00:00:00:00:00:00:255:255:192:168:100:94
 local address: LID 0000 QPN 0x01ec PSN 0xb18d4c
 GID: 00:00:00:00:00:00:00:00:00:00:255:255:192:168:100:94
 remote address: LID 0000 QPN 0x01e4 PSN 0x2299dc
 GID: 00:00:00:00:00:00:00:00:00:00:255:255:192:168:100:92
 remote address: LID 0000 QPN 0x01e5 PSN 0x8e9496
 GID: 00:00:00:00:00:00:00:00:00:00:255:255:192:168:100:92
 remote address: LID 0000 QPN 0x01e6 PSN 0xed8928
 GID: 00:00:00:00:00:00:00:00:00:00:255:255:192:168:100:92
 remote address: LID 0000 QPN 0x01e7 PSN 0x63f557
 GID: 00:00:00:00:00:00:00:00:00:00:255:255:192:168:100:92
 remote address: LID 0000 QPN 0x01e8 PSN 0xa1561e
 GID: 00:00:00:00:00:00:00:00:00:00:255:255:192:168:100:92
 remote address: LID 0000 QPN 0x01e9 PSN 0x50f428
 GID: 00:00:00:00:00:00:00:00:00:00:255:255:192:168:100:92
 remote address: LID 0000 QPN 0x01ea PSN 0x9da667
 GID: 00:00:00:00:00:00:00:00:00:00:255:255:192:168:100:92
 remote address: LID 0000 QPN 0x01eb PSN 0x599fd4
 GID: 00:00:00:00:00:00:00:00:00:00:255:255:192:168:100:92
---------------------------------------------------------------------------------------
 #bytes     #iterations    BW peak[Gb/sec]    BW average[Gb/sec]   MsgRate[Mpps]
 2          40000           0.058158            0.057092            3.568220
 4          40000            0.12               0.12   		     3.716163
 8          40000            0.24               0.24   		     3.720248
 16         40000            0.48               0.48   		     3.729659
 32         40000            0.96               0.95   		     3.718495
 64         40000            1.91               1.91   		     3.725165
 128        40000            3.82               3.80   		     3.714331
 256        40000            7.64               7.61   		     3.715614
 512        40000            15.31              15.24  		     3.719550
 1024       40000            30.52              30.34  		     3.703838
 2048       40000            60.53              60.19  		     3.673749
 4096       40000            120.67             119.31 		     3.640955
 8192       40000            225.47             208.07 		     3.174971
 16384      40000            225.47             204.50 		     1.560190
 32768      40000            225.47             215.03 		     0.820275
 65536      40000            227.34             218.82 		     0.417362
 131072     40000            227.71             225.37 		     0.214933
 262144     40000            226.82             223.68 		     0.106657
 524288     40000            228.77             228.76 		     0.054542
 1048576    40000            229.10             229.10 		     0.027311
 2097152    40000            229.31             229.31 		     0.013668
 4194304    40000            229.35             229.35 		     0.006835
 8388608    40000            229.45             229.45 		     0.003419
---------------------------------------------------------------------------------------
