---------------------------------------------------------------------------------------
                    RDMA_Write BW Test
 Dual-port       : OFF		Device         : mlx5_2
 Number of qps   : 8		Transport type : IB
 Connection type : RC		Using SRQ      : OFF
 PCIe relax order: ON		Lock-free      : OFF
 ibv_wr* API     : ON		Using DDP      : OFF
 TX depth        : 128
 CQ Moderation   : 100
 CQE Poll Batch  : Dynamic
 Mtu             : 4096[B]
 Link type       : Ethernet
 GID index       : 3
 Max inline data : 0[B]
 rdma_cm QPs	 : ON
 Data ex. method : rdma_cm 	TOS    : 41
---------------------------------------------------------------------------------------
 local address: LID 0000 QPN 0x0128 PSN 0x13092e
 GID: 00:00:00:00:00:00:00:00:00:00:255:255:192:168:100:94
 local address: LID 0000 QPN 0x0129 PSN 0x89a680
 GID: 00:00:00:00:00:00:00:00:00:00:255:255:192:168:100:94
 local address: LID 0000 QPN 0x012a PSN 0xa465ca
 GID: 00:00:00:00:00:00:00:00:00:00:255:255:192:168:100:94
 local address: LID 0000 QPN 0x012b PSN 0xd17251
 GID: 00:00:00:00:00:00:00:00:00:00:255:255:192:168:100:94
 local address: LID 0000 QPN 0x012c PSN 0x2890
 GID: 00:00:00:00:00:00:00:00:00:00:255:255:192:168:100:94
 local address: LID 0000 QPN 0x012d PSN 0xdafab2
 GID: 00:00:00:00:00:00:00:00:00:00:255:255:192:168:100:94
 local address: LID 0000 QPN 0x012e PSN 0x7a6b29
 GID: 00:00:00:00:00:00:00:00:00:00:255:255:192:168:100:94
 local address: LID 0000 QPN 0x012f PSN 0xf7b26e
 GID: 00:00:00:00:00:00:00:00:00:00:255:255:192:168:100:94
 remote address: LID 0000 QPN 0x0128 PSN 0xeae1ae
 GID: 00:00:00:00:00:00:00:00:00:00:255:255:192:168:100:92
 remote address: LID 0000 QPN 0x0129 PSN 0xf3d500
 GID: 00:00:00:00:00:00:00:00:00:00:255:255:192:168:100:92
 remote address: LID 0000 QPN 0x012a PSN 0xa1324a
 GID: 00:00:00:00:00:00:00:00:00:00:255:255:192:168:100:92
 remote address: LID 0000 QPN 0x012b PSN 0x2f84d1
 GID: 00:00:00:00:00:00:00:00:00:00:255:255:192:168:100:92
 remote address: LID 0000 QPN 0x012c PSN 0xad0910
 GID: 00:00:00:00:00:00:00:00:00:00:255:255:192:168:100:92
 remote address: LID 0000 QPN 0x012d PSN 0x299132
 GID: 00:00:00:00:00:00:00:00:00:00:255:255:192:168:100:92
 remote address: LID 0000 QPN 0x012e PSN 0x277fa9
 GID: 00:00:00:00:00:00:00:00:00:00:255:255:192:168:100:92
 remote address: LID 0000 QPN 0x012f PSN 0x146cee
 GID: 00:00:00:00:00:00:00:00:00:00:255:255:192:168:100:92
---------------------------------------------------------------------------------------
 #bytes     #iterations    BW peak[Gb/sec]    BW average[Gb/sec]   MsgRate[Mpps]
 2          40000           0.031088            0.030537            1.908571
 4          40000           0.063545            0.063109            1.972160
 8          40000            0.13               0.13   		     1.960933
 16         40000            0.25               0.25   		     1.972902
 32         40000            0.51               0.51   		     1.978212
 64         40000            1.02               1.01   		     1.978774
 128        40000            2.02               2.02   		     1.970541
 256        40000            4.05               4.04   		     1.972416
 512        40000            8.06               8.03   		     1.961118
 1024       40000            16.08              16.05  		     1.959466
 2048       40000            32.08              31.96  		     1.950627
 4096       40000            73.22              68.33  		     2.085371
 8192       40000            144.28             136.96 		     2.089769
 16384      40000            226.16             221.74 		     1.691780
 32768      40000            227.47             227.44 		     0.867621
 65536      40000            229.41             229.40 		     0.437538
 131072     40000            230.20             230.19 		     0.219530
 262144     40000            230.56             230.55 		     0.109935
 524288     40000            230.73             230.72 		     0.055008
 1048576    40000            230.82             230.81 		     0.027515
 2097152    40000            230.84             230.84 		     0.013759
 4194304    40000            230.87             230.87 		     0.006881
 8388608    40000            230.89             230.89 		     0.003441
---------------------------------------------------------------------------------------
