Perftest doesn't supports CUDA tests with inline messages: inline size set to 0
initializing CUDA
Listing all CUDA devices in system:
CUDA device 0: PCIe address is 06:00
CUDA device 1: PCIe address is 26:00
CUDA device 2: PCIe address is A6:00
CUDA device 3: PCIe address is C6:00

Picking device No. 1
[pid = 9809, dev = 1] device name = [NVIDIA H100 80GB HBM3]
creating CUDA Ctx
making it the current CUDA Ctx
CUDA device integrated: 0
using DMA-BUF for GPU buffer address at 0x7f6cfa000000 aligned at 0x7f6cfa000000 with aligned size 134217728
allocated GPU buffer of a 134217728 address at 0x14b7c50 for type CUDA_MEM_DEVICE
Calling ibv_reg_dmabuf_mr(offset=0, size=134217728, addr=0x7f6cfa000000, fd=58) for QP #0
---------------------------------------------------------------------------------------
                    RDMA_Write BW Test
 Dual-port       : OFF		Device         : mlx5_2
 Number of qps   : 8		Transport type : IB
 Connection type : RC		Using SRQ      : OFF
 PCIe relax order: ON		Lock-free      : OFF
 ibv_wr* API     : ON		Using DDP      : OFF
 TX depth        : 128
 CQ Moderation   : 100
 CQE Poll Batch  : Dynamic
 Mtu             : 4096[B]
 Link type       : Ethernet
 GID index       : 3
 Max inline data : 0[B]
 rdma_cm QPs	 : ON
 Data ex. method : rdma_cm 	TOS    : 41
---------------------------------------------------------------------------------------
 local address: LID 0000 QPN 0x019e PSN 0xff7b80
 GID: 00:00:00:00:00:00:00:00:00:00:255:255:192:168:100:94
 local address: LID 0000 QPN 0x019f PSN 0x83ff6a
 GID: 00:00:00:00:00:00:00:00:00:00:255:255:192:168:100:94
 local address: LID 0000 QPN 0x01a0 PSN 0xd67d6c
 GID: 00:00:00:00:00:00:00:00:00:00:255:255:192:168:100:94
 local address: LID 0000 QPN 0x01a1 PSN 0xb90e4b
 GID: 00:00:00:00:00:00:00:00:00:00:255:255:192:168:100:94
 local address: LID 0000 QPN 0x01a2 PSN 0x382e02
 GID: 00:00:00:00:00:00:00:00:00:00:255:255:192:168:100:94
 local address: LID 0000 QPN 0x01a3 PSN 0xb1b83c
 GID: 00:00:00:00:00:00:00:00:00:00:255:255:192:168:100:94
 local address: LID 0000 QPN 0x01a4 PSN 0x6b1aeb
 GID: 00:00:00:00:00:00:00:00:00:00:255:255:192:168:100:94
 local address: LID 0000 QPN 0x01a5 PSN 0x32d408
 GID: 00:00:00:00:00:00:00:00:00:00:255:255:192:168:100:94
 remote address: LID 0000 QPN 0x019d PSN 0x33bd4e
 GID: 00:00:00:00:00:00:00:00:00:00:255:255:192:168:100:92
 remote address: LID 0000 QPN 0x019e PSN 0xcb1820
 GID: 00:00:00:00:00:00:00:00:00:00:255:255:192:168:100:92
 remote address: LID 0000 QPN 0x019f PSN 0x1786ea
 GID: 00:00:00:00:00:00:00:00:00:00:255:255:192:168:100:92
 remote address: LID 0000 QPN 0x01a0 PSN 0x194cf1
 GID: 00:00:00:00:00:00:00:00:00:00:255:255:192:168:100:92
 remote address: LID 0000 QPN 0x01a1 PSN 0x83feb0
 GID: 00:00:00:00:00:00:00:00:00:00:255:255:192:168:100:92
 remote address: LID 0000 QPN 0x01a2 PSN 0xdde652
 GID: 00:00:00:00:00:00:00:00:00:00:255:255:192:168:100:92
 remote address: LID 0000 QPN 0x01a3 PSN 0xea7e49
 GID: 00:00:00:00:00:00:00:00:00:00:255:255:192:168:100:92
 remote address: LID 0000 QPN 0x01a4 PSN 0x5e970e
 GID: 00:00:00:00:00:00:00:00:00:00:255:255:192:168:100:92
---------------------------------------------------------------------------------------
 #bytes     #iterations    BW peak[Gb/sec]    BW average[Gb/sec]   MsgRate[Mpps]
 2          40000           0.057785            0.056511            3.531937
 4          40000            0.12               0.12   		     3.704609
 8          40000            0.24               0.24   		     3.710076
 16         40000            0.48               0.47   		     3.701277
 32         40000            0.94               0.93   		     3.631748
 64         40000            1.91               1.90   		     3.705127
 128        40000            3.78               3.76   		     3.676714
 256        40000            7.55               7.52   		     3.671486
 512        40000            15.21              15.11  		     3.688717
 1024       40000            30.12              29.96  		     3.657745
 2048       40000            60.04              59.64  		     3.640027
 4096       40000            119.49             118.92 		     3.629171
 8192       40000            225.47             224.81 		     3.430370
 16384      40000            226.16             226.01 		     1.724316
 32768      40000            225.90             225.85 		     0.861555
 65536      40000            226.19             226.18 		     0.431411
 131072     40000            226.09             226.09 		     0.215616
 262144     40000            226.14             226.14 		     0.107830
 524288     40000            226.13             226.12 		     0.053912
 1048576    40000            226.12             226.12 		     0.026956
 2097152    40000            226.10             226.10 		     0.013477
 4194304    40000            226.12             226.12 		     0.006739
 8388608    40000            226.12             226.12 		     0.003369
---------------------------------------------------------------------------------------
deallocating GPU buffer 00007f6cfa000000
destroying current CUDA Ctx
