---------------------------------------------------------------------------------------
                    RDMA_Write BW Test
 Dual-port       : OFF		Device         : mlx5_2
 Number of qps   : 8		Transport type : IB
 Connection type : RC		Using SRQ      : OFF
 PCIe relax order: ON		Lock-free      : OFF
 ibv_wr* API     : ON		Using DDP      : OFF
 TX depth        : 128
 CQ Moderation   : 100
 CQE Poll Batch  : Dynamic
 Mtu             : 4096[B]
 Link type       : Ethernet
 GID index       : 3
 Max inline data : 0[B]
 rdma_cm QPs	 : ON
 Data ex. method : rdma_cm 	TOS    : 41
---------------------------------------------------------------------------------------
 local address: LID 0000 QPN 0x0195 PSN 0x2293f6
 GID: 00:00:00:00:00:00:00:00:00:00:255:255:192:168:100:94
 local address: LID 0000 QPN 0x0196 PSN 0xade0df
 GID: 00:00:00:00:00:00:00:00:00:00:255:255:192:168:100:94
 local address: LID 0000 QPN 0x0197 PSN 0xa02707
 GID: 00:00:00:00:00:00:00:00:00:00:255:255:192:168:100:94
 local address: LID 0000 QPN 0x0198 PSN 0x651413
 GID: 00:00:00:00:00:00:00:00:00:00:255:255:192:168:100:94
 local address: LID 0000 QPN 0x0199 PSN 0x7ec761
 GID: 00:00:00:00:00:00:00:00:00:00:255:255:192:168:100:94
 local address: LID 0000 QPN 0x019a PSN 0xa9ec79
 GID: 00:00:00:00:00:00:00:00:00:00:255:255:192:168:100:94
 local address: LID 0000 QPN 0x019b PSN 0xcdb3ae
 GID: 00:00:00:00:00:00:00:00:00:00:255:255:192:168:100:94
 local address: LID 0000 QPN 0x019c PSN 0xba9dd9
 GID: 00:00:00:00:00:00:00:00:00:00:255:255:192:168:100:94
 remote address: LID 0000 QPN 0x0194 PSN 0x68bb17
 GID: 00:00:00:00:00:00:00:00:00:00:255:255:192:168:100:92
 remote address: LID 0000 QPN 0x0195 PSN 0xa9bcb5
 GID: 00:00:00:00:00:00:00:00:00:00:255:255:192:168:100:92
 remote address: LID 0000 QPN 0x0196 PSN 0x1d785b
 GID: 00:00:00:00:00:00:00:00:00:00:255:255:192:168:100:92
 remote address: LID 0000 QPN 0x0197 PSN 0xb8a00e
 GID: 00:00:00:00:00:00:00:00:00:00:255:255:192:168:100:92
 remote address: LID 0000 QPN 0x0198 PSN 0xc27009
 GID: 00:00:00:00:00:00:00:00:00:00:255:255:192:168:100:92
 remote address: LID 0000 QPN 0x0199 PSN 0x561f37
 GID: 00:00:00:00:00:00:00:00:00:00:255:255:192:168:100:92
 remote address: LID 0000 QPN 0x019a PSN 0x5475ca
 GID: 00:00:00:00:00:00:00:00:00:00:255:255:192:168:100:92
 remote address: LID 0000 QPN 0x019b PSN 0xc6defb
 GID: 00:00:00:00:00:00:00:00:00:00:255:255:192:168:100:92
---------------------------------------------------------------------------------------
 #bytes     #iterations    BW peak[Gb/sec]    BW average[Gb/sec]   MsgRate[Mpps]
 2          40000           0.031469            0.030927            1.932934
 4          40000           0.064286            0.063889            1.996540
 8          40000            0.13               0.13   		     1.995658
 16         40000            0.26               0.26   		     1.993960
 32         40000            0.51               0.51   		     2.001492
 64         40000            1.02               1.02   		     1.987686
 128        40000            2.05               2.04   		     1.991050
 256        40000            4.06               4.05   		     1.976369
 512        40000            8.16               8.13   		     1.985737
 1024       40000            16.25              16.22  		     1.979397
 2048       40000            32.37              32.28  		     1.969933
 4096       40000            63.56              63.38  		     1.934171
 8192       40000            145.28             138.32 		     2.110551
 16384      40000            228.25             225.01 		     1.716676
 32768      40000            228.44             228.38 		     0.871213
 65536      40000            229.59             229.58 		     0.437889
 131072     40000            230.24             230.22 		     0.219556
 262144     40000            230.48             230.48 		     0.109901
 524288     40000            230.72             230.71 		     0.055007
 1048576    40000            230.79             230.79 		     0.027512
 2097152    40000            230.83             230.83 		     0.013759
 4194304    40000            230.87             230.87 		     0.006880
 8388608    40000            230.89             230.89 		     0.003441
---------------------------------------------------------------------------------------
