Perftest doesn't supports CUDA tests with inline messages: inline size set to 0
initializing CUDA
Listing all CUDA devices in system:
CUDA device 0: PCIe address is 06:00
CUDA device 1: PCIe address is 26:00
CUDA device 2: PCIe address is A6:00
CUDA device 3: PCIe address is C6:00

Picking device No. 1
[pid = 9346, dev = 1] device name = [NVIDIA H100 80GB HBM3]
creating CUDA Ctx
making it the current CUDA Ctx
CUDA device integrated: 0
using DMA-BUF for GPU buffer address at 0x7fb6b6000000 aligned at 0x7fb6b6000000 with aligned size 134217728
allocated GPU buffer of a 134217728 address at 0x1d87c50 for type CUDA_MEM_DEVICE
Calling ibv_reg_dmabuf_mr(offset=0, size=134217728, addr=0x7fb6b6000000, fd=58) for QP #0
---------------------------------------------------------------------------------------
                    RDMA_Write BW Test
 Dual-port       : OFF		Device         : mlx5_2
 Number of qps   : 8		Transport type : IB
 Connection type : RC		Using SRQ      : OFF
 PCIe relax order: ON		Lock-free      : OFF
 ibv_wr* API     : ON		Using DDP      : OFF
 TX depth        : 128
 CQ Moderation   : 100
 CQE Poll Batch  : Dynamic
 Mtu             : 4096[B]
 Link type       : Ethernet
 GID index       : 3
 Max inline data : 0[B]
 rdma_cm QPs	 : ON
 Data ex. method : rdma_cm 	TOS    : 41
---------------------------------------------------------------------------------------
 local address: LID 0000 QPN 0x013b PSN 0xb209ce
 GID: 00:00:00:00:00:00:00:00:00:00:255:255:192:168:100:94
 local address: LID 0000 QPN 0x013c PSN 0x4caaa0
 GID: 00:00:00:00:00:00:00:00:00:00:255:255:192:168:100:94
 local address: LID 0000 QPN 0x013d PSN 0xe1e76a
 GID: 00:00:00:00:00:00:00:00:00:00:255:255:192:168:100:94
 local address: LID 0000 QPN 0x013e PSN 0xf76371
 GID: 00:00:00:00:00:00:00:00:00:00:255:255:192:168:100:94
 local address: LID 0000 QPN 0x013f PSN 0x4a9330
 GID: 00:00:00:00:00:00:00:00:00:00:255:255:192:168:100:94
 local address: LID 0000 QPN 0x0140 PSN 0xd620d2
 GID: 00:00:00:00:00:00:00:00:00:00:255:255:192:168:100:94
 local address: LID 0000 QPN 0x0141 PSN 0x2a66c9
 GID: 00:00:00:00:00:00:00:00:00:00:255:255:192:168:100:94
 local address: LID 0000 QPN 0x0142 PSN 0x77958e
 GID: 00:00:00:00:00:00:00:00:00:00:255:255:192:168:100:94
 remote address: LID 0000 QPN 0x013b PSN 0x7f34e
 GID: 00:00:00:00:00:00:00:00:00:00:255:255:192:168:100:92
 remote address: LID 0000 QPN 0x013c PSN 0xaa1620
 GID: 00:00:00:00:00:00:00:00:00:00:255:255:192:168:100:92
 remote address: LID 0000 QPN 0x013d PSN 0x3dacea
 GID: 00:00:00:00:00:00:00:00:00:00:255:255:192:168:100:92
 remote address: LID 0000 QPN 0x013e PSN 0x7b7af1
 GID: 00:00:00:00:00:00:00:00:00:00:255:255:192:168:100:92
 remote address: LID 0000 QPN 0x013f PSN 0xa594b0
 GID: 00:00:00:00:00:00:00:00:00:00:255:255:192:168:100:92
 remote address: LID 0000 QPN 0x0140 PSN 0xeec452
 GID: 00:00:00:00:00:00:00:00:00:00:255:255:192:168:100:92
 remote address: LID 0000 QPN 0x0141 PSN 0x8d0449
 GID: 00:00:00:00:00:00:00:00:00:00:255:255:192:168:100:92
 remote address: LID 0000 QPN 0x0142 PSN 0xf5a50e
 GID: 00:00:00:00:00:00:00:00:00:00:255:255:192:168:100:92
---------------------------------------------------------------------------------------
 #bytes     #iterations    BW peak[Gb/sec]    BW average[Gb/sec]   MsgRate[Mpps]
 2          40000           0.032550            0.032218            2.013629
 4          40000           0.066052            0.065828            2.057111
 8          40000            0.13               0.13   		     2.055032
 16         40000            0.27               0.26   		     2.066457
 32         40000            0.53               0.52   		     2.038772
 64         40000            1.06               1.06   		     2.065279
 128        40000            2.13               2.11   		     2.062950
 256        40000            4.23               4.20   		     2.051153
 512        40000            8.48               8.40   		     2.049713
 1024       40000            16.89              16.82  		     2.053223
 2048       40000            33.82              33.65  		     2.053738
 4096       40000            67.39              67.21  		     2.051142
 8192       40000            133.08             131.97 		     2.013638
 16384      40000            225.99             225.82 		     1.722875
 32768      40000            226.16             226.13 		     0.862619
 65536      40000            226.07             226.05 		     0.431165
 131072     40000            226.11             226.09 		     0.215616
 262144     40000            226.12             226.11 		     0.107817
 524288     40000            226.12             226.11 		     0.053910
 1048576    40000            226.11             226.11 		     0.026955
 2097152    40000            226.12             226.12 		     0.013478
 4194304    40000            226.11             226.11 		     0.006739
 8388608    40000            226.12             226.11 		     0.003369
---------------------------------------------------------------------------------------
deallocating GPU buffer 00007fb6b6000000
destroying current CUDA Ctx
