---------------------------------------------------------------------------------------
                    RDMA_Write BW Test
 Dual-port       : OFF		Device         : mlx5_2
 Number of qps   : 8		Transport type : IB
 Connection type : RC		Using SRQ      : OFF
 PCIe relax order: ON		Lock-free      : OFF
 ibv_wr* API     : ON		Using DDP      : OFF
 TX depth        : 128
 CQ Moderation   : 100
 CQE Poll Batch  : Dynamic
 Mtu             : 4096[B]
 Link type       : Ethernet
 GID index       : 3
 Max inline data : 0[B]
 rdma_cm QPs	 : ON
 Data ex. method : rdma_cm 	TOS    : 41
---------------------------------------------------------------------------------------
 local address: LID 0000 QPN 0x016d PSN 0xf7caf4
 GID: 00:00:00:00:00:00:00:00:00:00:255:255:192:168:100:94
 local address: LID 0000 QPN 0x016e PSN 0x67f05
 GID: 00:00:00:00:00:00:00:00:00:00:255:255:192:168:100:94
 local address: LID 0000 QPN 0x016f PSN 0x79a135
 GID: 00:00:00:00:00:00:00:00:00:00:255:255:192:168:100:94
 local address: LID 0000 QPN 0x0170 PSN 0x2b6da9
 GID: 00:00:00:00:00:00:00:00:00:00:255:255:192:168:100:94
 local address: LID 0000 QPN 0x0171 PSN 0xb7b03f
 GID: 00:00:00:00:00:00:00:00:00:00:255:255:192:168:100:94
 local address: LID 0000 QPN 0x0172 PSN 0xc486ff
 GID: 00:00:00:00:00:00:00:00:00:00:255:255:192:168:100:94
 local address: LID 0000 QPN 0x0173 PSN 0x7de2bc
 GID: 00:00:00:00:00:00:00:00:00:00:255:255:192:168:100:94
 local address: LID 0000 QPN 0x0174 PSN 0xed3acf
 GID: 00:00:00:00:00:00:00:00:00:00:255:255:192:168:100:94
 remote address: LID 0000 QPN 0x016c PSN 0xbf104b
 GID: 00:00:00:00:00:00:00:00:00:00:255:255:192:168:100:92
 remote address: LID 0000 QPN 0x016d PSN 0xe8bbd9
 GID: 00:00:00:00:00:00:00:00:00:00:255:255:192:168:100:92
 remote address: LID 0000 QPN 0x016e PSN 0x5a72af
 GID: 00:00:00:00:00:00:00:00:00:00:255:255:192:168:100:92
 remote address: LID 0000 QPN 0x016f PSN 0x6add2
 GID: 00:00:00:00:00:00:00:00:00:00:255:255:192:168:100:92
 remote address: LID 0000 QPN 0x0170 PSN 0xc647d
 GID: 00:00:00:00:00:00:00:00:00:00:255:255:192:168:100:92
 remote address: LID 0000 QPN 0x0171 PSN 0x636c9b
 GID: 00:00:00:00:00:00:00:00:00:00:255:255:192:168:100:92
 remote address: LID 0000 QPN 0x0172 PSN 0xb6415e
 GID: 00:00:00:00:00:00:00:00:00:00:255:255:192:168:100:92
 remote address: LID 0000 QPN 0x0173 PSN 0xc184ff
 GID: 00:00:00:00:00:00:00:00:00:00:255:255:192:168:100:92
---------------------------------------------------------------------------------------
 #bytes     #iterations    BW peak[Gb/sec]    BW average[Gb/sec]   MsgRate[Mpps]
 2          40000           0.058824            0.058548            3.659237
 4          40000            0.12               0.12   		     3.838422
 8          40000            0.25               0.25   		     3.843577
 16         40000            0.49               0.49   		     3.836242
 32         40000            0.99               0.98   		     3.841588
 64         40000            1.98               1.97   		     3.842965
 128        40000            3.92               3.90   		     3.813199
 256        40000            7.86               7.80   		     3.809734
 512        40000            15.73              15.66  		     3.824322
 1024       40000            31.24              31.15  		     3.801887
 2048       40000            62.17              61.94  		     3.780483
 4096       40000            124.33             121.33 		     3.702689
 8192       40000            216.21             180.36 		     2.752035
 16384      40000            225.12             204.14 		     1.557498
 32768      40000            226.94             215.04 		     0.820294
 65536      40000            223.76             192.65 		     0.367448
 131072     40000            226.18             208.59 		     0.198922
 262144     40000            229.05             225.05 		     0.107313
 524288     40000            230.24             230.24 		     0.054894
 1048576    40000            230.04             230.04 		     0.027423
 2097152    40000            230.47             230.40 		     0.013733
 4194304    40000            230.74             230.74 		     0.006877
 8388608    40000            230.72             230.72 		     0.003438
---------------------------------------------------------------------------------------
