Perftest doesn't supports CUDA tests with inline messages: inline size set to 0
initializing CUDA
Listing all CUDA devices in system:
CUDA device 0: PCIe address is 06:00
CUDA device 1: PCIe address is 26:00
CUDA device 2: PCIe address is A6:00
CUDA device 3: PCIe address is C6:00

Picking device No. 1
[pid = 10228, dev = 1] device name = [NVIDIA H100 80GB HBM3]
creating CUDA Ctx
making it the current CUDA Ctx
CUDA device integrated: 0
using DMA-BUF for GPU buffer address at 0x7efc16000000 aligned at 0x7efc16000000 with aligned size 134217728
allocated GPU buffer of a 134217728 address at 0x13a3c50 for type CUDA_MEM_DEVICE
Calling ibv_reg_dmabuf_mr(offset=0, size=134217728, addr=0x7efc16000000, fd=58) for QP #0
---------------------------------------------------------------------------------------
                    RDMA_Write BW Test
 Dual-port       : OFF		Device         : mlx5_2
 Number of qps   : 8		Transport type : IB
 Connection type : RC		Using SRQ      : OFF
 PCIe relax order: ON		Lock-free      : OFF
 ibv_wr* API     : ON		Using DDP      : OFF
 TX depth        : 128
 CQ Moderation   : 100
 CQE Poll Batch  : Dynamic
 Mtu             : 4096[B]
 Link type       : Ethernet
 GID index       : 3
 Max inline data : 0[B]
 rdma_cm QPs	 : ON
 Data ex. method : rdma_cm 	TOS    : 41
---------------------------------------------------------------------------------------
 local address: LID 0000 QPN 0x01ee PSN 0x4beb8a
 GID: 00:00:00:00:00:00:00:00:00:00:255:255:192:168:100:94
 local address: LID 0000 QPN 0x01ef PSN 0xf0afac
 GID: 00:00:00:00:00:00:00:00:00:00:255:255:192:168:100:94
 local address: LID 0000 QPN 0x01f0 PSN 0x50d586
 GID: 00:00:00:00:00:00:00:00:00:00:255:255:192:168:100:94
 local address: LID 0000 QPN 0x01f1 PSN 0xefed5d
 GID: 00:00:00:00:00:00:00:00:00:00:255:255:192:168:100:94
 local address: LID 0000 QPN 0x01f2 PSN 0x9754ac
 GID: 00:00:00:00:00:00:00:00:00:00:255:255:192:168:100:94
 local address: LID 0000 QPN 0x01f3 PSN 0xa9ea9e
 GID: 00:00:00:00:00:00:00:00:00:00:255:255:192:168:100:94
 local address: LID 0000 QPN 0x01f4 PSN 0xb49aa5
 GID: 00:00:00:00:00:00:00:00:00:00:255:255:192:168:100:94
 local address: LID 0000 QPN 0x01f5 PSN 0xb7523a
 GID: 00:00:00:00:00:00:00:00:00:00:255:255:192:168:100:94
 remote address: LID 0000 QPN 0x01ed PSN 0x438eb2
 GID: 00:00:00:00:00:00:00:00:00:00:255:255:192:168:100:92
 remote address: LID 0000 QPN 0x01ee PSN 0xd717b4
 GID: 00:00:00:00:00:00:00:00:00:00:255:255:192:168:100:92
 remote address: LID 0000 QPN 0x01ef PSN 0x4250ee
 GID: 00:00:00:00:00:00:00:00:00:00:255:255:192:168:100:92
 remote address: LID 0000 QPN 0x01f0 PSN 0x80e8a5
 GID: 00:00:00:00:00:00:00:00:00:00:255:255:192:168:100:92
 remote address: LID 0000 QPN 0x01f1 PSN 0x750254
 GID: 00:00:00:00:00:00:00:00:00:00:255:255:192:168:100:92
 remote address: LID 0000 QPN 0x01f2 PSN 0xf1cb26
 GID: 00:00:00:00:00:00:00:00:00:00:255:255:192:168:100:92
 remote address: LID 0000 QPN 0x01f3 PSN 0x69648d
 GID: 00:00:00:00:00:00:00:00:00:00:255:255:192:168:100:92
 remote address: LID 0000 QPN 0x01f4 PSN 0xf7ba02
 GID: 00:00:00:00:00:00:00:00:00:00:255:255:192:168:100:92
---------------------------------------------------------------------------------------
 #bytes     #iterations    BW peak[Gb/sec]    BW average[Gb/sec]   MsgRate[Mpps]
 2          40000           0.031607            0.031164            1.947772
 4          40000           0.063943            0.063459            1.983084
 8          40000            0.13               0.13   		     1.987360
 16         40000            0.26               0.25   		     1.990287
 32         40000            0.51               0.50   		     1.962370
 64         40000            1.03               1.02   		     1.988281
 128        40000            2.04               2.03   		     1.984835
 256        40000            4.08               4.07   		     1.986024
 512        40000            8.22               8.13   		     1.984487
 1024       40000            16.34              16.30  		     1.990267
 2048       40000            32.42              32.38  		     1.976183
 4096       40000            65.25              65.05  		     1.985312
 8192       40000            129.23             128.88 		     1.966608
 16384      40000            225.47             225.39 		     1.719580
 32768      40000            225.90             225.82 		     0.861448
 65536      40000            226.07             226.06 		     0.431184
 131072     40000            226.12             226.10 		     0.215623
 262144     40000            226.12             226.11 		     0.107819
 524288     40000            226.13             226.13 		     0.053914
 1048576    40000            226.13             226.13 		     0.026956
 2097152    40000            226.13             226.13 		     0.013478
 4194304    40000            226.13             226.13 		     0.006739
 8388608    40000            226.12             226.12 		     0.003370
---------------------------------------------------------------------------------------
deallocating GPU buffer 00007efc16000000
destroying current CUDA Ctx
