Perftest doesn't supports CUDA tests with inline messages: inline size set to 0
initializing CUDA
Listing all CUDA devices in system:
CUDA device 0: PCIe address is 06:00
CUDA device 1: PCIe address is 26:00
CUDA device 2: PCIe address is A6:00
CUDA device 3: PCIe address is C6:00

Picking device No. 1
[pid = 10134, dev = 1] device name = [NVIDIA H100 80GB HBM3]
creating CUDA Ctx
making it the current CUDA Ctx
CUDA device integrated: 0
using DMA-BUF for GPU buffer address at 0x7f139a000000 aligned at 0x7f139a000000 with aligned size 134217728
allocated GPU buffer of a 134217728 address at 0x11ecc50 for type CUDA_MEM_DEVICE
Calling ibv_reg_dmabuf_mr(offset=0, size=134217728, addr=0x7f139a000000, fd=58) for QP #0
---------------------------------------------------------------------------------------
                    RDMA_Write BW Test
 Dual-port       : OFF		Device         : mlx5_2
 Number of qps   : 8		Transport type : IB
 Connection type : RC		Using SRQ      : OFF
 PCIe relax order: ON		Lock-free      : OFF
 ibv_wr* API     : ON		Using DDP      : OFF
 TX depth        : 128
 CQ Moderation   : 100
 CQE Poll Batch  : Dynamic
 Mtu             : 4096[B]
 Link type       : Ethernet
 GID index       : 3
 Max inline data : 0[B]
 rdma_cm QPs	 : ON
 Data ex. method : rdma_cm 	TOS    : 41
---------------------------------------------------------------------------------------
 local address: LID 0000 QPN 0x01c6 PSN 0x741b84
 GID: 00:00:00:00:00:00:00:00:00:00:255:255:192:168:100:94
 local address: LID 0000 QPN 0x01c7 PSN 0x9fb91e
 GID: 00:00:00:00:00:00:00:00:00:00:255:255:192:168:100:94
 local address: LID 0000 QPN 0x01c8 PSN 0x6c4710
 GID: 00:00:00:00:00:00:00:00:00:00:255:255:192:168:100:94
 local address: LID 0000 QPN 0x01c9 PSN 0xd9411f
 GID: 00:00:00:00:00:00:00:00:00:00:255:255:192:168:100:94
 local address: LID 0000 QPN 0x01ca PSN 0x84a46
 GID: 00:00:00:00:00:00:00:00:00:00:255:255:192:168:100:94
 local address: LID 0000 QPN 0x01cb PSN 0x62d930
 GID: 00:00:00:00:00:00:00:00:00:00:255:255:192:168:100:94
 local address: LID 0000 QPN 0x01cc PSN 0x615acf
 GID: 00:00:00:00:00:00:00:00:00:00:255:255:192:168:100:94
 local address: LID 0000 QPN 0x01cd PSN 0xa2e01c
 GID: 00:00:00:00:00:00:00:00:00:00:255:255:192:168:100:94
 remote address: LID 0000 QPN 0x01c5 PSN 0xfa16e3
 GID: 00:00:00:00:00:00:00:00:00:00:255:255:192:168:100:92
 remote address: LID 0000 QPN 0x01c6 PSN 0x171a91
 GID: 00:00:00:00:00:00:00:00:00:00:255:255:192:168:100:92
 remote address: LID 0000 QPN 0x01c7 PSN 0xd21707
 GID: 00:00:00:00:00:00:00:00:00:00:255:255:192:168:100:92
 remote address: LID 0000 QPN 0x01c8 PSN 0xbeb74a
 GID: 00:00:00:00:00:00:00:00:00:00:255:255:192:168:100:92
 remote address: LID 0000 QPN 0x01c9 PSN 0x8a3c95
 GID: 00:00:00:00:00:00:00:00:00:00:255:255:192:168:100:92
 remote address: LID 0000 QPN 0x01ca PSN 0x3dfed3
 GID: 00:00:00:00:00:00:00:00:00:00:255:255:192:168:100:92
 remote address: LID 0000 QPN 0x01cb PSN 0xc4d336
 GID: 00:00:00:00:00:00:00:00:00:00:255:255:192:168:100:92
 remote address: LID 0000 QPN 0x01cc PSN 0x1dadf7
 GID: 00:00:00:00:00:00:00:00:00:00:255:255:192:168:100:92
---------------------------------------------------------------------------------------
 #bytes     #iterations    BW peak[Gb/sec]    BW average[Gb/sec]   MsgRate[Mpps]
 2          40000           0.031304            0.030662            1.916345
 4          40000           0.063548            0.063278            1.977433
 8          40000            0.13               0.13   		     1.985085
 16         40000            0.26               0.25   		     1.976145
 32         40000            0.50               0.50   		     1.956006
 64         40000            1.02               1.02   		     1.983825
 128        40000            2.02               2.01   		     1.959836
 256        40000            4.06               4.04   		     1.973307
 512        40000            8.15               8.08   		     1.973472
 1024       40000            16.18              16.13  		     1.968604
 2048       40000            32.45              32.34  		     1.973665
 4096       40000            64.56              64.32  		     1.962952
 8192       40000            128.33             127.85 		     1.950805
 16384      40000            225.99             225.90 		     1.723485
 32768      40000            226.16             226.11 		     0.862526
 65536      40000            226.12             226.08 		     0.431215
 131072     40000            226.09             226.08 		     0.215604
 262144     40000            226.12             226.11 		     0.107817
 524288     40000            226.12             226.11 		     0.053910
 1048576    40000            226.11             226.11 		     0.026954
 2097152    40000            226.13             226.13 		     0.013478
 4194304    40000            226.13             226.13 		     0.006739
 8388608    40000            226.12             226.11 		     0.003369
---------------------------------------------------------------------------------------
deallocating GPU buffer 00007f139a000000
destroying current CUDA Ctx
