---------------------------------------------------------------------------------------
                    RDMA_Write BW Test
 Dual-port       : OFF		Device         : mlx5_2
 Number of qps   : 8		Transport type : IB
 Connection type : RC		Using SRQ      : OFF
 PCIe relax order: ON		Lock-free      : OFF
 ibv_wr* API     : ON		Using DDP      : OFF
 TX depth        : 128
 CQ Moderation   : 100
 CQE Poll Batch  : Dynamic
 Mtu             : 4096[B]
 Link type       : Ethernet
 GID index       : 3
 Max inline data : 0[B]
 rdma_cm QPs	 : ON
 Data ex. method : rdma_cm 	TOS    : 41
---------------------------------------------------------------------------------------
 local address: LID 0000 QPN 0x01bd PSN 0x1a9c24
 GID: 00:00:00:00:00:00:00:00:00:00:255:255:192:168:100:94
 local address: LID 0000 QPN 0x01be PSN 0x943d3e
 GID: 00:00:00:00:00:00:00:00:00:00:255:255:192:168:100:94
 local address: LID 0000 QPN 0x01bf PSN 0xbd48b0
 GID: 00:00:00:00:00:00:00:00:00:00:255:255:192:168:100:94
 local address: LID 0000 QPN 0x01c0 PSN 0x4cb23f
 GID: 00:00:00:00:00:00:00:00:00:00:255:255:192:168:100:94
 local address: LID 0000 QPN 0x01c1 PSN 0x5234e6
 GID: 00:00:00:00:00:00:00:00:00:00:255:255:192:168:100:94
 local address: LID 0000 QPN 0x01c2 PSN 0x277f50
 GID: 00:00:00:00:00:00:00:00:00:00:255:255:192:168:100:94
 local address: LID 0000 QPN 0x01c3 PSN 0xdcd66f
 GID: 00:00:00:00:00:00:00:00:00:00:255:255:192:168:100:94
 local address: LID 0000 QPN 0x01c4 PSN 0xc8433c
 GID: 00:00:00:00:00:00:00:00:00:00:255:255:192:168:100:94
 remote address: LID 0000 QPN 0x01bc PSN 0x729974
 GID: 00:00:00:00:00:00:00:00:00:00:255:255:192:168:100:92
 remote address: LID 0000 QPN 0x01bd PSN 0xd76b85
 GID: 00:00:00:00:00:00:00:00:00:00:255:255:192:168:100:92
 remote address: LID 0000 QPN 0x01be PSN 0xe953b5
 GID: 00:00:00:00:00:00:00:00:00:00:255:255:192:168:100:92
 remote address: LID 0000 QPN 0x01bf PSN 0x196e29
 GID: 00:00:00:00:00:00:00:00:00:00:255:255:192:168:100:92
 remote address: LID 0000 QPN 0x01c0 PSN 0x80e6bf
 GID: 00:00:00:00:00:00:00:00:00:00:255:255:192:168:100:92
 remote address: LID 0000 QPN 0x01c1 PSN 0x67bb7f
 GID: 00:00:00:00:00:00:00:00:00:00:255:255:192:168:100:92
 remote address: LID 0000 QPN 0x01c2 PSN 0x263d3c
 GID: 00:00:00:00:00:00:00:00:00:00:255:255:192:168:100:92
 remote address: LID 0000 QPN 0x01c3 PSN 0xeac34f
 GID: 00:00:00:00:00:00:00:00:00:00:255:255:192:168:100:92
---------------------------------------------------------------------------------------
 #bytes     #iterations    BW peak[Gb/sec]    BW average[Gb/sec]   MsgRate[Mpps]
 2          40000           0.060100            0.059649            3.728033
 4          40000            0.12               0.12   		     3.863021
 8          40000            0.25               0.25   		     3.865765
 16         40000            0.50               0.49   		     3.859335
 32         40000            1.00               0.99   		     3.860437
 64         40000            1.98               1.97   		     3.856805
 128        40000            3.97               3.94   		     3.848789
 256        40000            7.89               7.86   		     3.840039
 512        40000            15.86              15.74  		     3.842116
 1024       40000            31.51              31.31  		     3.821732
 2048       40000            62.80              62.28  		     3.801432
 4096       40000            125.60             123.60 		     3.771916
 8192       40000            225.12             197.48 		     3.013310
 16384      40000            226.16             199.94 		     1.525397
 32768      40000            227.56             182.52 		     0.696250
 65536      40000            222.03             189.18 		     0.360834
 131072     40000            229.59             229.58 		     0.218942
 262144     40000            230.58             230.58 		     0.109948
 524288     40000            230.46             228.45 		     0.054467
 1048576    40000            230.35             230.05 		     0.027424
 2097152    40000            231.57             231.57 		     0.013803
 4194304    40000            231.83             231.83 		     0.006909
 8388608    40000            231.94             231.94 		     0.003456
---------------------------------------------------------------------------------------
