Disabling dynamic polling
---------------------------------------------------------------------------------------
                    RDMA_Read BW Test
 Dual-port       : OFF		Device         : mlx5_2
 Number of qps   : 8		Transport type : IB
 Connection type : RC		Using SRQ      : OFF
 PCIe relax order: ON		Lock-free      : OFF
 ibv_wr* API     : ON		Using DDP      : OFF
 TX depth        : 128
 CQ Moderation   : 100
 CQE Poll Batch  : 16
 Mtu             : 4096[B]
 Link type       : Ethernet
 GID index       : 3
 Outstand reads  : 16
 rdma_cm QPs	 : ON
 Data ex. method : rdma_cm 	TOS    : 41
---------------------------------------------------------------------------------------
 local address: LID 0000 QPN 0x01e0 PSN 0x98af7e
 GID: 00:00:00:00:00:00:00:00:00:00:255:255:192:168:100:94
 local address: LID 0000 QPN 0x01e1 PSN 0x9d5690
 GID: 00:00:00:00:00:00:00:00:00:00:255:255:192:168:100:94
 local address: LID 0000 QPN 0x01e2 PSN 0xf4bc9a
 GID: 00:00:00:00:00:00:00:00:00:00:255:255:192:168:100:94
 local address: LID 0000 QPN 0x01e3 PSN 0xc548e1
 GID: 00:00:00:00:00:00:00:00:00:00:255:255:192:168:100:94
 local address: LID 0000 QPN 0x01e4 PSN 0x57e3e0
 GID: 00:00:00:00:00:00:00:00:00:00:255:255:192:168:100:94
 local address: LID 0000 QPN 0x01e5 PSN 0x3f9bc2
 GID: 00:00:00:00:00:00:00:00:00:00:255:255:192:168:100:94
 local address: LID 0000 QPN 0x01e6 PSN 0xc75ef9
 GID: 00:00:00:00:00:00:00:00:00:00:255:255:192:168:100:94
 local address: LID 0000 QPN 0x01e7 PSN 0x8861fe
 GID: 00:00:00:00:00:00:00:00:00:00:255:255:192:168:100:94
 remote address: LID 0000 QPN 0x021e PSN 0xb4e849
 GID: 00:00:00:00:00:00:00:00:00:00:255:255:192:168:100:92
 remote address: LID 0000 QPN 0x021f PSN 0x425a36
 GID: 00:00:00:00:00:00:00:00:00:00:255:255:192:168:100:92
 remote address: LID 0000 QPN 0x0220 PSN 0xffb12
 GID: 00:00:00:00:00:00:00:00:00:00:255:255:192:168:100:92
 remote address: LID 0000 QPN 0x0221 PSN 0xa83ec2
 GID: 00:00:00:00:00:00:00:00:00:00:255:255:192:168:100:92
 remote address: LID 0000 QPN 0x0222 PSN 0xc52de4
 GID: 00:00:00:00:00:00:00:00:00:00:255:255:192:168:100:92
 remote address: LID 0000 QPN 0x0223 PSN 0x814440
 GID: 00:00:00:00:00:00:00:00:00:00:255:255:192:168:100:92
 remote address: LID 0000 QPN 0x0224 PSN 0xcedd69
 GID: 00:00:00:00:00:00:00:00:00:00:255:255:192:168:100:92
 remote address: LID 0000 QPN 0x0225 PSN 0x1b6478
 GID: 00:00:00:00:00:00:00:00:00:00:255:255:192:168:100:92
---------------------------------------------------------------------------------------
 #bytes     #iterations    BW peak[Gb/sec]    BW average[Gb/sec]   MsgRate[Mpps]
 2          8000           0.059113            0.057278            3.579867
 4          8000             0.12               0.11   		     3.496152
 8          8000             0.25               0.24   		     3.750533
 16         8000             0.49               0.48   		     3.748477
 32         8000             0.98               0.96   		     3.767365
 64         8000             1.96               1.94   		     3.791702
 128        8000             3.89               3.74   		     3.653224
 256        8000             7.78               7.70   		     3.758780
 512        8000             14.70              13.78  		     3.363451
 1024       8000             30.67              30.38  		     3.708631
 2048       8000             61.03              58.92  		     3.596200
 4096       8000             118.53             118.23 		     3.608073
 8192       8000             143.30             125.06 		     1.908329
 16384      8000             147.89             142.24 		     1.085183
 32768      8000             184.96             160.80 		     0.613418
 65536      8000             214.25             183.52 		     0.350033
 131072     8000             219.53             205.31 		     0.195795
 262144     8000             221.46             217.02 		     0.103484
 524288     8000             223.34             223.33 		     0.053247
 1048576    8000             227.01             227.01 		     0.027062
 2097152    8000             227.78             227.78 		     0.013577
 4194304    8000             228.81             228.81 		     0.006819
 8388608    8000             229.17             229.17 		     0.003415
---------------------------------------------------------------------------------------
