Disabling dynamic polling
---------------------------------------------------------------------------------------
                    RDMA_Read BW Test
 Dual-port       : OFF		Device         : mlx5_2
 Number of qps   : 8		Transport type : IB
 Connection type : RC		Using SRQ      : OFF
 PCIe relax order: ON		Lock-free      : OFF
 ibv_wr* API     : ON		Using DDP      : OFF
 TX depth        : 128
 CQ Moderation   : 100
 CQE Poll Batch  : 16
 Mtu             : 4096[B]
 Link type       : Ethernet
 GID index       : 3
 Outstand reads  : 16
 rdma_cm QPs	 : ON
 Data ex. method : rdma_cm 	TOS    : 41
---------------------------------------------------------------------------------------
 local address: LID 0000 QPN 0x017e PSN 0xf5d245
 GID: 00:00:00:00:00:00:00:00:00:00:255:255:192:168:100:94
 local address: LID 0000 QPN 0x017f PSN 0xf7ef4b
 GID: 00:00:00:00:00:00:00:00:00:00:255:255:192:168:100:94
 local address: LID 0000 QPN 0x0180 PSN 0x23c639
 GID: 00:00:00:00:00:00:00:00:00:00:255:255:192:168:100:94
 local address: LID 0000 QPN 0x0181 PSN 0x53b94
 GID: 00:00:00:00:00:00:00:00:00:00:255:255:192:168:100:94
 local address: LID 0000 QPN 0x0182 PSN 0xa30c17
 GID: 00:00:00:00:00:00:00:00:00:00:255:255:192:168:100:94
 local address: LID 0000 QPN 0x0183 PSN 0x15252d
 GID: 00:00:00:00:00:00:00:00:00:00:255:255:192:168:100:94
 local address: LID 0000 QPN 0x0184 PSN 0xcd0388
 GID: 00:00:00:00:00:00:00:00:00:00:255:255:192:168:100:94
 local address: LID 0000 QPN 0x0185 PSN 0x9bece1
 GID: 00:00:00:00:00:00:00:00:00:00:255:255:192:168:100:94
 remote address: LID 0000 QPN 0x01bc PSN 0x7d7544
 GID: 00:00:00:00:00:00:00:00:00:00:255:255:192:168:100:92
 remote address: LID 0000 QPN 0x01bd PSN 0x3d6fde
 GID: 00:00:00:00:00:00:00:00:00:00:255:255:192:168:100:92
 remote address: LID 0000 QPN 0x01be PSN 0xc396d0
 GID: 00:00:00:00:00:00:00:00:00:00:255:255:192:168:100:92
 remote address: LID 0000 QPN 0x01bf PSN 0xacb5df
 GID: 00:00:00:00:00:00:00:00:00:00:255:255:192:168:100:92
 remote address: LID 0000 QPN 0x01c0 PSN 0xf58006
 GID: 00:00:00:00:00:00:00:00:00:00:255:255:192:168:100:92
 remote address: LID 0000 QPN 0x01c1 PSN 0xad3bf0
 GID: 00:00:00:00:00:00:00:00:00:00:255:255:192:168:100:92
 remote address: LID 0000 QPN 0x01c2 PSN 0xc5e68f
 GID: 00:00:00:00:00:00:00:00:00:00:255:255:192:168:100:92
 remote address: LID 0000 QPN 0x01c3 PSN 0xe0dc
 GID: 00:00:00:00:00:00:00:00:00:00:255:255:192:168:100:92
---------------------------------------------------------------------------------------
 #bytes     #iterations    BW peak[Gb/sec]    BW average[Gb/sec]   MsgRate[Mpps]
 2          8000           0.032172            0.031593            1.974548
 4          8000           0.065336            0.064791            2.024722
 8          8000             0.13               0.13   		     2.027904
 16         8000             0.26               0.26   		     2.032970
 32         8000             0.52               0.52   		     2.031493
 64         8000             1.05               1.04   		     2.039136
 128        8000             2.09               2.08   		     2.028680
 256        8000             4.16               4.15   		     2.024830
 512        8000             8.39               8.31   		     2.028922
 1024       8000             16.70              16.61  		     2.027195
 2048       8000             33.30              33.08  		     2.019228
 4096       8000             66.18              65.96  		     2.012989
 8192       8000             141.11             121.26 		     1.850216
 16384      8000             162.67             80.59  		     0.614859
 32768      8000             202.34             198.90 		     0.758726
 65536      8000             213.67             185.47 		     0.353755
 131072     8000             215.89             215.88 		     0.205883
 262144     8000             226.35             226.35 		     0.107930
 524288     8000             221.43             221.43 		     0.052793
 1048576    8000             228.50             228.50 		     0.027239
 2097152    8000             228.88             228.84 		     0.013640
 4194304    8000             229.11             229.11 		     0.006828
 8388608    8000             229.87             229.87 		     0.003425
---------------------------------------------------------------------------------------
