Disabling dynamic polling
---------------------------------------------------------------------------------------
                    RDMA_Read BW Test
 Dual-port       : OFF		Device         : mlx5_2
 Number of qps   : 8		Transport type : IB
 Connection type : RC		Using SRQ      : OFF
 PCIe relax order: ON		Lock-free      : OFF
 ibv_wr* API     : ON		Using DDP      : OFF
 TX depth        : 128
 CQ Moderation   : 100
 CQE Poll Batch  : 16
 Mtu             : 4096[B]
 Link type       : Ethernet
 GID index       : 3
 Outstand reads  : 16
 rdma_cm QPs	 : ON
 Data ex. method : rdma_cm 	TOS    : 41
---------------------------------------------------------------------------------------
 local address: LID 0000 QPN 0x0128 PSN 0x9a5778
 GID: 00:00:00:00:00:00:00:00:00:00:255:255:192:168:100:94
 local address: LID 0000 QPN 0x0129 PSN 0xb47802
 GID: 00:00:00:00:00:00:00:00:00:00:255:255:192:168:100:94
 local address: LID 0000 QPN 0x012a PSN 0xf26624
 GID: 00:00:00:00:00:00:00:00:00:00:255:255:192:168:100:94
 local address: LID 0000 QPN 0x012b PSN 0x5074a3
 GID: 00:00:00:00:00:00:00:00:00:00:255:255:192:168:100:94
 local address: LID 0000 QPN 0x012c PSN 0xc1d17a
 GID: 00:00:00:00:00:00:00:00:00:00:255:255:192:168:100:94
 local address: LID 0000 QPN 0x012d PSN 0xca2254
 GID: 00:00:00:00:00:00:00:00:00:00:255:255:192:168:100:94
 local address: LID 0000 QPN 0x012e PSN 0x41d723
 GID: 00:00:00:00:00:00:00:00:00:00:255:255:192:168:100:94
 local address: LID 0000 QPN 0x012f PSN 0x5b47e0
 GID: 00:00:00:00:00:00:00:00:00:00:255:255:192:168:100:94
 remote address: LID 0000 QPN 0x0128 PSN 0x9ee4c9
 GID: 00:00:00:00:00:00:00:00:00:00:255:255:192:168:100:92
 remote address: LID 0000 QPN 0x0129 PSN 0x47697f
 GID: 00:00:00:00:00:00:00:00:00:00:255:255:192:168:100:92
 remote address: LID 0000 QPN 0x012a PSN 0xb5865d
 GID: 00:00:00:00:00:00:00:00:00:00:255:255:192:168:100:92
 remote address: LID 0000 QPN 0x012b PSN 0xe462e8
 GID: 00:00:00:00:00:00:00:00:00:00:255:255:192:168:100:92
 remote address: LID 0000 QPN 0x012c PSN 0x6c42db
 GID: 00:00:00:00:00:00:00:00:00:00:255:255:192:168:100:92
 remote address: LID 0000 QPN 0x012d PSN 0xa58ea1
 GID: 00:00:00:00:00:00:00:00:00:00:255:255:192:168:100:92
 remote address: LID 0000 QPN 0x012e PSN 0xf821ec
 GID: 00:00:00:00:00:00:00:00:00:00:255:255:192:168:100:92
 remote address: LID 0000 QPN 0x012f PSN 0x75b575
 GID: 00:00:00:00:00:00:00:00:00:00:255:255:192:168:100:92
---------------------------------------------------------------------------------------
 #bytes     #iterations    BW peak[Gb/sec]    BW average[Gb/sec]   MsgRate[Mpps]
 2          8000           0.059113            0.058583            3.661445
 4          8000             0.12               0.12   		     3.636743
 8          8000             0.24               0.24   		     3.695731
 16         8000             0.47               0.47   		     3.675170
 32         8000             0.96               0.94   		     3.679531
 64         8000             1.92               1.89   		     3.695815
 128        8000             3.80               3.74   		     3.648204
 256        8000             7.65               7.55   		     3.688761
 512        8000             14.42              13.50  		     3.296916
 1024       8000             30.27              30.01  		     3.662903
 2048       8000             59.94              59.52  		     3.632863
 4096       8000             116.29             115.52 		     3.525316
 8192       8000             158.73             157.86 		     2.408761
 16384      8000             190.88             173.08 		     1.320502
 32768      8000             188.74             155.52 		     0.593254
 65536      8000             217.25             211.82 		     0.404023
 131072     8000             220.93             220.92 		     0.210688
 262144     8000             226.40             226.39 		     0.107951
 524288     8000             228.74             228.73 		     0.054534
 1048576    8000             224.70             224.70 		     0.026786
 2097152    8000             230.46             230.46 		     0.013736
 4194304    8000             229.31             229.31 		     0.006834
 8388608    8000             230.86             230.86 		     0.003440
---------------------------------------------------------------------------------------
