Disabling dynamic polling
initializing CUDA
Listing all CUDA devices in system:
CUDA device 0: PCIe address is 06:00
CUDA device 1: PCIe address is 26:00
CUDA device 2: PCIe address is A6:00
CUDA device 3: PCIe address is C6:00

Picking device No. 1
[pid = 9460, dev = 1] device name = [NVIDIA H100 80GB HBM3]
creating CUDA Ctx
making it the current CUDA Ctx
CUDA device integrated: 0
using DMA-BUF for GPU buffer address at 0x7f9dc6000000 aligned at 0x7f9dc6000000 with aligned size 134217728
allocated GPU buffer of a 134217728 address at 0x229c640 for type CUDA_MEM_DEVICE
Calling ibv_reg_dmabuf_mr(offset=0, size=134217728, addr=0x7f9dc6000000, fd=58) for QP #0
---------------------------------------------------------------------------------------
                    RDMA_Read BW Test
 Dual-port       : OFF		Device         : mlx5_2
 Number of qps   : 8		Transport type : IB
 Connection type : RC		Using SRQ      : OFF
 PCIe relax order: ON		Lock-free      : OFF
 ibv_wr* API     : ON		Using DDP      : OFF
 TX depth        : 128
 CQ Moderation   : 100
 CQE Poll Batch  : 16
 Mtu             : 4096[B]
 Link type       : Ethernet
 GID index       : 3
 Outstand reads  : 16
 rdma_cm QPs	 : ON
 Data ex. method : rdma_cm 	TOS    : 41
---------------------------------------------------------------------------------------
 local address: LID 0000 QPN 0x0187 PSN 0xc9721c
 GID: 00:00:00:00:00:00:00:00:00:00:255:255:192:168:100:94
 local address: LID 0000 QPN 0x0188 PSN 0xe227d6
 GID: 00:00:00:00:00:00:00:00:00:00:255:255:192:168:100:94
 local address: LID 0000 QPN 0x0189 PSN 0xcebb68
 GID: 00:00:00:00:00:00:00:00:00:00:255:255:192:168:100:94
 local address: LID 0000 QPN 0x018a PSN 0x6bda97
 GID: 00:00:00:00:00:00:00:00:00:00:255:255:192:168:100:94
 local address: LID 0000 QPN 0x018b PSN 0xf5725e
 GID: 00:00:00:00:00:00:00:00:00:00:255:255:192:168:100:94
 local address: LID 0000 QPN 0x018c PSN 0x827b68
 GID: 00:00:00:00:00:00:00:00:00:00:255:255:192:168:100:94
 local address: LID 0000 QPN 0x018d PSN 0x37bca7
 GID: 00:00:00:00:00:00:00:00:00:00:255:255:192:168:100:94
 local address: LID 0000 QPN 0x018e PSN 0xf29914
 GID: 00:00:00:00:00:00:00:00:00:00:255:255:192:168:100:94
 remote address: LID 0000 QPN 0x01c5 PSN 0x8e1caf
 GID: 00:00:00:00:00:00:00:00:00:00:255:255:192:168:100:92
 remote address: LID 0000 QPN 0x01c6 PSN 0x62da6d
 GID: 00:00:00:00:00:00:00:00:00:00:255:255:192:168:100:92
 remote address: LID 0000 QPN 0x01c7 PSN 0x426fb3
 GID: 00:00:00:00:00:00:00:00:00:00:255:255:192:168:100:92
 remote address: LID 0000 QPN 0x01c8 PSN 0xcf0086
 GID: 00:00:00:00:00:00:00:00:00:00:255:255:192:168:100:92
 remote address: LID 0000 QPN 0x01c9 PSN 0x955321
 GID: 00:00:00:00:00:00:00:00:00:00:255:255:192:168:100:92
 remote address: LID 0000 QPN 0x01ca PSN 0x48606f
 GID: 00:00:00:00:00:00:00:00:00:00:255:255:192:168:100:92
 remote address: LID 0000 QPN 0x01cb PSN 0xb28aa2
 GID: 00:00:00:00:00:00:00:00:00:00:255:255:192:168:100:92
 remote address: LID 0000 QPN 0x01cc PSN 0xafcef3
 GID: 00:00:00:00:00:00:00:00:00:00:255:255:192:168:100:92
---------------------------------------------------------------------------------------
 #bytes     #iterations    BW peak[Gb/sec]    BW average[Gb/sec]   MsgRate[Mpps]
 2          8000           0.031250            0.030657            1.916085
 4          8000           0.062992            0.062312            1.947240
 8          8000             0.13               0.12   		     1.944603
 16         8000             0.25               0.25   		     1.970555
 32         8000             0.50               0.50   		     1.960313
 64         8000             1.02               0.99   		     1.940551
 128        8000             2.01               2.00   		     1.954122
 256        8000             4.04               4.02   		     1.964801
 512        8000             8.10               8.02   		     1.958773
 1024       8000             16.11              16.03  		     1.956445
 2048       8000             32.25              32.00  		     1.953063
 4096       8000             64.28              64.07  		     1.955149
 8192       8000             126.90             126.61 		     1.931938
 16384      8000             203.95             203.84 		     1.555171
 32768      8000             205.59             205.56 		     0.784136
 65536      8000             205.16             205.15 		     0.391285
 131072     8000             206.18             206.16 		     0.196608
 262144     8000             206.03             206.02 		     0.098237
 524288     8000             206.06             206.06 		     0.049128
 1048576    8000             206.15             206.15 		     0.024575
 2097152    8000             206.16             206.16 		     0.012288
 4194304    8000             191.28             191.28 		     0.005701
 8388608    8000             169.00             169.00 		     0.002518
---------------------------------------------------------------------------------------
deallocating GPU buffer 00007f9dc6000000
destroying current CUDA Ctx
