Disabling dynamic polling
initializing CUDA
Listing all CUDA devices in system:
CUDA device 0: PCIe address is 06:00
CUDA device 1: PCIe address is 26:00
CUDA device 2: PCIe address is A6:00
CUDA device 3: PCIe address is C6:00

Picking device No. 1
[pid = 9796, dev = 1] device name = [NVIDIA H100 80GB HBM3]
creating CUDA Ctx
making it the current CUDA Ctx
CUDA device integrated: 0
using DMA-BUF for GPU buffer address at 0x7fcdba000000 aligned at 0x7fcdba000000 with aligned size 134217728
allocated GPU buffer of a 134217728 address at 0x1010640 for type CUDA_MEM_DEVICE
Calling ibv_reg_dmabuf_mr(offset=0, size=134217728, addr=0x7fcdba000000, fd=58) for QP #0
---------------------------------------------------------------------------------------
                    RDMA_Read BW Test
 Dual-port       : OFF		Device         : mlx5_2
 Number of qps   : 8		Transport type : IB
 Connection type : RC		Using SRQ      : OFF
 PCIe relax order: ON		Lock-free      : OFF
 ibv_wr* API     : ON		Using DDP      : OFF
 TX depth        : 128
 CQ Moderation   : 100
 CQE Poll Batch  : 16
 Mtu             : 4096[B]
 Link type       : Ethernet
 GID index       : 3
 Outstand reads  : 16
 rdma_cm QPs	 : ON
 Data ex. method : rdma_cm 	TOS    : 41
---------------------------------------------------------------------------------------
 local address: LID 0000 QPN 0x01af PSN 0x77bc12
 GID: 00:00:00:00:00:00:00:00:00:00:255:255:192:168:100:94
 local address: LID 0000 QPN 0x01b0 PSN 0x52a994
 GID: 00:00:00:00:00:00:00:00:00:00:255:255:192:168:100:94
 local address: LID 0000 QPN 0x01b1 PSN 0x6ead4e
 GID: 00:00:00:00:00:00:00:00:00:00:255:255:192:168:100:94
 local address: LID 0000 QPN 0x01b2 PSN 0xe27d85
 GID: 00:00:00:00:00:00:00:00:00:00:255:255:192:168:100:94
 local address: LID 0000 QPN 0x01b3 PSN 0x42a5b4
 GID: 00:00:00:00:00:00:00:00:00:00:255:255:192:168:100:94
 local address: LID 0000 QPN 0x01b4 PSN 0xc89b06
 GID: 00:00:00:00:00:00:00:00:00:00:255:255:192:168:100:94
 local address: LID 0000 QPN 0x01b5 PSN 0x2326ed
 GID: 00:00:00:00:00:00:00:00:00:00:255:255:192:168:100:94
 local address: LID 0000 QPN 0x01b6 PSN 0x31bce2
 GID: 00:00:00:00:00:00:00:00:00:00:255:255:192:168:100:94
 remote address: LID 0000 QPN 0x01ed PSN 0x33fe4b
 GID: 00:00:00:00:00:00:00:00:00:00:255:255:192:168:100:92
 remote address: LID 0000 QPN 0x01ee PSN 0x8611d9
 GID: 00:00:00:00:00:00:00:00:00:00:255:255:192:168:100:92
 remote address: LID 0000 QPN 0x01ef PSN 0x9c10af
 GID: 00:00:00:00:00:00:00:00:00:00:255:255:192:168:100:92
 remote address: LID 0000 QPN 0x01f0 PSN 0xeaf3d2
 GID: 00:00:00:00:00:00:00:00:00:00:255:255:192:168:100:92
 remote address: LID 0000 QPN 0x01f1 PSN 0x22327d
 GID: 00:00:00:00:00:00:00:00:00:00:255:255:192:168:100:92
 remote address: LID 0000 QPN 0x01f2 PSN 0xc0229b
 GID: 00:00:00:00:00:00:00:00:00:00:255:255:192:168:100:92
 remote address: LID 0000 QPN 0x01f3 PSN 0xb3bf5e
 GID: 00:00:00:00:00:00:00:00:00:00:255:255:192:168:100:92
 remote address: LID 0000 QPN 0x01f4 PSN 0xe42aff
 GID: 00:00:00:00:00:00:00:00:00:00:255:255:192:168:100:92
---------------------------------------------------------------------------------------
 #bytes     #iterations    BW peak[Gb/sec]    BW average[Gb/sec]   MsgRate[Mpps]
 2          8000           0.056162            0.055538            3.471137
 4          8000             0.12               0.12   		     3.636347
 8          8000             0.23               0.23   		     3.626030
 16         8000             0.47               0.46   		     3.629830
 32         8000             0.94               0.93   		     3.641143
 64         8000             1.85               1.82   		     3.560112
 128        8000             3.76               3.72   		     3.631856
 256        8000             7.48               7.45   		     3.636447
 512        8000             15.01              14.87  		     3.631469
 1024       8000             29.87              29.58  		     3.611004
 2048       8000             59.08              58.53  		     3.572545
 4096       8000             117.96             117.18 		     3.576139
 8192       8000             201.99             201.78 		     3.078936
 16384      8000             205.37             205.25 		     1.565962
 32768      8000             206.30             206.21 		     0.786630
 65536      8000             206.74             206.72 		     0.394291
 131072     8000             206.41             206.39 		     0.196832
 262144     8000             206.56             206.55 		     0.098490
 524288     8000             206.63             206.63 		     0.049263
 1048576    8000             206.65             206.65 		     0.024634
 2097152    8000             206.67             206.67 		     0.012319
 4194304    8000             197.92             197.74 		     0.005893
 8388608    8000             175.63             175.63 		     0.002617
---------------------------------------------------------------------------------------
deallocating GPU buffer 00007fcdba000000
destroying current CUDA Ctx
