Disabling dynamic polling
---------------------------------------------------------------------------------------
                    RDMA_Read BW Test
 Dual-port       : OFF		Device         : mlx5_2
 Number of qps   : 8		Transport type : IB
 Connection type : RC		Using SRQ      : OFF
 PCIe relax order: ON		Lock-free      : OFF
 ibv_wr* API     : ON		Using DDP      : OFF
 TX depth        : 128
 CQ Moderation   : 100
 CQE Poll Batch  : 16
 Mtu             : 4096[B]
 Link type       : Ethernet
 GID index       : 3
 Outstand reads  : 16
 rdma_cm QPs	 : ON
 Data ex. method : rdma_cm 	TOS    : 41
---------------------------------------------------------------------------------------
 local address: LID 0000 QPN 0x01a6 PSN 0xefafa9
 GID: 00:00:00:00:00:00:00:00:00:00:255:255:192:168:100:94
 local address: LID 0000 QPN 0x01a7 PSN 0x730adf
 GID: 00:00:00:00:00:00:00:00:00:00:255:255:192:168:100:94
 local address: LID 0000 QPN 0x01a8 PSN 0xc57c3d
 GID: 00:00:00:00:00:00:00:00:00:00:255:255:192:168:100:94
 local address: LID 0000 QPN 0x01a9 PSN 0x175348
 GID: 00:00:00:00:00:00:00:00:00:00:255:255:192:168:100:94
 local address: LID 0000 QPN 0x01aa PSN 0x92dbbb
 GID: 00:00:00:00:00:00:00:00:00:00:255:255:192:168:100:94
 local address: LID 0000 QPN 0x01ab PSN 0xede601
 GID: 00:00:00:00:00:00:00:00:00:00:255:255:192:168:100:94
 local address: LID 0000 QPN 0x01ac PSN 0xc595cc
 GID: 00:00:00:00:00:00:00:00:00:00:255:255:192:168:100:94
 local address: LID 0000 QPN 0x01ad PSN 0x8b4bd5
 GID: 00:00:00:00:00:00:00:00:00:00:255:255:192:168:100:94
 remote address: LID 0000 QPN 0x01e4 PSN 0x69786
 GID: 00:00:00:00:00:00:00:00:00:00:255:255:192:168:100:92
 remote address: LID 0000 QPN 0x01e5 PSN 0xb6c52f
 GID: 00:00:00:00:00:00:00:00:00:00:255:255:192:168:100:92
 remote address: LID 0000 QPN 0x01e6 PSN 0x493d17
 GID: 00:00:00:00:00:00:00:00:00:00:255:255:192:168:100:92
 remote address: LID 0000 QPN 0x01e7 PSN 0xf5d8e3
 GID: 00:00:00:00:00:00:00:00:00:00:255:255:192:168:100:92
 remote address: LID 0000 QPN 0x01e8 PSN 0xb573f1
 GID: 00:00:00:00:00:00:00:00:00:00:255:255:192:168:100:92
 remote address: LID 0000 QPN 0x01e9 PSN 0xbac5c9
 GID: 00:00:00:00:00:00:00:00:00:00:255:255:192:168:100:92
 remote address: LID 0000 QPN 0x01ea PSN 0xf81abe
 GID: 00:00:00:00:00:00:00:00:00:00:255:255:192:168:100:92
 remote address: LID 0000 QPN 0x01eb PSN 0x20dfa9
 GID: 00:00:00:00:00:00:00:00:00:00:255:255:192:168:100:92
---------------------------------------------------------------------------------------
 #bytes     #iterations    BW peak[Gb/sec]    BW average[Gb/sec]   MsgRate[Mpps]
 2          8000           0.060403            0.059681            3.730091
 4          8000             0.12               0.12   		     3.747459
 8          8000             0.24               0.24   		     3.726355
 16         8000             0.49               0.48   		     3.759469
 32         8000             0.98               0.94   		     3.679734
 64         8000             1.95               1.92   		     3.753313
 128        8000             3.84               3.81   		     3.718094
 256        8000             7.73               7.68   		     3.747985
 512        8000             15.41              15.30  		     3.734897
 1024       8000             30.93              29.92  		     3.652668
 2048       8000             61.44              60.34  		     3.682614
 4096       8000             121.86             121.32 		     3.702246
 8192       8000             228.26             227.95 		     3.478261
 16384      8000             231.49             231.34 		     1.764984
 32768      8000             231.85             231.81 		     0.884292
 65536      8000             231.99             231.98 		     0.442469
 131072     8000             232.05             232.04 		     0.221286
 262144     8000             231.35             231.34 		     0.110312
 524288     8000             231.91             231.90 		     0.055290
 1048576    8000             231.95             231.95 		     0.027650
 2097152    8000             231.79             231.79 		     0.013816
 4194304    8000             231.96             231.96 		     0.006913
 8388608    8000             231.96             231.96 		     0.003456
---------------------------------------------------------------------------------------
