Disabling dynamic polling

************************************
* Waiting for client to connect... *
************************************
---------------------------------------------------------------------------------------
                    RDMA_Read BW Test
 Dual-port       : OFF		Device         : mlx5_2
 Number of qps   : 8		Transport type : IB
 Connection type : RC		Using SRQ      : OFF
 PCIe relax order: ON		Lock-free      : OFF
 ibv_wr* API     : ON		Using DDP      : OFF
 CQ Moderation   : 100
 CQE Poll Batch  : 16
 Mtu             : 4096[B]
 Link type       : Ethernet
 GID index       : 3
 Outstand reads  : 16
 rdma_cm QPs	 : ON
 Data ex. method : rdma_cm 	TOS    : 41
---------------------------------------------------------------------------------------
 Waiting for client rdma_cm QP to connect
 Please run the same command with the IB/RoCE interface IP
---------------------------------------------------------------------------------------
 local address: LID 0000 QPN 0x0194 PSN 0xb5f231
 GID: 00:00:00:00:00:00:00:00:00:00:255:255:192:168:100:92
 local address: LID 0000 QPN 0x0195 PSN 0x38ec7
 GID: 00:00:00:00:00:00:00:00:00:00:255:255:192:168:100:92
 local address: LID 0000 QPN 0x0196 PSN 0xb01605
 GID: 00:00:00:00:00:00:00:00:00:00:255:255:192:168:100:92
 local address: LID 0000 QPN 0x0197 PSN 0x847d70
 GID: 00:00:00:00:00:00:00:00:00:00:255:255:192:168:100:92
 local address: LID 0000 QPN 0x0198 PSN 0xcdbec3
 GID: 00:00:00:00:00:00:00:00:00:00:255:255:192:168:100:92
 local address: LID 0000 QPN 0x0199 PSN 0x59c069
 GID: 00:00:00:00:00:00:00:00:00:00:255:255:192:168:100:92
 local address: LID 0000 QPN 0x019a PSN 0xcb0414
 GID: 00:00:00:00:00:00:00:00:00:00:255:255:192:168:100:92
 local address: LID 0000 QPN 0x019b PSN 0x4ff07d
 GID: 00:00:00:00:00:00:00:00:00:00:255:255:192:168:100:92
 remote address: LID 0000 QPN 0x0156 PSN 0x411643
 GID: 00:00:00:00:00:00:00:00:00:00:255:255:192:168:100:94
 remote address: LID 0000 QPN 0x0157 PSN 0x421671
 GID: 00:00:00:00:00:00:00:00:00:00:255:255:192:168:100:94
 remote address: LID 0000 QPN 0x0158 PSN 0xea9567
 GID: 00:00:00:00:00:00:00:00:00:00:255:255:192:168:100:94
 remote address: LID 0000 QPN 0x0159 PSN 0x36c62a
 GID: 00:00:00:00:00:00:00:00:00:00:255:255:192:168:100:94
 remote address: LID 0000 QPN 0x015a PSN 0x85d1f5
 GID: 00:00:00:00:00:00:00:00:00:00:255:255:192:168:100:94
 remote address: LID 0000 QPN 0x015b PSN 0x10d8b3
 GID: 00:00:00:00:00:00:00:00:00:00:255:255:192:168:100:94
 remote address: LID 0000 QPN 0x015c PSN 0xcad796
 GID: 00:00:00:00:00:00:00:00:00:00:255:255:192:168:100:94
 remote address: LID 0000 QPN 0x015d PSN 0x1bcad7
 GID: 00:00:00:00:00:00:00:00:00:00:255:255:192:168:100:94
---------------------------------------------------------------------------------------
 #bytes     #iterations    BW peak[Gb/sec]    BW average[Gb/sec]   MsgRate[Mpps]
 8388608    8000             230.71             230.71 		     0.003438
---------------------------------------------------------------------------------------
