Disabling dynamic polling
initializing CUDA
Listing all CUDA devices in system:
CUDA device 0: PCIe address is 06:00
CUDA device 1: PCIe address is 26:00
CUDA device 2: PCIe address is A6:00
CUDA device 3: PCIe address is C6:00

Picking device No. 1
[pid = 9812, dev = 1] device name = [NVIDIA H100 80GB HBM3]
creating CUDA Ctx
making it the current CUDA Ctx
CUDA device integrated: 0
using DMA-BUF for GPU buffer address at 0x7fbf0e800000 aligned at 0x7fbf0e800000 with aligned size 16777216
allocated GPU buffer of a 16777216 address at 0x18a0f50 for type CUDA_MEM_DEVICE
Calling ibv_reg_dmabuf_mr(offset=0, size=16777216, addr=0x7fbf0e800000, fd=58) for QP #0
---------------------------------------------------------------------------------------
                    RDMA_Read Latency Test
 Dual-port       : OFF		Device         : mlx5_2
 Number of qps   : 1		Transport type : IB
 Connection type : RC		Using SRQ      : OFF
 PCIe relax order: ON		Lock-free      : OFF
 ibv_wr* API     : ON		Using DDP      : OFF
 TX depth        : 1
 Mtu             : 4096[B]
 Link type       : Ethernet
 GID index       : 3
 Outstand reads  : 16
 rdma_cm QPs	 : ON
 Data ex. method : rdma_cm 	TOS    : 41
---------------------------------------------------------------------------------------
 local address: LID 0000 QPN 0x01de PSN 0xa47222
 GID: 00:00:00:00:00:00:00:00:00:00:255:255:192:168:100:94
 remote address: LID 0000 QPN 0x021c PSN 0x219f6d
 GID: 00:00:00:00:00:00:00:00:00:00:255:255:192:168:100:92
---------------------------------------------------------------------------------------
 #bytes #iterations    t_min[usec]    t_max[usec]  t_typical[usec]    t_avg[usec]    t_stdev[usec]   99% percentile[usec]   99.9% percentile[usec] 
 2       1000          6.13           14.24        6.17     	       6.21        	0.44   		6.53    		14.24  
 4       1000          6.13           13.64        6.17     	       6.18        	0.15   		6.35    		13.64  
 8       1000          6.13           17.00        6.17     	       6.21        	0.50   		6.39    		17.00  
 16      1000          6.13           13.34        6.17     	       6.20        	0.32   		6.36    		13.34  
 32      1000          6.13           16.91        6.17     	       6.21        	0.46   		6.35    		16.91  
 64      1000          6.16           14.42        6.20     	       6.24        	0.36   		6.39    		14.42  
 128     1000          6.19           16.76        6.23     	       6.28        	0.49   		6.51    		16.76  
 256     1000          6.24           12.65        6.28     	       6.32        	0.37   		6.48    		12.65  
 512     1000          6.27           15.49        6.32     	       6.35        	0.33   		6.48    		15.49  
 1024    1000          6.34           12.57        6.38     	       6.41        	0.24   		6.57    		12.57  
 2048    1000          6.46           16.33        6.50     	       6.53        	0.37   		6.69    		16.33  
 4096    1000          6.74           14.31        6.81     	       6.84        	0.37   		7.03    		14.31  
 8192    1000          6.91           19.22        6.95     	       7.01        	0.53   		7.15    		19.22  
 16384   1000          8.62           19.83        8.76     	       8.77        	0.44   		9.05    		19.83  
 32768   1000          9.20           20.50        9.38     	       9.44        	0.62   		10.92   		20.50  
 65536   1000          10.51          18.81        10.71    	       10.74       	0.40   		13.54   		18.81  
 131072  1000          13.03          18.49        13.22    	       13.25       	0.27   		13.61   		18.49  
 262144  1000          19.43          26.27        19.62    	       19.64       	0.26   		19.85   		26.27  
 524288  1000          29.72          33.72        29.81    	       29.84       	0.18   		30.79   		33.72  
 1048576 1000          50.01          61.22        50.27    	       50.30       	0.47   		50.64   		61.22  
 2097152 1000          91.99          206.49       92.38    	       92.49       	1.81   		94.81   		206.49 
 4194304 1000          176.02         232.11       176.49   	       176.64      	2.06   		179.18  		232.11 
 8388608 1000          344.26         400.73       344.79   	       344.97      	2.18   		349.85  		400.73 
---------------------------------------------------------------------------------------
deallocating GPU buffer 00007fbf0e800000
destroying current CUDA Ctx
