Disabling dynamic polling
initializing CUDA
Listing all CUDA devices in system:
CUDA device 0: PCIe address is 06:00
CUDA device 1: PCIe address is 26:00
CUDA device 2: PCIe address is A6:00
CUDA device 3: PCIe address is C6:00

Picking device No. 1
[pid = 9472, dev = 1] device name = [NVIDIA H100 80GB HBM3]
creating CUDA Ctx
making it the current CUDA Ctx
CUDA device integrated: 0
using DMA-BUF for GPU buffer address at 0x7fb584800000 aligned at 0x7fb584800000 with aligned size 16777216
allocated GPU buffer of a 16777216 address at 0x165af50 for type CUDA_MEM_DEVICE
Calling ibv_reg_dmabuf_mr(offset=0, size=16777216, addr=0x7fb584800000, fd=58) for QP #0
---------------------------------------------------------------------------------------
                    RDMA_Read Latency Test
 Dual-port       : OFF		Device         : mlx5_2
 Number of qps   : 1		Transport type : IB
 Connection type : RC		Using SRQ      : OFF
 PCIe relax order: ON		Lock-free      : OFF
 ibv_wr* API     : ON		Using DDP      : OFF
 TX depth        : 1
 Mtu             : 4096[B]
 Link type       : Ethernet
 GID index       : 3
 Outstand reads  : 16
 rdma_cm QPs	 : ON
 Data ex. method : rdma_cm 	TOS    : 41
---------------------------------------------------------------------------------------
 local address: LID 0000 QPN 0x01a4 PSN 0xa08f6e
 GID: 00:00:00:00:00:00:00:00:00:00:255:255:192:168:100:94
 remote address: LID 0000 QPN 0x01e2 PSN 0x77013a
 GID: 00:00:00:00:00:00:00:00:00:00:255:255:192:168:100:92
---------------------------------------------------------------------------------------
 #bytes #iterations    t_min[usec]    t_max[usec]  t_typical[usec]    t_avg[usec]    t_stdev[usec]   99% percentile[usec]   99.9% percentile[usec] 
 2       1000          6.19           16.00        6.22     	       6.26        	0.37   		6.67    		16.00  
 4       1000          6.17           16.98        6.21     	       6.24        	0.36   		6.38    		16.98  
 8       1000          6.15           19.55        6.20     	       6.24        	0.49   		6.39    		19.55  
 16      1000          6.15           14.69        6.20     	       6.23        	0.26   		6.37    		14.69  
 32      1000          6.16           15.18        6.20     	       6.24        	0.38   		6.61    		15.18  
 64      1000          6.17           16.11        6.23     	       6.27        	0.42   		6.59    		16.11  
 128     1000          6.21           15.82        6.26     	       6.30        	0.44   		6.54    		15.82  
 256     1000          6.27           14.22        6.31     	       6.35        	0.34   		6.45    		14.22  
 512     1000          6.30           16.15        6.34     	       6.39        	0.52   		6.54    		16.15  
 1024    1000          6.35           12.47        6.41     	       6.44        	0.25   		6.58    		12.47  
 2048    1000          6.48           15.48        6.52     	       6.57        	0.39   		6.79    		15.48  
 4096    1000          6.76           13.30        6.81     	       6.83        	0.22   		6.94    		13.30  
 8192    1000          7.01           16.26        7.07     	       7.10        	0.33   		7.25    		16.26  
 16384   1000          8.72           16.68        8.78     	       8.82        	0.42   		9.00    		16.68  
 32768   1000          9.45           19.20        9.51     	       9.55        	0.38   		10.09   		19.20  
 65536   1000          10.73          19.85        10.79    	       10.85       	0.51   		13.45   		19.85  
 131072  1000          14.12          25.85        14.38    	       14.46       	0.86   		20.35   		25.85  
 262144  1000          20.38          31.16        20.70    	       20.81       	0.85   		27.45   		31.16  
 524288  1000          32.76          42.41        33.13    	       33.28       	0.94   		39.98   		42.41  
 1048576 1000          53.56          97.55        54.07    	       54.13       	0.54   		54.54   		97.55  
 2097152 1000          95.57          153.57       96.03    	       96.20       	2.00   		102.52  		153.57 
 4194304 1000          179.66         236.23       180.25   	       180.44      	2.02   		187.64  		236.23 
 8388608 1000          348.05         404.53       348.71   	       349.17      	3.94   		363.03  		404.53 
---------------------------------------------------------------------------------------
deallocating GPU buffer 00007fb584800000
destroying current CUDA Ctx
