Disabling dynamic polling
---------------------------------------------------------------------------------------
                    RDMA_Read BW Test
 Dual-port       : OFF		Device         : mlx5_2
 Number of qps   : 8		Transport type : IB
 Connection type : RC		Using SRQ      : OFF
 PCIe relax order: ON		Lock-free      : OFF
 ibv_wr* API     : ON		Using DDP      : OFF
 TX depth        : 128
 CQ Moderation   : 100
 CQE Poll Batch  : 16
 Mtu             : 4096[B]
 Link type       : Ethernet
 GID index       : 3
 Outstand reads  : 16
 rdma_cm QPs	 : ON
 Data ex. method : rdma_cm 	TOS    : 41
---------------------------------------------------------------------------------------
 local address: LID 0000 QPN 0x0156 PSN 0x411643
 GID: 00:00:00:00:00:00:00:00:00:00:255:255:192:168:100:94
 local address: LID 0000 QPN 0x0157 PSN 0x421671
 GID: 00:00:00:00:00:00:00:00:00:00:255:255:192:168:100:94
 local address: LID 0000 QPN 0x0158 PSN 0xea9567
 GID: 00:00:00:00:00:00:00:00:00:00:255:255:192:168:100:94
 local address: LID 0000 QPN 0x0159 PSN 0x36c62a
 GID: 00:00:00:00:00:00:00:00:00:00:255:255:192:168:100:94
 local address: LID 0000 QPN 0x015a PSN 0x85d1f5
 GID: 00:00:00:00:00:00:00:00:00:00:255:255:192:168:100:94
 local address: LID 0000 QPN 0x015b PSN 0x10d8b3
 GID: 00:00:00:00:00:00:00:00:00:00:255:255:192:168:100:94
 local address: LID 0000 QPN 0x015c PSN 0xcad796
 GID: 00:00:00:00:00:00:00:00:00:00:255:255:192:168:100:94
 local address: LID 0000 QPN 0x015d PSN 0x1bcad7
 GID: 00:00:00:00:00:00:00:00:00:00:255:255:192:168:100:94
 remote address: LID 0000 QPN 0x0194 PSN 0xb5f231
 GID: 00:00:00:00:00:00:00:00:00:00:255:255:192:168:100:92
 remote address: LID 0000 QPN 0x0195 PSN 0x38ec7
 GID: 00:00:00:00:00:00:00:00:00:00:255:255:192:168:100:92
 remote address: LID 0000 QPN 0x0196 PSN 0xb01605
 GID: 00:00:00:00:00:00:00:00:00:00:255:255:192:168:100:92
 remote address: LID 0000 QPN 0x0197 PSN 0x847d70
 GID: 00:00:00:00:00:00:00:00:00:00:255:255:192:168:100:92
 remote address: LID 0000 QPN 0x0198 PSN 0xcdbec3
 GID: 00:00:00:00:00:00:00:00:00:00:255:255:192:168:100:92
 remote address: LID 0000 QPN 0x0199 PSN 0x59c069
 GID: 00:00:00:00:00:00:00:00:00:00:255:255:192:168:100:92
 remote address: LID 0000 QPN 0x019a PSN 0xcb0414
 GID: 00:00:00:00:00:00:00:00:00:00:255:255:192:168:100:92
 remote address: LID 0000 QPN 0x019b PSN 0x4ff07d
 GID: 00:00:00:00:00:00:00:00:00:00:255:255:192:168:100:92
---------------------------------------------------------------------------------------
 #bytes     #iterations    BW peak[Gb/sec]    BW average[Gb/sec]   MsgRate[Mpps]
 2          8000           0.057692            0.057354            3.584631
 4          8000             0.12               0.12   		     3.621368
 8          8000             0.23               0.23   		     3.606606
 16         8000             0.47               0.46   		     3.595861
 32         8000             0.93               0.92   		     3.610580
 64         8000             1.88               1.85   		     3.610344
 128        8000             3.69               3.65   		     3.559796
 256        8000             7.43               7.38   		     3.601404
 512        8000             14.94              14.73  		     3.596346
 1024       8000             29.63              29.31  		     3.577274
 2048       8000             58.42              58.28  		     3.556915
 4096       8000             115.92             115.17 		     3.514768
 8192       8000             208.85             208.53 		     3.181865
 16384      8000             219.59             216.07 		     1.648482
 32768      8000             223.49             223.40 		     0.852190
 65536      8000             226.86             226.81 		     0.432604
 131072     8000             228.97             228.96 		     0.218349
 262144     8000             229.76             229.75 		     0.109553
 524288     8000             230.26             230.26 		     0.054897
 1048576    8000             230.52             230.52 		     0.027480
 2097152    8000             230.65             230.65 		     0.013748
 4194304    8000             230.70             230.70 		     0.006875
 8388608    8000             230.71             230.71 		     0.003438
---------------------------------------------------------------------------------------
