Perftest doesn't supports CUDA tests with inline messages: inline size set to 0
initializing CUDA
Listing all CUDA devices in system:
CUDA device 0: PCIe address is 06:00
CUDA device 1: PCIe address is 26:00
CUDA device 2: PCIe address is A6:00
CUDA device 3: PCIe address is C6:00

Picking device No. 1
[pid = 9466, dev = 1] device name = [NVIDIA H100 80GB HBM3]
creating CUDA Ctx
making it the current CUDA Ctx
CUDA device integrated: 0
using DMA-BUF for GPU buffer address at 0x7f7194000000 aligned at 0x7f7194000000 with aligned size 134217728
allocated GPU buffer of a 134217728 address at 0x1d8bc50 for type CUDA_MEM_DEVICE
Calling ibv_reg_dmabuf_mr(offset=0, size=134217728, addr=0x7f7194000000, fd=58) for QP #0
---------------------------------------------------------------------------------------
                    RDMA_Write BW Test
 Dual-port       : OFF		Device         : mlx5_2
 Number of qps   : 8		Transport type : IB
 Connection type : RC		Using SRQ      : OFF
 PCIe relax order: ON		Lock-free      : OFF
 ibv_wr* API     : ON		Using DDP      : OFF
 TX depth        : 128
 CQ Moderation   : 100
 CQE Poll Batch  : Dynamic
 Mtu             : 4096[B]
 Link type       : Ethernet
 GID index       : 3
 Max inline data : 0[B]
 rdma_cm QPs	 : ON
 Data ex. method : rdma_cm 	TOS    : 41
---------------------------------------------------------------------------------------
 local address: LID 0000 QPN 0x0199 PSN 0x279290
 GID: 00:00:00:00:00:00:00:00:00:00:255:255:192:168:100:94
 local address: LID 0000 QPN 0x019a PSN 0xe313a
 GID: 00:00:00:00:00:00:00:00:00:00:255:255:192:168:100:94
 local address: LID 0000 QPN 0x019b PSN 0x2e92fc
 GID: 00:00:00:00:00:00:00:00:00:00:255:255:192:168:100:94
 local address: LID 0000 QPN 0x019c PSN 0x599c9b
 GID: 00:00:00:00:00:00:00:00:00:00:255:255:192:168:100:94
 local address: LID 0000 QPN 0x019d PSN 0x30a612
 GID: 00:00:00:00:00:00:00:00:00:00:255:255:192:168:100:94
 local address: LID 0000 QPN 0x019e PSN 0x1b370c
 GID: 00:00:00:00:00:00:00:00:00:00:255:255:192:168:100:94
 local address: LID 0000 QPN 0x019f PSN 0x4f97b
 GID: 00:00:00:00:00:00:00:00:00:00:255:255:192:168:100:94
 local address: LID 0000 QPN 0x01a0 PSN 0x6bf758
 GID: 00:00:00:00:00:00:00:00:00:00:255:255:192:168:100:94
 remote address: LID 0000 QPN 0x01d7 PSN 0x1411fa
 GID: 00:00:00:00:00:00:00:00:00:00:255:255:192:168:100:92
 remote address: LID 0000 QPN 0x01d8 PSN 0xf1ad5c
 GID: 00:00:00:00:00:00:00:00:00:00:255:255:192:168:100:92
 remote address: LID 0000 QPN 0x01d9 PSN 0xe8f976
 GID: 00:00:00:00:00:00:00:00:00:00:255:255:192:168:100:92
 remote address: LID 0000 QPN 0x01da PSN 0x40da8d
 GID: 00:00:00:00:00:00:00:00:00:00:255:255:192:168:100:92
 remote address: LID 0000 QPN 0x01db PSN 0x65721c
 GID: 00:00:00:00:00:00:00:00:00:00:255:255:192:168:100:92
 remote address: LID 0000 QPN 0x01dc PSN 0x1f134e
 GID: 00:00:00:00:00:00:00:00:00:00:255:255:192:168:100:92
 remote address: LID 0000 QPN 0x01dd PSN 0x650d95
 GID: 00:00:00:00:00:00:00:00:00:00:255:255:192:168:100:92
 remote address: LID 0000 QPN 0x01de PSN 0x5be26a
 GID: 00:00:00:00:00:00:00:00:00:00:255:255:192:168:100:92
---------------------------------------------------------------------------------------
 #bytes     #iterations    BW peak[Gb/sec]    BW average[Gb/sec]   MsgRate[Mpps]
 2          40000           0.032052            0.031840            1.989994
 4          40000           0.065514            0.065221            2.038165
 8          40000            0.13               0.13   		     2.031881
 16         40000            0.26               0.26   		     2.016345
 32         40000            0.52               0.52   		     2.022593
 64         40000            1.05               1.05   		     2.043309
 128        40000            2.09               2.08   		     2.032748
 256        40000            4.17               4.14   		     2.022354
 512        40000            8.38               8.33   		     2.033312
 1024       40000            16.73              16.60  		     2.025880
 2048       40000            33.21              33.14  		     2.022899
 4096       40000            67.08              66.90  		     2.041479
 8192       40000            131.66             131.21 		     2.002131
 16384      40000            204.37             204.27 		     1.558482
 32768      40000            205.30             205.28 		     0.783081
 65536      40000            205.76             205.74 		     0.392419
 131072     40000            205.97             205.97 		     0.196426
 262144     40000            206.09             206.09 		     0.098270
 524288     40000            206.16             206.16 		     0.049152
 1048576    40000            206.18             206.18 		     0.024578
 2097152    40000            206.17             206.17 		     0.012289
 4194304    40000            202.19             202.19 		     0.006026
 8388608    40000            168.88             168.88 		     0.002517
---------------------------------------------------------------------------------------
deallocating GPU buffer 00007f7194000000
destroying current CUDA Ctx
