---------------------------------------------------------------------------------------
                    RDMA_Write BW Test
 Dual-port       : OFF		Device         : mlx5_2
 Number of qps   : 8		Transport type : IB
 Connection type : RC		Using SRQ      : OFF
 PCIe relax order: ON		Lock-free      : OFF
 ibv_wr* API     : ON		Using DDP      : OFF
 TX depth        : 128
 CQ Moderation   : 100
 CQE Poll Batch  : Dynamic
 Mtu             : 4096[B]
 Link type       : Ethernet
 GID index       : 3
 Max inline data : 0[B]
 rdma_cm QPs	 : ON
 Data ex. method : rdma_cm 	TOS    : 41
---------------------------------------------------------------------------------------
 local address: LID 0000 QPN 0x01ca PSN 0xbee7e6
 GID: 00:00:00:00:00:00:00:00:00:00:255:255:192:168:100:94
 local address: LID 0000 QPN 0x01cb PSN 0x70cad8
 GID: 00:00:00:00:00:00:00:00:00:00:255:255:192:168:100:94
 local address: LID 0000 QPN 0x01cc PSN 0xd5ef42
 GID: 00:00:00:00:00:00:00:00:00:00:255:255:192:168:100:94
 local address: LID 0000 QPN 0x01cd PSN 0xaca69
 GID: 00:00:00:00:00:00:00:00:00:00:255:255:192:168:100:94
 local address: LID 0000 QPN 0x01ce PSN 0xb03ac8
 GID: 00:00:00:00:00:00:00:00:00:00:255:255:192:168:100:94
 local address: LID 0000 QPN 0x01cf PSN 0xd10c8a
 GID: 00:00:00:00:00:00:00:00:00:00:255:255:192:168:100:94
 local address: LID 0000 QPN 0x01d0 PSN 0x681421
 GID: 00:00:00:00:00:00:00:00:00:00:255:255:192:168:100:94
 local address: LID 0000 QPN 0x01d1 PSN 0x977406
 GID: 00:00:00:00:00:00:00:00:00:00:255:255:192:168:100:94
 remote address: LID 0000 QPN 0x0208 PSN 0xccfc24
 GID: 00:00:00:00:00:00:00:00:00:00:255:255:192:168:100:92
 remote address: LID 0000 QPN 0x0209 PSN 0xc71d3e
 GID: 00:00:00:00:00:00:00:00:00:00:255:255:192:168:100:92
 remote address: LID 0000 QPN 0x020a PSN 0xa6a8b0
 GID: 00:00:00:00:00:00:00:00:00:00:255:255:192:168:100:92
 remote address: LID 0000 QPN 0x020b PSN 0xea923f
 GID: 00:00:00:00:00:00:00:00:00:00:255:255:192:168:100:92
 remote address: LID 0000 QPN 0x020c PSN 0xca94e6
 GID: 00:00:00:00:00:00:00:00:00:00:255:255:192:168:100:92
 remote address: LID 0000 QPN 0x020d PSN 0xa85f50
 GID: 00:00:00:00:00:00:00:00:00:00:255:255:192:168:100:92
 remote address: LID 0000 QPN 0x020e PSN 0xfc366f
 GID: 00:00:00:00:00:00:00:00:00:00:255:255:192:168:100:92
 remote address: LID 0000 QPN 0x020f PSN 0x64233c
 GID: 00:00:00:00:00:00:00:00:00:00:255:255:192:168:100:92
---------------------------------------------------------------------------------------
 #bytes     #iterations    BW peak[Gb/sec]    BW average[Gb/sec]   MsgRate[Mpps]
 2          40000           0.058347            0.057131            3.570692
 4          40000            0.12               0.12   		     3.777580
 8          40000            0.24               0.24   		     3.772934
 16         40000            0.26               0.26   		     1.996147
 32         40000            0.99               0.98   		     3.836651
 64         40000            1.97               1.96   		     3.830313
 128        40000            3.95               3.91   		     3.819655
 256        40000            7.86               7.83   		     3.824030
 512        40000            15.70              15.63  		     3.816004
 1024       40000            31.40              31.17  		     3.804958
 2048       40000            62.06              61.87  		     3.776392
 4096       40000            123.91             121.32 		     3.702374
 8192       40000            227.56             227.46 		     3.470791
 16384      40000            225.64             200.04 		     1.526215
 32768      40000            227.64             223.67 		     0.853247
 65536      40000            227.03             206.16 		     0.393210
 131072     40000            229.66             228.38 		     0.217800
 262144     40000            230.21             230.20 		     0.109767
 524288     40000            229.25             228.06 		     0.054373
 1048576    40000            230.41             230.41 		     0.027467
 2097152    40000            230.92             230.92 		     0.013764
 4194304    40000            231.96             231.96 		     0.006913
 8388608    40000            232.02             232.01 		     0.003457
---------------------------------------------------------------------------------------
