Perftest doesn't supports CUDA tests with inline messages: inline size set to 0
initializing CUDA
Listing all CUDA devices in system:
CUDA device 0: PCIe address is 06:00
CUDA device 1: PCIe address is 26:00
CUDA device 2: PCIe address is A6:00
CUDA device 3: PCIe address is C6:00

Picking device No. 1
[pid = 9896, dev = 1] device name = [NVIDIA H100 80GB HBM3]
creating CUDA Ctx
making it the current CUDA Ctx
CUDA device integrated: 0
using DMA-BUF for GPU buffer address at 0x7f6072000000 aligned at 0x7f6072000000 with aligned size 134217728
allocated GPU buffer of a 134217728 address at 0x17eac50 for type CUDA_MEM_DEVICE
Calling ibv_reg_dmabuf_mr(offset=0, size=134217728, addr=0x7f6072000000, fd=58) for QP #0
---------------------------------------------------------------------------------------
                    RDMA_Write BW Test
 Dual-port       : OFF		Device         : mlx5_2
 Number of qps   : 8		Transport type : IB
 Connection type : RC		Using SRQ      : OFF
 PCIe relax order: ON		Lock-free      : OFF
 ibv_wr* API     : ON		Using DDP      : OFF
 TX depth        : 128
 CQ Moderation   : 100
 CQE Poll Batch  : Dynamic
 Mtu             : 4096[B]
 Link type       : Ethernet
 GID index       : 3
 Max inline data : 0[B]
 rdma_cm QPs	 : ON
 Data ex. method : rdma_cm 	TOS    : 41
---------------------------------------------------------------------------------------
 local address: LID 0000 QPN 0x01fb PSN 0x89271a
 GID: 00:00:00:00:00:00:00:00:00:00:255:255:192:168:100:94
 local address: LID 0000 QPN 0x01fc PSN 0x466bfc
 GID: 00:00:00:00:00:00:00:00:00:00:255:255:192:168:100:94
 local address: LID 0000 QPN 0x01fd PSN 0xc1e396
 GID: 00:00:00:00:00:00:00:00:00:00:255:255:192:168:100:94
 local address: LID 0000 QPN 0x01fe PSN 0x754a2d
 GID: 00:00:00:00:00:00:00:00:00:00:255:255:192:168:100:94
 local address: LID 0000 QPN 0x01ff PSN 0x82b93c
 GID: 00:00:00:00:00:00:00:00:00:00:255:255:192:168:100:94
 local address: LID 0000 QPN 0x0200 PSN 0xfd1bee
 GID: 00:00:00:00:00:00:00:00:00:00:255:255:192:168:100:94
 local address: LID 0000 QPN 0x0201 PSN 0x2e79b5
 GID: 00:00:00:00:00:00:00:00:00:00:255:255:192:168:100:94
 local address: LID 0000 QPN 0x0202 PSN 0xc3ac0a
 GID: 00:00:00:00:00:00:00:00:00:00:255:255:192:168:100:94
 remote address: LID 0000 QPN 0x0239 PSN 0x8ea128
 GID: 00:00:00:00:00:00:00:00:00:00:255:255:192:168:100:92
 remote address: LID 0000 QPN 0x023a PSN 0xa26b29
 GID: 00:00:00:00:00:00:00:00:00:00:255:255:192:168:100:92
 remote address: LID 0000 QPN 0x023b PSN 0x358489
 GID: 00:00:00:00:00:00:00:00:00:00:255:255:192:168:100:92
 remote address: LID 0000 QPN 0x023c PSN 0xd8b06d
 GID: 00:00:00:00:00:00:00:00:00:00:255:255:192:168:100:92
 remote address: LID 0000 QPN 0x023d PSN 0x2935b3
 GID: 00:00:00:00:00:00:00:00:00:00:255:255:192:168:100:92
 remote address: LID 0000 QPN 0x023e PSN 0xf09163
 GID: 00:00:00:00:00:00:00:00:00:00:255:255:192:168:100:92
 remote address: LID 0000 QPN 0x023f PSN 0xc42750
 GID: 00:00:00:00:00:00:00:00:00:00:255:255:192:168:100:92
 remote address: LID 0000 QPN 0x0240 PSN 0xe565d3
 GID: 00:00:00:00:00:00:00:00:00:00:255:255:192:168:100:92
---------------------------------------------------------------------------------------
 #bytes     #iterations    BW peak[Gb/sec]    BW average[Gb/sec]   MsgRate[Mpps]
 2          40000           0.057692            0.057037            3.564802
 4          40000            0.12               0.12   		     3.692154
 8          40000            0.24               0.24   		     3.697589
 16         40000            0.48               0.47   		     3.699863
 32         40000            0.94               0.91   		     3.539544
 64         40000            1.90               1.90   		     3.701236
 128        40000            3.78               3.76   		     3.671055
 256        40000            7.60               7.56   		     3.692179
 512        40000            15.21              15.11  		     3.688393
 1024       40000            30.07              29.98  		     3.659713
 2048       40000            59.84              59.64  		     3.639952
 4096       40000            119.49             119.16 		     3.636377
 8192       40000            204.52             204.24 		     3.116425
 16384      40000            205.66             205.54 		     1.568159
 32768      40000            205.94             205.88 		     0.785359
 65536      40000            206.30             206.30 		     0.393490
 131072     40000            206.54             206.53 		     0.196962
 262144     40000            206.55             206.54 		     0.098488
 524288     40000            206.56             206.56 		     0.049248
 1048576    40000            206.50             206.50 		     0.024616
 2097152    40000            206.55             206.55 		     0.012311
 4194304    40000            203.98             203.87 		     0.006076
 8388608    40000            175.48             175.48 		     0.002615
---------------------------------------------------------------------------------------
deallocating GPU buffer 00007f6072000000
destroying current CUDA Ctx
