---------------------------------------------------------------------------------------
                    RDMA_Write BW Test
 Dual-port       : OFF		Device         : mlx5_2
 Number of qps   : 8		Transport type : IB
 Connection type : RC		Using SRQ      : OFF
 PCIe relax order: ON		Lock-free      : OFF
 ibv_wr* API     : ON		Using DDP      : OFF
 TX depth        : 128
 CQ Moderation   : 100
 CQE Poll Batch  : Dynamic
 Mtu             : 4096[B]
 Link type       : Ethernet
 GID index       : 3
 Max inline data : 0[B]
 rdma_cm QPs	 : ON
 Data ex. method : rdma_cm 	TOS    : 41
---------------------------------------------------------------------------------------
 local address: LID 0000 QPN 0x0190 PSN 0x6b083a
 GID: 00:00:00:00:00:00:00:00:00:00:255:255:192:168:100:94
 local address: LID 0000 QPN 0x0191 PSN 0x36069c
 GID: 00:00:00:00:00:00:00:00:00:00:255:255:192:168:100:94
 local address: LID 0000 QPN 0x0192 PSN 0x3279b6
 GID: 00:00:00:00:00:00:00:00:00:00:255:255:192:168:100:94
 local address: LID 0000 QPN 0x0193 PSN 0xc5f5cd
 GID: 00:00:00:00:00:00:00:00:00:00:255:255:192:168:100:94
 local address: LID 0000 QPN 0x0194 PSN 0x8d8c5c
 GID: 00:00:00:00:00:00:00:00:00:00:255:255:192:168:100:94
 local address: LID 0000 QPN 0x0195 PSN 0xc7c08e
 GID: 00:00:00:00:00:00:00:00:00:00:255:255:192:168:100:94
 local address: LID 0000 QPN 0x0196 PSN 0xde51d5
 GID: 00:00:00:00:00:00:00:00:00:00:255:255:192:168:100:94
 local address: LID 0000 QPN 0x0197 PSN 0x4f71aa
 GID: 00:00:00:00:00:00:00:00:00:00:255:255:192:168:100:94
 remote address: LID 0000 QPN 0x01ce PSN 0x847637
 GID: 00:00:00:00:00:00:00:00:00:00:255:255:192:168:100:92
 remote address: LID 0000 QPN 0x01cf PSN 0x172955
 GID: 00:00:00:00:00:00:00:00:00:00:255:255:192:168:100:92
 remote address: LID 0000 QPN 0x01d0 PSN 0xcc787b
 GID: 00:00:00:00:00:00:00:00:00:00:255:255:192:168:100:92
 remote address: LID 0000 QPN 0x01d1 PSN 0xd86dae
 GID: 00:00:00:00:00:00:00:00:00:00:255:255:192:168:100:92
 remote address: LID 0000 QPN 0x01d2 PSN 0x8abd29
 GID: 00:00:00:00:00:00:00:00:00:00:255:255:192:168:100:92
 remote address: LID 0000 QPN 0x01d3 PSN 0x69b5d7
 GID: 00:00:00:00:00:00:00:00:00:00:255:255:192:168:100:92
 remote address: LID 0000 QPN 0x01d4 PSN 0x7f57ea
 GID: 00:00:00:00:00:00:00:00:00:00:255:255:192:168:100:92
 remote address: LID 0000 QPN 0x01d5 PSN 0xb1e69b
 GID: 00:00:00:00:00:00:00:00:00:00:255:255:192:168:100:92
---------------------------------------------------------------------------------------
 #bytes     #iterations    BW peak[Gb/sec]    BW average[Gb/sec]   MsgRate[Mpps]
 2          40000           0.031690            0.031133            1.945818
 4          40000           0.064057            0.063878            1.996187
 8          40000            0.13               0.13   		     1.992378
 16         40000            0.26               0.26   		     2.003240
 32         40000            0.51               0.51   		     2.003059
 64         40000            1.02               1.02   		     1.988740
 128        40000            2.05               2.04   		     1.995493
 256        40000            4.10               4.08   		     1.991001
 512        40000            8.19               8.15   		     1.988977
 1024       40000            16.34              16.28  		     1.987513
 2048       40000            32.51              32.27  		     1.969464
 4096       40000            64.56              64.38  		     1.964776
 8192       40000            146.72             139.10 		     2.122472
 16384      40000            221.41             52.51  		     0.400649
 32768      40000            226.94             223.28 		     0.851760
 65536      40000            227.56             226.96 		     0.432894
 131072     40000            224.40             216.47 		     0.206442
 262144     40000            228.68             228.61 		     0.109012
 524288     40000            229.38             229.32 		     0.054674
 1048576    40000            230.40             230.40 		     0.027465
 2097152    40000            230.61             230.60 		     0.013745
 4194304    40000            230.46             230.45 		     0.006868
 8388608    40000            230.31             230.31 		     0.003432
---------------------------------------------------------------------------------------
