Perftest doesn't supports CUDA tests with inline messages: inline size set to 0
initializing CUDA
Listing all CUDA devices in system:
CUDA device 0: PCIe address is 06:00
CUDA device 1: PCIe address is 26:00
CUDA device 2: PCIe address is A6:00
CUDA device 3: PCIe address is C6:00

Picking device No. 1
[pid = 8580, dev = 1] device name = [NVIDIA H100 80GB HBM3]
creating CUDA Ctx
making it the current CUDA Ctx
CUDA device integrated: 0
using DMA-BUF for GPU buffer address at 0x7f0b76000000 aligned at 0x7f0b76000000 with aligned size 134217728
allocated GPU buffer of a 134217728 address at 0x9dcc50 for type CUDA_MEM_DEVICE
Calling ibv_reg_dmabuf_mr(offset=0, size=134217728, addr=0x7f0b76000000, fd=58) for QP #0
---------------------------------------------------------------------------------------
                    RDMA_Write BW Test
 Dual-port       : OFF		Device         : mlx5_2
 Number of qps   : 8		Transport type : IB
 Connection type : RC		Using SRQ      : OFF
 PCIe relax order: ON		Lock-free      : OFF
 ibv_wr* API     : ON		Using DDP      : OFF
 TX depth        : 128
 CQ Moderation   : 100
 CQE Poll Batch  : Dynamic
 Mtu             : 4096[B]
 Link type       : Ethernet
 GID index       : 3
 Max inline data : 0[B]
 rdma_cm QPs	 : ON
 Data ex. method : rdma_cm 	TOS    : 41
---------------------------------------------------------------------------------------
 local address: LID 0000 QPN 0x0144 PSN 0xdd3e18
 GID: 00:00:00:00:00:00:00:00:00:00:255:255:192:168:100:94
 local address: LID 0000 QPN 0x0145 PSN 0xe46a22
 GID: 00:00:00:00:00:00:00:00:00:00:255:255:192:168:100:94
 local address: LID 0000 QPN 0x0146 PSN 0x653dc4
 GID: 00:00:00:00:00:00:00:00:00:00:255:255:192:168:100:94
 local address: LID 0000 QPN 0x0147 PSN 0x7003c3
 GID: 00:00:00:00:00:00:00:00:00:00:255:255:192:168:100:94
 local address: LID 0000 QPN 0x0148 PSN 0x48821a
 GID: 00:00:00:00:00:00:00:00:00:00:255:255:192:168:100:94
 local address: LID 0000 QPN 0x0149 PSN 0x531674
 GID: 00:00:00:00:00:00:00:00:00:00:255:255:192:168:100:94
 local address: LID 0000 QPN 0x014a PSN 0x6688c3
 GID: 00:00:00:00:00:00:00:00:00:00:255:255:192:168:100:94
 local address: LID 0000 QPN 0x014b PSN 0x10a900
 GID: 00:00:00:00:00:00:00:00:00:00:255:255:192:168:100:94
 remote address: LID 0000 QPN 0x0144 PSN 0xc8d577
 GID: 00:00:00:00:00:00:00:00:00:00:255:255:192:168:100:92
 remote address: LID 0000 QPN 0x0145 PSN 0xc73795
 GID: 00:00:00:00:00:00:00:00:00:00:255:255:192:168:100:92
 remote address: LID 0000 QPN 0x0146 PSN 0x9009bb
 GID: 00:00:00:00:00:00:00:00:00:00:255:255:192:168:100:92
 remote address: LID 0000 QPN 0x0147 PSN 0x9cc5ee
 GID: 00:00:00:00:00:00:00:00:00:00:255:255:192:168:100:92
 remote address: LID 0000 QPN 0x0148 PSN 0x6dd069
 GID: 00:00:00:00:00:00:00:00:00:00:255:255:192:168:100:92
 remote address: LID 0000 QPN 0x0149 PSN 0x646817
 GID: 00:00:00:00:00:00:00:00:00:00:255:255:192:168:100:92
 remote address: LID 0000 QPN 0x014a PSN 0x62bd2a
 GID: 00:00:00:00:00:00:00:00:00:00:255:255:192:168:100:92
 remote address: LID 0000 QPN 0x014b PSN 0x7b82db
 GID: 00:00:00:00:00:00:00:00:00:00:255:255:192:168:100:92
---------------------------------------------------------------------------------------
 #bytes     #iterations    BW peak[Gb/sec]    BW average[Gb/sec]   MsgRate[Mpps]
 2          40000           0.032057            0.031720            1.982518
 4          40000           0.065455            0.064832            2.025985
 8          40000            0.13               0.13   		     2.032548
 16         40000            0.26               0.26   		     2.032965
 32         40000            0.52               0.52   		     2.030985
 64         40000            1.05               1.04   		     2.032978
 128        40000            2.08               2.08   		     2.026510
 256        40000            4.16               4.15   		     2.024292
 512        40000            8.36               8.31   		     2.027714
 1024       40000            18.77              16.56  		     2.020940
 2048       40000            33.15              33.04  		     2.016561
 4096       40000            66.30              65.97  		     2.013393
 8192       40000            131.66             131.22 		     2.002321
 16384      40000            225.30             225.23 		     1.718384
 32768      40000            225.90             225.84 		     0.861515
 65536      40000            226.16             226.12 		     0.431293
 131072     40000            226.09             226.09 		     0.215612
 262144     40000            226.14             226.13 		     0.107827
 524288     40000            226.13             226.13 		     0.053913
 1048576    40000            226.12             226.12 		     0.026956
 2097152    40000            226.13             226.13 		     0.013478
 4194304    40000            226.11             226.11 		     0.006739
 8388608    40000            226.10             226.10 		     0.003369
---------------------------------------------------------------------------------------
deallocating GPU buffer 00007f0b76000000
destroying current CUDA Ctx
