---------------------------------------------------------------------------------------
                    RDMA_Write BW Test
 Dual-port       : OFF		Device         : mlx5_2
 Number of qps   : 8		Transport type : IB
 Connection type : RC		Using SRQ      : OFF
 PCIe relax order: ON		Lock-free      : OFF
 ibv_wr* API     : ON		Using DDP      : OFF
 TX depth        : 128
 CQ Moderation   : 100
 CQE Poll Batch  : Dynamic
 Mtu             : 4096[B]
 Link type       : Ethernet
 GID index       : 3
 Max inline data : 0[B]
 rdma_cm QPs	 : ON
 Data ex. method : rdma_cm 	TOS    : 41
---------------------------------------------------------------------------------------
 local address: LID 0000 QPN 0x01f2 PSN 0x42ad07
 GID: 00:00:00:00:00:00:00:00:00:00:255:255:192:168:100:94
 local address: LID 0000 QPN 0x01f3 PSN 0x135fe5
 GID: 00:00:00:00:00:00:00:00:00:00:255:255:192:168:100:94
 local address: LID 0000 QPN 0x01f4 PSN 0xf513cb
 GID: 00:00:00:00:00:00:00:00:00:00:255:255:192:168:100:94
 local address: LID 0000 QPN 0x01f5 PSN 0x6c6ebe
 GID: 00:00:00:00:00:00:00:00:00:00:255:255:192:168:100:94
 local address: LID 0000 QPN 0x01f6 PSN 0x4390f9
 GID: 00:00:00:00:00:00:00:00:00:00:255:255:192:168:100:94
 local address: LID 0000 QPN 0x01f7 PSN 0x28c567
 GID: 00:00:00:00:00:00:00:00:00:00:255:255:192:168:100:94
 local address: LID 0000 QPN 0x01f8 PSN 0x94583a
 GID: 00:00:00:00:00:00:00:00:00:00:255:255:192:168:100:94
 local address: LID 0000 QPN 0x01f9 PSN 0xaae8ab
 GID: 00:00:00:00:00:00:00:00:00:00:255:255:192:168:100:94
 remote address: LID 0000 QPN 0x0230 PSN 0x77e84b
 GID: 00:00:00:00:00:00:00:00:00:00:255:255:192:168:100:92
 remote address: LID 0000 QPN 0x0231 PSN 0x232710
 GID: 00:00:00:00:00:00:00:00:00:00:255:255:192:168:100:92
 remote address: LID 0000 QPN 0x0232 PSN 0xcb0fe4
 GID: 00:00:00:00:00:00:00:00:00:00:255:255:192:168:100:92
 remote address: LID 0000 QPN 0x0233 PSN 0x9cc82c
 GID: 00:00:00:00:00:00:00:00:00:00:255:255:192:168:100:92
 remote address: LID 0000 QPN 0x0234 PSN 0x10ec06
 GID: 00:00:00:00:00:00:00:00:00:00:255:255:192:168:100:92
 remote address: LID 0000 QPN 0x0235 PSN 0xebc4ba
 GID: 00:00:00:00:00:00:00:00:00:00:255:255:192:168:100:92
 remote address: LID 0000 QPN 0x0236 PSN 0xd2d5b
 GID: 00:00:00:00:00:00:00:00:00:00:255:255:192:168:100:92
 remote address: LID 0000 QPN 0x0237 PSN 0x8eda82
 GID: 00:00:00:00:00:00:00:00:00:00:255:255:192:168:100:92
---------------------------------------------------------------------------------------
 #bytes     #iterations    BW peak[Gb/sec]    BW average[Gb/sec]   MsgRate[Mpps]
 2          40000           0.057416            0.056845            3.552799
 4          40000            0.12               0.12   		     3.656862
 8          40000            0.24               0.24   		     3.700134
 16         40000            0.48               0.48   		     3.718823
 32         40000            0.96               0.95   		     3.717548
 64         40000            1.91               1.91   		     3.723712
 128        40000            3.83               3.80   		     3.710369
 256        40000            7.60               7.59   		     3.704379
 512        40000            15.21              15.15  		     3.699716
 1024       40000            30.47              30.33  		     3.702627
 2048       40000            60.43              60.01  		     3.662900
 4096       40000            121.46             119.38 		     3.643040
 8192       40000            224.44             207.37 		     3.164149
 16384      40000            165.87             159.13 		     1.214097
 32768      40000            227.38             180.42 		     0.688232
 65536      40000            226.84             222.09 		     0.423599
 131072     40000            227.89             225.01 		     0.214586
 262144     40000            228.05             227.42 		     0.108444
 524288     40000            228.44             228.43 		     0.054463
 1048576    40000            229.02             229.01 		     0.027301
 2097152    40000            229.32             229.32 		     0.013669
 4194304    40000            229.43             229.43 		     0.006837
 8388608    40000            229.53             229.53 		     0.003420
---------------------------------------------------------------------------------------
