---------------------------------------------------------------------------------------
                    RDMA_Write BW Test
 Dual-port       : OFF		Device         : mlx5_2
 Number of qps   : 8		Transport type : IB
 Connection type : RC		Using SRQ      : OFF
 PCIe relax order: ON		Lock-free      : OFF
 ibv_wr* API     : ON		Using DDP      : OFF
 TX depth        : 128
 CQ Moderation   : 100
 CQE Poll Batch  : Dynamic
 Mtu             : 4096[B]
 Link type       : Ethernet
 GID index       : 3
 Max inline data : 0[B]
 rdma_cm QPs	 : ON
 Data ex. method : rdma_cm 	TOS    : 41
---------------------------------------------------------------------------------------
 local address: LID 0000 QPN 0x013b PSN 0xc9fb06
 GID: 00:00:00:00:00:00:00:00:00:00:255:255:192:168:100:94
 local address: LID 0000 QPN 0x013c PSN 0xd6af78
 GID: 00:00:00:00:00:00:00:00:00:00:255:255:192:168:100:94
 local address: LID 0000 QPN 0x013d PSN 0x200762
 GID: 00:00:00:00:00:00:00:00:00:00:255:255:192:168:100:94
 local address: LID 0000 QPN 0x013e PSN 0xc3d009
 GID: 00:00:00:00:00:00:00:00:00:00:255:255:192:168:100:94
 local address: LID 0000 QPN 0x013f PSN 0x55fe8
 GID: 00:00:00:00:00:00:00:00:00:00:255:255:192:168:100:94
 local address: LID 0000 QPN 0x0140 PSN 0xec9b2a
 GID: 00:00:00:00:00:00:00:00:00:00:255:255:192:168:100:94
 local address: LID 0000 QPN 0x0141 PSN 0xc78e41
 GID: 00:00:00:00:00:00:00:00:00:00:255:255:192:168:100:94
 local address: LID 0000 QPN 0x0142 PSN 0x7733a6
 GID: 00:00:00:00:00:00:00:00:00:00:255:255:192:168:100:94
 remote address: LID 0000 QPN 0x013b PSN 0xad41ce
 GID: 00:00:00:00:00:00:00:00:00:00:255:255:192:168:100:92
 remote address: LID 0000 QPN 0x013c PSN 0x9382a0
 GID: 00:00:00:00:00:00:00:00:00:00:255:255:192:168:100:92
 remote address: LID 0000 QPN 0x013d PSN 0x1bdf6a
 GID: 00:00:00:00:00:00:00:00:00:00:255:255:192:168:100:92
 remote address: LID 0000 QPN 0x013e PSN 0x75fb71
 GID: 00:00:00:00:00:00:00:00:00:00:255:255:192:168:100:92
 remote address: LID 0000 QPN 0x013f PSN 0xc14b30
 GID: 00:00:00:00:00:00:00:00:00:00:255:255:192:168:100:92
 remote address: LID 0000 QPN 0x0140 PSN 0xb278d2
 GID: 00:00:00:00:00:00:00:00:00:00:255:255:192:168:100:92
 remote address: LID 0000 QPN 0x0141 PSN 0xbdec9
 GID: 00:00:00:00:00:00:00:00:00:00:255:255:192:168:100:92
 remote address: LID 0000 QPN 0x0142 PSN 0x47ad8e
 GID: 00:00:00:00:00:00:00:00:00:00:255:255:192:168:100:92
---------------------------------------------------------------------------------------
 #bytes     #iterations    BW peak[Gb/sec]    BW average[Gb/sec]   MsgRate[Mpps]
 2          40000           0.031304            0.030941            1.933822
 4          40000           0.063548            0.063365            1.980157
 8          40000            0.13               0.13   		     1.980318
 16         40000            0.26               0.25   		     1.976671
 32         40000            0.51               0.51   		     1.986299
 64         40000            1.02               1.02   		     1.985742
 128        40000            2.03               2.02   		     1.974956
 256        40000            4.07               4.05   		     1.976986
 512        40000            8.12               8.09   		     1.976121
 1024       40000            16.20              16.15  		     1.971652
 2048       40000            32.39              32.13  		     1.961005
 4096       40000            64.96              64.80  		     1.977402
 8192       40000            146.29             140.11 		     2.137935
 16384      40000            225.81             218.90 		     1.670090
 32768      40000            227.29             227.07 		     0.866185
 65536      40000            229.59             229.59 		     0.437901
 131072     40000            230.27             230.26 		     0.219590
 262144     40000            230.56             230.55 		     0.109936
 524288     40000            230.71             230.71 		     0.055006
 1048576    40000            230.79             230.79 		     0.027512
 2097152    40000            230.85             230.85 		     0.013760
 4194304    40000            230.83             230.83 		     0.006879
 8388608    40000            230.90             230.89 		     0.003441
---------------------------------------------------------------------------------------
