---------------------------------------------------------------------------------------
                    RDMA_Write BW Test
 Dual-port       : OFF		Device         : mlx5_2
 Number of qps   : 8		Transport type : IB
 Connection type : RC		Using SRQ      : OFF
 PCIe relax order: ON		Lock-free      : OFF
 ibv_wr* API     : ON		Using DDP      : OFF
 TX depth        : 128
 CQ Moderation   : 100
 CQE Poll Batch  : Dynamic
 Mtu             : 4096[B]
 Link type       : Ethernet
 GID index       : 3
 Max inline data : 0[B]
 rdma_cm QPs	 : ON
 Data ex. method : rdma_cm 	TOS    : 41
---------------------------------------------------------------------------------------
 local address: LID 0000 QPN 0x0168 PSN 0x5b0ffb
 GID: 00:00:00:00:00:00:00:00:00:00:255:255:192:168:100:94
 local address: LID 0000 QPN 0x0169 PSN 0xc32d00
 GID: 00:00:00:00:00:00:00:00:00:00:255:255:192:168:100:94
 local address: LID 0000 QPN 0x016a PSN 0x833714
 GID: 00:00:00:00:00:00:00:00:00:00:255:255:192:168:100:94
 local address: LID 0000 QPN 0x016b PSN 0x7a979c
 GID: 00:00:00:00:00:00:00:00:00:00:255:255:192:168:100:94
 local address: LID 0000 QPN 0x016c PSN 0x20deb6
 GID: 00:00:00:00:00:00:00:00:00:00:255:255:192:168:100:94
 local address: LID 0000 QPN 0x016d PSN 0x39aa
 GID: 00:00:00:00:00:00:00:00:00:00:255:255:192:168:100:94
 local address: LID 0000 QPN 0x016e PSN 0x12978b
 GID: 00:00:00:00:00:00:00:00:00:00:255:255:192:168:100:94
 local address: LID 0000 QPN 0x016f PSN 0x8430f2
 GID: 00:00:00:00:00:00:00:00:00:00:255:255:192:168:100:94
 remote address: LID 0000 QPN 0x01a6 PSN 0xb1a3b4
 GID: 00:00:00:00:00:00:00:00:00:00:255:255:192:168:100:92
 remote address: LID 0000 QPN 0x01a7 PSN 0xe448c5
 GID: 00:00:00:00:00:00:00:00:00:00:255:255:192:168:100:92
 remote address: LID 0000 QPN 0x01a8 PSN 0x2b07f5
 GID: 00:00:00:00:00:00:00:00:00:00:255:255:192:168:100:92
 remote address: LID 0000 QPN 0x01a9 PSN 0x4ad69
 GID: 00:00:00:00:00:00:00:00:00:00:255:255:192:168:100:92
 remote address: LID 0000 QPN 0x01aa PSN 0x7e54ff
 GID: 00:00:00:00:00:00:00:00:00:00:255:255:192:168:100:92
 remote address: LID 0000 QPN 0x01ab PSN 0x5d2cbf
 GID: 00:00:00:00:00:00:00:00:00:00:255:255:192:168:100:92
 remote address: LID 0000 QPN 0x01ac PSN 0x66f57c
 GID: 00:00:00:00:00:00:00:00:00:00:255:255:192:168:100:92
 remote address: LID 0000 QPN 0x01ad PSN 0x2b68f
 GID: 00:00:00:00:00:00:00:00:00:00:255:255:192:168:100:92
---------------------------------------------------------------------------------------
 #bytes     #iterations    BW peak[Gb/sec]    BW average[Gb/sec]   MsgRate[Mpps]
 2          40000           0.031579            0.031075            1.942210
 4          40000           0.064171            0.063838            1.994926
 8          40000            0.13               0.13   		     1.993219
 16         40000            0.26               0.25   		     1.990847
 32         40000            0.51               0.51   		     1.989999
 64         40000            1.03               1.02   		     1.998344
 128        40000            2.05               2.03   		     1.983786
 256        40000            4.10               4.06   		     1.984764
 512        40000            8.13               8.12   		     1.982669
 1024       40000            16.17              16.15  		     1.971542
 2048       40000            32.20              32.01  		     1.953514
 4096       40000            63.23              62.88  		     1.918812
 8192       40000            145.42             138.40 		     2.111787
 16384      40000            217.49             68.22  		     0.520489
 32768      40000            227.91             227.89 		     0.869318
 65536      40000            226.72             209.79 		     0.400141
 131072     40000            228.53             228.52 		     0.217933
 262144     40000            227.97             225.59 		     0.107571
 524288     40000            229.96             229.96 		     0.054827
 1048576    40000            230.53             230.53 		     0.027481
 2097152    40000            229.93             229.93 		     0.013705
 4194304    40000            230.69             230.69 		     0.006875
 8388608    40000            230.68             230.68 		     0.003437
---------------------------------------------------------------------------------------
