Hostname:, torchrun-multipod-0
NUM PODS : 1
NUM PROCS: 4
NUM_ITER  : 10
MODEL    : d12
BS        : 32
SEQ LEN   : 1024
GRAD ACCUM: 3
BS TOTAL  : 393216
LOG FILE: /tmp/stdout_npods1_nprocs4_numiter10_gradaccum3_bs32_seq1024_totalbs393216_runidnewoc1nodes.log
NODE RANK: 0
PROFILE  : 0
TAG      : 1_4_3_0_d12_newoc1nodes
RUNID    : newoc1nodes
Dumping initial: /proc/net/dev
W0428 04:54:18.800000 43 torch/distributed/run.py:792] 
W0428 04:54:18.800000 43 torch/distributed/run.py:792] *****************************************
W0428 04:54:18.800000 43 torch/distributed/run.py:792] Setting OMP_NUM_THREADS environment variable for each process to be 1 in default, to avoid your system being overloaded, please further tune the variable for optimal performance in your application as needed. 
W0428 04:54:18.800000 43 torch/distributed/run.py:792] *****************************************
Running pytorch 2.6.0+cu124
using device: cuda:0
total desired batch size: 393216
=> calculated gradient accumulation steps: 3
using device: cuda:3
using device: cuda:1
using device: cuda:2
compiling the model...
DataLoader: total number of tokens: 100,000,000 across 1 files
num decayed parameter tensors: 50, with 124,318,464 parameters
num non-decayed parameter tensors: 98, with 121,344 parameters
using fused AdamW: False
using regular AdamW
step    1/10 | train loss 11.008543 | norm 15.8104 | lr 1.00e-04 | (165843.41 ms | 2371 tok/s)
step    2/10 | train loss 10.118100 | norm 5.8169 | lr 1.00e-04 | (276.96 ms | 1419751 tok/s)
step    3/10 | train loss 9.770234 | norm 2.6314 | lr 1.00e-04 | (264.65 ms | 1485801 tok/s)
step    4/10 | train loss 9.600608 | norm 2.1179 | lr 1.00e-04 | (262.90 ms | 1495687 tok/s)
step    5/10 | train loss 9.517735 | norm 2.1015 | lr 1.00e-04 | (259.71 ms | 1514031 tok/s)
step    6/10 | train loss 9.436506 | norm 1.9982 | lr 1.00e-04 | (259.73 ms | 1513953 tok/s)
step    7/10 | train loss 9.351723 | norm 1.9460 | lr 1.00e-04 | (260.79 ms | 1507780 tok/s)
step    8/10 | train loss 9.262541 | norm 1.9087 | lr 1.00e-04 | (259.65 ms | 1514386 tok/s)
step    9/10 | train loss 9.170477 | norm 1.8610 | lr 1.00e-04 | (261.62 ms | 1502978 tok/s)
step   10/10 | train loss 9.080685 | norm 1.7802 | lr 1.00e-04 | (263.88 ms | 1490118 tok/s)
final 9 iters avg: 263.323ms
peak memory consumption: 19594 MiB
Dumping final: /proc/net/dev
