Hostname:, torchrun-multipod-0
NUM PODS : 1
NUM PROCS: 4
NUM_ITER  : 10
MODEL    : d12
BS        : 32
SEQ LEN   : 1024
GRAD ACCUM: 4
BS TOTAL  : 524288
LOG FILE: /tmp/stdout_npods1_nprocs4_numiter10_gradaccum4_bs32_seq1024_totalbs524288_runidnewoc1nodes.log
NODE RANK: 0
PROFILE  : 0
TAG      : 1_4_4_0_d12_newoc1nodes
RUNID    : newoc1nodes
Dumping initial: /proc/net/dev
W0428 04:58:26.768000 43 torch/distributed/run.py:792] 
W0428 04:58:26.768000 43 torch/distributed/run.py:792] *****************************************
W0428 04:58:26.768000 43 torch/distributed/run.py:792] Setting OMP_NUM_THREADS environment variable for each process to be 1 in default, to avoid your system being overloaded, please further tune the variable for optimal performance in your application as needed. 
W0428 04:58:26.768000 43 torch/distributed/run.py:792] *****************************************
Running pytorch 2.6.0+cu124
using device: cuda:0
total desired batch size: 524288
=> calculated gradient accumulation steps: 4
using device: cuda:3
using device: cuda:2
using device: cuda:1
compiling the model...
DataLoader: total number of tokens: 100,000,000 across 1 files
num decayed parameter tensors: 50, with 124,318,464 parameters
num non-decayed parameter tensors: 98, with 121,344 parameters
using fused AdamW: False
using regular AdamW
step    1/10 | train loss 11.008972 | norm 15.7107 | lr 1.00e-04 | (166428.51 ms | 3150 tok/s)
step    2/10 | train loss 10.123219 | norm 5.8018 | lr 1.00e-04 | (362.11 ms | 1447855 tok/s)
step    3/10 | train loss 9.777211 | norm 2.6314 | lr 1.00e-04 | (338.65 ms | 1548167 tok/s)
step    4/10 | train loss 9.607346 | norm 2.1165 | lr 1.00e-04 | (339.00 ms | 1546567 tok/s)
step    5/10 | train loss 9.524707 | norm 2.1075 | lr 1.00e-04 | (337.38 ms | 1553976 tok/s)
step    6/10 | train loss 9.443514 | norm 2.0012 | lr 1.00e-04 | (339.39 ms | 1544794 tok/s)
step    7/10 | train loss 9.358721 | norm 1.9490 | lr 1.00e-04 | (342.84 ms | 1529252 tok/s)
step    8/10 | train loss 9.269129 | norm 1.9124 | lr 1.00e-04 | (337.55 ms | 1553222 tok/s)
step    9/10 | train loss 9.176631 | norm 1.8636 | lr 1.00e-04 | (337.85 ms | 1551845 tok/s)
step   10/10 | train loss 9.088068 | norm 1.7782 | lr 1.00e-04 | (339.47 ms | 1544413 tok/s)
final 9 iters avg: 341.583ms
peak memory consumption: 19594 MiB
Dumping final: /proc/net/dev
