1745860454 ociperf : config: iprf_baseflgs='--interval 0 --timestamps' iprf_bin=src/iperf-3.18/src/iperf3 iprf_bitrates=([tcp]="0" [udp]="0" ) iprf_bufsizes=([tcp]="128K" [udp]="1460" ) iprf_clt_baseflgs='--no-delay --version4 --zerocopy --omit 5' iprf_connections=([0]="128") iprf_cp=([oc]="oc cp" [bm]="scp" ) iprf_datadir=ociperf_data/simple2-affin-28-04-25-1745860454 iprf_exec=([oc]="oc exec" [bm]="ssh" ) iprf_log=ociperf_data/simple2-affin-28-04-25-1745860454/ociperf.log iprf_mtu= iprf_name=simple2-affin iprf_nicaffinity=([0]="eno5np0 eno7np0") iprf_port=12345 iprf_proto_baseflgs=([tcp]="" [udp]="--udp --udp-counters-64bit --dont-fragment" ) iprf_protocols=([0]="tcp" [1]="udp") iprf_rbin=/root/iperf3 iprf_rdatadir=/tmp iprf_srv_baseflgs='--server --one-off' iprf_type=oc iprf_winsizes=([tcp]="128K" [udp]="1460" )
1745860455 ociperf : hosts to be test: mocr4pcc02u29-debug-7m29c[@]
1745860455 ociperf : oc cp src/iperf-3.18/src/iperf3 mocr4pcc02u29-debug-7m29c:/root/iperf3
1745860456 ociperf : oc cp src/iperf-3.18/src/iperf3 mocr4pcc02u30-debug-b4xvd:/root/iperf3
1745860458 ociperf : oc exec mocr4pcc02u29-debug-7m29c -- bash -c "ip link show dev $(ip --brief a | grep '192.168.50.171'| cut -d' ' -f 1)"
1745860459 ociperf : server: srv:mocr4pcc02u29-debug-7m29c srvip:192.168.50.171 srvnode:mocr4pcc02u29-debug-7m29c mtu:1500
1745860459 ociperf : prot:tcp mtu:1500 bufsize:128K ws:128K br:0 par:128 affin::iperf_tcp_srv_1500_128K_128K_0_128_eno5np0_mocr4pcc02u29-debug-7m29c_mocr4pcc02u30-debug-b4xvd.log cltlog:iperf_tcp_clt_1500_128K_128K_0_128_eno5np0_mocr4pcc02u29-debug-7m29c_mocr4pcc02u30-debug-b4xvd.log
1745860459 ociperf : START: mocr4pcc02u29-debug-7m29c mocr4pcc02u30-debug-b4xvd
1745860459 ociperf : oc exec mocr4pcc02u29-debug-7m29c -- bash -c "taskset -c \$(< /sys/class/net/eno5np0/device/local_cpulist) /root/iperf3 --interval 0 --timestamps --server --one-off --port 12345 >/tmp/iperf_tcp_srv_1500_128K_128K_0_128_eno5np0_mocr4pcc02u29-debug-7m29c_mocr4pcc02u30-debug-b4xvd.log 2>&1 &"
1745860459 ociperf : oc exec mocr4pcc02u30-debug-b4xvd -- bash -c "taskset -c \$(< /sys/class/net/eno5np0/device/local_cpulist) /root/iperf3 --interval 0 --timestamps --no-delay --version4 --zerocopy --omit 5 --client 192.168.50.171 --port 12345 --length 128K --window 128K --bitrate 0 --parallel 128 >/tmp/iperf_tcp_clt_1500_128K_128K_0_128_eno5np0_mocr4pcc02u29-debug-7m29c_mocr4pcc02u30-debug-b4xvd.log 2>&1"
1745860475 ociperf : : END: mocr4pcc02u29-debug-7m29c mocr4pcc02u30-debug-b4xvd
1745860475 ociperf : oc cp mocr4pcc02u29-debug-7m29c:/tmp/iperf_tcp_srv_1500_128K_128K_0_128_eno5np0_mocr4pcc02u29-debug-7m29c_mocr4pcc02u30-debug-b4xvd.log ociperf_data/simple2-affin-28-04-25-1745860454/iperf_tcp_srv_1500_128K_128K_0_128_eno5np0_mocr4pcc02u29-debug-7m29c_mocr4pcc02u30-debug-b4xvd.log
tar: Removing leading `/' from member names
1745860476 ociperf : oc cp mocr4pcc02u30-debug-b4xvd:/tmp/iperf_tcp_clt_1500_128K_128K_0_128_eno5np0_mocr4pcc02u29-debug-7m29c_mocr4pcc02u30-debug-b4xvd.log ociperf_data/simple2-affin-28-04-25-1745860454/iperf_tcp_clt_1500_128K_128K_0_128_eno5np0_mocr4pcc02u29-debug-7m29c_mocr4pcc02u30-debug-b4xvd.log
tar: Removing leading `/' from member names
1745860477 ociperf : prot:tcp mtu:1500 bufsize:128K ws:128K br:0 par:128 affin::iperf_tcp_srv_1500_128K_128K_0_128_eno7np0_mocr4pcc02u29-debug-7m29c_mocr4pcc02u30-debug-b4xvd.log cltlog:iperf_tcp_clt_1500_128K_128K_0_128_eno7np0_mocr4pcc02u29-debug-7m29c_mocr4pcc02u30-debug-b4xvd.log
1745860477 ociperf : START: mocr4pcc02u29-debug-7m29c mocr4pcc02u30-debug-b4xvd
1745860477 ociperf : oc exec mocr4pcc02u29-debug-7m29c -- bash -c "taskset -c \$(< /sys/class/net/eno7np0/device/local_cpulist) /root/iperf3 --interval 0 --timestamps --server --one-off --port 12345 >/tmp/iperf_tcp_srv_1500_128K_128K_0_128_eno7np0_mocr4pcc02u29-debug-7m29c_mocr4pcc02u30-debug-b4xvd.log 2>&1 &"
1745860477 ociperf : oc exec mocr4pcc02u30-debug-b4xvd -- bash -c "taskset -c \$(< /sys/class/net/eno7np0/device/local_cpulist) /root/iperf3 --interval 0 --timestamps --no-delay --version4 --zerocopy --omit 5 --client 192.168.50.171 --port 12345 --length 128K --window 128K --bitrate 0 --parallel 128 >/tmp/iperf_tcp_clt_1500_128K_128K_0_128_eno7np0_mocr4pcc02u29-debug-7m29c_mocr4pcc02u30-debug-b4xvd.log 2>&1"
1745860493 ociperf : : END: mocr4pcc02u29-debug-7m29c mocr4pcc02u30-debug-b4xvd
1745860493 ociperf : oc cp mocr4pcc02u29-debug-7m29c:/tmp/iperf_tcp_srv_1500_128K_128K_0_128_eno7np0_mocr4pcc02u29-debug-7m29c_mocr4pcc02u30-debug-b4xvd.log ociperf_data/simple2-affin-28-04-25-1745860454/iperf_tcp_srv_1500_128K_128K_0_128_eno7np0_mocr4pcc02u29-debug-7m29c_mocr4pcc02u30-debug-b4xvd.log
tar: Removing leading `/' from member names
1745860494 ociperf : oc cp mocr4pcc02u30-debug-b4xvd:/tmp/iperf_tcp_clt_1500_128K_128K_0_128_eno7np0_mocr4pcc02u29-debug-7m29c_mocr4pcc02u30-debug-b4xvd.log ociperf_data/simple2-affin-28-04-25-1745860454/iperf_tcp_clt_1500_128K_128K_0_128_eno7np0_mocr4pcc02u29-debug-7m29c_mocr4pcc02u30-debug-b4xvd.log
tar: Removing leading `/' from member names
1745860494 ociperf : prot:udp mtu:1500 bufsize:1460 ws:1460 br:0 par:128 affin::iperf_udp_srv_1500_1460_1460_0_128_eno5np0_mocr4pcc02u29-debug-7m29c_mocr4pcc02u30-debug-b4xvd.log cltlog:iperf_udp_clt_1500_1460_1460_0_128_eno5np0_mocr4pcc02u29-debug-7m29c_mocr4pcc02u30-debug-b4xvd.log
1745860494 ociperf : START: mocr4pcc02u29-debug-7m29c mocr4pcc02u30-debug-b4xvd
1745860494 ociperf : oc exec mocr4pcc02u29-debug-7m29c -- bash -c "taskset -c \$(< /sys/class/net/eno5np0/device/local_cpulist) /root/iperf3 --interval 0 --timestamps --server --one-off --port 12345 >/tmp/iperf_udp_srv_1500_1460_1460_0_128_eno5np0_mocr4pcc02u29-debug-7m29c_mocr4pcc02u30-debug-b4xvd.log 2>&1 &"
1745860495 ociperf : oc exec mocr4pcc02u30-debug-b4xvd -- bash -c "taskset -c \$(< /sys/class/net/eno5np0/device/local_cpulist) /root/iperf3 --interval 0 --timestamps --no-delay --version4 --zerocopy --omit 5 --udp --udp-counters-64bit --dont-fragment --client 192.168.50.171 --port 12345 --length 1460 --window 1460 --bitrate 0 --parallel 128 >/tmp/iperf_udp_clt_1500_1460_1460_0_128_eno5np0_mocr4pcc02u29-debug-7m29c_mocr4pcc02u30-debug-b4xvd.log 2>&1"
1745860510 ociperf : : END: mocr4pcc02u29-debug-7m29c mocr4pcc02u30-debug-b4xvd
1745860511 ociperf : oc cp mocr4pcc02u29-debug-7m29c:/tmp/iperf_udp_srv_1500_1460_1460_0_128_eno5np0_mocr4pcc02u29-debug-7m29c_mocr4pcc02u30-debug-b4xvd.log ociperf_data/simple2-affin-28-04-25-1745860454/iperf_udp_srv_1500_1460_1460_0_128_eno5np0_mocr4pcc02u29-debug-7m29c_mocr4pcc02u30-debug-b4xvd.log
tar: Removing leading `/' from member names
1745860511 ociperf : oc cp mocr4pcc02u30-debug-b4xvd:/tmp/iperf_udp_clt_1500_1460_1460_0_128_eno5np0_mocr4pcc02u29-debug-7m29c_mocr4pcc02u30-debug-b4xvd.log ociperf_data/simple2-affin-28-04-25-1745860454/iperf_udp_clt_1500_1460_1460_0_128_eno5np0_mocr4pcc02u29-debug-7m29c_mocr4pcc02u30-debug-b4xvd.log
tar: Removing leading `/' from member names
1745860512 ociperf : prot:udp mtu:1500 bufsize:1460 ws:1460 br:0 par:128 affin::iperf_udp_srv_1500_1460_1460_0_128_eno7np0_mocr4pcc02u29-debug-7m29c_mocr4pcc02u30-debug-b4xvd.log cltlog:iperf_udp_clt_1500_1460_1460_0_128_eno7np0_mocr4pcc02u29-debug-7m29c_mocr4pcc02u30-debug-b4xvd.log
1745860512 ociperf : START: mocr4pcc02u29-debug-7m29c mocr4pcc02u30-debug-b4xvd
1745860512 ociperf : oc exec mocr4pcc02u29-debug-7m29c -- bash -c "taskset -c \$(< /sys/class/net/eno7np0/device/local_cpulist) /root/iperf3 --interval 0 --timestamps --server --one-off --port 12345 >/tmp/iperf_udp_srv_1500_1460_1460_0_128_eno7np0_mocr4pcc02u29-debug-7m29c_mocr4pcc02u30-debug-b4xvd.log 2>&1 &"
1745860512 ociperf : oc exec mocr4pcc02u30-debug-b4xvd -- bash -c "taskset -c \$(< /sys/class/net/eno7np0/device/local_cpulist) /root/iperf3 --interval 0 --timestamps --no-delay --version4 --zerocopy --omit 5 --udp --udp-counters-64bit --dont-fragment --client 192.168.50.171 --port 12345 --length 1460 --window 1460 --bitrate 0 --parallel 128 >/tmp/iperf_udp_clt_1500_1460_1460_0_128_eno7np0_mocr4pcc02u29-debug-7m29c_mocr4pcc02u30-debug-b4xvd.log 2>&1"
1745860528 ociperf : : END: mocr4pcc02u29-debug-7m29c mocr4pcc02u30-debug-b4xvd
1745860528 ociperf : oc cp mocr4pcc02u29-debug-7m29c:/tmp/iperf_udp_srv_1500_1460_1460_0_128_eno7np0_mocr4pcc02u29-debug-7m29c_mocr4pcc02u30-debug-b4xvd.log ociperf_data/simple2-affin-28-04-25-1745860454/iperf_udp_srv_1500_1460_1460_0_128_eno7np0_mocr4pcc02u29-debug-7m29c_mocr4pcc02u30-debug-b4xvd.log
tar: Removing leading `/' from member names
1745860529 ociperf : oc cp mocr4pcc02u30-debug-b4xvd:/tmp/iperf_udp_clt_1500_1460_1460_0_128_eno7np0_mocr4pcc02u29-debug-7m29c_mocr4pcc02u30-debug-b4xvd.log ociperf_data/simple2-affin-28-04-25-1745860454/iperf_udp_clt_1500_1460_1460_0_128_eno7np0_mocr4pcc02u29-debug-7m29c_mocr4pcc02u30-debug-b4xvd.log
tar: Removing leading `/' from member names
1745860530 ociperf : server: srv:mocr4pcc02u30-debug-b4xvd srvip:192.168.50.57 srvnode:mocr4pcc02u30-debug-b4xvd mtu:1500
1745860530 ociperf : prot:tcp mtu:1500 bufsize:128K ws:128K br:0 par:128 affin::iperf_tcp_srv_1500_128K_128K_0_128_eno5np0_mocr4pcc02u30-debug-b4xvd_mocr4pcc02u29-debug-7m29c.log cltlog:iperf_tcp_clt_1500_128K_128K_0_128_eno5np0_mocr4pcc02u30-debug-b4xvd_mocr4pcc02u29-debug-7m29c.log
1745860530 ociperf : START: mocr4pcc02u30-debug-b4xvd mocr4pcc02u29-debug-7m29c
1745860530 ociperf : oc exec mocr4pcc02u30-debug-b4xvd -- bash -c "taskset -c \$(< /sys/class/net/eno5np0/device/local_cpulist) /root/iperf3 --interval 0 --timestamps --server --one-off --port 12345 >/tmp/iperf_tcp_srv_1500_128K_128K_0_128_eno5np0_mocr4pcc02u30-debug-b4xvd_mocr4pcc02u29-debug-7m29c.log 2>&1 &"
1745860530 ociperf : oc exec mocr4pcc02u29-debug-7m29c -- bash -c "taskset -c \$(< /sys/class/net/eno5np0/device/local_cpulist) /root/iperf3 --interval 0 --timestamps --no-delay --version4 --zerocopy --omit 5 --client 192.168.50.57 --port 12345 --length 128K --window 128K --bitrate 0 --parallel 128 >/tmp/iperf_tcp_clt_1500_128K_128K_0_128_eno5np0_mocr4pcc02u30-debug-b4xvd_mocr4pcc02u29-debug-7m29c.log 2>&1"
1745860546 ociperf : : END: mocr4pcc02u30-debug-b4xvd mocr4pcc02u29-debug-7m29c
1745860546 ociperf : oc cp mocr4pcc02u30-debug-b4xvd:/tmp/iperf_tcp_srv_1500_128K_128K_0_128_eno5np0_mocr4pcc02u30-debug-b4xvd_mocr4pcc02u29-debug-7m29c.log ociperf_data/simple2-affin-28-04-25-1745860454/iperf_tcp_srv_1500_128K_128K_0_128_eno5np0_mocr4pcc02u30-debug-b4xvd_mocr4pcc02u29-debug-7m29c.log
tar: Removing leading `/' from member names
1745860547 ociperf : oc cp mocr4pcc02u29-debug-7m29c:/tmp/iperf_tcp_clt_1500_128K_128K_0_128_eno5np0_mocr4pcc02u30-debug-b4xvd_mocr4pcc02u29-debug-7m29c.log ociperf_data/simple2-affin-28-04-25-1745860454/iperf_tcp_clt_1500_128K_128K_0_128_eno5np0_mocr4pcc02u30-debug-b4xvd_mocr4pcc02u29-debug-7m29c.log
tar: Removing leading `/' from member names
1745860548 ociperf : prot:tcp mtu:1500 bufsize:128K ws:128K br:0 par:128 affin::iperf_tcp_srv_1500_128K_128K_0_128_eno7np0_mocr4pcc02u30-debug-b4xvd_mocr4pcc02u29-debug-7m29c.log cltlog:iperf_tcp_clt_1500_128K_128K_0_128_eno7np0_mocr4pcc02u30-debug-b4xvd_mocr4pcc02u29-debug-7m29c.log
1745860548 ociperf : START: mocr4pcc02u30-debug-b4xvd mocr4pcc02u29-debug-7m29c
1745860548 ociperf : oc exec mocr4pcc02u30-debug-b4xvd -- bash -c "taskset -c \$(< /sys/class/net/eno7np0/device/local_cpulist) /root/iperf3 --interval 0 --timestamps --server --one-off --port 12345 >/tmp/iperf_tcp_srv_1500_128K_128K_0_128_eno7np0_mocr4pcc02u30-debug-b4xvd_mocr4pcc02u29-debug-7m29c.log 2>&1 &"
1745860549 ociperf : oc exec mocr4pcc02u29-debug-7m29c -- bash -c "taskset -c \$(< /sys/class/net/eno7np0/device/local_cpulist) /root/iperf3 --interval 0 --timestamps --no-delay --version4 --zerocopy --omit 5 --client 192.168.50.57 --port 12345 --length 128K --window 128K --bitrate 0 --parallel 128 >/tmp/iperf_tcp_clt_1500_128K_128K_0_128_eno7np0_mocr4pcc02u30-debug-b4xvd_mocr4pcc02u29-debug-7m29c.log 2>&1"
1745860565 ociperf : : END: mocr4pcc02u30-debug-b4xvd mocr4pcc02u29-debug-7m29c
1745860565 ociperf : oc cp mocr4pcc02u30-debug-b4xvd:/tmp/iperf_tcp_srv_1500_128K_128K_0_128_eno7np0_mocr4pcc02u30-debug-b4xvd_mocr4pcc02u29-debug-7m29c.log ociperf_data/simple2-affin-28-04-25-1745860454/iperf_tcp_srv_1500_128K_128K_0_128_eno7np0_mocr4pcc02u30-debug-b4xvd_mocr4pcc02u29-debug-7m29c.log
tar: Removing leading `/' from member names
1745860565 ociperf : oc cp mocr4pcc02u29-debug-7m29c:/tmp/iperf_tcp_clt_1500_128K_128K_0_128_eno7np0_mocr4pcc02u30-debug-b4xvd_mocr4pcc02u29-debug-7m29c.log ociperf_data/simple2-affin-28-04-25-1745860454/iperf_tcp_clt_1500_128K_128K_0_128_eno7np0_mocr4pcc02u30-debug-b4xvd_mocr4pcc02u29-debug-7m29c.log
tar: Removing leading `/' from member names
1745860566 ociperf : prot:udp mtu:1500 bufsize:1460 ws:1460 br:0 par:128 affin::iperf_udp_srv_1500_1460_1460_0_128_eno5np0_mocr4pcc02u30-debug-b4xvd_mocr4pcc02u29-debug-7m29c.log cltlog:iperf_udp_clt_1500_1460_1460_0_128_eno5np0_mocr4pcc02u30-debug-b4xvd_mocr4pcc02u29-debug-7m29c.log
1745860566 ociperf : START: mocr4pcc02u30-debug-b4xvd mocr4pcc02u29-debug-7m29c
1745860566 ociperf : oc exec mocr4pcc02u30-debug-b4xvd -- bash -c "taskset -c \$(< /sys/class/net/eno5np0/device/local_cpulist) /root/iperf3 --interval 0 --timestamps --server --one-off --port 12345 >/tmp/iperf_udp_srv_1500_1460_1460_0_128_eno5np0_mocr4pcc02u30-debug-b4xvd_mocr4pcc02u29-debug-7m29c.log 2>&1 &"
1745860567 ociperf : oc exec mocr4pcc02u29-debug-7m29c -- bash -c "taskset -c \$(< /sys/class/net/eno5np0/device/local_cpulist) /root/iperf3 --interval 0 --timestamps --no-delay --version4 --zerocopy --omit 5 --udp --udp-counters-64bit --dont-fragment --client 192.168.50.57 --port 12345 --length 1460 --window 1460 --bitrate 0 --parallel 128 >/tmp/iperf_udp_clt_1500_1460_1460_0_128_eno5np0_mocr4pcc02u30-debug-b4xvd_mocr4pcc02u29-debug-7m29c.log 2>&1"
1745860582 ociperf : : END: mocr4pcc02u30-debug-b4xvd mocr4pcc02u29-debug-7m29c
1745860582 ociperf : oc cp mocr4pcc02u30-debug-b4xvd:/tmp/iperf_udp_srv_1500_1460_1460_0_128_eno5np0_mocr4pcc02u30-debug-b4xvd_mocr4pcc02u29-debug-7m29c.log ociperf_data/simple2-affin-28-04-25-1745860454/iperf_udp_srv_1500_1460_1460_0_128_eno5np0_mocr4pcc02u30-debug-b4xvd_mocr4pcc02u29-debug-7m29c.log
tar: Removing leading `/' from member names
1745860583 ociperf : oc cp mocr4pcc02u29-debug-7m29c:/tmp/iperf_udp_clt_1500_1460_1460_0_128_eno5np0_mocr4pcc02u30-debug-b4xvd_mocr4pcc02u29-debug-7m29c.log ociperf_data/simple2-affin-28-04-25-1745860454/iperf_udp_clt_1500_1460_1460_0_128_eno5np0_mocr4pcc02u30-debug-b4xvd_mocr4pcc02u29-debug-7m29c.log
tar: Removing leading `/' from member names
1745860584 ociperf : prot:udp mtu:1500 bufsize:1460 ws:1460 br:0 par:128 affin::iperf_udp_srv_1500_1460_1460_0_128_eno7np0_mocr4pcc02u30-debug-b4xvd_mocr4pcc02u29-debug-7m29c.log cltlog:iperf_udp_clt_1500_1460_1460_0_128_eno7np0_mocr4pcc02u30-debug-b4xvd_mocr4pcc02u29-debug-7m29c.log
1745860584 ociperf : START: mocr4pcc02u30-debug-b4xvd mocr4pcc02u29-debug-7m29c
1745860584 ociperf : oc exec mocr4pcc02u30-debug-b4xvd -- bash -c "taskset -c \$(< /sys/class/net/eno7np0/device/local_cpulist) /root/iperf3 --interval 0 --timestamps --server --one-off --port 12345 >/tmp/iperf_udp_srv_1500_1460_1460_0_128_eno7np0_mocr4pcc02u30-debug-b4xvd_mocr4pcc02u29-debug-7m29c.log 2>&1 &"
1745860584 ociperf : oc exec mocr4pcc02u29-debug-7m29c -- bash -c "taskset -c \$(< /sys/class/net/eno7np0/device/local_cpulist) /root/iperf3 --interval 0 --timestamps --no-delay --version4 --zerocopy --omit 5 --udp --udp-counters-64bit --dont-fragment --client 192.168.50.57 --port 12345 --length 1460 --window 1460 --bitrate 0 --parallel 128 >/tmp/iperf_udp_clt_1500_1460_1460_0_128_eno7np0_mocr4pcc02u30-debug-b4xvd_mocr4pcc02u29-debug-7m29c.log 2>&1"
1745860600 ociperf : : END: mocr4pcc02u30-debug-b4xvd mocr4pcc02u29-debug-7m29c
1745860600 ociperf : oc cp mocr4pcc02u30-debug-b4xvd:/tmp/iperf_udp_srv_1500_1460_1460_0_128_eno7np0_mocr4pcc02u30-debug-b4xvd_mocr4pcc02u29-debug-7m29c.log ociperf_data/simple2-affin-28-04-25-1745860454/iperf_udp_srv_1500_1460_1460_0_128_eno7np0_mocr4pcc02u30-debug-b4xvd_mocr4pcc02u29-debug-7m29c.log
tar: Removing leading `/' from member names
1745860601 ociperf : oc cp mocr4pcc02u29-debug-7m29c:/tmp/iperf_udp_clt_1500_1460_1460_0_128_eno7np0_mocr4pcc02u30-debug-b4xvd_mocr4pcc02u29-debug-7m29c.log ociperf_data/simple2-affin-28-04-25-1745860454/iperf_udp_clt_1500_1460_1460_0_128_eno7np0_mocr4pcc02u30-debug-b4xvd_mocr4pcc02u29-debug-7m29c.log
tar: Removing leading `/' from member names
