Hostname:, torchrun-multipod-0
NUM PODS : 8
NUM PROCS: 4
NUM_ITER  : 10
MODEL    : d12
BS        : 32
SEQ LEN   : 1024
GRAD ACCUM: 10
BS TOTAL  : 10485760
LOG FILE: /tmp/stdout_npods8_nprocs4_numiter10_gradaccum10_bs32_seq1024_totalbs10485760_runidnewoc8nodes.log
NODE RANK: 0
PROFILE  : 0
TAG      : 8_4_10_0_d12_newoc8nodes
RUNID    : newoc8nodes
Dumping initial: /proc/net/dev
W0428 03:25:00.099000 44 torch/distributed/run.py:792] 
W0428 03:25:00.099000 44 torch/distributed/run.py:792] *****************************************
W0428 03:25:00.099000 44 torch/distributed/run.py:792] Setting OMP_NUM_THREADS environment variable for each process to be 1 in default, to avoid your system being overloaded, please further tune the variable for optimal performance in your application as needed. 
W0428 03:25:00.099000 44 torch/distributed/run.py:792] *****************************************
Running pytorch 2.6.0+cu124
using device: cuda:0
total desired batch size: 10485760
=> calculated gradient accumulation steps: 10
using device: cuda:1using device: cuda:3

using device: cuda:2
compiling the model...
DataLoader: total number of tokens: 100,000,000 across 1 files
num decayed parameter tensors: 50, with 124,318,464 parameters
num non-decayed parameter tensors: 98, with 121,344 parameters
using fused AdamW: False
using regular AdamW
step    1/10 | train loss 11.009824 | norm 15.2921 | lr 1.00e-04 | (172014.94 ms | 60958 tok/s)
step    2/10 | train loss 10.143991 | norm 5.7289 | lr 1.00e-04 | (1942.40 ms | 5398359 tok/s)
step    3/10 | train loss 9.806224 | norm 2.5853 | lr 1.00e-04 | (1938.37 ms | 5409567 tok/s)
step    4/10 | train loss 9.638386 | norm 2.0963 | lr 1.00e-04 | (1926.08 ms | 5444087 tok/s)
step    5/10 | train loss 9.556448 | norm 2.0898 | lr 1.00e-04 | (1942.41 ms | 5398323 tok/s)
step    6/10 | train loss 9.476645 | norm 1.9830 | lr 1.00e-04 | (1941.30 ms | 5401424 tok/s)
step    7/10 | train loss 9.392855 | norm 1.9320 | lr 1.00e-04 | (1962.98 ms | 5341768 tok/s)
step    8/10 | train loss 9.303439 | norm 1.8994 | lr 1.00e-04 | (1928.14 ms | 5438280 tok/s)
step    9/10 | train loss 9.209739 | norm 1.8546 | lr 1.00e-04 | (1962.03 ms | 5344354 tok/s)
step   10/10 | train loss 9.121472 | norm 1.7776 | lr 1.00e-04 | (1956.51 ms | 5359413 tok/s)
final 9 iters avg: 1944.468ms
peak memory consumption: 19594 MiB
Dumping final: /proc/net/dev
