Hostname:, torchrun-multipod-0
NUM PODS : 4
NUM PROCS: 4
NUM_ITER  : 10
MODEL    : d12
BS        : 32
SEQ LEN   : 1024
GRAD ACCUM: 1
BS TOTAL  : 524288
LOG FILE: /tmp/stdout_npods4_nprocs4_numiter10_gradaccum1_bs32_seq1024_totalbs524288_runidnewoc4nodes.log
NODE RANK: 0
PROFILE  : 0
TAG      : 4_4_1_0_d12_newoc4nodes
RUNID    : newoc4nodes
Dumping initial: /proc/net/dev
W0428 02:27:22.517000 45 torch/distributed/run.py:792] 
W0428 02:27:22.517000 45 torch/distributed/run.py:792] *****************************************
W0428 02:27:22.517000 45 torch/distributed/run.py:792] Setting OMP_NUM_THREADS environment variable for each process to be 1 in default, to avoid your system being overloaded, please further tune the variable for optimal performance in your application as needed. 
W0428 02:27:22.517000 45 torch/distributed/run.py:792] *****************************************
Running pytorch 2.6.0+cu124
using device: cuda:0
total desired batch size: 524288
=> calculated gradient accumulation steps: 1
using device: cuda:3
using device: cuda:1
using device: cuda:2
compiling the model...
DataLoader: total number of tokens: 100,000,000 across 1 files
num decayed parameter tensors: 50, with 124,318,464 parameters
num non-decayed parameter tensors: 98, with 121,344 parameters
using fused AdamW: False
using regular AdamW
step    1/10 | train loss 11.008976 | norm 15.7106 | lr 1.00e-04 | (170691.17 ms | 3072 tok/s)
step    2/10 | train loss 10.123220 | norm 5.8018 | lr 1.00e-04 | (1205.14 ms | 435044 tok/s)
step    3/10 | train loss 9.777208 | norm 2.6314 | lr 1.00e-04 | (1175.30 ms | 446088 tok/s)
step    4/10 | train loss 9.607349 | norm 2.1165 | lr 1.00e-04 | (1171.40 ms | 447574 tok/s)
step    5/10 | train loss 9.524708 | norm 2.1075 | lr 1.00e-04 | (1299.78 ms | 403366 tok/s)
step    6/10 | train loss 9.443518 | norm 2.0012 | lr 1.00e-04 | (1176.53 ms | 445622 tok/s)
step    7/10 | train loss 9.358723 | norm 1.9491 | lr 1.00e-04 | (1174.48 ms | 446401 tok/s)
step    8/10 | train loss 9.269124 | norm 1.9124 | lr 1.00e-04 | (1196.53 ms | 438173 tok/s)
step    9/10 | train loss 9.176632 | norm 1.8636 | lr 1.00e-04 | (1209.78 ms | 433373 tok/s)
step   10/10 | train loss 9.088060 | norm 1.7782 | lr 1.00e-04 | (1195.46 ms | 438567 tok/s)
final 9 iters avg: 1200.489ms
peak memory consumption: 19114 MiB
Dumping final: /proc/net/dev
