Hostname:, torchrun-multipod-0
NUM PODS : 4
NUM PROCS: 4
NUM_ITER  : 10
MODEL    : d12
BS        : 32
SEQ LEN   : 1024
GRAD ACCUM: 8
BS TOTAL  : 4194304
LOG FILE: /tmp/stdout_npods4_nprocs4_numiter10_gradaccum8_bs32_seq1024_totalbs4194304_runidnewoc4nodes.log
NODE RANK: 0
PROFILE  : 0
TAG      : 4_4_8_0_d12_newoc4nodes
RUNID    : newoc4nodes
Dumping initial: /proc/net/dev
W0428 03:01:23.251000 43 torch/distributed/run.py:792] 
W0428 03:01:23.251000 43 torch/distributed/run.py:792] *****************************************
W0428 03:01:23.251000 43 torch/distributed/run.py:792] Setting OMP_NUM_THREADS environment variable for each process to be 1 in default, to avoid your system being overloaded, please further tune the variable for optimal performance in your application as needed. 
W0428 03:01:23.251000 43 torch/distributed/run.py:792] *****************************************
Running pytorch 2.6.0+cu124
using device: cuda:0
total desired batch size: 4194304
=> calculated gradient accumulation steps: 8
using device: cuda:1
using device: cuda:2
using device: cuda:3
compiling the model...
DataLoader: total number of tokens: 100,000,000 across 1 files
num decayed parameter tensors: 50, with 124,318,464 parameters
num non-decayed parameter tensors: 98, with 121,344 parameters
using fused AdamW: False
using regular AdamW
step    1/10 | train loss 11.010082 | norm 15.3558 | lr 1.00e-04 | (173274.58 ms | 24206 tok/s)
step    2/10 | train loss 10.138501 | norm 5.7509 | lr 1.00e-04 | (1628.11 ms | 2576186 tok/s)
step    3/10 | train loss 9.798912 | norm 2.6008 | lr 1.00e-04 | (1632.72 ms | 2568903 tok/s)
step    4/10 | train loss 9.629972 | norm 2.1074 | lr 1.00e-04 | (1647.77 ms | 2545438 tok/s)
step    5/10 | train loss 9.547400 | norm 2.1023 | lr 1.00e-04 | (1649.45 ms | 2542846 tok/s)
step    6/10 | train loss 9.467026 | norm 1.9934 | lr 1.00e-04 | (1666.22 ms | 2517251 tok/s)
step    7/10 | train loss 9.382397 | norm 1.9432 | lr 1.00e-04 | (1681.55 ms | 2494315 tok/s)
step    8/10 | train loss 9.291881 | norm 1.9119 | lr 1.00e-04 | (1833.64 ms | 2287421 tok/s)
step    9/10 | train loss 9.197289 | norm 1.8626 | lr 1.00e-04 | (1636.86 ms | 2562401 tok/s)
step   10/10 | train loss 9.110221 | norm 1.7873 | lr 1.00e-04 | (1630.26 ms | 2572786 tok/s)
final 9 iters avg: 1667.398ms
peak memory consumption: 19594 MiB
Dumping final: /proc/net/dev
