Hostname:, torchrun-multipod-0
NUM PODS : 4
NUM PROCS: 4
NUM_ITER  : 10
MODEL    : d12
BS        : 32
SEQ LEN   : 1024
GRAD ACCUM: 4
BS TOTAL  : 2097152
LOG FILE: /tmp/stdout_npods4_nprocs4_numiter10_gradaccum4_bs32_seq1024_totalbs2097152_runidnewoc4nodes.log
NODE RANK: 0
PROFILE  : 0
TAG      : 4_4_4_0_d12_newoc4nodes
RUNID    : newoc4nodes
Dumping initial: /proc/net/dev
W0428 02:41:58.470000 44 torch/distributed/run.py:792] 
W0428 02:41:58.470000 44 torch/distributed/run.py:792] *****************************************
W0428 02:41:58.470000 44 torch/distributed/run.py:792] Setting OMP_NUM_THREADS environment variable for each process to be 1 in default, to avoid your system being overloaded, please further tune the variable for optimal performance in your application as needed. 
W0428 02:41:58.470000 44 torch/distributed/run.py:792] *****************************************
Running pytorch 2.6.0+cu124
using device: cuda:0
total desired batch size: 2097152
=> calculated gradient accumulation steps: 4
using device: cuda:3
using device: cuda:1
using device: cuda:2
compiling the model...
DataLoader: total number of tokens: 100,000,000 across 1 files
num decayed parameter tensors: 50, with 124,318,464 parameters
num non-decayed parameter tensors: 98, with 121,344 parameters
using fused AdamW: False
using regular AdamW
step    1/10 | train loss 11.009806 | norm 15.3614 | lr 1.00e-04 | (172162.10 ms | 12181 tok/s)
step    2/10 | train loss 10.138536 | norm 5.7422 | lr 1.00e-04 | (1310.33 ms | 1600482 tok/s)
step    3/10 | train loss 9.797910 | norm 2.6066 | lr 1.00e-04 | (1306.11 ms | 1605644 tok/s)
step    4/10 | train loss 9.628574 | norm 2.1114 | lr 1.00e-04 | (1316.46 ms | 1593019 tok/s)
step    5/10 | train loss 9.545596 | norm 2.1044 | lr 1.00e-04 | (1315.11 ms | 1594656 tok/s)
step    6/10 | train loss 9.464416 | norm 1.9969 | lr 1.00e-04 | (1338.32 ms | 1567005 tok/s)
step    7/10 | train loss 9.378771 | norm 1.9478 | lr 1.00e-04 | (1316.06 ms | 1593508 tok/s)
step    8/10 | train loss 9.286810 | norm 1.9138 | lr 1.00e-04 | (1360.91 ms | 1540993 tok/s)
step    9/10 | train loss 9.191313 | norm 1.8553 | lr 1.00e-04 | (1310.75 ms | 1599963 tok/s)
step   10/10 | train loss 9.107036 | norm 1.7972 | lr 1.00e-04 | (1329.03 ms | 1577953 tok/s)
final 9 iters avg: 1322.565ms
peak memory consumption: 19594 MiB
Dumping final: /proc/net/dev
