Disabling dynamic polling
initializing CUDA
Listing all CUDA devices in system:
CUDA device 0: PCIe address is 06:00
CUDA device 1: PCIe address is 26:00
CUDA device 2: PCIe address is A6:00
CUDA device 3: PCIe address is C6:00

Picking device No. 1
[pid = 9016, dev = 1] device name = [NVIDIA H100 80GB HBM3]
creating CUDA Ctx
making it the current CUDA Ctx
CUDA device integrated: 0
using DMA-BUF for GPU buffer address at 0x7f8634800000 aligned at 0x7f8634800000 with aligned size 16777216
allocated GPU buffer of a 16777216 address at 0xb75f50 for type CUDA_MEM_DEVICE
Calling ibv_reg_dmabuf_mr(offset=0, size=16777216, addr=0x7f8634800000, fd=58) for QP #0
---------------------------------------------------------------------------------------
                    RDMA_Read Latency Test
 Dual-port       : OFF		Device         : mlx5_2
 Number of qps   : 1		Transport type : IB
 Connection type : RC		Using SRQ      : OFF
 PCIe relax order: ON		Lock-free      : OFF
 ibv_wr* API     : ON		Using DDP      : OFF
 TX depth        : 1
 Mtu             : 4096[B]
 Link type       : Ethernet
 GID index       : 3
 Outstand reads  : 16
 rdma_cm QPs	 : ON
 Data ex. method : rdma_cm 	TOS    : 41
---------------------------------------------------------------------------------------
 local address: LID 0000 QPN 0x0207 PSN 0xa6de72
 GID: 00:00:00:00:00:00:00:00:00:00:255:255:192:168:101:96
 remote address: LID 0000 QPN 0x01fb PSN 0x5f4d6b
 GID: 00:00:00:00:00:00:00:00:00:00:255:255:192:168:101:91
---------------------------------------------------------------------------------------
 #bytes #iterations    t_min[usec]    t_max[usec]  t_typical[usec]    t_avg[usec]    t_stdev[usec]   99% percentile[usec]   99.9% percentile[usec] 
 2       1000          5.95           17.30        6.00     	       6.05        	0.55   		6.26    		17.30  
 4       1000          5.95           18.33        6.00     	       6.05        	0.55   		6.19    		18.33  
 8       1000          5.96           15.50        6.00     	       6.05        	0.44   		6.17    		15.50  
 16      1000          5.95           16.64        6.00     	       6.03        	0.20   		6.17    		16.64  
 32      1000          5.96           11.74        6.00     	       6.02        	0.12   		6.17    		11.74  
 64      1000          5.98           19.88        6.03     	       6.08        	0.52   		6.20    		19.88  
 128     1000          6.01           16.37        6.06     	       6.09        	0.31   		6.24    		16.37  
 256     1000          6.06           13.06        6.10     	       6.13        	0.32   		6.29    		13.06  
 512     1000          6.09           16.31        6.13     	       6.18        	0.39   		6.30    		16.31  
 1024    1000          6.15           15.25        6.19     	       6.23        	0.37   		6.40    		15.25  
 2048    1000          6.28           13.93        6.33     	       6.36        	0.39   		6.51    		13.93  
 4096    1000          6.59           15.88        6.63     	       6.66        	0.32   		6.81    		15.88  
 8192    1000          6.86           17.06        6.90     	       6.94        	0.34   		7.08    		17.06  
 16384   1000          8.48           17.55        8.52     	       8.56        	0.46   		8.71    		17.55  
 32768   1000          9.19           17.62        9.26     	       9.29        	0.35   		9.48    		17.62  
 65536   1000          10.44          22.14        10.56    	       10.62       	0.50   		11.76   		22.14  
 131072  1000          13.94          22.72        14.01    	       14.06       	0.34   		16.59   		22.72  
 262144  1000          20.11          27.21        20.36    	       20.39       	0.27   		22.00   		27.21  
 524288  1000          33.01          37.04        33.30    	       33.30       	0.11   		33.57   		37.04  
 1048576 1000          53.91          61.90        54.55    	       54.61       	0.34   		55.17   		61.90  
 2097152 1000          96.39          107.92       96.92    	       96.96       	0.55   		97.56   		107.92 
 4194304 1000          181.42         201.96       182.11   	       182.14      	0.44   		182.74  		201.96 
 8388608 1000          351.68         362.88       352.34   	       352.43      	0.60   		354.64  		362.88 
---------------------------------------------------------------------------------------
deallocating GPU buffer 00007f8634800000
destroying current CUDA Ctx
