Disabling dynamic polling

************************************
* Waiting for client to connect... *
************************************
initializing CUDA
Listing all CUDA devices in system:
CUDA device 0: PCIe address is 06:00
CUDA device 1: PCIe address is 26:00
CUDA device 2: PCIe address is A6:00
CUDA device 3: PCIe address is C6:00

Picking device No. 3
[pid = 9231, dev = 3] device name = [NVIDIA H100 80GB HBM3]
creating CUDA Ctx
making it the current CUDA Ctx
CUDA device integrated: 0
using DMA-BUF for GPU buffer address at 0x7feed4000000 aligned at 0x7feed4000000 with aligned size 134217728
allocated GPU buffer of a 134217728 address at 0x146dc30 for type CUDA_MEM_DEVICE
Calling ibv_reg_dmabuf_mr(offset=0, size=134217728, addr=0x7feed4000000, fd=58) for QP #0
---------------------------------------------------------------------------------------
                    RDMA_Read BW Test
 Dual-port       : OFF		Device         : mlx5_2
 Number of qps   : 8		Transport type : IB
 Connection type : RC		Using SRQ      : OFF
 PCIe relax order: ON		Lock-free      : OFF
 ibv_wr* API     : ON		Using DDP      : OFF
 CQ Moderation   : 100
 CQE Poll Batch  : 16
 Mtu             : 4096[B]
 Link type       : Ethernet
 GID index       : 3
 Outstand reads  : 16
 rdma_cm QPs	 : ON
 Data ex. method : rdma_cm 	TOS    : 41
---------------------------------------------------------------------------------------
 Waiting for client rdma_cm QP to connect
 Please run the same command with the IB/RoCE interface IP
---------------------------------------------------------------------------------------
 local address: LID 0000 QPN 0x0230 PSN 0xa6155
 GID: 00:00:00:00:00:00:00:00:00:00:255:255:192:168:101:96
 local address: LID 0000 QPN 0x0231 PSN 0x77ac52
 GID: 00:00:00:00:00:00:00:00:00:00:255:255:192:168:101:96
 local address: LID 0000 QPN 0x0232 PSN 0x5918fe
 GID: 00:00:00:00:00:00:00:00:00:00:255:255:192:168:101:96
 local address: LID 0000 QPN 0x0233 PSN 0x3c043e
 GID: 00:00:00:00:00:00:00:00:00:00:255:255:192:168:101:96
 local address: LID 0000 QPN 0x0234 PSN 0x6dabb0
 GID: 00:00:00:00:00:00:00:00:00:00:255:255:192:168:101:96
 local address: LID 0000 QPN 0x0235 PSN 0x541c1c
 GID: 00:00:00:00:00:00:00:00:00:00:255:255:192:168:101:96
 local address: LID 0000 QPN 0x0236 PSN 0x546e15
 GID: 00:00:00:00:00:00:00:00:00:00:255:255:192:168:101:96
 local address: LID 0000 QPN 0x0237 PSN 0x8485b4
 GID: 00:00:00:00:00:00:00:00:00:00:255:255:192:168:101:96
 remote address: LID 0000 QPN 0x0224 PSN 0x82f6db
 GID: 00:00:00:00:00:00:00:00:00:00:255:255:192:168:101:91
 remote address: LID 0000 QPN 0x0225 PSN 0x374729
 GID: 00:00:00:00:00:00:00:00:00:00:255:255:192:168:101:91
 remote address: LID 0000 QPN 0x0226 PSN 0xb5a3bf
 GID: 00:00:00:00:00:00:00:00:00:00:255:255:192:168:101:91
 remote address: LID 0000 QPN 0x0227 PSN 0xaef1a2
 GID: 00:00:00:00:00:00:00:00:00:00:255:255:192:168:101:91
 remote address: LID 0000 QPN 0x0228 PSN 0x5e240d
 GID: 00:00:00:00:00:00:00:00:00:00:255:255:192:168:101:91
 remote address: LID 0000 QPN 0x0229 PSN 0xd5ceb
 GID: 00:00:00:00:00:00:00:00:00:00:255:255:192:168:101:91
 remote address: LID 0000 QPN 0x022a PSN 0xb9736e
 GID: 00:00:00:00:00:00:00:00:00:00:255:255:192:168:101:91
 remote address: LID 0000 QPN 0x022b PSN 0xd835cf
 GID: 00:00:00:00:00:00:00:00:00:00:255:255:192:168:101:91
---------------------------------------------------------------------------------------
 #bytes     #iterations    BW peak[Gb/sec]    BW average[Gb/sec]   MsgRate[Mpps]
 8388608    8000             104.60             104.60 		     0.001559
---------------------------------------------------------------------------------------
deallocating GPU buffer 00007feed4000000
destroying current CUDA Ctx
