Disabling dynamic polling
initializing CUDA
Listing all CUDA devices in system:
CUDA device 0: PCIe address is 06:00
CUDA device 1: PCIe address is 26:00
CUDA device 2: PCIe address is A6:00
CUDA device 3: PCIe address is C6:00

Picking device No. 1
[pid = 9096, dev = 1] device name = [NVIDIA H100 80GB HBM3]
creating CUDA Ctx
making it the current CUDA Ctx
CUDA device integrated: 0
using DMA-BUF for GPU buffer address at 0x7f884a800000 aligned at 0x7f884a800000 with aligned size 16777216
allocated GPU buffer of a 16777216 address at 0x17b8f50 for type CUDA_MEM_DEVICE
Calling ibv_reg_dmabuf_mr(offset=0, size=16777216, addr=0x7f884a800000, fd=58) for QP #0
---------------------------------------------------------------------------------------
                    RDMA_Read Latency Test
 Dual-port       : OFF		Device         : mlx5_5
 Number of qps   : 1		Transport type : IB
 Connection type : RC		Using SRQ      : OFF
 PCIe relax order: ON		Lock-free      : OFF
 ibv_wr* API     : ON		Using DDP      : OFF
 TX depth        : 1
 Mtu             : 4096[B]
 Link type       : Ethernet
 GID index       : 3
 Outstand reads  : 16
 rdma_cm QPs	 : ON
 Data ex. method : rdma_cm 	TOS    : 41
---------------------------------------------------------------------------------------
 local address: LID 0000 QPN 0x0173 PSN 0x666a4e
 GID: 00:00:00:00:00:00:00:00:00:00:255:255:192:168:102:96
 remote address: LID 0000 QPN 0x0177 PSN 0x43f1a
 GID: 00:00:00:00:00:00:00:00:00:00:255:255:192:168:102:91
---------------------------------------------------------------------------------------
 #bytes #iterations    t_min[usec]    t_max[usec]  t_typical[usec]    t_avg[usec]    t_stdev[usec]   99% percentile[usec]   99.9% percentile[usec] 
 2       1000          6.03           17.96        6.13     	       6.20        	0.25   		6.57    		17.96  
 4       1000          6.05           13.50        6.12     	       6.18        	0.31   		6.54    		13.50  
 8       1000          6.05           15.60        6.13     	       6.18        	0.48   		6.31    		15.60  
 16      1000          6.04           17.40        6.13     	       6.18        	0.47   		6.30    		17.40  
 32      1000          6.06           14.90        6.13     	       6.21        	0.33   		6.58    		14.90  
 64      1000          6.06           14.46        6.15     	       6.19        	0.34   		6.30    		14.46  
 128     1000          6.12           15.86        6.24     	       6.30        	0.23   		6.61    		15.86  
 256     1000          6.22           14.46        6.30     	       6.35        	0.38   		6.49    		14.46  
 512     1000          6.30           13.28        6.38     	       6.42        	0.31   		6.73    		13.28  
 1024    1000          6.46           14.38        6.54     	       6.57        	0.32   		6.75    		14.38  
 2048    1000          6.76           13.25        6.86     	       6.93        	0.21   		7.23    		13.25  
 4096    1000          7.49           16.89        7.68     	       7.75        	0.49   		8.22    		16.89  
 8192    1000          8.45           22.53        8.54     	       8.58        	0.38   		9.02    		22.53  
 16384   1000          11.01          20.01        11.10    	       11.16       	0.44   		11.47   		20.01  
 32768   1000          13.77          16.41        13.87    	       13.89       	0.07   		14.33   		16.41  
 65536   1000          15.79          108.50       18.84    	       18.23       	1.40   		23.14   		108.50 
 131072  1000          19.36          303.26       19.52    	       22.25       	4.14   		32.49   		303.26 
 262144  1000          32.99          349.63       33.25    	       37.08       	8.36   		64.43   		349.63 
 524288  1000          47.86          2233.19      53.29    	       59.76       	65.89  		147.80  		2233.19
 1048576 1000          91.55          414.50       92.99    	       94.99       	13.07  		189.94  		414.50 
 2097152 1000          166.84         1128.81      167.07   	       170.89      	25.72  		342.71  		1128.81
 4194304 1000          325.49         874.78       325.98   	       332.52      	43.41  		682.03  		874.78 
 8388608 1000          642.91         1689.81      644.50   	       652.25      	60.70  		693.30  		1689.81
---------------------------------------------------------------------------------------
deallocating GPU buffer 00007f884a800000
destroying current CUDA Ctx
