Disabling dynamic polling
initializing CUDA
Listing all CUDA devices in system:
CUDA device 0: PCIe address is 06:00
CUDA device 1: PCIe address is 26:00
CUDA device 2: PCIe address is A6:00
CUDA device 3: PCIe address is C6:00

Picking device No. 3
[pid = 8952, dev = 3] device name = [NVIDIA H100 80GB HBM3]
creating CUDA Ctx
making it the current CUDA Ctx
CUDA device integrated: 0
using DMA-BUF for GPU buffer address at 0x7fa430000000 aligned at 0x7fa430000000 with aligned size 134217728
allocated GPU buffer of a 134217728 address at 0x5ae640 for type CUDA_MEM_DEVICE
Calling ibv_reg_dmabuf_mr(offset=0, size=134217728, addr=0x7fa430000000, fd=58) for QP #0
---------------------------------------------------------------------------------------
                    RDMA_Read BW Test
 Dual-port       : OFF		Device         : mlx5_3
 Number of qps   : 8		Transport type : IB
 Connection type : RC		Using SRQ      : OFF
 PCIe relax order: ON		Lock-free      : OFF
 ibv_wr* API     : ON		Using DDP      : OFF
 TX depth        : 128
 CQ Moderation   : 100
 CQE Poll Batch  : 16
 Mtu             : 4096[B]
 Link type       : Ethernet
 GID index       : 3
 Outstand reads  : 16
 rdma_cm QPs	 : ON
 Data ex. method : rdma_cm 	TOS    : 41
---------------------------------------------------------------------------------------
 local address: LID 0000 QPN 0x01c7 PSN 0x8c7daa
 GID: 00:00:00:00:00:00:00:00:00:00:255:255:192:168:100:96
 local address: LID 0000 QPN 0x01c8 PSN 0x37a74c
 GID: 00:00:00:00:00:00:00:00:00:00:255:255:192:168:100:96
 local address: LID 0000 QPN 0x01c9 PSN 0x8204a6
 GID: 00:00:00:00:00:00:00:00:00:00:255:255:192:168:100:96
 local address: LID 0000 QPN 0x01ca PSN 0xb7bdfd
 GID: 00:00:00:00:00:00:00:00:00:00:255:255:192:168:100:96
 local address: LID 0000 QPN 0x01cb PSN 0x9ae8cc
 GID: 00:00:00:00:00:00:00:00:00:00:255:255:192:168:100:96
 local address: LID 0000 QPN 0x01cc PSN 0xc4bc3e
 GID: 00:00:00:00:00:00:00:00:00:00:255:255:192:168:100:96
 local address: LID 0000 QPN 0x01cd PSN 0xf59bc5
 GID: 00:00:00:00:00:00:00:00:00:00:255:255:192:168:100:96
 local address: LID 0000 QPN 0x01ce PSN 0xe78cda
 GID: 00:00:00:00:00:00:00:00:00:00:255:255:192:168:100:96
 remote address: LID 0000 QPN 0x01b0 PSN 0xb6a858
 GID: 00:00:00:00:00:00:00:00:00:00:255:255:192:168:100:91
 remote address: LID 0000 QPN 0x01b1 PSN 0xec2762
 GID: 00:00:00:00:00:00:00:00:00:00:255:255:192:168:100:91
 remote address: LID 0000 QPN 0x01b2 PSN 0xb85204
 GID: 00:00:00:00:00:00:00:00:00:00:255:255:192:168:100:91
 remote address: LID 0000 QPN 0x01b3 PSN 0x12303
 GID: 00:00:00:00:00:00:00:00:00:00:255:255:192:168:100:91
 remote address: LID 0000 QPN 0x01b4 PSN 0x26505a
 GID: 00:00:00:00:00:00:00:00:00:00:255:255:192:168:100:91
 remote address: LID 0000 QPN 0x01b5 PSN 0x1167b4
 GID: 00:00:00:00:00:00:00:00:00:00:255:255:192:168:100:91
 remote address: LID 0000 QPN 0x01b6 PSN 0x6ea103
 GID: 00:00:00:00:00:00:00:00:00:00:255:255:192:168:100:91
 remote address: LID 0000 QPN 0x01b7 PSN 0x4c7c40
 GID: 00:00:00:00:00:00:00:00:00:00:255:255:192:168:100:91
---------------------------------------------------------------------------------------
 #bytes     #iterations    BW peak[Gb/sec]    BW average[Gb/sec]   MsgRate[Mpps]
 2          8000           0.031690            0.030969            1.935532
 4          8000           0.064228            0.063465            1.983291
 8          8000             0.13               0.13   		     1.976187
 16         8000             0.25               0.25   		     1.974499
 32         8000             0.51               0.51   		     1.986585
 64         8000             1.03               1.00   		     1.961318
 128        8000             2.04               2.03   		     1.981169
 256        8000             4.57               4.55   		     2.224014
 512        8000             8.17               8.09   		     1.974504
 1024       8000             16.23              16.03  		     1.956607
 2048       8000             35.08              30.26  		     1.847144
 4096       8000             51.66              31.08  		     0.948367
 8192       8000             68.08              57.64  		     0.879465
 16384      8000             96.79              76.87  		     0.586475
 32768      8000             102.99             90.73  		     0.346102
 65536      8000             105.50             98.65  		     0.188156
 131072     8000             107.27             106.66 		     0.101715
 262144     8000             108.54             108.54 		     0.051757
 524288     8000             108.62             108.61 		     0.025896
 1048576    8000             109.35             109.35 		     0.013035
 2097152    8000             110.87             110.87 		     0.006609
 4194304    8000             110.70             110.70 		     0.003299
 8388608    8000             110.74             110.74 		     0.001650
---------------------------------------------------------------------------------------
deallocating GPU buffer 00007fa430000000
destroying current CUDA Ctx
