Disabling dynamic polling

************************************
* Waiting for client to connect... *
************************************
initializing CUDA
Listing all CUDA devices in system:
CUDA device 0: PCIe address is 06:00
CUDA device 1: PCIe address is 26:00
CUDA device 2: PCIe address is A6:00
CUDA device 3: PCIe address is C6:00

Picking device No. 0
[pid = 9281, dev = 0] device name = [NVIDIA H100 80GB HBM3]
creating CUDA Ctx
making it the current CUDA Ctx
CUDA device integrated: 0
using DMA-BUF for GPU buffer address at 0x7f9db2000000 aligned at 0x7f9db2000000 with aligned size 134217728
allocated GPU buffer of a 134217728 address at 0x159dc30 for type CUDA_MEM_DEVICE
Calling ibv_reg_dmabuf_mr(offset=0, size=134217728, addr=0x7f9db2000000, fd=58) for QP #0
---------------------------------------------------------------------------------------
                    RDMA_Read BW Test
 Dual-port       : OFF		Device         : mlx5_5
 Number of qps   : 8		Transport type : IB
 Connection type : RC		Using SRQ      : OFF
 PCIe relax order: ON		Lock-free      : OFF
 ibv_wr* API     : ON		Using DDP      : OFF
 CQ Moderation   : 100
 CQE Poll Batch  : 16
 Mtu             : 4096[B]
 Link type       : Ethernet
 GID index       : 3
 Outstand reads  : 16
 rdma_cm QPs	 : ON
 Data ex. method : rdma_cm 	TOS    : 41
---------------------------------------------------------------------------------------
 Waiting for client rdma_cm QP to connect
 Please run the same command with the IB/RoCE interface IP
---------------------------------------------------------------------------------------
 local address: LID 0000 QPN 0x0181 PSN 0x1d2621
 GID: 00:00:00:00:00:00:00:00:00:00:255:255:192:168:102:96
 local address: LID 0000 QPN 0x0182 PSN 0x54bf2e
 GID: 00:00:00:00:00:00:00:00:00:00:255:255:192:168:102:96
 local address: LID 0000 QPN 0x0183 PSN 0x3bc8aa
 GID: 00:00:00:00:00:00:00:00:00:00:255:255:192:168:102:96
 local address: LID 0000 QPN 0x0184 PSN 0x25587a
 GID: 00:00:00:00:00:00:00:00:00:00:255:255:192:168:102:96
 local address: LID 0000 QPN 0x0185 PSN 0xc4713c
 GID: 00:00:00:00:00:00:00:00:00:00:255:255:192:168:102:96
 local address: LID 0000 QPN 0x0186 PSN 0xd200b8
 GID: 00:00:00:00:00:00:00:00:00:00:255:255:192:168:102:96
 local address: LID 0000 QPN 0x0187 PSN 0x22ec81
 GID: 00:00:00:00:00:00:00:00:00:00:255:255:192:168:102:96
 local address: LID 0000 QPN 0x0188 PSN 0x9561b0
 GID: 00:00:00:00:00:00:00:00:00:00:255:255:192:168:102:96
 remote address: LID 0000 QPN 0x0185 PSN 0x7d25f6
 GID: 00:00:00:00:00:00:00:00:00:00:255:255:192:168:102:91
 remote address: LID 0000 QPN 0x0186 PSN 0x6a0adf
 GID: 00:00:00:00:00:00:00:00:00:00:255:255:192:168:102:91
 remote address: LID 0000 QPN 0x0187 PSN 0x7a0907
 GID: 00:00:00:00:00:00:00:00:00:00:255:255:192:168:102:91
 remote address: LID 0000 QPN 0x0188 PSN 0x364e13
 GID: 00:00:00:00:00:00:00:00:00:00:255:255:192:168:102:91
 remote address: LID 0000 QPN 0x0189 PSN 0xb07961
 GID: 00:00:00:00:00:00:00:00:00:00:255:255:192:168:102:91
 remote address: LID 0000 QPN 0x018a PSN 0xbeb679
 GID: 00:00:00:00:00:00:00:00:00:00:255:255:192:168:102:91
 remote address: LID 0000 QPN 0x018b PSN 0x23b5ae
 GID: 00:00:00:00:00:00:00:00:00:00:255:255:192:168:102:91
 remote address: LID 0000 QPN 0x018c PSN 0x2577d9
 GID: 00:00:00:00:00:00:00:00:00:00:255:255:192:168:102:91
---------------------------------------------------------------------------------------
 #bytes     #iterations    BW peak[Gb/sec]    BW average[Gb/sec]   MsgRate[Mpps]
 8388608    8000             104.95             104.91 		     0.001563
---------------------------------------------------------------------------------------
deallocating GPU buffer 00007f9db2000000
destroying current CUDA Ctx
