Disabling dynamic polling
initializing CUDA
Listing all CUDA devices in system:
CUDA device 0: PCIe address is 06:00
CUDA device 1: PCIe address is 26:00
CUDA device 2: PCIe address is A6:00
CUDA device 3: PCIe address is C6:00

Picking device No. 3
[pid = 9109, dev = 3] device name = [NVIDIA H100 80GB HBM3]
creating CUDA Ctx
making it the current CUDA Ctx
CUDA device integrated: 0
using DMA-BUF for GPU buffer address at 0x7fa2b8800000 aligned at 0x7fa2b8800000 with aligned size 16777216
allocated GPU buffer of a 16777216 address at 0x170af50 for type CUDA_MEM_DEVICE
Calling ibv_reg_dmabuf_mr(offset=0, size=16777216, addr=0x7fa2b8800000, fd=58) for QP #0
---------------------------------------------------------------------------------------
                    RDMA_Read Latency Test
 Dual-port       : OFF		Device         : mlx5_5
 Number of qps   : 1		Transport type : IB
 Connection type : RC		Using SRQ      : OFF
 PCIe relax order: ON		Lock-free      : OFF
 ibv_wr* API     : ON		Using DDP      : OFF
 TX depth        : 1
 Mtu             : 4096[B]
 Link type       : Ethernet
 GID index       : 3
 Outstand reads  : 16
 rdma_cm QPs	 : ON
 Data ex. method : rdma_cm 	TOS    : 41
---------------------------------------------------------------------------------------
 local address: LID 0000 QPN 0x0177 PSN 0xbcf3d2
 GID: 00:00:00:00:00:00:00:00:00:00:255:255:192:168:102:96
 remote address: LID 0000 QPN 0x017b PSN 0xb3d6c2
 GID: 00:00:00:00:00:00:00:00:00:00:255:255:192:168:102:91
---------------------------------------------------------------------------------------
 #bytes #iterations    t_min[usec]    t_max[usec]  t_typical[usec]    t_avg[usec]    t_stdev[usec]   99% percentile[usec]   99.9% percentile[usec] 
 2       1000          5.67           19.15        5.76     	       5.79        	0.35   		6.15    		19.15  
 4       1000          5.67           14.75        5.76     	       5.79        	0.41   		5.92    		14.75  
 8       1000          5.68           15.65        5.76     	       5.80        	0.45   		5.94    		15.65  
 16      1000          5.67           12.95        5.76     	       5.77        	0.17   		5.92    		12.95  
 32      1000          5.68           15.87        5.76     	       5.80        	0.32   		5.95    		15.87  
 64      1000          5.70           12.13        5.79     	       5.84        	0.22   		5.94    		12.13  
 128     1000          5.73           15.93        5.82     	       5.86        	0.42   		5.98    		15.93  
 256     1000          5.79           27.11        5.86     	       5.90        	0.41   		6.18    		27.11  
 512     1000          5.80           18.60        5.89     	       5.93        	0.51   		6.05    		18.60  
 1024    1000          5.88           15.61        5.96     	       5.98        	0.29   		6.15    		15.61  
 2048    1000          6.00           21.48        6.08     	       6.15        	0.71   		6.28    		21.48  
 4096    1000          6.29           21.06        6.37     	       6.39        	0.22   		6.59    		21.06  
 8192    1000          6.55           11.06        6.64     	       6.66        	0.21   		6.82    		11.06  
 16384   1000          8.26           16.37        8.36     	       8.39        	0.27   		9.19    		16.37  
 32768   1000          8.99           21.22        9.09     	       9.15        	0.58   		10.86   		21.22  
 65536   1000          10.30          19.97        10.38    	       10.42       	0.37   		10.60   		19.97  
 131072  1000          13.79          20.68        14.02    	       14.07       	0.39   		16.84   		20.68  
 262144  1000          20.06          23.20        20.44    	       20.43       	0.03   		20.57   		23.20  
 524288  1000          32.40          45.11        32.99    	       33.17       	0.91   		39.44   		45.11  
 1048576 1000          53.53          58.80        54.05    	       54.06       	0.07   		54.36   		58.80  
 2097152 1000          95.85          106.96       96.42    	       96.39       	0.24   		96.93   		106.96 
 4194304 1000          180.45         210.16       180.84   	       180.95      	0.78   		181.79  		210.16 
 8388608 1000          350.27         391.17       350.88   	       350.91      	1.11   		351.41  		391.17 
---------------------------------------------------------------------------------------
deallocating GPU buffer 00007fa2b8800000
destroying current CUDA Ctx
