Disabling dynamic polling
initializing CUDA
Listing all CUDA devices in system:
CUDA device 0: PCIe address is 06:00
CUDA device 1: PCIe address is 26:00
CUDA device 2: PCIe address is A6:00
CUDA device 3: PCIe address is C6:00

Picking device No. 0
[pid = 8957, dev = 0] device name = [NVIDIA H100 80GB HBM3]
creating CUDA Ctx
making it the current CUDA Ctx
CUDA device integrated: 0
using DMA-BUF for GPU buffer address at 0x7f1f48000000 aligned at 0x7f1f48000000 with aligned size 134217728
allocated GPU buffer of a 134217728 address at 0x833640 for type CUDA_MEM_DEVICE
Calling ibv_reg_dmabuf_mr(offset=0, size=134217728, addr=0x7f1f48000000, fd=58) for QP #0
---------------------------------------------------------------------------------------
                    RDMA_Read BW Test
 Dual-port       : OFF		Device         : mlx5_4
 Number of qps   : 8		Transport type : IB
 Connection type : RC		Using SRQ      : OFF
 PCIe relax order: ON		Lock-free      : OFF
 ibv_wr* API     : ON		Using DDP      : OFF
 TX depth        : 128
 CQ Moderation   : 100
 CQE Poll Batch  : 16
 Mtu             : 4096[B]
 Link type       : Ethernet
 GID index       : 3
 Outstand reads  : 16
 rdma_cm QPs	 : ON
 Data ex. method : rdma_cm 	TOS    : 41
---------------------------------------------------------------------------------------
 local address: LID 0000 QPN 0x014d PSN 0xaa66f6
 GID: 00:00:00:00:00:00:00:00:00:00:255:255:192:168:103:96
 local address: LID 0000 QPN 0x014e PSN 0x14b7df
 GID: 00:00:00:00:00:00:00:00:00:00:255:255:192:168:103:96
 local address: LID 0000 QPN 0x014f PSN 0x93b207
 GID: 00:00:00:00:00:00:00:00:00:00:255:255:192:168:103:96
 local address: LID 0000 QPN 0x0150 PSN 0xf94313
 GID: 00:00:00:00:00:00:00:00:00:00:255:255:192:168:103:96
 local address: LID 0000 QPN 0x0151 PSN 0xd0ca61
 GID: 00:00:00:00:00:00:00:00:00:00:255:255:192:168:103:96
 local address: LID 0000 QPN 0x0152 PSN 0x473379
 GID: 00:00:00:00:00:00:00:00:00:00:255:255:192:168:103:96
 local address: LID 0000 QPN 0x0153 PSN 0x8eeeae
 GID: 00:00:00:00:00:00:00:00:00:00:255:255:192:168:103:96
 local address: LID 0000 QPN 0x0154 PSN 0x2bcd9
 GID: 00:00:00:00:00:00:00:00:00:00:255:255:192:168:103:96
 remote address: LID 0000 QPN 0x014d PSN 0x4431ea
 GID: 00:00:00:00:00:00:00:00:00:00:255:255:192:168:103:91
 remote address: LID 0000 QPN 0x014e PSN 0x60e68c
 GID: 00:00:00:00:00:00:00:00:00:00:255:255:192:168:103:91
 remote address: LID 0000 QPN 0x014f PSN 0xe572e6
 GID: 00:00:00:00:00:00:00:00:00:00:255:255:192:168:103:91
 remote address: LID 0000 QPN 0x0150 PSN 0x1b2f3d
 GID: 00:00:00:00:00:00:00:00:00:00:255:255:192:168:103:91
 remote address: LID 0000 QPN 0x0151 PSN 0xb1a10c
 GID: 00:00:00:00:00:00:00:00:00:00:255:255:192:168:103:91
 remote address: LID 0000 QPN 0x0152 PSN 0xfaaf7e
 GID: 00:00:00:00:00:00:00:00:00:00:255:255:192:168:103:91
 remote address: LID 0000 QPN 0x0153 PSN 0x79ae05
 GID: 00:00:00:00:00:00:00:00:00:00:255:255:192:168:103:91
 remote address: LID 0000 QPN 0x0154 PSN 0x88d21a
 GID: 00:00:00:00:00:00:00:00:00:00:255:255:192:168:103:91
---------------------------------------------------------------------------------------
 #bytes     #iterations    BW peak[Gb/sec]    BW average[Gb/sec]   MsgRate[Mpps]
 2          8000           0.056075            0.055956            3.497222
 4          8000             0.11               0.11   		     3.546995
 8          8000             0.23               0.23   		     3.534146
 16         8000             0.45               0.45   		     3.528980
 32         8000             0.92               0.91   		     3.567272
 64         8000             1.81               1.78   		     3.477505
 128        8000             3.64               3.62   		     3.539040
 256        8000             7.36               7.29   		     3.557168
 512        8000             14.56              14.44  		     3.526451
 1024       8000             29.30              29.02  		     3.542849
 2048       8000             53.97              53.93  		     3.291721
 4096       8000             50.67              31.54  		     0.962429
 8192       8000             69.45              56.69  		     0.865013
 16384      8000             96.09              71.31  		     0.544086
 32768      8000             104.25             89.93  		     0.343073
 65536      8000             106.70             96.97  		     0.184961
 131072     8000             107.63             104.50 		     0.099659
 262144     8000             107.44             107.44 		     0.051232
 524288     8000             109.16             109.16 		     0.026025
 1048576    8000             110.24             110.24 		     0.013141
 2097152    8000             109.97             109.97 		     0.006555
 4194304    8000             110.80             110.79 		     0.003302
 8388608    8000             110.78             110.78 		     0.001651
---------------------------------------------------------------------------------------
deallocating GPU buffer 00007f1f48000000
destroying current CUDA Ctx
