Disabling dynamic polling
initializing CUDA
Listing all CUDA devices in system:
CUDA device 0: PCIe address is 06:00
CUDA device 1: PCIe address is 26:00
CUDA device 2: PCIe address is A6:00
CUDA device 3: PCIe address is C6:00

Picking device No. 1
[pid = 8921, dev = 1] device name = [NVIDIA H100 80GB HBM3]
creating CUDA Ctx
making it the current CUDA Ctx
CUDA device integrated: 0
using DMA-BUF for GPU buffer address at 0x7fb868000000 aligned at 0x7fb868000000 with aligned size 134217728
allocated GPU buffer of a 134217728 address at 0x18de640 for type CUDA_MEM_DEVICE
Calling ibv_reg_dmabuf_mr(offset=0, size=134217728, addr=0x7fb868000000, fd=58) for QP #0
---------------------------------------------------------------------------------------
                    RDMA_Read BW Test
 Dual-port       : OFF		Device         : mlx5_2
 Number of qps   : 8		Transport type : IB
 Connection type : RC		Using SRQ      : OFF
 PCIe relax order: ON		Lock-free      : OFF
 ibv_wr* API     : ON		Using DDP      : OFF
 TX depth        : 128
 CQ Moderation   : 100
 CQE Poll Batch  : 16
 Mtu             : 4096[B]
 Link type       : Ethernet
 GID index       : 3
 Outstand reads  : 16
 rdma_cm QPs	 : ON
 Data ex. method : rdma_cm 	TOS    : 41
---------------------------------------------------------------------------------------
 local address: LID 0000 QPN 0x01ea PSN 0x8ca637
 GID: 00:00:00:00:00:00:00:00:00:00:255:255:192:168:101:96
 local address: LID 0000 QPN 0x01eb PSN 0xb39955
 GID: 00:00:00:00:00:00:00:00:00:00:255:255:192:168:101:96
 local address: LID 0000 QPN 0x01ec PSN 0x8287b
 GID: 00:00:00:00:00:00:00:00:00:00:255:255:192:168:101:96
 local address: LID 0000 QPN 0x01ed PSN 0x625dae
 GID: 00:00:00:00:00:00:00:00:00:00:255:255:192:168:101:96
 local address: LID 0000 QPN 0x01ee PSN 0xe5ed29
 GID: 00:00:00:00:00:00:00:00:00:00:255:255:192:168:101:96
 local address: LID 0000 QPN 0x01ef PSN 0x5d25d7
 GID: 00:00:00:00:00:00:00:00:00:00:255:255:192:168:101:96
 local address: LID 0000 QPN 0x01f0 PSN 0xc607ea
 GID: 00:00:00:00:00:00:00:00:00:00:255:255:192:168:101:96
 local address: LID 0000 QPN 0x01f1 PSN 0xead69b
 GID: 00:00:00:00:00:00:00:00:00:00:255:255:192:168:101:96
 remote address: LID 0000 QPN 0x01de PSN 0x6aaf2a
 GID: 00:00:00:00:00:00:00:00:00:00:255:255:192:168:101:91
 remote address: LID 0000 QPN 0x01df PSN 0x4bbacc
 GID: 00:00:00:00:00:00:00:00:00:00:255:255:192:168:101:91
 remote address: LID 0000 QPN 0x01e0 PSN 0x935226
 GID: 00:00:00:00:00:00:00:00:00:00:255:255:192:168:101:91
 remote address: LID 0000 QPN 0x01e1 PSN 0xb6bd7d
 GID: 00:00:00:00:00:00:00:00:00:00:255:255:192:168:101:91
 remote address: LID 0000 QPN 0x01e2 PSN 0xbab24c
 GID: 00:00:00:00:00:00:00:00:00:00:255:255:192:168:101:91
 remote address: LID 0000 QPN 0x01e3 PSN 0x5687be
 GID: 00:00:00:00:00:00:00:00:00:00:255:255:192:168:101:91
 remote address: LID 0000 QPN 0x01e4 PSN 0xde4145
 GID: 00:00:00:00:00:00:00:00:00:00:255:255:192:168:101:91
 remote address: LID 0000 QPN 0x01e5 PSN 0xa7045a
 GID: 00:00:00:00:00:00:00:00:00:00:255:255:192:168:101:91
---------------------------------------------------------------------------------------
 #bytes     #iterations    BW peak[Gb/sec]    BW average[Gb/sec]   MsgRate[Mpps]
 2          8000           0.034026            0.033744            2.108976
 4          8000           0.068637            0.068171            2.130345
 8          8000             0.14               0.14   		     2.115921
 16         8000             0.28               0.28   		     2.151984
 32         8000             0.55               0.55   		     2.150873
 64         8000             1.12               1.11   		     2.164520
 128        8000             2.22               2.20   		     2.144766
 256        8000             4.45               4.39   		     2.141299
 512        8000             8.86               8.76   		     2.137717
 1024       8000             17.83              17.60  		     2.148949
 2048       8000             35.62              35.43  		     2.162595
 4096       8000             73.22              72.28  		     2.205820
 8192       8000             146.29             145.31 		     2.217301
 16384      8000             201.03             200.97 		     1.533316
 32768      8000             202.69             202.62 		     0.772947
 65536      8000             203.00             202.98 		     0.387156
 131072     8000             202.97             202.96 		     0.193561
 262144     8000             203.09             203.09 		     0.096840
 524288     8000             203.13             203.13 		     0.048430
 1048576    8000             203.17             203.17 		     0.024220
 2097152    8000             203.19             203.19 		     0.012111
 4194304    8000             199.69             199.69 		     0.005951
 8388608    8000             169.81             169.81 		     0.002530
---------------------------------------------------------------------------------------
deallocating GPU buffer 00007fb868000000
destroying current CUDA Ctx
