Disabling dynamic polling
initializing CUDA
Listing all CUDA devices in system:
CUDA device 0: PCIe address is 06:00
CUDA device 1: PCIe address is 26:00
CUDA device 2: PCIe address is A6:00
CUDA device 3: PCIe address is C6:00

Picking device No. 3
[pid = 9054, dev = 3] device name = [NVIDIA H100 80GB HBM3]
creating CUDA Ctx
making it the current CUDA Ctx
CUDA device integrated: 0
using DMA-BUF for GPU buffer address at 0x7fb2e0800000 aligned at 0x7fb2e0800000 with aligned size 16777216
allocated GPU buffer of a 16777216 address at 0x11c6f50 for type CUDA_MEM_DEVICE
Calling ibv_reg_dmabuf_mr(offset=0, size=16777216, addr=0x7fb2e0800000, fd=58) for QP #0
---------------------------------------------------------------------------------------
                    RDMA_Read Latency Test
 Dual-port       : OFF		Device         : mlx5_3
 Number of qps   : 1		Transport type : IB
 Connection type : RC		Using SRQ      : OFF
 PCIe relax order: ON		Lock-free      : OFF
 ibv_wr* API     : ON		Using DDP      : OFF
 TX depth        : 1
 Mtu             : 4096[B]
 Link type       : Ethernet
 GID index       : 3
 Outstand reads  : 16
 rdma_cm QPs	 : ON
 Data ex. method : rdma_cm 	TOS    : 41
---------------------------------------------------------------------------------------
 local address: LID 0000 QPN 0x01d6 PSN 0x45a36d
 GID: 00:00:00:00:00:00:00:00:00:00:255:255:192:168:100:96
 remote address: LID 0000 QPN 0x01bf PSN 0x2dc890
 GID: 00:00:00:00:00:00:00:00:00:00:255:255:192:168:100:91
---------------------------------------------------------------------------------------
 #bytes #iterations    t_min[usec]    t_max[usec]  t_typical[usec]    t_avg[usec]    t_stdev[usec]   99% percentile[usec]   99.9% percentile[usec] 
 2       1000          6.46           17.30        6.52     	       6.57        	0.56   		6.95    		17.30  
 4       1000          6.47           18.21        6.53     	       6.55        	0.20   		6.70    		18.21  
 8       1000          6.54           14.15        6.59     	       6.62        	0.27   		6.78    		14.15  
 16      1000          6.53           16.06        6.59     	       6.62        	0.34   		6.79    		16.06  
 32      1000          6.53           17.85        6.59     	       6.65        	0.59   		6.77    		17.85  
 64      1000          6.55           14.91        6.62     	       6.65        	0.33   		6.82    		14.91  
 128     1000          6.61           15.90        6.67     	       6.71        	0.23   		7.35    		15.90  
 256     1000          6.71           17.70        6.81     	       6.84        	0.32   		6.99    		17.70  
 512     1000          6.72           18.04        6.83     	       6.87        	0.29   		7.10    		18.04  
 1024    1000          6.95           17.92        7.01     	       7.05        	0.38   		7.27    		17.92  
 2048    1000          7.27           19.62        7.33     	       7.35        	0.25   		7.54    		19.62  
 4096    1000          7.95           36.04        8.02     	       8.06        	0.45   		8.20    		36.04  
 8192    1000          8.91           17.82        8.97     	       9.02        	0.30   		9.46    		17.82  
 16384   1000          11.49          19.30        11.57    	       11.61       	0.21   		12.57   		19.30  
 32768   1000          14.11          22.58        14.24    	       14.28       	0.21   		14.70   		22.58  
 65536   1000          18.81          27.80        19.00    	       19.09       	0.38   		20.83   		27.80  
 131072  1000          19.54          306.01       19.81    	       22.97       	6.04   		33.23   		306.01 
 262144  1000          32.66          310.27       33.35    	       36.83       	7.92   		63.81   		310.27 
 524288  1000          46.21          2157.10      52.24    	       57.89       	70.31  		137.12  		2157.10
 1048576 1000          83.69          2460.33      89.72    	       93.76       	31.38  		181.69  		2460.33
 2097152 1000          158.71         1206.03      163.48   	       167.24      	27.49  		326.61  		1206.03
 4194304 1000          308.73         637.85       308.98   	       313.72      	28.25  		469.15  		637.85 
 8388608 1000          608.54         1228.33      613.12   	       620.98      	37.44  		880.26  		1228.33
---------------------------------------------------------------------------------------
deallocating GPU buffer 00007fb2e0800000
destroying current CUDA Ctx
