Disabling dynamic polling
initializing CUDA
Listing all CUDA devices in system:
CUDA device 0: PCIe address is 06:00
CUDA device 1: PCIe address is 26:00
CUDA device 2: PCIe address is A6:00
CUDA device 3: PCIe address is C6:00

Picking device No. 1
[pid = 8983, dev = 1] device name = [NVIDIA H100 80GB HBM3]
creating CUDA Ctx
making it the current CUDA Ctx
CUDA device integrated: 0
using DMA-BUF for GPU buffer address at 0x7f0854000000 aligned at 0x7f0854000000 with aligned size 134217728
allocated GPU buffer of a 134217728 address at 0xf04640 for type CUDA_MEM_DEVICE
Calling ibv_reg_dmabuf_mr(offset=0, size=134217728, addr=0x7f0854000000, fd=58) for QP #0
---------------------------------------------------------------------------------------
                    RDMA_Read BW Test
 Dual-port       : OFF		Device         : mlx5_5
 Number of qps   : 8		Transport type : IB
 Connection type : RC		Using SRQ      : OFF
 PCIe relax order: ON		Lock-free      : OFF
 ibv_wr* API     : ON		Using DDP      : OFF
 TX depth        : 128
 CQ Moderation   : 100
 CQE Poll Batch  : 16
 Mtu             : 4096[B]
 Link type       : Ethernet
 GID index       : 3
 Outstand reads  : 16
 rdma_cm QPs	 : ON
 Data ex. method : rdma_cm 	TOS    : 41
---------------------------------------------------------------------------------------
 local address: LID 0000 QPN 0x0156 PSN 0xc0c565
 GID: 00:00:00:00:00:00:00:00:00:00:255:255:192:168:102:96
 local address: LID 0000 QPN 0x0157 PSN 0xc6a722
 GID: 00:00:00:00:00:00:00:00:00:00:255:255:192:168:102:96
 local address: LID 0000 QPN 0x0158 PSN 0x10c38e
 GID: 00:00:00:00:00:00:00:00:00:00:255:255:192:168:102:96
 local address: LID 0000 QPN 0x0159 PSN 0x6d038e
 GID: 00:00:00:00:00:00:00:00:00:00:255:255:192:168:102:96
 local address: LID 0000 QPN 0x015a PSN 0x6c40c0
 GID: 00:00:00:00:00:00:00:00:00:00:255:255:192:168:102:96
 local address: LID 0000 QPN 0x015b PSN 0x65f3ec
 GID: 00:00:00:00:00:00:00:00:00:00:255:255:192:168:102:96
 local address: LID 0000 QPN 0x015c PSN 0x9231a5
 GID: 00:00:00:00:00:00:00:00:00:00:255:255:192:168:102:96
 local address: LID 0000 QPN 0x015d PSN 0x442a04
 GID: 00:00:00:00:00:00:00:00:00:00:255:255:192:168:102:96
 remote address: LID 0000 QPN 0x015a PSN 0x9b9d34
 GID: 00:00:00:00:00:00:00:00:00:00:255:255:192:168:102:91
 remote address: LID 0000 QPN 0x015b PSN 0x36110e
 GID: 00:00:00:00:00:00:00:00:00:00:255:255:192:168:102:91
 remote address: LID 0000 QPN 0x015c PSN 0xb15840
 GID: 00:00:00:00:00:00:00:00:00:00:255:255:192:168:102:91
 remote address: LID 0000 QPN 0x015d PSN 0xf2b28f
 GID: 00:00:00:00:00:00:00:00:00:00:255:255:192:168:102:91
 remote address: LID 0000 QPN 0x015e PSN 0x836f6
 GID: 00:00:00:00:00:00:00:00:00:00:255:255:192:168:102:91
 remote address: LID 0000 QPN 0x015f PSN 0x40c020
 GID: 00:00:00:00:00:00:00:00:00:00:255:255:192:168:102:91
 remote address: LID 0000 QPN 0x0160 PSN 0x984eff
 GID: 00:00:00:00:00:00:00:00:00:00:255:255:192:168:102:91
 remote address: LID 0000 QPN 0x0161 PSN 0xabf88c
 GID: 00:00:00:00:00:00:00:00:00:00:255:255:192:168:102:91
---------------------------------------------------------------------------------------
 #bytes     #iterations    BW peak[Gb/sec]    BW average[Gb/sec]   MsgRate[Mpps]
 2          8000           0.058626            0.058521            3.657555
 4          8000             0.12               0.12   		     3.715193
 8          8000             0.24               0.24   		     3.692796
 16         8000             0.48               0.48   		     3.713520
 32         8000             0.96               0.95   		     3.721103
 64         8000             1.90               1.87   		     3.644198
 128        8000             3.82               3.76   		     3.668009
 256        8000             7.58               7.54   		     3.683394
 512        8000             15.13              14.99  		     3.658873
 1024       8000             30.37              30.05  		     3.667639
 2048       8000             50.78              50.72  		     3.095772
 4096       8000             46.31              27.99  		     0.854248
 8192       8000             67.24              56.18  		     0.857294
 16384      8000             95.16              75.37  		     0.574996
 32768      8000             98.53              88.36  		     0.337084
 65536      8000             101.22             93.58  		     0.178495
 131072     8000             101.06             99.20  		     0.094609
 262144     8000             102.77             102.77 		     0.049004
 524288     8000             103.32             103.32 		     0.024634
 1048576    8000             104.73             104.73 		     0.012485
 2097152    8000             104.99             104.99 		     0.006258
 4194304    8000             105.02             105.02 		     0.003130
 8388608    8000             105.05             105.04 		     0.001565
---------------------------------------------------------------------------------------
deallocating GPU buffer 00007f0854000000
destroying current CUDA Ctx
