Disabling dynamic polling

************************************
* Waiting for client to connect... *
************************************
initializing CUDA
Listing all CUDA devices in system:
CUDA device 0: PCIe address is 06:00
CUDA device 1: PCIe address is 26:00
CUDA device 2: PCIe address is A6:00
CUDA device 3: PCIe address is C6:00

Picking device No. 0
[pid = 9235, dev = 0] device name = [NVIDIA H100 80GB HBM3]
creating CUDA Ctx
making it the current CUDA Ctx
CUDA device integrated: 0
using DMA-BUF for GPU buffer address at 0x7f169c000000 aligned at 0x7f169c000000 with aligned size 134217728
allocated GPU buffer of a 134217728 address at 0x665c30 for type CUDA_MEM_DEVICE
Calling ibv_reg_dmabuf_mr(offset=0, size=134217728, addr=0x7f169c000000, fd=58) for QP #0
---------------------------------------------------------------------------------------
                    RDMA_Read BW Test
 Dual-port       : OFF		Device         : mlx5_3
 Number of qps   : 8		Transport type : IB
 Connection type : RC		Using SRQ      : OFF
 PCIe relax order: ON		Lock-free      : OFF
 ibv_wr* API     : ON		Using DDP      : OFF
 CQ Moderation   : 100
 CQE Poll Batch  : 16
 Mtu             : 4096[B]
 Link type       : Ethernet
 GID index       : 3
 Outstand reads  : 16
 rdma_cm QPs	 : ON
 Data ex. method : rdma_cm 	TOS    : 41
---------------------------------------------------------------------------------------
 Waiting for client rdma_cm QP to connect
 Please run the same command with the IB/RoCE interface IP
---------------------------------------------------------------------------------------
 local address: LID 0000 QPN 0x01e0 PSN 0xef1d8c
 GID: 00:00:00:00:00:00:00:00:00:00:255:255:192:168:100:96
 local address: LID 0000 QPN 0x01e1 PSN 0xa939bd
 GID: 00:00:00:00:00:00:00:00:00:00:255:255:192:168:100:96
 local address: LID 0000 QPN 0x01e2 PSN 0x24718d
 GID: 00:00:00:00:00:00:00:00:00:00:255:255:192:168:100:96
 local address: LID 0000 QPN 0x01e3 PSN 0x353321
 GID: 00:00:00:00:00:00:00:00:00:00:255:255:192:168:100:96
 local address: LID 0000 QPN 0x01e4 PSN 0xea9457
 GID: 00:00:00:00:00:00:00:00:00:00:255:255:192:168:100:96
 local address: LID 0000 QPN 0x01e5 PSN 0x7d3537
 GID: 00:00:00:00:00:00:00:00:00:00:255:255:192:168:100:96
 local address: LID 0000 QPN 0x01e6 PSN 0x466094
 GID: 00:00:00:00:00:00:00:00:00:00:255:255:192:168:100:96
 local address: LID 0000 QPN 0x01e7 PSN 0x7adfc7
 GID: 00:00:00:00:00:00:00:00:00:00:255:255:192:168:100:96
 remote address: LID 0000 QPN 0x01c9 PSN 0x359606
 GID: 00:00:00:00:00:00:00:00:00:00:255:255:192:168:100:91
 remote address: LID 0000 QPN 0x01ca PSN 0x6021af
 GID: 00:00:00:00:00:00:00:00:00:00:255:255:192:168:100:91
 remote address: LID 0000 QPN 0x01cb PSN 0x809f97
 GID: 00:00:00:00:00:00:00:00:00:00:255:255:192:168:100:91
 remote address: LID 0000 QPN 0x01cc PSN 0x9c963
 GID: 00:00:00:00:00:00:00:00:00:00:255:255:192:168:100:91
 remote address: LID 0000 QPN 0x01cd PSN 0x45da71
 GID: 00:00:00:00:00:00:00:00:00:00:255:255:192:168:100:91
 remote address: LID 0000 QPN 0x01ce PSN 0x4d6a49
 GID: 00:00:00:00:00:00:00:00:00:00:255:255:192:168:100:91
 remote address: LID 0000 QPN 0x01cf PSN 0x33253e
 GID: 00:00:00:00:00:00:00:00:00:00:255:255:192:168:100:91
 remote address: LID 0000 QPN 0x01d0 PSN 0xb35829
 GID: 00:00:00:00:00:00:00:00:00:00:255:255:192:168:100:91
---------------------------------------------------------------------------------------
 #bytes     #iterations    BW peak[Gb/sec]    BW average[Gb/sec]   MsgRate[Mpps]
 8388608    8000             210.74             210.74 		     0.003140
---------------------------------------------------------------------------------------
deallocating GPU buffer 00007f169c000000
destroying current CUDA Ctx
