Disabling dynamic polling
initializing CUDA
Listing all CUDA devices in system:
CUDA device 0: PCIe address is 06:00
CUDA device 1: PCIe address is 26:00
CUDA device 2: PCIe address is A6:00
CUDA device 3: PCIe address is C6:00

Picking device No. 3
[pid = 8972, dev = 3] device name = [NVIDIA H100 80GB HBM3]
creating CUDA Ctx
making it the current CUDA Ctx
CUDA device integrated: 0
using DMA-BUF for GPU buffer address at 0x7ff964000000 aligned at 0x7ff964000000 with aligned size 134217728
allocated GPU buffer of a 134217728 address at 0xb52640 for type CUDA_MEM_DEVICE
Calling ibv_reg_dmabuf_mr(offset=0, size=134217728, addr=0x7ff964000000, fd=58) for QP #0
---------------------------------------------------------------------------------------
                    RDMA_Read BW Test
 Dual-port       : OFF		Device         : mlx5_4
 Number of qps   : 8		Transport type : IB
 Connection type : RC		Using SRQ      : OFF
 PCIe relax order: ON		Lock-free      : OFF
 ibv_wr* API     : ON		Using DDP      : OFF
 TX depth        : 128
 CQ Moderation   : 100
 CQE Poll Batch  : 16
 Mtu             : 4096[B]
 Link type       : Ethernet
 GID index       : 3
 Outstand reads  : 16
 rdma_cm QPs	 : ON
 Data ex. method : rdma_cm 	TOS    : 41
---------------------------------------------------------------------------------------
 local address: LID 0000 QPN 0x0168 PSN 0xeafc6e
 GID: 00:00:00:00:00:00:00:00:00:00:255:255:192:168:103:96
 local address: LID 0000 QPN 0x0169 PSN 0x7b8c0
 GID: 00:00:00:00:00:00:00:00:00:00:255:255:192:168:103:96
 local address: LID 0000 QPN 0x016a PSN 0xb7ab0a
 GID: 00:00:00:00:00:00:00:00:00:00:255:255:192:168:103:96
 local address: LID 0000 QPN 0x016b PSN 0x3d6e91
 GID: 00:00:00:00:00:00:00:00:00:00:255:255:192:168:103:96
 local address: LID 0000 QPN 0x016c PSN 0x9c0fd0
 GID: 00:00:00:00:00:00:00:00:00:00:255:255:192:168:103:96
 local address: LID 0000 QPN 0x016d PSN 0xfff0f2
 GID: 00:00:00:00:00:00:00:00:00:00:255:255:192:168:103:96
 local address: LID 0000 QPN 0x016e PSN 0x74c469
 GID: 00:00:00:00:00:00:00:00:00:00:255:255:192:168:103:96
 local address: LID 0000 QPN 0x016f PSN 0xbf32ae
 GID: 00:00:00:00:00:00:00:00:00:00:255:255:192:168:103:96
 remote address: LID 0000 QPN 0x0168 PSN 0x4b326e
 GID: 00:00:00:00:00:00:00:00:00:00:255:255:192:168:103:91
 remote address: LID 0000 QPN 0x0169 PSN 0x82b6c0
 GID: 00:00:00:00:00:00:00:00:00:00:255:255:192:168:103:91
 remote address: LID 0000 QPN 0x016a PSN 0x49d10a
 GID: 00:00:00:00:00:00:00:00:00:00:255:255:192:168:103:91
 remote address: LID 0000 QPN 0x016b PSN 0x9b9c91
 GID: 00:00:00:00:00:00:00:00:00:00:255:255:192:168:103:91
 remote address: LID 0000 QPN 0x016c PSN 0x9a5d0
 GID: 00:00:00:00:00:00:00:00:00:00:255:255:192:168:103:91
 remote address: LID 0000 QPN 0x016d PSN 0x6ccef2
 GID: 00:00:00:00:00:00:00:00:00:00:255:255:192:168:103:91
 remote address: LID 0000 QPN 0x016e PSN 0x434a69
 GID: 00:00:00:00:00:00:00:00:00:00:255:255:192:168:103:91
 remote address: LID 0000 QPN 0x016f PSN 0x1240ae
 GID: 00:00:00:00:00:00:00:00:00:00:255:255:192:168:103:91
---------------------------------------------------------------------------------------
 #bytes     #iterations    BW peak[Gb/sec]    BW average[Gb/sec]   MsgRate[Mpps]
 2          8000           0.059308            0.058829            3.676809
 4          8000             0.12               0.12   		     3.748390
 8          8000             0.24               0.24   		     3.745599
 16         8000             0.49               0.48   		     3.760512
 32         8000             0.97               0.96   		     3.740258
 64         8000             1.92               1.88   		     3.664564
 128        8000             3.84               3.82   		     3.733154
 256        8000             7.68               7.63   		     3.725580
 512        8000             15.51              15.37  		     3.751345
 1024       8000             30.82              30.72  		     3.749672
 2048       8000             61.44              61.16  		     3.732875
 4096       8000             124.33             122.89 		     3.750393
 8192       8000             197.66             197.64 		     3.015727
 16384      8000             201.44             201.42 		     1.536715
 32768      8000             202.13             202.08 		     0.770870
 65536      8000             202.31             202.27 		     0.385808
 131072     8000             202.33             202.32 		     0.192951
 262144     8000             202.41             202.41 		     0.096515
 524288     8000             202.48             202.48 		     0.048275
 1048576    8000             202.42             202.42 		     0.024130
 2097152    8000             202.45             202.45 		     0.012067
 4194304    8000             198.85             198.85 		     0.005926
 8388608    8000             168.59             168.58 		     0.002512
---------------------------------------------------------------------------------------
deallocating GPU buffer 00007ff964000000
destroying current CUDA Ctx
