Disabling dynamic polling
initializing CUDA
Listing all CUDA devices in system:
CUDA device 0: PCIe address is 06:00
CUDA device 1: PCIe address is 26:00
CUDA device 2: PCIe address is A6:00
CUDA device 3: PCIe address is C6:00

Picking device No. 2
[pid = 8946, dev = 2] device name = [NVIDIA H100 80GB HBM3]
creating CUDA Ctx
making it the current CUDA Ctx
CUDA device integrated: 0
using DMA-BUF for GPU buffer address at 0x7f0416000000 aligned at 0x7f0416000000 with aligned size 134217728
allocated GPU buffer of a 134217728 address at 0xcd2640 for type CUDA_MEM_DEVICE
Calling ibv_reg_dmabuf_mr(offset=0, size=134217728, addr=0x7f0416000000, fd=58) for QP #0
---------------------------------------------------------------------------------------
                    RDMA_Read BW Test
 Dual-port       : OFF		Device         : mlx5_3
 Number of qps   : 8		Transport type : IB
 Connection type : RC		Using SRQ      : OFF
 PCIe relax order: ON		Lock-free      : OFF
 ibv_wr* API     : ON		Using DDP      : OFF
 TX depth        : 128
 CQ Moderation   : 100
 CQE Poll Batch  : 16
 Mtu             : 4096[B]
 Link type       : Ethernet
 GID index       : 3
 Outstand reads  : 16
 rdma_cm QPs	 : ON
 Data ex. method : rdma_cm 	TOS    : 41
---------------------------------------------------------------------------------------
 local address: LID 0000 QPN 0x01be PSN 0x412503
 GID: 00:00:00:00:00:00:00:00:00:00:255:255:192:168:100:96
 local address: LID 0000 QPN 0x01bf PSN 0x88de31
 GID: 00:00:00:00:00:00:00:00:00:00:255:255:192:168:100:96
 local address: LID 0000 QPN 0x01c0 PSN 0x842227
 GID: 00:00:00:00:00:00:00:00:00:00:255:255:192:168:100:96
 local address: LID 0000 QPN 0x01c1 PSN 0xc33ea
 GID: 00:00:00:00:00:00:00:00:00:00:255:255:192:168:100:96
 local address: LID 0000 QPN 0x01c2 PSN 0x0cb5
 GID: 00:00:00:00:00:00:00:00:00:00:255:255:192:168:100:96
 local address: LID 0000 QPN 0x01c3 PSN 0xe45c73
 GID: 00:00:00:00:00:00:00:00:00:00:255:255:192:168:100:96
 local address: LID 0000 QPN 0x01c4 PSN 0x387056
 GID: 00:00:00:00:00:00:00:00:00:00:255:255:192:168:100:96
 local address: LID 0000 QPN 0x01c5 PSN 0x25497
 GID: 00:00:00:00:00:00:00:00:00:00:255:255:192:168:100:96
 remote address: LID 0000 QPN 0x01a7 PSN 0x6abc16
 GID: 00:00:00:00:00:00:00:00:00:00:255:255:192:168:100:91
 remote address: LID 0000 QPN 0x01a8 PSN 0x7d4348
 GID: 00:00:00:00:00:00:00:00:00:00:255:255:192:168:100:91
 remote address: LID 0000 QPN 0x01a9 PSN 0x99d6f2
 GID: 00:00:00:00:00:00:00:00:00:00:255:255:192:168:100:91
 remote address: LID 0000 QPN 0x01aa PSN 0xdc9059
 GID: 00:00:00:00:00:00:00:00:00:00:255:255:192:168:100:91
 remote address: LID 0000 QPN 0x01ab PSN 0x1721f8
 GID: 00:00:00:00:00:00:00:00:00:00:255:255:192:168:100:91
 remote address: LID 0000 QPN 0x01ac PSN 0x969bfa
 GID: 00:00:00:00:00:00:00:00:00:00:255:255:192:168:100:91
 remote address: LID 0000 QPN 0x01ad PSN 0xa4c6d1
 GID: 00:00:00:00:00:00:00:00:00:00:255:255:192:168:100:91
 remote address: LID 0000 QPN 0x01ae PSN 0x39a8f6
 GID: 00:00:00:00:00:00:00:00:00:00:255:255:192:168:100:91
---------------------------------------------------------------------------------------
 #bytes     #iterations    BW peak[Gb/sec]    BW average[Gb/sec]   MsgRate[Mpps]
 2          8000           0.032638            0.032002            2.000095
 4          8000           0.065099            0.064809            2.025270
 8          8000             0.13               0.13   		     2.031360
 16         8000             0.30               0.30   		     2.327660
 32         8000             0.52               0.52   		     2.025127
 64         8000             1.04               1.03   		     2.005902
 128        8000             2.10               2.08   		     2.033311
 256        8000             4.20               4.14   		     2.023140
 512        8000             8.39               8.26   		     2.016104
 1024       8000             16.64              16.49  		     2.013445
 2048       8000             31.59              28.69  		     1.750865
 4096       8000             50.43              24.74  		     0.754990
 8192       8000             62.93              55.87  		     0.852532
 16384      8000             89.37              72.81  		     0.555525
 32768      8000             103.77             92.83  		     0.354132
 65536      8000             105.89             101.84 		     0.194248
 131072     8000             107.00             103.65 		     0.098849
 262144     8000             106.93             104.25 		     0.049709
 524288     8000             109.71             109.70 		     0.026156
 1048576    8000             109.74             109.74 		     0.013082
 2097152    8000             110.81             110.81 		     0.006605
 4194304    8000             111.05             111.05 		     0.003310
 8388608    8000             110.90             110.90 		     0.001653
---------------------------------------------------------------------------------------
deallocating GPU buffer 00007f0416000000
destroying current CUDA Ctx
