Disabling dynamic polling
initializing CUDA
Listing all CUDA devices in system:
CUDA device 0: PCIe address is 06:00
CUDA device 1: PCIe address is 26:00
CUDA device 2: PCIe address is A6:00
CUDA device 3: PCIe address is C6:00

Picking device No. 2
[pid = 8967, dev = 2] device name = [NVIDIA H100 80GB HBM3]
creating CUDA Ctx
making it the current CUDA Ctx
CUDA device integrated: 0
using DMA-BUF for GPU buffer address at 0x7f2752000000 aligned at 0x7f2752000000 with aligned size 134217728
allocated GPU buffer of a 134217728 address at 0x1fa8640 for type CUDA_MEM_DEVICE
Calling ibv_reg_dmabuf_mr(offset=0, size=134217728, addr=0x7f2752000000, fd=58) for QP #0
---------------------------------------------------------------------------------------
                    RDMA_Read BW Test
 Dual-port       : OFF		Device         : mlx5_4
 Number of qps   : 8		Transport type : IB
 Connection type : RC		Using SRQ      : OFF
 PCIe relax order: ON		Lock-free      : OFF
 ibv_wr* API     : ON		Using DDP      : OFF
 TX depth        : 128
 CQ Moderation   : 100
 CQE Poll Batch  : 16
 Mtu             : 4096[B]
 Link type       : Ethernet
 GID index       : 3
 Outstand reads  : 16
 rdma_cm QPs	 : ON
 Data ex. method : rdma_cm 	TOS    : 41
---------------------------------------------------------------------------------------
 local address: LID 0000 QPN 0x015f PSN 0x9ead7e
 GID: 00:00:00:00:00:00:00:00:00:00:255:255:192:168:103:96
 local address: LID 0000 QPN 0x0160 PSN 0x5e7c90
 GID: 00:00:00:00:00:00:00:00:00:00:255:255:192:168:103:96
 local address: LID 0000 QPN 0x0161 PSN 0x55ea9a
 GID: 00:00:00:00:00:00:00:00:00:00:255:255:192:168:103:96
 local address: LID 0000 QPN 0x0162 PSN 0x79dee1
 GID: 00:00:00:00:00:00:00:00:00:00:255:255:192:168:103:96
 local address: LID 0000 QPN 0x0163 PSN 0xffc1e0
 GID: 00:00:00:00:00:00:00:00:00:00:255:255:192:168:103:96
 local address: LID 0000 QPN 0x0164 PSN 0x2d21c2
 GID: 00:00:00:00:00:00:00:00:00:00:255:255:192:168:103:96
 local address: LID 0000 QPN 0x0165 PSN 0x4d6cf9
 GID: 00:00:00:00:00:00:00:00:00:00:255:255:192:168:103:96
 local address: LID 0000 QPN 0x0166 PSN 0x3057fe
 GID: 00:00:00:00:00:00:00:00:00:00:255:255:192:168:103:96
 remote address: LID 0000 QPN 0x015f PSN 0x5ba76e
 GID: 00:00:00:00:00:00:00:00:00:00:255:255:192:168:103:91
 remote address: LID 0000 QPN 0x0160 PSN 0xa287c0
 GID: 00:00:00:00:00:00:00:00:00:00:255:255:192:168:103:91
 remote address: LID 0000 QPN 0x0161 PSN 0x9bce0a
 GID: 00:00:00:00:00:00:00:00:00:00:255:255:192:168:103:91
 remote address: LID 0000 QPN 0x0162 PSN 0xd25591
 GID: 00:00:00:00:00:00:00:00:00:00:255:255:192:168:103:91
 remote address: LID 0000 QPN 0x0163 PSN 0x8c6ad0
 GID: 00:00:00:00:00:00:00:00:00:00:255:255:192:168:103:91
 remote address: LID 0000 QPN 0x0164 PSN 0x18aff2
 GID: 00:00:00:00:00:00:00:00:00:00:255:255:192:168:103:91
 remote address: LID 0000 QPN 0x0165 PSN 0x981769
 GID: 00:00:00:00:00:00:00:00:00:00:255:255:192:168:103:91
 remote address: LID 0000 QPN 0x0166 PSN 0x5b89ae
 GID: 00:00:00:00:00:00:00:00:00:00:255:255:192:168:103:91
---------------------------------------------------------------------------------------
 #bytes     #iterations    BW peak[Gb/sec]    BW average[Gb/sec]   MsgRate[Mpps]
 2          8000           0.059211            0.059071            3.691927
 4          8000             0.12               0.12   		     3.705900
 8          8000             0.24               0.24   		     3.735926
 16         8000             0.49               0.48   		     3.762015
 32         8000             0.96               0.94   		     3.685175
 64         8000             1.92               1.88   		     3.667790
 128        8000             3.89               3.85   		     3.758109
 256        8000             7.74               7.72   		     3.767968
 512        8000             15.46              15.43  		     3.767330
 1024       8000             30.87              28.77  		     3.512099
 2048       8000             61.75              61.55  		     3.756468
 4096       8000             124.12             123.48 		     3.768234
 8192       8000             199.26             199.07 		     3.037621
 16384      8000             203.95             203.89 		     1.555555
 32768      8000             204.73             204.67 		     0.780751
 65536      8000             204.98             204.95 		     0.390913
 131072     8000             204.80             204.78 		     0.195294
 262144     8000             205.08             205.07 		     0.097786
 524288     8000             205.12             205.11 		     0.048902
 1048576    8000             205.14             205.14 		     0.024454
 2097152    8000             205.15             205.15 		     0.012228
 4194304    8000             200.81             200.81 		     0.005985
 8388608    8000             168.49             168.49 		     0.002511
---------------------------------------------------------------------------------------
deallocating GPU buffer 00007f2752000000
destroying current CUDA Ctx
