Disabling dynamic polling
initializing CUDA
Listing all CUDA devices in system:
CUDA device 0: PCIe address is 06:00
CUDA device 1: PCIe address is 26:00
CUDA device 2: PCIe address is A6:00
CUDA device 3: PCIe address is C6:00

Picking device No. 2
[pid = 9024, dev = 2] device name = [NVIDIA H100 80GB HBM3]
creating CUDA Ctx
making it the current CUDA Ctx
CUDA device integrated: 0
using DMA-BUF for GPU buffer address at 0x7efde0800000 aligned at 0x7efde0800000 with aligned size 16777216
allocated GPU buffer of a 16777216 address at 0x114cf50 for type CUDA_MEM_DEVICE
Calling ibv_reg_dmabuf_mr(offset=0, size=16777216, addr=0x7efde0800000, fd=58) for QP #0
---------------------------------------------------------------------------------------
                    RDMA_Read Latency Test
 Dual-port       : OFF		Device         : mlx5_2
 Number of qps   : 1		Transport type : IB
 Connection type : RC		Using SRQ      : OFF
 PCIe relax order: ON		Lock-free      : OFF
 ibv_wr* API     : ON		Using DDP      : OFF
 TX depth        : 1
 Mtu             : 4096[B]
 Link type       : Ethernet
 GID index       : 3
 Outstand reads  : 16
 rdma_cm QPs	 : ON
 Data ex. method : rdma_cm 	TOS    : 41
---------------------------------------------------------------------------------------
 local address: LID 0000 QPN 0x0209 PSN 0xcbaace
 GID: 00:00:00:00:00:00:00:00:00:00:255:255:192:168:101:96
 remote address: LID 0000 QPN 0x01fd PSN 0xc79469
 GID: 00:00:00:00:00:00:00:00:00:00:255:255:192:168:101:91
---------------------------------------------------------------------------------------
 #bytes #iterations    t_min[usec]    t_max[usec]  t_typical[usec]    t_avg[usec]    t_stdev[usec]   99% percentile[usec]   99.9% percentile[usec] 
 2       1000          6.50           15.68        6.54     	       6.58        	0.38   		6.91    		15.68  
 4       1000          6.49           12.88        6.54     	       6.57        	0.29   		6.73    		12.88  
 8       1000          6.50           15.59        6.54     	       6.58        	0.41   		6.79    		15.59  
 16      1000          6.47           12.92        6.53     	       6.57        	0.36   		6.77    		12.92  
 32      1000          6.49           15.51        6.54     	       6.58        	0.43   		6.73    		15.51  
 64      1000          6.52           16.75        6.57     	       6.60        	0.41   		6.81    		16.75  
 128     1000          6.57           12.04        6.61     	       6.63        	0.05   		6.81    		12.04  
 256     1000          6.69           14.84        6.82     	       6.82        	0.23   		6.85    		14.84  
 512     1000          6.75           16.64        6.81     	       6.84        	0.38   		6.91    		16.64  
 1024    1000          6.92           18.01        6.96     	       7.01        	0.47   		7.19    		18.01  
 2048    1000          7.23           14.08        7.27     	       7.31        	0.22   		7.49    		14.08  
 4096    1000          7.93           13.99        7.98     	       8.00        	0.14   		8.13    		13.99  
 8192    1000          8.91           12.80        8.98     	       9.00        	0.10   		9.25    		12.80  
 16384   1000          11.46          18.53        11.51    	       11.55       	0.34   		11.72   		18.53  
 32768   1000          14.21          20.81        14.31    	       14.35       	0.25   		14.76   		20.81  
 65536   1000          16.12          29.44        16.21    	       17.11       	1.33   		22.24   		29.44  
 131072  1000          19.70          311.88       19.91    	       22.62       	4.09   		33.20   		311.88 
 262144  1000          33.30          51.13        33.49    	       34.73       	3.77   		48.98   		51.13  
 524288  1000          48.23          2189.61      53.56    	       60.01       	69.39  		146.70  		2189.61
 1048576 1000          89.84          2497.39      93.74    	       97.76       	30.64  		197.59  		2497.39
 2097152 1000          167.11         526.53       167.32   	       169.40      	18.14  		339.81  		526.53 
 4194304 1000          325.71         877.07       326.09   	       332.27      	47.77  		649.94  		877.07 
 8388608 1000          643.07         1890.86      644.02   	       649.65      	63.08  		667.04  		1890.86
---------------------------------------------------------------------------------------
deallocating GPU buffer 00007efde0800000
destroying current CUDA Ctx
