Perftest doesn't supports CUDA tests with inline messages: inline size set to 0
initializing CUDA
Listing all CUDA devices in system:
CUDA device 0: PCIe address is 06:00
CUDA device 1: PCIe address is 26:00
CUDA device 2: PCIe address is A6:00
CUDA device 3: PCIe address is C6:00

Picking device No. 3
[pid = 8890, dev = 3] device name = [NVIDIA H100 80GB HBM3]
creating CUDA Ctx
making it the current CUDA Ctx
CUDA device integrated: 0
using DMA-BUF for GPU buffer address at 0x7f7338000000 aligned at 0x7f7338000000 with aligned size 134217728
allocated GPU buffer of a 134217728 address at 0x1e42c50 for type CUDA_MEM_DEVICE
Calling ibv_reg_dmabuf_mr(offset=0, size=134217728, addr=0x7f7338000000, fd=58) for QP #0
---------------------------------------------------------------------------------------
                    RDMA_Write BW Test
 Dual-port       : OFF		Device         : mlx5_4
 Number of qps   : 8		Transport type : IB
 Connection type : RC		Using SRQ      : OFF
 PCIe relax order: ON		Lock-free      : OFF
 ibv_wr* API     : ON		Using DDP      : OFF
 TX depth        : 128
 CQ Moderation   : 100
 CQE Poll Batch  : Dynamic
 Mtu             : 4096[B]
 Link type       : Ethernet
 GID index       : 3
 Max inline data : 0[B]
 rdma_cm QPs	 : ON
 Data ex. method : rdma_cm 	TOS    : 41
---------------------------------------------------------------------------------------
 local address: LID 0000 QPN 0x0144 PSN 0xa9ecec
 GID: 00:00:00:00:00:00:00:00:00:00:255:255:192:168:103:96
 local address: LID 0000 QPN 0x0145 PSN 0x8d5266
 GID: 00:00:00:00:00:00:00:00:00:00:255:255:192:168:103:96
 local address: LID 0000 QPN 0x0146 PSN 0xad3ab8
 GID: 00:00:00:00:00:00:00:00:00:00:255:255:192:168:103:96
 local address: LID 0000 QPN 0x0147 PSN 0x49efa7
 GID: 00:00:00:00:00:00:00:00:00:00:255:255:192:168:103:96
 local address: LID 0000 QPN 0x0148 PSN 0x30ca2e
 GID: 00:00:00:00:00:00:00:00:00:00:255:255:192:168:103:96
 local address: LID 0000 QPN 0x0149 PSN 0x6bbef8
 GID: 00:00:00:00:00:00:00:00:00:00:255:255:192:168:103:96
 local address: LID 0000 QPN 0x014a PSN 0xfce0f7
 GID: 00:00:00:00:00:00:00:00:00:00:255:255:192:168:103:96
 local address: LID 0000 QPN 0x014b PSN 0x42ef24
 GID: 00:00:00:00:00:00:00:00:00:00:255:255:192:168:103:96
 remote address: LID 0000 QPN 0x0144 PSN 0xa727ef
 GID: 00:00:00:00:00:00:00:00:00:00:255:255:192:168:103:91
 remote address: LID 0000 QPN 0x0145 PSN 0x2824ad
 GID: 00:00:00:00:00:00:00:00:00:00:255:255:192:168:103:91
 remote address: LID 0000 QPN 0x0146 PSN 0xf88cf3
 GID: 00:00:00:00:00:00:00:00:00:00:255:255:192:168:103:91
 remote address: LID 0000 QPN 0x0147 PSN 0xa0f4c6
 GID: 00:00:00:00:00:00:00:00:00:00:255:255:192:168:103:91
 remote address: LID 0000 QPN 0x0148 PSN 0x6bd261
 GID: 00:00:00:00:00:00:00:00:00:00:255:255:192:168:103:91
 remote address: LID 0000 QPN 0x0149 PSN 0xf00eaf
 GID: 00:00:00:00:00:00:00:00:00:00:255:255:192:168:103:91
 remote address: LID 0000 QPN 0x014a PSN 0xa53be2
 GID: 00:00:00:00:00:00:00:00:00:00:255:255:192:168:103:91
 remote address: LID 0000 QPN 0x014b PSN 0x44c733
 GID: 00:00:00:00:00:00:00:00:00:00:255:255:192:168:103:91
---------------------------------------------------------------------------------------
 #bytes     #iterations    BW peak[Gb/sec]    BW average[Gb/sec]   MsgRate[Mpps]
 2          40000           0.059308            0.058458            3.653639
 4          40000            0.12               0.12   		     3.789677
 8          40000            0.25               0.25   		     3.845021
 16         40000            0.49               0.49   		     3.843718
 32         40000            0.98               0.96   		     3.763661
 64         40000            1.97               1.96   		     3.834771
 128        40000            3.93               3.91   		     3.818310
 256        40000            7.89               7.84   		     3.826246
 512        40000            15.75              15.67  		     3.825401
 1024       40000            31.51              31.31  		     3.822038
 2048       40000            63.12              62.77  		     3.830915
 4096       40000            127.78             127.12 		     3.879420
 8192       40000            225.12             223.85 		     3.415741
 16384      40000            224.26             224.18 		     1.710331
 32768      40000            225.30             225.23 		     0.859190
 65536      40000            225.77             225.73 		     0.430543
 131072     40000            225.96             225.96 		     0.215495
 262144     40000            226.09             226.09 		     0.107809
 524288     40000            226.16             226.16 		     0.053921
 1048576    40000            226.20             226.20 		     0.026965
 2097152    40000            226.21             226.21 		     0.013483
 4194304    40000            226.20             226.20 		     0.006741
 8388608    40000            226.22             226.22 		     0.003371
---------------------------------------------------------------------------------------
deallocating GPU buffer 00007f7338000000
destroying current CUDA Ctx
