Perftest doesn't supports CUDA tests with inline messages: inline size set to 0
initializing CUDA
Listing all CUDA devices in system:
CUDA device 0: PCIe address is 06:00
CUDA device 1: PCIe address is 26:00
CUDA device 2: PCIe address is A6:00
CUDA device 3: PCIe address is C6:00

Picking device No. 1
[pid = 8900, dev = 1] device name = [NVIDIA H100 80GB HBM3]
creating CUDA Ctx
making it the current CUDA Ctx
CUDA device integrated: 0
using DMA-BUF for GPU buffer address at 0x7f9322000000 aligned at 0x7f9322000000 with aligned size 134217728
allocated GPU buffer of a 134217728 address at 0xa9ec50 for type CUDA_MEM_DEVICE
Calling ibv_reg_dmabuf_mr(offset=0, size=134217728, addr=0x7f9322000000, fd=58) for QP #0
---------------------------------------------------------------------------------------
                    RDMA_Write BW Test
 Dual-port       : OFF		Device         : mlx5_5
 Number of qps   : 8		Transport type : IB
 Connection type : RC		Using SRQ      : OFF
 PCIe relax order: ON		Lock-free      : OFF
 ibv_wr* API     : ON		Using DDP      : OFF
 TX depth        : 128
 CQ Moderation   : 100
 CQE Poll Batch  : Dynamic
 Mtu             : 4096[B]
 Link type       : Ethernet
 GID index       : 3
 Max inline data : 0[B]
 rdma_cm QPs	 : ON
 Data ex. method : rdma_cm 	TOS    : 41
---------------------------------------------------------------------------------------
 local address: LID 0000 QPN 0x0131 PSN 0x236c08
 GID: 00:00:00:00:00:00:00:00:00:00:255:255:192:168:102:96
 local address: LID 0000 QPN 0x0132 PSN 0x4b9952
 GID: 00:00:00:00:00:00:00:00:00:00:255:255:192:168:102:96
 local address: LID 0000 QPN 0x0133 PSN 0xf97534
 GID: 00:00:00:00:00:00:00:00:00:00:255:255:192:168:102:96
 local address: LID 0000 QPN 0x0135 PSN 0x9a3e73
 GID: 00:00:00:00:00:00:00:00:00:00:255:255:192:168:102:96
 local address: LID 0000 QPN 0x0136 PSN 0x3d9f0a
 GID: 00:00:00:00:00:00:00:00:00:00:255:255:192:168:102:96
 local address: LID 0000 QPN 0x0137 PSN 0xf008a4
 GID: 00:00:00:00:00:00:00:00:00:00:255:255:192:168:102:96
 local address: LID 0000 QPN 0x0138 PSN 0x10c733
 GID: 00:00:00:00:00:00:00:00:00:00:255:255:192:168:102:96
 local address: LID 0000 QPN 0x0139 PSN 0xe5deb0
 GID: 00:00:00:00:00:00:00:00:00:00:255:255:192:168:102:96
 remote address: LID 0000 QPN 0x0136 PSN 0xf60bdd
 GID: 00:00:00:00:00:00:00:00:00:00:255:255:192:168:102:91
 remote address: LID 0000 QPN 0x0137 PSN 0x65783a
 GID: 00:00:00:00:00:00:00:00:00:00:255:255:192:168:102:91
 remote address: LID 0000 QPN 0x0138 PSN 0xab5ac6
 GID: 00:00:00:00:00:00:00:00:00:00:255:255:192:168:102:91
 remote address: LID 0000 QPN 0x0139 PSN 0xbbb666
 GID: 00:00:00:00:00:00:00:00:00:00:255:255:192:168:102:91
 remote address: LID 0000 QPN 0x013a PSN 0xbc76b8
 GID: 00:00:00:00:00:00:00:00:00:00:255:255:192:168:102:91
 remote address: LID 0000 QPN 0x013b PSN 0xa9be84
 GID: 00:00:00:00:00:00:00:00:00:00:255:255:192:168:102:91
 remote address: LID 0000 QPN 0x013c PSN 0x94045d
 GID: 00:00:00:00:00:00:00:00:00:00:255:255:192:168:102:91
 remote address: LID 0000 QPN 0x013d PSN 0xfc325c
 GID: 00:00:00:00:00:00:00:00:00:00:255:255:192:168:102:91
---------------------------------------------------------------------------------------
 #bytes     #iterations    BW peak[Gb/sec]    BW average[Gb/sec]   MsgRate[Mpps]
 2          40000           0.056962            0.056178            3.511119
 4          40000            0.12               0.12   		     3.647093
 8          40000            0.23               0.23   		     3.627637
 16         40000            0.47               0.47   		     3.658822
 32         40000            0.92               0.92   		     3.587113
 64         40000            1.88               1.87   		     3.651947
 128        40000            3.73               3.71   		     3.624472
 256        40000            7.55               7.51   		     3.669287
 512        40000            15.03              14.97  		     3.654493
 1024       40000            29.73              23.39  		     2.855808
 2048       40000            59.17              55.21  		     3.369846
 4096       40000            102.83             88.97  		     2.715130
 8192       40000            102.12             88.16  		     1.345181
 16384      40000            103.30             97.85  		     0.746571
 32768      40000            104.32             101.73 		     0.388060
 65536      40000            104.46             102.86 		     0.196184
 131072     40000            103.78             103.52 		     0.098723
 262144     40000            104.52             104.51 		     0.049832
 524288     40000            104.79             104.79 		     0.024984
 1048576    40000            104.94             104.70 		     0.012481
 2097152    40000            104.04             104.04 		     0.006201
 4194304    40000            104.98             104.38 		     0.003111
 8388608    40000            104.92             104.50 		     0.001557
---------------------------------------------------------------------------------------
deallocating GPU buffer 00007f9322000000
destroying current CUDA Ctx
