Perftest doesn't supports CUDA tests with inline messages: inline size set to 0

************************************
* Waiting for client to connect... *
************************************
initializing CUDA
Listing all CUDA devices in system:
CUDA device 0: PCIe address is 06:00
CUDA device 1: PCIe address is 26:00
CUDA device 2: PCIe address is A6:00
CUDA device 3: PCIe address is C6:00

Picking device No. 1
[pid = 9347, dev = 1] device name = [NVIDIA H100 80GB HBM3]
creating CUDA Ctx
making it the current CUDA Ctx
CUDA device integrated: 0
using DMA-BUF for GPU buffer address at 0x7f4e34000000 aligned at 0x7f4e34000000 with aligned size 134217728
allocated GPU buffer of a 134217728 address at 0xcd3c30 for type CUDA_MEM_DEVICE
Calling ibv_reg_dmabuf_mr(offset=0, size=134217728, addr=0x7f4e34000000, fd=58) for QP #0
---------------------------------------------------------------------------------------
                    RDMA_Write BW Test
 Dual-port       : OFF		Device         : mlx5_3
 Number of qps   : 8		Transport type : IB
 Connection type : RC		Using SRQ      : OFF
 PCIe relax order: ON		Lock-free      : OFF
 ibv_wr* API     : ON		Using DDP      : OFF
 CQ Moderation   : 100
 CQE Poll Batch  : Dynamic
 Mtu             : 4096[B]
 Link type       : Ethernet
 GID index       : 3
 Max inline data : 0[B]
 rdma_cm QPs	 : ON
 Data ex. method : rdma_cm 	TOS    : 41
---------------------------------------------------------------------------------------
 Waiting for client rdma_cm QP to connect
 Please run the same command with the IB/RoCE interface IP
---------------------------------------------------------------------------------------
 local address: LID 0000 QPN 0x020d PSN 0xfbf770
 GID: 00:00:00:00:00:00:00:00:00:00:255:255:192:168:100:96
 local address: LID 0000 QPN 0x020e PSN 0x14d7d1
 GID: 00:00:00:00:00:00:00:00:00:00:255:255:192:168:100:96
 local address: LID 0000 QPN 0x020f PSN 0x6cb811
 GID: 00:00:00:00:00:00:00:00:00:00:255:255:192:168:100:96
 local address: LID 0000 QPN 0x0210 PSN 0x5d155
 GID: 00:00:00:00:00:00:00:00:00:00:255:255:192:168:100:96
 local address: LID 0000 QPN 0x0211 PSN 0xd0a87b
 GID: 00:00:00:00:00:00:00:00:00:00:255:255:192:168:100:96
 local address: LID 0000 QPN 0x0212 PSN 0xbc208b
 GID: 00:00:00:00:00:00:00:00:00:00:255:255:192:168:100:96
 local address: LID 0000 QPN 0x0213 PSN 0xee0b58
 GID: 00:00:00:00:00:00:00:00:00:00:255:255:192:168:100:96
 local address: LID 0000 QPN 0x0214 PSN 0xfaad3b
 GID: 00:00:00:00:00:00:00:00:00:00:255:255:192:168:100:96
 remote address: LID 0000 QPN 0x01f6 PSN 0xac126f
 GID: 00:00:00:00:00:00:00:00:00:00:255:255:192:168:100:91
 remote address: LID 0000 QPN 0x01f7 PSN 0x657064
 GID: 00:00:00:00:00:00:00:00:00:00:255:255:192:168:100:91
 remote address: LID 0000 QPN 0x01f8 PSN 0x55c0a8
 GID: 00:00:00:00:00:00:00:00:00:00:255:255:192:168:100:91
 remote address: LID 0000 QPN 0x01f9 PSN 0x2a23a0
 GID: 00:00:00:00:00:00:00:00:00:00:255:255:192:168:100:91
 remote address: LID 0000 QPN 0x01fa PSN 0x5b146a
 GID: 00:00:00:00:00:00:00:00:00:00:255:255:192:168:100:91
 remote address: LID 0000 QPN 0x01fb PSN 0xf8cf4e
 GID: 00:00:00:00:00:00:00:00:00:00:255:255:192:168:100:91
 remote address: LID 0000 QPN 0x01fc PSN 0x8ba65f
 GID: 00:00:00:00:00:00:00:00:00:00:255:255:192:168:100:91
 remote address: LID 0000 QPN 0x01fd PSN 0xd1f936
 GID: 00:00:00:00:00:00:00:00:00:00:255:255:192:168:100:91
---------------------------------------------------------------------------------------
 #bytes     #iterations    BW peak[Gb/sec]    BW average[Gb/sec]   MsgRate[Mpps]
 8388608    40000            169.09             169.08 		     0.002520
---------------------------------------------------------------------------------------
deallocating GPU buffer 00007f4e34000000
destroying current CUDA Ctx
