Perftest doesn't supports CUDA tests with inline messages: inline size set to 0
initializing CUDA
Listing all CUDA devices in system:
CUDA device 0: PCIe address is 06:00
CUDA device 1: PCIe address is 26:00
CUDA device 2: PCIe address is A6:00
CUDA device 3: PCIe address is C6:00

Picking device No. 3
[pid = 8870, dev = 3] device name = [NVIDIA H100 80GB HBM3]
creating CUDA Ctx
making it the current CUDA Ctx
CUDA device integrated: 0
using DMA-BUF for GPU buffer address at 0x7f50fa000000 aligned at 0x7f50fa000000 with aligned size 134217728
allocated GPU buffer of a 134217728 address at 0x1b0ec50 for type CUDA_MEM_DEVICE
Calling ibv_reg_dmabuf_mr(offset=0, size=134217728, addr=0x7f50fa000000, fd=58) for QP #0
---------------------------------------------------------------------------------------
                    RDMA_Write BW Test
 Dual-port       : OFF		Device         : mlx5_3
 Number of qps   : 8		Transport type : IB
 Connection type : RC		Using SRQ      : OFF
 PCIe relax order: ON		Lock-free      : OFF
 ibv_wr* API     : ON		Using DDP      : OFF
 TX depth        : 128
 CQ Moderation   : 100
 CQE Poll Batch  : Dynamic
 Mtu             : 4096[B]
 Link type       : Ethernet
 GID index       : 3
 Max inline data : 0[B]
 rdma_cm QPs	 : ON
 Data ex. method : rdma_cm 	TOS    : 41
---------------------------------------------------------------------------------------
 local address: LID 0000 QPN 0x01a3 PSN 0x6d5791
 GID: 00:00:00:00:00:00:00:00:00:00:255:255:192:168:100:96
 local address: LID 0000 QPN 0x01a4 PSN 0xadf8a7
 GID: 00:00:00:00:00:00:00:00:00:00:255:255:192:168:100:96
 local address: LID 0000 QPN 0x01a5 PSN 0xde6a65
 GID: 00:00:00:00:00:00:00:00:00:00:255:255:192:168:100:96
 local address: LID 0000 QPN 0x01a6 PSN 0x8caa50
 GID: 00:00:00:00:00:00:00:00:00:00:255:255:192:168:100:96
 local address: LID 0000 QPN 0x01a7 PSN 0x1a1a23
 GID: 00:00:00:00:00:00:00:00:00:00:255:255:192:168:100:96
 local address: LID 0000 QPN 0x01a8 PSN 0x74e849
 GID: 00:00:00:00:00:00:00:00:00:00:255:255:192:168:100:96
 local address: LID 0000 QPN 0x01a9 PSN 0xae3e74
 GID: 00:00:00:00:00:00:00:00:00:00:255:255:192:168:100:96
 local address: LID 0000 QPN 0x01aa PSN 0x20b5d
 GID: 00:00:00:00:00:00:00:00:00:00:255:255:192:168:100:96
 remote address: LID 0000 QPN 0x018c PSN 0x82fd7f
 GID: 00:00:00:00:00:00:00:00:00:00:255:255:192:168:100:91
 remote address: LID 0000 QPN 0x018d PSN 0xd7e634
 GID: 00:00:00:00:00:00:00:00:00:00:255:255:192:168:100:91
 remote address: LID 0000 QPN 0x018e PSN 0xaaca38
 GID: 00:00:00:00:00:00:00:00:00:00:255:255:192:168:100:91
 remote address: LID 0000 QPN 0x018f PSN 0xb695f0
 GID: 00:00:00:00:00:00:00:00:00:00:255:255:192:168:100:91
 remote address: LID 0000 QPN 0x0190 PSN 0x9ba07a
 GID: 00:00:00:00:00:00:00:00:00:00:255:255:192:168:100:91
 remote address: LID 0000 QPN 0x0191 PSN 0xad21e
 GID: 00:00:00:00:00:00:00:00:00:00:255:255:192:168:100:91
 remote address: LID 0000 QPN 0x0192 PSN 0x7db8ef
 GID: 00:00:00:00:00:00:00:00:00:00:255:255:192:168:100:91
 remote address: LID 0000 QPN 0x0193 PSN 0x514086
 GID: 00:00:00:00:00:00:00:00:00:00:255:255:192:168:100:91
---------------------------------------------------------------------------------------
 #bytes     #iterations    BW peak[Gb/sec]    BW average[Gb/sec]   MsgRate[Mpps]
 2          40000           0.059801            0.058435            3.652214
 4          40000            0.12               0.12   		     3.856266
 8          40000            0.25               0.25   		     3.842980
 16         40000            0.50               0.49   		     3.860840
 32         40000            1.04               0.98   		     3.815574
 64         40000            1.98               1.97   		     3.854656
 128        40000            3.94               3.93   		     3.836452
 256        40000            7.92               7.83   		     3.823543
 512        40000            15.75              15.71  		     3.836485
 1024       40000            31.29              23.97  		     2.926610
 2048       40000            62.27              57.35  		     3.500543
 4096       40000            109.23             90.48  		     2.761191
 8192       40000            109.88             94.32  		     1.439214
 16384      40000            109.59             97.24  		     0.741870
 32768      40000            110.29             105.28 		     0.401595
 65536      40000            110.30             108.31 		     0.206583
 131072     40000            108.04             102.99 		     0.098218
 262144     40000            133.50             111.96 		     0.053385
 524288     40000            109.50             109.46 		     0.026098
 1048576    40000            108.97             108.97 		     0.012990
 2097152    40000            110.70             110.56 		     0.006590
 4194304    40000            110.38             110.31 		     0.003287
 8388608    40000            110.79             109.46 		     0.001631
---------------------------------------------------------------------------------------
deallocating GPU buffer 00007f50fa000000
destroying current CUDA Ctx
