Perftest doesn't supports CUDA tests with inline messages: inline size set to 0
initializing CUDA
Listing all CUDA devices in system:
CUDA device 0: PCIe address is 06:00
CUDA device 1: PCIe address is 26:00
CUDA device 2: PCIe address is A6:00
CUDA device 3: PCIe address is C6:00

Picking device No. 3
[pid = 8910, dev = 3] device name = [NVIDIA H100 80GB HBM3]
creating CUDA Ctx
making it the current CUDA Ctx
CUDA device integrated: 0
using DMA-BUF for GPU buffer address at 0x7fc6c2000000 aligned at 0x7fc6c2000000 with aligned size 134217728
allocated GPU buffer of a 134217728 address at 0x1af8c50 for type CUDA_MEM_DEVICE
Calling ibv_reg_dmabuf_mr(offset=0, size=134217728, addr=0x7fc6c2000000, fd=58) for QP #0
---------------------------------------------------------------------------------------
                    RDMA_Write BW Test
 Dual-port       : OFF		Device         : mlx5_5
 Number of qps   : 8		Transport type : IB
 Connection type : RC		Using SRQ      : OFF
 PCIe relax order: ON		Lock-free      : OFF
 ibv_wr* API     : ON		Using DDP      : OFF
 TX depth        : 128
 CQ Moderation   : 100
 CQE Poll Batch  : Dynamic
 Mtu             : 4096[B]
 Link type       : Ethernet
 GID index       : 3
 Max inline data : 0[B]
 rdma_cm QPs	 : ON
 Data ex. method : rdma_cm 	TOS    : 41
---------------------------------------------------------------------------------------
 local address: LID 0000 QPN 0x0144 PSN 0x421a0f
 GID: 00:00:00:00:00:00:00:00:00:00:255:255:192:168:102:96
 local address: LID 0000 QPN 0x0145 PSN 0x29fc4d
 GID: 00:00:00:00:00:00:00:00:00:00:255:255:192:168:102:96
 local address: LID 0000 QPN 0x0146 PSN 0xfb1c13
 GID: 00:00:00:00:00:00:00:00:00:00:255:255:192:168:102:96
 local address: LID 0000 QPN 0x0147 PSN 0xcea566
 GID: 00:00:00:00:00:00:00:00:00:00:255:255:192:168:102:96
 local address: LID 0000 QPN 0x0148 PSN 0xfc681
 GID: 00:00:00:00:00:00:00:00:00:00:255:255:192:168:102:96
 local address: LID 0000 QPN 0x0149 PSN 0x93c04f
 GID: 00:00:00:00:00:00:00:00:00:00:255:255:192:168:102:96
 local address: LID 0000 QPN 0x014a PSN 0x6d9d02
 GID: 00:00:00:00:00:00:00:00:00:00:255:255:192:168:102:96
 local address: LID 0000 QPN 0x014b PSN 0x58e1d3
 GID: 00:00:00:00:00:00:00:00:00:00:255:255:192:168:102:96
 remote address: LID 0000 QPN 0x0148 PSN 0x1e0908
 GID: 00:00:00:00:00:00:00:00:00:00:255:255:192:168:102:91
 remote address: LID 0000 QPN 0x0149 PSN 0x84e589
 GID: 00:00:00:00:00:00:00:00:00:00:255:255:192:168:102:91
 remote address: LID 0000 QPN 0x014a PSN 0x15df69
 GID: 00:00:00:00:00:00:00:00:00:00:255:255:192:168:102:91
 remote address: LID 0000 QPN 0x014b PSN 0x84a1cd
 GID: 00:00:00:00:00:00:00:00:00:00:255:255:192:168:102:91
 remote address: LID 0000 QPN 0x014c PSN 0xbb3b93
 GID: 00:00:00:00:00:00:00:00:00:00:255:255:192:168:102:91
 remote address: LID 0000 QPN 0x014d PSN 0xe451c3
 GID: 00:00:00:00:00:00:00:00:00:00:255:255:192:168:102:91
 remote address: LID 0000 QPN 0x014e PSN 0xe35030
 GID: 00:00:00:00:00:00:00:00:00:00:255:255:192:168:102:91
 remote address: LID 0000 QPN 0x014f PSN 0x630d33
 GID: 00:00:00:00:00:00:00:00:00:00:255:255:192:168:102:91
---------------------------------------------------------------------------------------
 #bytes     #iterations    BW peak[Gb/sec]    BW average[Gb/sec]   MsgRate[Mpps]
 2          40000           0.056782            0.056178            3.511100
 4          40000            0.12               0.12   		     3.632229
 8          40000            0.24               0.23   		     3.661780
 16         40000            0.47               0.47   		     3.665118
 32         40000            0.92               0.92   		     3.592548
 64         40000            1.89               1.87   		     3.657430
 128        40000            3.76               3.68   		     3.594526
 256        40000            7.53               7.47   		     3.648616
 512        40000            15.03              14.96  		     3.652521
 1024       40000            30.12              29.82  		     3.639580
 2048       40000            59.94              59.58  		     3.636400
 4096       40000            121.26             120.69 		     3.683101
 8192       40000            225.81             225.75 		     3.444650
 16384      40000            226.33             226.15 		     1.725403
 32768      40000            226.25             226.21 		     0.862933
 65536      40000            226.16             226.12 		     0.431287
 131072     40000            226.14             226.13 		     0.215654
 262144     40000            225.90             225.89 		     0.107713
 524288     40000            226.11             226.11 		     0.053908
 1048576    40000            226.13             226.13 		     0.026956
 2097152    40000            226.13             226.12 		     0.013478
 4194304    40000            225.96             225.95 		     0.006734
 8388608    40000            226.09             226.09 		     0.003369
---------------------------------------------------------------------------------------
deallocating GPU buffer 00007fc6c2000000
destroying current CUDA Ctx
