Perftest doesn't supports CUDA tests with inline messages: inline size set to 0
initializing CUDA
Listing all CUDA devices in system:
CUDA device 0: PCIe address is 06:00
CUDA device 1: PCIe address is 26:00
CUDA device 2: PCIe address is A6:00
CUDA device 3: PCIe address is C6:00

Picking device No. 0
[pid = 8875, dev = 0] device name = [NVIDIA H100 80GB HBM3]
creating CUDA Ctx
making it the current CUDA Ctx
CUDA device integrated: 0
using DMA-BUF for GPU buffer address at 0x7f8c76000000 aligned at 0x7f8c76000000 with aligned size 134217728
allocated GPU buffer of a 134217728 address at 0x172cc50 for type CUDA_MEM_DEVICE
Calling ibv_reg_dmabuf_mr(offset=0, size=134217728, addr=0x7f8c76000000, fd=58) for QP #0
---------------------------------------------------------------------------------------
                    RDMA_Write BW Test
 Dual-port       : OFF		Device         : mlx5_4
 Number of qps   : 8		Transport type : IB
 Connection type : RC		Using SRQ      : OFF
 PCIe relax order: ON		Lock-free      : OFF
 ibv_wr* API     : ON		Using DDP      : OFF
 TX depth        : 128
 CQ Moderation   : 100
 CQE Poll Batch  : Dynamic
 Mtu             : 4096[B]
 Link type       : Ethernet
 GID index       : 3
 Max inline data : 0[B]
 rdma_cm QPs	 : ON
 Data ex. method : rdma_cm 	TOS    : 41
---------------------------------------------------------------------------------------
 local address: LID 0000 QPN 0x0128 PSN 0x46138d
 GID: 00:00:00:00:00:00:00:00:00:00:255:255:192:168:103:96
 local address: LID 0000 QPN 0x0129 PSN 0x2a6af3
 GID: 00:00:00:00:00:00:00:00:00:00:255:255:192:168:103:96
 local address: LID 0000 QPN 0x012a PSN 0x9b5cc1
 GID: 00:00:00:00:00:00:00:00:00:00:255:255:192:168:103:96
 local address: LID 0000 QPN 0x012b PSN 0x8e837c
 GID: 00:00:00:00:00:00:00:00:00:00:255:255:192:168:103:96
 local address: LID 0000 QPN 0x012c PSN 0x9119df
 GID: 00:00:00:00:00:00:00:00:00:00:255:255:192:168:103:96
 local address: LID 0000 QPN 0x012d PSN 0x32b355
 GID: 00:00:00:00:00:00:00:00:00:00:255:255:192:168:103:96
 local address: LID 0000 QPN 0x012e PSN 0xfa7a90
 GID: 00:00:00:00:00:00:00:00:00:00:255:255:192:168:103:96
 local address: LID 0000 QPN 0x012f PSN 0x48cb49
 GID: 00:00:00:00:00:00:00:00:00:00:255:255:192:168:103:96
 remote address: LID 0000 QPN 0x0128 PSN 0x97a09
 GID: 00:00:00:00:00:00:00:00:00:00:255:255:192:168:103:91
 remote address: LID 0000 QPN 0x0129 PSN 0xc075bf
 GID: 00:00:00:00:00:00:00:00:00:00:255:255:192:168:103:91
 remote address: LID 0000 QPN 0x012a PSN 0x413d9d
 GID: 00:00:00:00:00:00:00:00:00:00:255:255:192:168:103:91
 remote address: LID 0000 QPN 0x012b PSN 0x4e928
 GID: 00:00:00:00:00:00:00:00:00:00:255:255:192:168:103:91
 remote address: LID 0000 QPN 0x012c PSN 0xe2ec1b
 GID: 00:00:00:00:00:00:00:00:00:00:255:255:192:168:103:91
 remote address: LID 0000 QPN 0x012d PSN 0x3b1ee1
 GID: 00:00:00:00:00:00:00:00:00:00:255:255:192:168:103:91
 remote address: LID 0000 QPN 0x012e PSN 0x400d2c
 GID: 00:00:00:00:00:00:00:00:00:00:255:255:192:168:103:91
 remote address: LID 0000 QPN 0x012f PSN 0x705fb5
 GID: 00:00:00:00:00:00:00:00:00:00:255:255:192:168:103:91
---------------------------------------------------------------------------------------
 #bytes     #iterations    BW peak[Gb/sec]    BW average[Gb/sec]   MsgRate[Mpps]
 2          40000           0.056426            0.055414            3.463401
 4          40000            0.12               0.11   		     3.588841
 8          40000            0.23               0.23   		     3.607865
 16         40000            0.47               0.46   		     3.605043
 32         40000            0.92               0.91   		     3.540577
 64         40000            1.86               1.84   		     3.600658
 128        40000            3.72               3.67   		     3.585701
 256        40000            7.40               7.37   		     3.596353
 512        40000            14.84              14.72  		     3.593952
 1024       40000            29.63              29.25  		     3.570718
 2048       40000            59.36              56.53  		     3.450596
 4096       40000            109.23             91.00  		     2.777143
 8192       40000            98.76              95.09  		     1.450966
 16384      40000            105.10             102.68 		     0.783421
 32768      40000            105.72             102.39 		     0.390599
 65536      40000            108.99             107.23 		     0.204520
 131072     40000            108.75             108.12 		     0.103110
 262144     40000            110.43             110.34 		     0.052616
 524288     40000            110.09             110.09 		     0.026248
 1048576    40000            110.74             110.73 		     0.013200
 2097152    40000            110.77             110.52 		     0.006588
 4194304    40000            110.50             110.50 		     0.003293
 8388608    40000            110.08             110.08 		     0.001640
---------------------------------------------------------------------------------------
deallocating GPU buffer 00007f8c76000000
destroying current CUDA Ctx
