Perftest doesn't supports CUDA tests with inline messages: inline size set to 0
initializing CUDA
Listing all CUDA devices in system:
CUDA device 0: PCIe address is 06:00
CUDA device 1: PCIe address is 26:00
CUDA device 2: PCIe address is A6:00
CUDA device 3: PCIe address is C6:00

Picking device No. 2
[pid = 8885, dev = 2] device name = [NVIDIA H100 80GB HBM3]
creating CUDA Ctx
making it the current CUDA Ctx
CUDA device integrated: 0
using DMA-BUF for GPU buffer address at 0x7faea6000000 aligned at 0x7faea6000000 with aligned size 134217728
allocated GPU buffer of a 134217728 address at 0x1e1bc50 for type CUDA_MEM_DEVICE
Calling ibv_reg_dmabuf_mr(offset=0, size=134217728, addr=0x7faea6000000, fd=58) for QP #0
---------------------------------------------------------------------------------------
                    RDMA_Write BW Test
 Dual-port       : OFF		Device         : mlx5_4
 Number of qps   : 8		Transport type : IB
 Connection type : RC		Using SRQ      : OFF
 PCIe relax order: ON		Lock-free      : OFF
 ibv_wr* API     : ON		Using DDP      : OFF
 TX depth        : 128
 CQ Moderation   : 100
 CQE Poll Batch  : Dynamic
 Mtu             : 4096[B]
 Link type       : Ethernet
 GID index       : 3
 Max inline data : 0[B]
 rdma_cm QPs	 : ON
 Data ex. method : rdma_cm 	TOS    : 41
---------------------------------------------------------------------------------------
 local address: LID 0000 QPN 0x013b PSN 0xb1c43b
 GID: 00:00:00:00:00:00:00:00:00:00:255:255:192:168:103:96
 local address: LID 0000 QPN 0x013c PSN 0x28f909
 GID: 00:00:00:00:00:00:00:00:00:00:255:255:192:168:103:96
 local address: LID 0000 QPN 0x013d PSN 0xeda01f
 GID: 00:00:00:00:00:00:00:00:00:00:255:255:192:168:103:96
 local address: LID 0000 QPN 0x013e PSN 0xc3a682
 GID: 00:00:00:00:00:00:00:00:00:00:255:255:192:168:103:96
 local address: LID 0000 QPN 0x013f PSN 0x30676d
 GID: 00:00:00:00:00:00:00:00:00:00:255:255:192:168:103:96
 local address: LID 0000 QPN 0x0140 PSN 0x9c4ccb
 GID: 00:00:00:00:00:00:00:00:00:00:255:255:192:168:103:96
 local address: LID 0000 QPN 0x0141 PSN 0x98d5ce
 GID: 00:00:00:00:00:00:00:00:00:00:255:255:192:168:103:96
 local address: LID 0000 QPN 0x0142 PSN 0xd758af
 GID: 00:00:00:00:00:00:00:00:00:00:255:255:192:168:103:96
 remote address: LID 0000 QPN 0x013b PSN 0xbbbb15
 GID: 00:00:00:00:00:00:00:00:00:00:255:255:192:168:103:91
 remote address: LID 0000 QPN 0x013c PSN 0x26efdb
 GID: 00:00:00:00:00:00:00:00:00:00:255:255:192:168:103:91
 remote address: LID 0000 QPN 0x013d PSN 0x686389
 GID: 00:00:00:00:00:00:00:00:00:00:255:255:192:168:103:91
 remote address: LID 0000 QPN 0x013e PSN 0x5216a4
 GID: 00:00:00:00:00:00:00:00:00:00:255:255:192:168:103:91
 remote address: LID 0000 QPN 0x013f PSN 0xecb1e7
 GID: 00:00:00:00:00:00:00:00:00:00:255:255:192:168:103:91
 remote address: LID 0000 QPN 0x0140 PSN 0x299ebd
 GID: 00:00:00:00:00:00:00:00:00:00:255:255:192:168:103:91
 remote address: LID 0000 QPN 0x0141 PSN 0x7c25d8
 GID: 00:00:00:00:00:00:00:00:00:00:255:255:192:168:103:91
 remote address: LID 0000 QPN 0x0142 PSN 0xc168f1
 GID: 00:00:00:00:00:00:00:00:00:00:255:255:192:168:103:91
---------------------------------------------------------------------------------------
 #bytes     #iterations    BW peak[Gb/sec]    BW average[Gb/sec]   MsgRate[Mpps]
 2          40000           0.056426            0.055792            3.487021
 4          40000            0.12               0.12   		     3.642251
 8          40000            0.23               0.23   		     3.632498
 16         40000            0.47               0.47   		     3.638995
 32         40000            0.93               0.93   		     3.622890
 64         40000            1.88               1.85   		     3.618551
 128        40000            3.75               3.72   		     3.631923
 256        40000            7.43               7.39   		     3.609962
 512        40000            14.99              14.92  		     3.643007
 1024       40000            29.92              29.78  		     3.635230
 2048       40000            59.55              59.41  		     3.626365
 4096       40000            119.69             119.55 		     3.648453
 8192       40000            225.81             225.47 		     3.440369
 16384      40000            226.33             226.17 		     1.725576
 32768      40000            226.25             226.21 		     0.862934
 65536      40000            225.34             225.33 		     0.429783
 131072     40000            225.68             225.66 		     0.215209
 262144     40000            225.44             225.43 		     0.107493
 524288     40000            226.12             226.11 		     0.053910
 1048576    40000            225.87             225.87 		     0.026926
 2097152    40000            226.04             226.04 		     0.013473
 4194304    40000            226.05             226.05 		     0.006737
 8388608    40000            226.08             226.08 		     0.003369
---------------------------------------------------------------------------------------
deallocating GPU buffer 00007faea6000000
destroying current CUDA Ctx
