Perftest doesn't supports CUDA tests with inline messages: inline size set to 0
initializing CUDA
Listing all CUDA devices in system:
CUDA device 0: PCIe address is 06:00
CUDA device 1: PCIe address is 26:00
CUDA device 2: PCIe address is A6:00
CUDA device 3: PCIe address is C6:00

Picking device No. 2
[pid = 8905, dev = 2] device name = [NVIDIA H100 80GB HBM3]
creating CUDA Ctx
making it the current CUDA Ctx
CUDA device integrated: 0
using DMA-BUF for GPU buffer address at 0x7fe876000000 aligned at 0x7fe876000000 with aligned size 134217728
allocated GPU buffer of a 134217728 address at 0xdadc50 for type CUDA_MEM_DEVICE
Calling ibv_reg_dmabuf_mr(offset=0, size=134217728, addr=0x7fe876000000, fd=58) for QP #0
---------------------------------------------------------------------------------------
                    RDMA_Write BW Test
 Dual-port       : OFF		Device         : mlx5_5
 Number of qps   : 8		Transport type : IB
 Connection type : RC		Using SRQ      : OFF
 PCIe relax order: ON		Lock-free      : OFF
 ibv_wr* API     : ON		Using DDP      : OFF
 TX depth        : 128
 CQ Moderation   : 100
 CQE Poll Batch  : Dynamic
 Mtu             : 4096[B]
 Link type       : Ethernet
 GID index       : 3
 Max inline data : 0[B]
 rdma_cm QPs	 : ON
 Data ex. method : rdma_cm 	TOS    : 41
---------------------------------------------------------------------------------------
 local address: LID 0000 QPN 0x013b PSN 0x9245ee
 GID: 00:00:00:00:00:00:00:00:00:00:255:255:192:168:102:96
 local address: LID 0000 QPN 0x013c PSN 0x4b0440
 GID: 00:00:00:00:00:00:00:00:00:00:255:255:192:168:102:96
 local address: LID 0000 QPN 0x013d PSN 0x33d08a
 GID: 00:00:00:00:00:00:00:00:00:00:255:255:192:168:102:96
 local address: LID 0000 QPN 0x013e PSN 0xca6611
 GID: 00:00:00:00:00:00:00:00:00:00:255:255:192:168:102:96
 local address: LID 0000 QPN 0x013f PSN 0xfe7150
 GID: 00:00:00:00:00:00:00:00:00:00:255:255:192:168:102:96
 local address: LID 0000 QPN 0x0140 PSN 0x7c7472
 GID: 00:00:00:00:00:00:00:00:00:00:255:255:192:168:102:96
 local address: LID 0000 QPN 0x0141 PSN 0x9dc1e9
 GID: 00:00:00:00:00:00:00:00:00:00:255:255:192:168:102:96
 local address: LID 0000 QPN 0x0142 PSN 0xf4222e
 GID: 00:00:00:00:00:00:00:00:00:00:255:255:192:168:102:96
 remote address: LID 0000 QPN 0x013f PSN 0x4ab8ee
 GID: 00:00:00:00:00:00:00:00:00:00:255:255:192:168:102:91
 remote address: LID 0000 QPN 0x0140 PSN 0x25fb40
 GID: 00:00:00:00:00:00:00:00:00:00:255:255:192:168:102:91
 remote address: LID 0000 QPN 0x0141 PSN 0x58fb8a
 GID: 00:00:00:00:00:00:00:00:00:00:255:255:192:168:102:91
 remote address: LID 0000 QPN 0x0142 PSN 0x3fb511
 GID: 00:00:00:00:00:00:00:00:00:00:255:255:192:168:102:91
 remote address: LID 0000 QPN 0x0143 PSN 0xeb1450
 GID: 00:00:00:00:00:00:00:00:00:00:255:255:192:168:102:91
 remote address: LID 0000 QPN 0x0144 PSN 0xafdb72
 GID: 00:00:00:00:00:00:00:00:00:00:255:255:192:168:102:91
 remote address: LID 0000 QPN 0x0145 PSN 0xa9ce9
 GID: 00:00:00:00:00:00:00:00:00:00:255:255:192:168:102:91
 remote address: LID 0000 QPN 0x0146 PSN 0xf612e
 GID: 00:00:00:00:00:00:00:00:00:00:255:255:192:168:102:91
---------------------------------------------------------------------------------------
 #bytes     #iterations    BW peak[Gb/sec]    BW average[Gb/sec]   MsgRate[Mpps]
 2          40000           0.056782            0.055396            3.462265
 4          40000            0.12               0.12   		     3.644438
 8          40000            0.23               0.23   		     3.642596
 16         40000            0.47               0.47   		     3.654457
 32         40000            0.93               0.89   		     3.458876
 64         40000            1.88               1.87   		     3.653816
 128        40000            3.73               3.72   		     3.630426
 256        40000            7.49               7.45   		     3.637508
 512        40000            15.03              14.92  		     3.643764
 1024       40000            30.17              29.92  		     3.652838
 2048       40000            59.08              58.61  		     3.577536
 4096       40000            121.06             120.66 		     3.682360
 8192       40000            224.43             219.45 		     3.348602
 16384      40000            224.44             224.33 		     1.711501
 32768      40000            225.30             225.21 		     0.859093
 65536      40000            222.95             196.26 		     0.374331
 131072     40000            225.96             225.95 		     0.215487
 262144     40000            226.10             226.09 		     0.107807
 524288     40000            226.15             226.15 		     0.053919
 1048576    40000            226.19             226.18 		     0.026963
 2097152    40000            225.56             225.56 		     0.013445
 4194304    40000            226.23             226.23 		     0.006742
 8388608    40000            226.20             226.20 		     0.003371
---------------------------------------------------------------------------------------
deallocating GPU buffer 00007fe876000000
destroying current CUDA Ctx
