Perftest doesn't supports CUDA tests with inline messages: inline size set to 0

************************************
* Waiting for client to connect... *
************************************
initializing CUDA
Listing all CUDA devices in system:
CUDA device 0: PCIe address is 06:00
CUDA device 1: PCIe address is 26:00
CUDA device 2: PCIe address is A6:00
CUDA device 3: PCIe address is C6:00

Picking device No. 2
[pid = 9367, dev = 2] device name = [NVIDIA H100 80GB HBM3]
creating CUDA Ctx
making it the current CUDA Ctx
CUDA device integrated: 0
using DMA-BUF for GPU buffer address at 0x7f850e000000 aligned at 0x7f850e000000 with aligned size 134217728
allocated GPU buffer of a 134217728 address at 0x2213c30 for type CUDA_MEM_DEVICE
Calling ibv_reg_dmabuf_mr(offset=0, size=134217728, addr=0x7f850e000000, fd=58) for QP #0
---------------------------------------------------------------------------------------
                    RDMA_Write BW Test
 Dual-port       : OFF		Device         : mlx5_4
 Number of qps   : 8		Transport type : IB
 Connection type : RC		Using SRQ      : OFF
 PCIe relax order: ON		Lock-free      : OFF
 ibv_wr* API     : ON		Using DDP      : OFF
 CQ Moderation   : 100
 CQE Poll Batch  : Dynamic
 Mtu             : 4096[B]
 Link type       : Ethernet
 GID index       : 3
 Max inline data : 0[B]
 rdma_cm QPs	 : ON
 Data ex. method : rdma_cm 	TOS    : 41
---------------------------------------------------------------------------------------
 Waiting for client rdma_cm QP to connect
 Please run the same command with the IB/RoCE interface IP
---------------------------------------------------------------------------------------
 local address: LID 0000 QPN 0x01b7 PSN 0x8c385b
 GID: 00:00:00:00:00:00:00:00:00:00:255:255:192:168:103:96
 local address: LID 0000 QPN 0x01b8 PSN 0x12aa9
 GID: 00:00:00:00:00:00:00:00:00:00:255:255:192:168:103:96
 local address: LID 0000 QPN 0x01b9 PSN 0x10813f
 GID: 00:00:00:00:00:00:00:00:00:00:255:255:192:168:103:96
 local address: LID 0000 QPN 0x01ba PSN 0x604122
 GID: 00:00:00:00:00:00:00:00:00:00:255:255:192:168:103:96
 local address: LID 0000 QPN 0x01bb PSN 0x49fd8d
 GID: 00:00:00:00:00:00:00:00:00:00:255:255:192:168:103:96
 local address: LID 0000 QPN 0x01bc PSN 0xe1f86b
 GID: 00:00:00:00:00:00:00:00:00:00:255:255:192:168:103:96
 local address: LID 0000 QPN 0x01bd PSN 0xf4a8ee
 GID: 00:00:00:00:00:00:00:00:00:00:255:255:192:168:103:96
 local address: LID 0000 QPN 0x01be PSN 0x1efd4f
 GID: 00:00:00:00:00:00:00:00:00:00:255:255:192:168:103:96
 remote address: LID 0000 QPN 0x01b7 PSN 0xfe0928
 GID: 00:00:00:00:00:00:00:00:00:00:255:255:192:168:103:91
 remote address: LID 0000 QPN 0x01b8 PSN 0xb3ff2
 GID: 00:00:00:00:00:00:00:00:00:00:255:255:192:168:103:91
 remote address: LID 0000 QPN 0x01b9 PSN 0xc72754
 GID: 00:00:00:00:00:00:00:00:00:00:255:255:192:168:103:91
 remote address: LID 0000 QPN 0x01ba PSN 0xb7d613
 GID: 00:00:00:00:00:00:00:00:00:00:255:255:192:168:103:91
 remote address: LID 0000 QPN 0x01bb PSN 0x90ee2a
 GID: 00:00:00:00:00:00:00:00:00:00:255:255:192:168:103:91
 remote address: LID 0000 QPN 0x01bc PSN 0xff7944
 GID: 00:00:00:00:00:00:00:00:00:00:255:255:192:168:103:91
 remote address: LID 0000 QPN 0x01bd PSN 0x537b53
 GID: 00:00:00:00:00:00:00:00:00:00:255:255:192:168:103:91
 remote address: LID 0000 QPN 0x01be PSN 0xa15050
 GID: 00:00:00:00:00:00:00:00:00:00:255:255:192:168:103:91
---------------------------------------------------------------------------------------
 #bytes     #iterations    BW peak[Gb/sec]    BW average[Gb/sec]   MsgRate[Mpps]
 8388608    40000            168.51             168.51 		     0.002511
---------------------------------------------------------------------------------------
deallocating GPU buffer 00007f850e000000
destroying current CUDA Ctx
