Perftest doesn't supports CUDA tests with inline messages: inline size set to 0
initializing CUDA
Listing all CUDA devices in system:
CUDA device 0: PCIe address is 06:00
CUDA device 1: PCIe address is 26:00
CUDA device 2: PCIe address is A6:00
CUDA device 3: PCIe address is C6:00

Picking device No. 1
[pid = 8880, dev = 1] device name = [NVIDIA H100 80GB HBM3]
creating CUDA Ctx
making it the current CUDA Ctx
CUDA device integrated: 0
using DMA-BUF for GPU buffer address at 0x7fee0e000000 aligned at 0x7fee0e000000 with aligned size 134217728
allocated GPU buffer of a 134217728 address at 0x797c50 for type CUDA_MEM_DEVICE
Calling ibv_reg_dmabuf_mr(offset=0, size=134217728, addr=0x7fee0e000000, fd=58) for QP #0
---------------------------------------------------------------------------------------
                    RDMA_Write BW Test
 Dual-port       : OFF		Device         : mlx5_4
 Number of qps   : 8		Transport type : IB
 Connection type : RC		Using SRQ      : OFF
 PCIe relax order: ON		Lock-free      : OFF
 ibv_wr* API     : ON		Using DDP      : OFF
 TX depth        : 128
 CQ Moderation   : 100
 CQE Poll Batch  : Dynamic
 Mtu             : 4096[B]
 Link type       : Ethernet
 GID index       : 3
 Max inline data : 0[B]
 rdma_cm QPs	 : ON
 Data ex. method : rdma_cm 	TOS    : 41
---------------------------------------------------------------------------------------
 local address: LID 0000 QPN 0x0131 PSN 0xa8e6fe
 GID: 00:00:00:00:00:00:00:00:00:00:255:255:192:168:103:96
 local address: LID 0000 QPN 0x0132 PSN 0x61f810
 GID: 00:00:00:00:00:00:00:00:00:00:255:255:192:168:103:96
 local address: LID 0000 QPN 0x0133 PSN 0xc6801a
 GID: 00:00:00:00:00:00:00:00:00:00:255:255:192:168:103:96
 local address: LID 0000 QPN 0x0135 PSN 0xba8661
 GID: 00:00:00:00:00:00:00:00:00:00:255:255:192:168:103:96
 local address: LID 0000 QPN 0x0136 PSN 0x41360
 GID: 00:00:00:00:00:00:00:00:00:00:255:255:192:168:103:96
 local address: LID 0000 QPN 0x0137 PSN 0x3cd542
 GID: 00:00:00:00:00:00:00:00:00:00:255:255:192:168:103:96
 local address: LID 0000 QPN 0x0138 PSN 0x41da79
 GID: 00:00:00:00:00:00:00:00:00:00:255:255:192:168:103:96
 local address: LID 0000 QPN 0x0139 PSN 0xa3f77e
 GID: 00:00:00:00:00:00:00:00:00:00:255:255:192:168:103:96
 remote address: LID 0000 QPN 0x0131 PSN 0xb9c9d7
 GID: 00:00:00:00:00:00:00:00:00:00:255:255:192:168:103:91
 remote address: LID 0000 QPN 0x0132 PSN 0x6d8475
 GID: 00:00:00:00:00:00:00:00:00:00:255:255:192:168:103:91
 remote address: LID 0000 QPN 0x0133 PSN 0xf0051b
 GID: 00:00:00:00:00:00:00:00:00:00:255:255:192:168:103:91
 remote address: LID 0000 QPN 0x0134 PSN 0xd30dce
 GID: 00:00:00:00:00:00:00:00:00:00:255:255:192:168:103:91
 remote address: LID 0000 QPN 0x0136 PSN 0x9daac9
 GID: 00:00:00:00:00:00:00:00:00:00:255:255:192:168:103:91
 remote address: LID 0000 QPN 0x0137 PSN 0x76a2f7
 GID: 00:00:00:00:00:00:00:00:00:00:255:255:192:168:103:91
 remote address: LID 0000 QPN 0x0138 PSN 0x8b0e8a
 GID: 00:00:00:00:00:00:00:00:00:00:255:255:192:168:103:91
 remote address: LID 0000 QPN 0x0139 PSN 0x4268bb
 GID: 00:00:00:00:00:00:00:00:00:00:255:255:192:168:103:91
---------------------------------------------------------------------------------------
 #bytes     #iterations    BW peak[Gb/sec]    BW average[Gb/sec]   MsgRate[Mpps]
 2          40000           0.033582            0.033288            2.080526
 4          40000           0.068768            0.068385            2.137036
 8          40000            0.14               0.14   		     2.129667
 16         40000            0.28               0.27   		     2.143130
 32         40000            0.55               0.54   		     2.108811
 64         40000            1.10               1.10   		     2.144092
 128        40000            2.20               2.19   		     2.137535
 256        40000            4.38               4.37   		     2.132955
 512        40000            8.74               8.67   		     2.116847
 1024       40000            17.37              17.27  		     2.108191
 2048       40000            34.20              34.00  		     2.075292
 4096       40000            78.77              72.64  		     2.216822
 8192       40000            109.47             99.09  		     1.512003
 16384      40000            106.81             99.23  		     0.757064
 32768      40000            108.52             103.65 		     0.395411
 65536      40000            107.92             106.57 		     0.203263
 131072     40000            109.97             109.93 		     0.104838
 262144     40000            108.15             107.52 		     0.051269
 524288     40000            110.33             110.33 		     0.026305
 1048576    40000            110.70             110.70 		     0.013197
 2097152    40000            110.61             109.29 		     0.006514
 4194304    40000            110.70             110.69 		     0.003299
 8388608    40000            110.56             110.06 		     0.001640
---------------------------------------------------------------------------------------
deallocating GPU buffer 00007fee0e000000
destroying current CUDA Ctx
