Perftest doesn't supports CUDA tests with inline messages: inline size set to 0
initializing CUDA
Listing all CUDA devices in system:
CUDA device 0: PCIe address is 06:00
CUDA device 1: PCIe address is 26:00
CUDA device 2: PCIe address is A6:00
CUDA device 3: PCIe address is C6:00

Picking device No. 0
[pid = 8855, dev = 0] device name = [NVIDIA H100 80GB HBM3]
creating CUDA Ctx
making it the current CUDA Ctx
CUDA device integrated: 0
using DMA-BUF for GPU buffer address at 0x7f0aaa000000 aligned at 0x7f0aaa000000 with aligned size 134217728
allocated GPU buffer of a 134217728 address at 0xdf1c50 for type CUDA_MEM_DEVICE
Calling ibv_reg_dmabuf_mr(offset=0, size=134217728, addr=0x7f0aaa000000, fd=58) for QP #0
---------------------------------------------------------------------------------------
                    RDMA_Write BW Test
 Dual-port       : OFF		Device         : mlx5_3
 Number of qps   : 8		Transport type : IB
 Connection type : RC		Using SRQ      : OFF
 PCIe relax order: ON		Lock-free      : OFF
 ibv_wr* API     : ON		Using DDP      : OFF
 TX depth        : 128
 CQ Moderation   : 100
 CQE Poll Batch  : Dynamic
 Mtu             : 4096[B]
 Link type       : Ethernet
 GID index       : 3
 Max inline data : 0[B]
 rdma_cm QPs	 : ON
 Data ex. method : rdma_cm 	TOS    : 41
---------------------------------------------------------------------------------------
 local address: LID 0000 QPN 0x0188 PSN 0xfa2a7e
 GID: 00:00:00:00:00:00:00:00:00:00:255:255:192:168:100:96
 local address: LID 0000 QPN 0x0189 PSN 0xa0b590
 GID: 00:00:00:00:00:00:00:00:00:00:255:255:192:168:100:96
 local address: LID 0000 QPN 0x018a PSN 0xbe2f9a
 GID: 00:00:00:00:00:00:00:00:00:00:255:255:192:168:100:96
 local address: LID 0000 QPN 0x018b PSN 0xdd3fe1
 GID: 00:00:00:00:00:00:00:00:00:00:255:255:192:168:100:96
 local address: LID 0000 QPN 0x018c PSN 0x760ee0
 GID: 00:00:00:00:00:00:00:00:00:00:255:255:192:168:100:96
 local address: LID 0000 QPN 0x018d PSN 0xb9eac2
 GID: 00:00:00:00:00:00:00:00:00:00:255:255:192:168:100:96
 local address: LID 0000 QPN 0x018e PSN 0xd501f9
 GID: 00:00:00:00:00:00:00:00:00:00:255:255:192:168:100:96
 local address: LID 0000 QPN 0x018f PSN 0xc8c8fe
 GID: 00:00:00:00:00:00:00:00:00:00:255:255:192:168:100:96
 remote address: LID 0000 QPN 0x0171 PSN 0x37277e
 GID: 00:00:00:00:00:00:00:00:00:00:255:255:192:168:100:91
 remote address: LID 0000 QPN 0x0172 PSN 0xe66e90
 GID: 00:00:00:00:00:00:00:00:00:00:255:255:192:168:100:91
 remote address: LID 0000 QPN 0x0173 PSN 0xa3f49a
 GID: 00:00:00:00:00:00:00:00:00:00:255:255:192:168:100:91
 remote address: LID 0000 QPN 0x0174 PSN 0xb020e1
 GID: 00:00:00:00:00:00:00:00:00:00:255:255:192:168:100:91
 remote address: LID 0000 QPN 0x0175 PSN 0x65dbe0
 GID: 00:00:00:00:00:00:00:00:00:00:255:255:192:168:100:91
 remote address: LID 0000 QPN 0x0176 PSN 0x233c2
 GID: 00:00:00:00:00:00:00:00:00:00:255:255:192:168:100:91
 remote address: LID 0000 QPN 0x0177 PSN 0x3216f9
 GID: 00:00:00:00:00:00:00:00:00:00:255:255:192:168:100:91
 remote address: LID 0000 QPN 0x0178 PSN 0x48b9fe
 GID: 00:00:00:00:00:00:00:00:00:00:255:255:192:168:100:91
---------------------------------------------------------------------------------------
 #bytes     #iterations    BW peak[Gb/sec]    BW average[Gb/sec]   MsgRate[Mpps]
 2          40000           0.032817            0.032272            2.017026
 4          40000           0.066359            0.065991            2.062212
 8          40000            0.13               0.13   		     2.078786
 16         40000            0.27               0.27   		     2.078724
 32         40000            0.53               0.52   		     2.012781
 64         40000            1.06               1.06   		     2.070373
 128        40000            2.14               2.12   		     2.070600
 256        40000            4.34               4.27   		     2.087027
 512        40000            8.41               8.39   		     2.048533
 1024       40000            17.00              16.96  		     2.070847
 2048       40000            34.36              34.17  		     2.085394
 4096       40000            69.75              69.54  		     2.122115
 8192       40000            142.06             141.38 		     2.157329
 16384      40000            208.86             208.84 		     1.593302
 32768      40000            209.82             209.78 		     0.800229
 65536      40000            210.28             210.26 		     0.401034
 131072     40000            210.50             210.49 		     0.200734
 262144     40000            210.60             210.60 		     0.100420
 524288     40000            210.66             210.66 		     0.050224
 1048576    40000            210.68             210.68 		     0.025115
 2097152    40000            210.69             210.69 		     0.012558
 4194304    40000            210.70             210.70 		     0.006279
 8388608    40000            210.73             210.73 		     0.003140
---------------------------------------------------------------------------------------
deallocating GPU buffer 00007f0aaa000000
destroying current CUDA Ctx
