Perftest doesn't supports CUDA tests with inline messages: inline size set to 0
initializing CUDA
Listing all CUDA devices in system:
CUDA device 0: PCIe address is 06:00
CUDA device 1: PCIe address is 26:00
CUDA device 2: PCIe address is A6:00
CUDA device 3: PCIe address is C6:00

Picking device No. 2
[pid = 8865, dev = 2] device name = [NVIDIA H100 80GB HBM3]
creating CUDA Ctx
making it the current CUDA Ctx
CUDA device integrated: 0
using DMA-BUF for GPU buffer address at 0x7fb102000000 aligned at 0x7fb102000000 with aligned size 134217728
allocated GPU buffer of a 134217728 address at 0xf6ac50 for type CUDA_MEM_DEVICE
Calling ibv_reg_dmabuf_mr(offset=0, size=134217728, addr=0x7fb102000000, fd=58) for QP #0
---------------------------------------------------------------------------------------
                    RDMA_Write BW Test
 Dual-port       : OFF		Device         : mlx5_3
 Number of qps   : 8		Transport type : IB
 Connection type : RC		Using SRQ      : OFF
 PCIe relax order: ON		Lock-free      : OFF
 ibv_wr* API     : ON		Using DDP      : OFF
 TX depth        : 128
 CQ Moderation   : 100
 CQE Poll Batch  : Dynamic
 Mtu             : 4096[B]
 Link type       : Ethernet
 GID index       : 3
 Max inline data : 0[B]
 rdma_cm QPs	 : ON
 Data ex. method : rdma_cm 	TOS    : 41
---------------------------------------------------------------------------------------
 local address: LID 0000 QPN 0x019a PSN 0xdb2582
 GID: 00:00:00:00:00:00:00:00:00:00:255:255:192:168:100:96
 local address: LID 0000 QPN 0x019b PSN 0xa12e44
 GID: 00:00:00:00:00:00:00:00:00:00:255:255:192:168:100:96
 local address: LID 0000 QPN 0x019c PSN 0x534c3e
 GID: 00:00:00:00:00:00:00:00:00:00:255:255:192:168:100:96
 local address: LID 0000 QPN 0x019d PSN 0x45c9b5
 GID: 00:00:00:00:00:00:00:00:00:00:255:255:192:168:100:96
 local address: LID 0000 QPN 0x019e PSN 0x3d3624
 GID: 00:00:00:00:00:00:00:00:00:00:255:255:192:168:100:96
 local address: LID 0000 QPN 0x019f PSN 0x7cbab6
 GID: 00:00:00:00:00:00:00:00:00:00:255:255:192:168:100:96
 local address: LID 0000 QPN 0x01a0 PSN 0x8cc4dd
 GID: 00:00:00:00:00:00:00:00:00:00:255:255:192:168:100:96
 local address: LID 0000 QPN 0x01a1 PSN 0x4f9c12
 GID: 00:00:00:00:00:00:00:00:00:00:255:255:192:168:100:96
 remote address: LID 0000 QPN 0x0183 PSN 0x1bc1a
 GID: 00:00:00:00:00:00:00:00:00:00:255:255:192:168:100:91
 remote address: LID 0000 QPN 0x0184 PSN 0x7bdcfc
 GID: 00:00:00:00:00:00:00:00:00:00:255:255:192:168:100:91
 remote address: LID 0000 QPN 0x0185 PSN 0x90096
 GID: 00:00:00:00:00:00:00:00:00:00:255:255:192:168:100:91
 remote address: LID 0000 QPN 0x0186 PSN 0xcaa32d
 GID: 00:00:00:00:00:00:00:00:00:00:255:255:192:168:100:91
 remote address: LID 0000 QPN 0x0187 PSN 0xcf9e3c
 GID: 00:00:00:00:00:00:00:00:00:00:255:255:192:168:100:91
 remote address: LID 0000 QPN 0x0188 PSN 0x789cee
 GID: 00:00:00:00:00:00:00:00:00:00:255:255:192:168:100:91
 remote address: LID 0000 QPN 0x0189 PSN 0xaa66b5
 GID: 00:00:00:00:00:00:00:00:00:00:255:255:192:168:100:91
 remote address: LID 0000 QPN 0x018a PSN 0x75950a
 GID: 00:00:00:00:00:00:00:00:00:00:255:255:192:168:100:91
---------------------------------------------------------------------------------------
 #bytes     #iterations    BW peak[Gb/sec]    BW average[Gb/sec]   MsgRate[Mpps]
 2          40000           0.031246            0.030621            1.913835
 4          40000           0.063886            0.063412            1.981614
 8          40000            0.13               0.13   		     1.973666
 16         40000            0.26               0.25   		     1.981902
 32         40000            0.51               0.49   		     1.910394
 64         40000            1.02               1.02   		     1.988411
 128        40000            2.03               2.02   		     1.976292
 256        40000            4.09               4.05   		     1.979508
 512        40000            8.16               8.13   		     1.984940
 1024       40000            16.23              16.13  		     1.969604
 2048       40000            32.17              32.05  		     1.956460
 4096       40000            73.36              68.19  		     2.080915
 8192       40000            107.71             86.99  		     1.327406
 16384      40000            107.75             103.92 		     0.792860
 32768      40000            108.96             105.29 		     0.401645
 65536      40000            108.49             107.12 		     0.204314
 131072     40000            108.47             107.40 		     0.102425
 262144     40000            109.88             109.77 		     0.052341
 524288     40000            108.01             106.44 		     0.025376
 1048576    40000            110.03             109.98 		     0.013111
 2097152    40000            111.11             111.05 		     0.006619
 4194304    40000            110.82             110.37 		     0.003289
 8388608    40000            111.01             110.46 		     0.001646
---------------------------------------------------------------------------------------
deallocating GPU buffer 00007fb102000000
destroying current CUDA Ctx
