Hostname:, torchrun-multipod-0
NUM PODS : 2
NUM PROCS: 4
NUM_ITER  : 10
MODEL    : d12
BS        : 32
SEQ LEN   : 1024
GRAD ACCUM: 2
BS TOTAL  : 524288
LOG FILE: /tmp/stdout_npods2_nprocs4_numiter10_gradaccum2_bs32_seq1024_totalbs524288_runidnewoc2nodes.log
NODE RANK: 0
PROFILE  : 0
TAG      : 2_4_2_0_d12_newoc2nodes
RUNID    : newoc2nodes
NCCL_SOCKET_NTHREADS : 2
NCCL_NSOCKS_PERTHREAD: 8
--------------------------
NV_LIBCUBLAS_VERSION=12.0.2.224-1
KUBERNETES_SERVICE_PORT_HTTPS=443
NVIDIA_VISIBLE_DEVICES=GPU-8f2b3b86-a0b5-f50d-317f-ce29d893368c,GPU-8882da6b-e623-38ab-d9f7-0f5ae95d8b5a,GPU-c13f96a2-0f4d-3698-9778-54a40f8d4408,GPU-d8a90186-ff8c-4bdd-aeab-cec8b704a12c
KUBERNETES_SERVICE_PORT=443
HOSTNAME=torchrun-multipod-0
NSS_SDB_USE_CACHE=no
MASTER_PORT=29500
NVIDIA_REQUIRE_CUDA=cuda>=12.0 brand=tesla,driver>=470,driver<471 brand=unknown,driver>=470,driver<471 brand=nvidia,driver>=470,driver<471 brand=nvidiartx,driver>=470,driver<471 brand=geforce,driver>=470,driver<471 brand=geforcertx,driver>=470,driver<471 brand=quadro,driver>=470,driver<471 brand=quadrortx,driver>=470,driver<471 brand=titan,driver>=470,driver<471 brand=titanrtx,driver>=470,driver<471
NV_NVTX_VERSION=12.0.140-1
NV_LIBCUSPARSE_VERSION=12.0.1.140-1
NV_LIBNPP_VERSION=12.0.1.104-1
NCCL_VERSION=2.16.5-1
PWD=/workspace
NVIDIA_DRIVER_CAPABILITIES=compute,utility
NV_LIBNPP_PACKAGE=libnpp-12-0=12.0.1.104-1
NVIDIA_PRODUCT_NAME=CUDA
NV_CUDA_CUDART_VERSION=12.0.146-1
HOME=/root
NCCL_NSOCKS_PERTHREAD=8
KUBERNETES_PORT_443_TCP=tcp://172.30.0.1:443
CUDA_VERSION=12.0.1
NV_LIBCUBLAS_PACKAGE=libcublas-12-0=12.0.2.224-1
NV_LIBCUBLAS_PACKAGE_NAME=libcublas-12-0
MASTER_ADDR=torchrun-multipod-0.torchrun-multipod
TERM=xterm
SHLVL=0
NODE_RANK=0
NV_CUDA_LIB_VERSION=12.0.1-1
NVARCH=x86_64
NCCL_SOCKET_NTHREADS=2
KUBERNETES_PORT_443_TCP_PROTO=tcp
KUBERNETES_PORT_443_TCP_ADDR=172.30.0.1
NV_CUDA_COMPAT_PACKAGE=cuda-compat-12-0
NV_LIBNCCL_PACKAGE=libnccl2=2.16.5-1+cuda12.0
LD_LIBRARY_PATH=/usr/local/nvidia/lib:/usr/local/nvidia/lib64
KUBERNETES_SERVICE_HOST=172.30.0.1
KUBERNETES_PORT=tcp://172.30.0.1:443
KUBERNETES_PORT_443_TCP_PORT=443
PATH=/usr/local/nvidia/bin:/usr/local/cuda/bin:/usr/local/sbin:/usr/local/bin:/usr/sbin:/usr/bin:/sbin:/bin
NV_LIBNCCL_PACKAGE_NAME=libnccl2
NV_LIBNCCL_PACKAGE_VERSION=2.16.5-1
_=/usr/bin/env
--------------------------
Dumping initial: /proc/net/dev
W0429 06:01:52.245000 54 torch/distributed/run.py:792] 
W0429 06:01:52.245000 54 torch/distributed/run.py:792] *****************************************
W0429 06:01:52.245000 54 torch/distributed/run.py:792] Setting OMP_NUM_THREADS environment variable for each process to be 1 in default, to avoid your system being overloaded, please further tune the variable for optimal performance in your application as needed. 
W0429 06:01:52.245000 54 torch/distributed/run.py:792] *****************************************
Running pytorch 2.6.0+cu124
using device: cuda:0
total desired batch size: 524288
=> calculated gradient accumulation steps: 2
using device: cuda:3
using device: cuda:2
using device: cuda:1
compiling the model...
DataLoader: total number of tokens: 100,000,000 across 1 files
num decayed parameter tensors: 50, with 124,318,464 parameters
num non-decayed parameter tensors: 98, with 121,344 parameters
using fused AdamW: False
using regular AdamW
step    1/10 | train loss 11.008974 | norm 15.7106 | lr 1.00e-04 | (169971.59 ms | 3085 tok/s)
step    2/10 | train loss 10.123232 | norm 5.8019 | lr 1.00e-04 | (367.00 ms | 1428584 tok/s)
step    3/10 | train loss 9.777212 | norm 2.6314 | lr 1.00e-04 | (357.67 ms | 1465862 tok/s)
step    4/10 | train loss 9.607347 | norm 2.1165 | lr 1.00e-04 | (526.75 ms | 995324 tok/s)
step    5/10 | train loss 9.524711 | norm 2.1076 | lr 1.00e-04 | (367.05 ms | 1428394 tok/s)
step    6/10 | train loss 9.443514 | norm 2.0012 | lr 1.00e-04 | (362.84 ms | 1444937 tok/s)
step    7/10 | train loss 9.358722 | norm 1.9491 | lr 1.00e-04 | (355.77 ms | 1473669 tok/s)
step    8/10 | train loss 9.269131 | norm 1.9124 | lr 1.00e-04 | (353.41 ms | 1483520 tok/s)
step    9/10 | train loss 9.176630 | norm 1.8636 | lr 1.00e-04 | (351.39 ms | 1492055 tok/s)
step   10/10 | train loss 9.088062 | norm 1.7782 | lr 1.00e-04 | (353.98 ms | 1481110 tok/s)
final 9 iters avg: 377.317ms
peak memory consumption: 19594 MiB
Dumping final: /proc/net/dev
