Hostname:, torchrun-multipod-0
NUM PODS : 2
NUM PROCS: 4
NUM_ITER  : 10
MODEL    : d12
BS        : 32
SEQ LEN   : 1024
GRAD ACCUM: 3
BS TOTAL  : 786432
LOG FILE: /tmp/stdout_npods2_nprocs4_numiter10_gradaccum3_bs32_seq1024_totalbs786432_runidnewoc2nodes.log
NODE RANK: 0
PROFILE  : 0
TAG      : 2_4_3_0_d12_newoc2nodes
RUNID    : newoc2nodes
NCCL_SOCKET_NTHREADS : 1
NCCL_NSOCKS_PERTHREAD: 4
--------------------------
NV_LIBCUBLAS_VERSION=12.0.2.224-1
KUBERNETES_SERVICE_PORT_HTTPS=443
NVIDIA_VISIBLE_DEVICES=GPU-c13f96a2-0f4d-3698-9778-54a40f8d4408,GPU-d8a90186-ff8c-4bdd-aeab-cec8b704a12c,GPU-8f2b3b86-a0b5-f50d-317f-ce29d893368c,GPU-8882da6b-e623-38ab-d9f7-0f5ae95d8b5a
KUBERNETES_SERVICE_PORT=443
HOSTNAME=torchrun-multipod-0
NSS_SDB_USE_CACHE=no
MASTER_PORT=29500
NVIDIA_REQUIRE_CUDA=cuda>=12.0 brand=tesla,driver>=470,driver<471 brand=unknown,driver>=470,driver<471 brand=nvidia,driver>=470,driver<471 brand=nvidiartx,driver>=470,driver<471 brand=geforce,driver>=470,driver<471 brand=geforcertx,driver>=470,driver<471 brand=quadro,driver>=470,driver<471 brand=quadrortx,driver>=470,driver<471 brand=titan,driver>=470,driver<471 brand=titanrtx,driver>=470,driver<471
NV_NVTX_VERSION=12.0.140-1
NV_LIBCUSPARSE_VERSION=12.0.1.140-1
NV_LIBNPP_VERSION=12.0.1.104-1
NCCL_VERSION=2.16.5-1
PWD=/workspace
NVIDIA_DRIVER_CAPABILITIES=compute,utility
NV_LIBNPP_PACKAGE=libnpp-12-0=12.0.1.104-1
NVIDIA_PRODUCT_NAME=CUDA
NV_CUDA_CUDART_VERSION=12.0.146-1
HOME=/root
NCCL_NSOCKS_PERTHREAD=4
KUBERNETES_PORT_443_TCP=tcp://172.30.0.1:443
CUDA_VERSION=12.0.1
NV_LIBCUBLAS_PACKAGE=libcublas-12-0=12.0.2.224-1
NV_LIBCUBLAS_PACKAGE_NAME=libcublas-12-0
MASTER_ADDR=torchrun-multipod-0.torchrun-multipod
TERM=xterm
SHLVL=0
NODE_RANK=0
NV_CUDA_LIB_VERSION=12.0.1-1
NVARCH=x86_64
NCCL_SOCKET_NTHREADS=1
KUBERNETES_PORT_443_TCP_PROTO=tcp
KUBERNETES_PORT_443_TCP_ADDR=172.30.0.1
NV_CUDA_COMPAT_PACKAGE=cuda-compat-12-0
NV_LIBNCCL_PACKAGE=libnccl2=2.16.5-1+cuda12.0
LD_LIBRARY_PATH=/usr/local/nvidia/lib:/usr/local/nvidia/lib64
KUBERNETES_SERVICE_HOST=172.30.0.1
KUBERNETES_PORT=tcp://172.30.0.1:443
KUBERNETES_PORT_443_TCP_PORT=443
PATH=/usr/local/nvidia/bin:/usr/local/cuda/bin:/usr/local/sbin:/usr/local/bin:/usr/sbin:/usr/bin:/sbin:/bin
NV_LIBNCCL_PACKAGE_NAME=libnccl2
NV_LIBNCCL_PACKAGE_VERSION=2.16.5-1
_=/usr/bin/env
--------------------------
Dumping initial: /proc/net/dev
W0429 07:29:12.637000 54 torch/distributed/run.py:792] 
W0429 07:29:12.637000 54 torch/distributed/run.py:792] *****************************************
W0429 07:29:12.637000 54 torch/distributed/run.py:792] Setting OMP_NUM_THREADS environment variable for each process to be 1 in default, to avoid your system being overloaded, please further tune the variable for optimal performance in your application as needed. 
W0429 07:29:12.637000 54 torch/distributed/run.py:792] *****************************************
Running pytorch 2.6.0+cu124
using device: cuda:0
total desired batch size: 786432
=> calculated gradient accumulation steps: 3
using device: cuda:1
using device: cuda:2
using device: cuda:3
compiling the model...
DataLoader: total number of tokens: 100,000,000 across 1 files
num decayed parameter tensors: 50, with 124,318,464 parameters
num non-decayed parameter tensors: 98, with 121,344 parameters
using fused AdamW: False
using regular AdamW
step    1/10 | train loss 11.010593 | norm 15.5177 | lr 1.00e-04 | (168878.16 ms | 4657 tok/s)
step    2/10 | train loss 10.133060 | norm 5.7704 | lr 1.00e-04 | (637.57 ms | 1233481 tok/s)
step    3/10 | train loss 9.789808 | norm 2.6244 | lr 1.00e-04 | (611.82 ms | 1285392 tok/s)
step    4/10 | train loss 9.619395 | norm 2.1221 | lr 1.00e-04 | (584.85 ms | 1344674 tok/s)
step    5/10 | train loss 9.536026 | norm 2.1102 | lr 1.00e-04 | (548.37 ms | 1434138 tok/s)
step    6/10 | train loss 9.454278 | norm 2.0041 | lr 1.00e-04 | (565.33 ms | 1391102 tok/s)
step    7/10 | train loss 9.368486 | norm 1.9533 | lr 1.00e-04 | (548.31 ms | 1434295 tok/s)
step    8/10 | train loss 9.276955 | norm 1.9199 | lr 1.00e-04 | (551.13 ms | 1426957 tok/s)
step    9/10 | train loss 9.181939 | norm 1.8692 | lr 1.00e-04 | (570.69 ms | 1378046 tok/s)
step   10/10 | train loss 9.094183 | norm 1.7928 | lr 1.00e-04 | (544.27 ms | 1444932 tok/s)
final 9 iters avg: 573.592ms
peak memory consumption: 19594 MiB
Dumping final: /proc/net/dev
