Hostname:, torchrun-multipod-0
NUM PODS : 2
NUM PROCS: 4
NUM_ITER  : 10
MODEL    : d12
BS        : 32
SEQ LEN   : 1024
GRAD ACCUM: 1
BS TOTAL  : 262144
LOG FILE: /tmp/stdout_npods2_nprocs4_numiter10_gradaccum1_bs32_seq1024_totalbs262144_runidnewoc2nodes.log
NODE RANK: 0
PROFILE  : 0
TAG      : 2_4_1_0_d12_newoc2nodes
RUNID    : newoc2nodes
NCCL_SOCKET_NTHREADS : 1
NCCL_NSOCKS_PERTHREAD: 8
--------------------------
NV_LIBCUBLAS_VERSION=12.0.2.224-1
KUBERNETES_SERVICE_PORT_HTTPS=443
NVIDIA_VISIBLE_DEVICES=GPU-cbf226a0-ff7e-6bd1-5327-3c4e7226d3ac,GPU-d61cecf1-6a91-6efd-dae1-86a1e5ffd573,GPU-4c83146c-810a-bbdb-8a14-534fff322c6e,GPU-a70eeea6-22e1-fb71-c1ee-2f4d97dd261f
KUBERNETES_SERVICE_PORT=443
HOSTNAME=torchrun-multipod-0
NSS_SDB_USE_CACHE=no
MASTER_PORT=29500
NVIDIA_REQUIRE_CUDA=cuda>=12.0 brand=tesla,driver>=470,driver<471 brand=unknown,driver>=470,driver<471 brand=nvidia,driver>=470,driver<471 brand=nvidiartx,driver>=470,driver<471 brand=geforce,driver>=470,driver<471 brand=geforcertx,driver>=470,driver<471 brand=quadro,driver>=470,driver<471 brand=quadrortx,driver>=470,driver<471 brand=titan,driver>=470,driver<471 brand=titanrtx,driver>=470,driver<471
NV_NVTX_VERSION=12.0.140-1
NV_LIBCUSPARSE_VERSION=12.0.1.140-1
NV_LIBNPP_VERSION=12.0.1.104-1
NCCL_VERSION=2.16.5-1
PWD=/workspace
NVIDIA_DRIVER_CAPABILITIES=compute,utility
NV_LIBNPP_PACKAGE=libnpp-12-0=12.0.1.104-1
NVIDIA_PRODUCT_NAME=CUDA
NV_CUDA_CUDART_VERSION=12.0.146-1
HOME=/root
NCCL_NSOCKS_PERTHREAD=8
KUBERNETES_PORT_443_TCP=tcp://172.30.0.1:443
CUDA_VERSION=12.0.1
NV_LIBCUBLAS_PACKAGE=libcublas-12-0=12.0.2.224-1
NV_LIBCUBLAS_PACKAGE_NAME=libcublas-12-0
MASTER_ADDR=torchrun-multipod-0.torchrun-multipod
TERM=xterm
SHLVL=0
NODE_RANK=0
NV_CUDA_LIB_VERSION=12.0.1-1
NVARCH=x86_64
NCCL_SOCKET_NTHREADS=1
KUBERNETES_PORT_443_TCP_PROTO=tcp
KUBERNETES_PORT_443_TCP_ADDR=172.30.0.1
NV_CUDA_COMPAT_PACKAGE=cuda-compat-12-0
NV_LIBNCCL_PACKAGE=libnccl2=2.16.5-1+cuda12.0
LD_LIBRARY_PATH=/usr/local/nvidia/lib:/usr/local/nvidia/lib64
KUBERNETES_SERVICE_HOST=172.30.0.1
KUBERNETES_PORT=tcp://172.30.0.1:443
KUBERNETES_PORT_443_TCP_PORT=443
PATH=/usr/local/nvidia/bin:/usr/local/cuda/bin:/usr/local/sbin:/usr/local/bin:/usr/sbin:/usr/bin:/sbin:/bin
NV_LIBNCCL_PACKAGE_NAME=libnccl2
NV_LIBNCCL_PACKAGE_VERSION=2.16.5-1
_=/usr/bin/env
--------------------------
Dumping initial: /proc/net/dev
W0429 03:33:58.223000 54 torch/distributed/run.py:792] 
W0429 03:33:58.223000 54 torch/distributed/run.py:792] *****************************************
W0429 03:33:58.223000 54 torch/distributed/run.py:792] Setting OMP_NUM_THREADS environment variable for each process to be 1 in default, to avoid your system being overloaded, please further tune the variable for optimal performance in your application as needed. 
W0429 03:33:58.223000 54 torch/distributed/run.py:792] *****************************************
Running pytorch 2.6.0+cu124
using device: cuda:0
total desired batch size: 262144
=> calculated gradient accumulation steps: 1
using device: cuda:1
using device: cuda:2
using device: cuda:3
compiling the model...
DataLoader: total number of tokens: 100,000,000 across 1 files
num decayed parameter tensors: 50, with 124,318,464 parameters
num non-decayed parameter tensors: 98, with 121,344 parameters
using fused AdamW: False
using regular AdamW
step    1/10 | train loss 11.008533 | norm 15.8511 | lr 1.00e-04 | (168610.17 ms | 1555 tok/s)
step    2/10 | train loss 10.116476 | norm 5.8733 | lr 1.00e-04 | (441.36 ms | 593949 tok/s)
step    3/10 | train loss 9.766003 | norm 2.6306 | lr 1.00e-04 | (476.94 ms | 549633 tok/s)
step    4/10 | train loss 9.596258 | norm 2.1068 | lr 1.00e-04 | (487.22 ms | 538042 tok/s)
step    5/10 | train loss 9.513401 | norm 2.1000 | lr 1.00e-04 | (460.19 ms | 569644 tok/s)
step    6/10 | train loss 9.431209 | norm 1.9936 | lr 1.00e-04 | (417.22 ms | 628316 tok/s)
step    7/10 | train loss 9.345903 | norm 1.9369 | lr 1.00e-04 | (479.64 ms | 546547 tok/s)
step    8/10 | train loss 9.256419 | norm 1.9010 | lr 1.00e-04 | (433.21 ms | 605114 tok/s)
step    9/10 | train loss 9.164136 | norm 1.8592 | lr 1.00e-04 | (436.53 ms | 600523 tok/s)
step   10/10 | train loss 9.071939 | norm 1.7839 | lr 1.00e-04 | (481.39 ms | 544554 tok/s)
final 9 iters avg: 457.077ms
peak memory consumption: 19114 MiB
Dumping final: /proc/net/dev
