Disabling dynamic polling

************************************
* Waiting for client to connect... *
************************************
initializing CUDA
Listing all CUDA devices in system:
CUDA device 0: PCIe address is 06:00
CUDA device 1: PCIe address is 26:00
CUDA device 2: PCIe address is A6:00
CUDA device 3: PCIe address is C6:00

Picking device No. 1
[pid = 9100, dev = 1] device name = [NVIDIA H100 80GB HBM3]
creating CUDA Ctx
making it the current CUDA Ctx
CUDA device integrated: 0
using DMA-BUF for GPU buffer address at 0x7f1d26000000 aligned at 0x7f1d26000000 with aligned size 134217728
allocated GPU buffer of a 134217728 address at 0x59fc30 for type CUDA_MEM_DEVICE
Calling ibv_reg_dmabuf_mr(offset=0, size=134217728, addr=0x7f1d26000000, fd=58) for QP #0
---------------------------------------------------------------------------------------
                    RDMA_Read BW Test
 Dual-port       : OFF		Device         : mlx5_3
 Number of qps   : 8		Transport type : IB
 Connection type : RC		Using SRQ      : OFF
 PCIe relax order: ON		Lock-free      : OFF
 ibv_wr* API     : ON		Using DDP      : OFF
 CQ Moderation   : 100
 CQE Poll Batch  : 16
 Mtu             : 4096[B]
 Link type       : Ethernet
 GID index       : 3
 Outstand reads  : 16
 rdma_cm QPs	 : ON
 Data ex. method : rdma_cm 	TOS    : 41
---------------------------------------------------------------------------------------
 Waiting for client rdma_cm QP to connect
 Please run the same command with the IB/RoCE interface IP
---------------------------------------------------------------------------------------
 local address: LID 0000 QPN 0x019e PSN 0x7e425c
 GID: 00:00:00:00:00:00:00:00:00:00:255:255:192:168:100:91
 local address: LID 0000 QPN 0x019f PSN 0xf85316
 GID: 00:00:00:00:00:00:00:00:00:00:255:255:192:168:100:91
 local address: LID 0000 QPN 0x01a0 PSN 0x1aa5a8
 GID: 00:00:00:00:00:00:00:00:00:00:255:255:192:168:100:91
 local address: LID 0000 QPN 0x01a1 PSN 0x3417d7
 GID: 00:00:00:00:00:00:00:00:00:00:255:255:192:168:100:91
 local address: LID 0000 QPN 0x01a2 PSN 0x3f069e
 GID: 00:00:00:00:00:00:00:00:00:00:255:255:192:168:100:91
 local address: LID 0000 QPN 0x01a3 PSN 0x81aa8
 GID: 00:00:00:00:00:00:00:00:00:00:255:255:192:168:100:91
 local address: LID 0000 QPN 0x01a4 PSN 0x300ae7
 GID: 00:00:00:00:00:00:00:00:00:00:255:255:192:168:100:91
 local address: LID 0000 QPN 0x01a5 PSN 0xf96a54
 GID: 00:00:00:00:00:00:00:00:00:00:255:255:192:168:100:91
 remote address: LID 0000 QPN 0x01b5 PSN 0xc7127a
 GID: 00:00:00:00:00:00:00:00:00:00:255:255:192:168:100:96
 remote address: LID 0000 QPN 0x01b6 PSN 0x125713
 GID: 00:00:00:00:00:00:00:00:00:00:255:255:192:168:100:96
 remote address: LID 0000 QPN 0x01b7 PSN 0x89332b
 GID: 00:00:00:00:00:00:00:00:00:00:255:255:192:168:100:96
 remote address: LID 0000 QPN 0x01b8 PSN 0xb79767
 GID: 00:00:00:00:00:00:00:00:00:00:255:255:192:168:100:96
 remote address: LID 0000 QPN 0x01b9 PSN 0xe2a25
 GID: 00:00:00:00:00:00:00:00:00:00:255:255:192:168:100:96
 remote address: LID 0000 QPN 0x01ba PSN 0x2311ed
 GID: 00:00:00:00:00:00:00:00:00:00:255:255:192:168:100:96
 remote address: LID 0000 QPN 0x01bb PSN 0xf8de12
 GID: 00:00:00:00:00:00:00:00:00:00:255:255:192:168:100:96
 remote address: LID 0000 QPN 0x01bc PSN 0x61826d
 GID: 00:00:00:00:00:00:00:00:00:00:255:255:192:168:100:96
---------------------------------------------------------------------------------------
 #bytes     #iterations    BW peak[Gb/sec]    BW average[Gb/sec]   MsgRate[Mpps]
 8388608    8000             168.99             168.99 		     0.002518
---------------------------------------------------------------------------------------
deallocating GPU buffer 00007f1d26000000
destroying current CUDA Ctx
