Disabling dynamic polling

************************************
* Waiting for client to connect... *
************************************
initializing CUDA
Listing all CUDA devices in system:
CUDA device 0: PCIe address is 06:00
CUDA device 1: PCIe address is 26:00
CUDA device 2: PCIe address is A6:00
CUDA device 3: PCIe address is C6:00

Picking device No. 3
[pid = 9108, dev = 3] device name = [NVIDIA H100 80GB HBM3]
creating CUDA Ctx
making it the current CUDA Ctx
CUDA device integrated: 0
using DMA-BUF for GPU buffer address at 0x7fbbe6000000 aligned at 0x7fbbe6000000 with aligned size 134217728
allocated GPU buffer of a 134217728 address at 0xb54c30 for type CUDA_MEM_DEVICE
Calling ibv_reg_dmabuf_mr(offset=0, size=134217728, addr=0x7fbbe6000000, fd=58) for QP #0
---------------------------------------------------------------------------------------
                    RDMA_Read BW Test
 Dual-port       : OFF		Device         : mlx5_3
 Number of qps   : 8		Transport type : IB
 Connection type : RC		Using SRQ      : OFF
 PCIe relax order: ON		Lock-free      : OFF
 ibv_wr* API     : ON		Using DDP      : OFF
 CQ Moderation   : 100
 CQE Poll Batch  : 16
 Mtu             : 4096[B]
 Link type       : Ethernet
 GID index       : 3
 Outstand reads  : 16
 rdma_cm QPs	 : ON
 Data ex. method : rdma_cm 	TOS    : 41
---------------------------------------------------------------------------------------
 Waiting for client rdma_cm QP to connect
 Please run the same command with the IB/RoCE interface IP
---------------------------------------------------------------------------------------
 local address: LID 0000 QPN 0x01b0 PSN 0xb6a858
 GID: 00:00:00:00:00:00:00:00:00:00:255:255:192:168:100:91
 local address: LID 0000 QPN 0x01b1 PSN 0xec2762
 GID: 00:00:00:00:00:00:00:00:00:00:255:255:192:168:100:91
 local address: LID 0000 QPN 0x01b2 PSN 0xb85204
 GID: 00:00:00:00:00:00:00:00:00:00:255:255:192:168:100:91
 local address: LID 0000 QPN 0x01b3 PSN 0x12303
 GID: 00:00:00:00:00:00:00:00:00:00:255:255:192:168:100:91
 local address: LID 0000 QPN 0x01b4 PSN 0x26505a
 GID: 00:00:00:00:00:00:00:00:00:00:255:255:192:168:100:91
 local address: LID 0000 QPN 0x01b5 PSN 0x1167b4
 GID: 00:00:00:00:00:00:00:00:00:00:255:255:192:168:100:91
 local address: LID 0000 QPN 0x01b6 PSN 0x6ea103
 GID: 00:00:00:00:00:00:00:00:00:00:255:255:192:168:100:91
 local address: LID 0000 QPN 0x01b7 PSN 0x4c7c40
 GID: 00:00:00:00:00:00:00:00:00:00:255:255:192:168:100:91
 remote address: LID 0000 QPN 0x01c7 PSN 0x8c7daa
 GID: 00:00:00:00:00:00:00:00:00:00:255:255:192:168:100:96
 remote address: LID 0000 QPN 0x01c8 PSN 0x37a74c
 GID: 00:00:00:00:00:00:00:00:00:00:255:255:192:168:100:96
 remote address: LID 0000 QPN 0x01c9 PSN 0x8204a6
 GID: 00:00:00:00:00:00:00:00:00:00:255:255:192:168:100:96
 remote address: LID 0000 QPN 0x01ca PSN 0xb7bdfd
 GID: 00:00:00:00:00:00:00:00:00:00:255:255:192:168:100:96
 remote address: LID 0000 QPN 0x01cb PSN 0x9ae8cc
 GID: 00:00:00:00:00:00:00:00:00:00:255:255:192:168:100:96
 remote address: LID 0000 QPN 0x01cc PSN 0xc4bc3e
 GID: 00:00:00:00:00:00:00:00:00:00:255:255:192:168:100:96
 remote address: LID 0000 QPN 0x01cd PSN 0xf59bc5
 GID: 00:00:00:00:00:00:00:00:00:00:255:255:192:168:100:96
 remote address: LID 0000 QPN 0x01ce PSN 0xe78cda
 GID: 00:00:00:00:00:00:00:00:00:00:255:255:192:168:100:96
---------------------------------------------------------------------------------------
 #bytes     #iterations    BW peak[Gb/sec]    BW average[Gb/sec]   MsgRate[Mpps]
 8388608    8000             110.74             110.74 		     0.001650
---------------------------------------------------------------------------------------
deallocating GPU buffer 00007fbbe6000000
destroying current CUDA Ctx
