Disabling dynamic polling

************************************
* Waiting for client to connect... *
************************************
initializing CUDA
Listing all CUDA devices in system:
CUDA device 0: PCIe address is 06:00
CUDA device 1: PCIe address is 26:00
CUDA device 2: PCIe address is A6:00
CUDA device 3: PCIe address is C6:00

Picking device No. 0
[pid = 9096, dev = 0] device name = [NVIDIA H100 80GB HBM3]
creating CUDA Ctx
making it the current CUDA Ctx
CUDA device integrated: 0
using DMA-BUF for GPU buffer address at 0x7f14d2000000 aligned at 0x7f14d2000000 with aligned size 134217728
allocated GPU buffer of a 134217728 address at 0x460c30 for type CUDA_MEM_DEVICE
Calling ibv_reg_dmabuf_mr(offset=0, size=134217728, addr=0x7f14d2000000, fd=58) for QP #0
---------------------------------------------------------------------------------------
                    RDMA_Read BW Test
 Dual-port       : OFF		Device         : mlx5_3
 Number of qps   : 8		Transport type : IB
 Connection type : RC		Using SRQ      : OFF
 PCIe relax order: ON		Lock-free      : OFF
 ibv_wr* API     : ON		Using DDP      : OFF
 CQ Moderation   : 100
 CQE Poll Batch  : 16
 Mtu             : 4096[B]
 Link type       : Ethernet
 GID index       : 3
 Outstand reads  : 16
 rdma_cm QPs	 : ON
 Data ex. method : rdma_cm 	TOS    : 41
---------------------------------------------------------------------------------------
 Waiting for client rdma_cm QP to connect
 Please run the same command with the IB/RoCE interface IP
---------------------------------------------------------------------------------------
 local address: LID 0000 QPN 0x0195 PSN 0xb2a796
 GID: 00:00:00:00:00:00:00:00:00:00:255:255:192:168:100:91
 local address: LID 0000 QPN 0x0196 PSN 0xb188c8
 GID: 00:00:00:00:00:00:00:00:00:00:255:255:192:168:100:91
 local address: LID 0000 QPN 0x0197 PSN 0x4c6e72
 GID: 00:00:00:00:00:00:00:00:00:00:255:255:192:168:100:91
 local address: LID 0000 QPN 0x0198 PSN 0x411d9
 GID: 00:00:00:00:00:00:00:00:00:00:255:255:192:168:100:91
 local address: LID 0000 QPN 0x0199 PSN 0x424578
 GID: 00:00:00:00:00:00:00:00:00:00:255:255:192:168:100:91
 local address: LID 0000 QPN 0x019a PSN 0xd9b97a
 GID: 00:00:00:00:00:00:00:00:00:00:255:255:192:168:100:91
 local address: LID 0000 QPN 0x019b PSN 0xb95651
 GID: 00:00:00:00:00:00:00:00:00:00:255:255:192:168:100:91
 local address: LID 0000 QPN 0x019c PSN 0xe7c276
 GID: 00:00:00:00:00:00:00:00:00:00:255:255:192:168:100:91
 remote address: LID 0000 QPN 0x01ac PSN 0x2aa76
 GID: 00:00:00:00:00:00:00:00:00:00:255:255:192:168:100:96
 remote address: LID 0000 QPN 0x01ad PSN 0xd80228
 GID: 00:00:00:00:00:00:00:00:00:00:255:255:192:168:100:96
 remote address: LID 0000 QPN 0x01ae PSN 0x3a5c52
 GID: 00:00:00:00:00:00:00:00:00:00:255:255:192:168:100:96
 remote address: LID 0000 QPN 0x01af PSN 0x899a39
 GID: 00:00:00:00:00:00:00:00:00:00:255:255:192:168:100:96
 remote address: LID 0000 QPN 0x01b0 PSN 0x239658
 GID: 00:00:00:00:00:00:00:00:00:00:255:255:192:168:100:96
 remote address: LID 0000 QPN 0x01b1 PSN 0xf268da
 GID: 00:00:00:00:00:00:00:00:00:00:255:255:192:168:100:96
 remote address: LID 0000 QPN 0x01b2 PSN 0x4c4231
 GID: 00:00:00:00:00:00:00:00:00:00:255:255:192:168:100:96
 remote address: LID 0000 QPN 0x01b3 PSN 0xe170d6
 GID: 00:00:00:00:00:00:00:00:00:00:255:255:192:168:100:96
---------------------------------------------------------------------------------------
 #bytes     #iterations    BW peak[Gb/sec]    BW average[Gb/sec]   MsgRate[Mpps]
 8388608    8000             170.92             170.92 		     0.002547
---------------------------------------------------------------------------------------
deallocating GPU buffer 00007f14d2000000
destroying current CUDA Ctx
