Disabling dynamic polling
initializing CUDA
Listing all CUDA devices in system:
CUDA device 0: PCIe address is 06:00
CUDA device 1: PCIe address is 26:00
CUDA device 2: PCIe address is A6:00
CUDA device 3: PCIe address is C6:00

Picking device No. 0
[pid = 9331, dev = 0] device name = [NVIDIA H100 80GB HBM3]
creating CUDA Ctx
making it the current CUDA Ctx
CUDA device integrated: 0
using DMA-BUF for GPU buffer address at 0x7fbcfe000000 aligned at 0x7fbcfe000000 with aligned size 134217728
allocated GPU buffer of a 134217728 address at 0xe6d640 for type CUDA_MEM_DEVICE
Calling ibv_reg_dmabuf_mr(offset=0, size=134217728, addr=0x7fbcfe000000, fd=58) for QP #0
---------------------------------------------------------------------------------------
                    RDMA_Read BW Test
 Dual-port       : OFF		Device         : mlx5_4
 Number of qps   : 8		Transport type : IB
 Connection type : RC		Using SRQ      : OFF
 PCIe relax order: ON		Lock-free      : OFF
 ibv_wr* API     : ON		Using DDP      : OFF
 TX depth        : 128
 CQ Moderation   : 100
 CQE Poll Batch  : 16
 Mtu             : 4096[B]
 Link type       : Ethernet
 GID index       : 3
 Outstand reads  : 16
 rdma_cm QPs	 : ON
 Data ex. method : rdma_cm 	TOS    : 41
---------------------------------------------------------------------------------------
 local address: LID 0000 QPN 0x0181 PSN 0x4d39e6
 GID: 00:00:00:00:00:00:00:00:00:00:255:255:192:168:103:91
 local address: LID 0000 QPN 0x0182 PSN 0x2c280f
 GID: 00:00:00:00:00:00:00:00:00:00:255:255:192:168:103:91
 local address: LID 0000 QPN 0x0183 PSN 0x999677
 GID: 00:00:00:00:00:00:00:00:00:00:255:255:192:168:103:91
 local address: LID 0000 QPN 0x0184 PSN 0xf826c3
 GID: 00:00:00:00:00:00:00:00:00:00:255:255:192:168:103:91
 local address: LID 0000 QPN 0x0185 PSN 0x27dc51
 GID: 00:00:00:00:00:00:00:00:00:00:255:255:192:168:103:91
 local address: LID 0000 QPN 0x0186 PSN 0xb776a9
 GID: 00:00:00:00:00:00:00:00:00:00:255:255:192:168:103:91
 local address: LID 0000 QPN 0x0187 PSN 0xf8aa1e
 GID: 00:00:00:00:00:00:00:00:00:00:255:255:192:168:103:91
 local address: LID 0000 QPN 0x0188 PSN 0xae2b89
 GID: 00:00:00:00:00:00:00:00:00:00:255:255:192:168:103:91
 remote address: LID 0000 QPN 0x0181 PSN 0x8b385a
 GID: 00:00:00:00:00:00:00:00:00:00:255:255:192:168:103:96
 remote address: LID 0000 QPN 0x0182 PSN 0x1db773
 GID: 00:00:00:00:00:00:00:00:00:00:255:255:192:168:103:96
 remote address: LID 0000 QPN 0x0183 PSN 0x777c0b
 GID: 00:00:00:00:00:00:00:00:00:00:255:255:192:168:103:96
 remote address: LID 0000 QPN 0x0184 PSN 0x25dec7
 GID: 00:00:00:00:00:00:00:00:00:00:255:255:192:168:103:96
 remote address: LID 0000 QPN 0x0185 PSN 0xa2ce05
 GID: 00:00:00:00:00:00:00:00:00:00:255:255:192:168:103:96
 remote address: LID 0000 QPN 0x0186 PSN 0x28184d
 GID: 00:00:00:00:00:00:00:00:00:00:255:255:192:168:103:96
 remote address: LID 0000 QPN 0x0187 PSN 0x56d4f2
 GID: 00:00:00:00:00:00:00:00:00:00:255:255:192:168:103:96
 remote address: LID 0000 QPN 0x0188 PSN 0xb0dfcd
 GID: 00:00:00:00:00:00:00:00:00:00:255:255:192:168:103:96
---------------------------------------------------------------------------------------
 #bytes     #iterations    BW peak[Gb/sec]    BW average[Gb/sec]   MsgRate[Mpps]
 2          8000           0.033958            0.033399            2.087441
 4          8000           0.068966            0.067866            2.120823
 8          8000             0.14               0.14   		     2.136860
 16         8000             0.28               0.27   		     2.141844
 32         8000             0.55               0.55   		     2.132702
 64         8000             1.10               1.09   		     2.137603
 128        8000             2.18               2.17   		     2.118695
 256        8000             4.39               4.35   		     2.123875
 512        8000             8.75               8.70   		     2.123914
 1024       8000             17.27              16.90  		     2.063047
 2048       8000             34.88              34.69  		     2.117573
 4096       8000             51.38              51.28  		     1.564991
 8192       8000             52.85              51.46  		     0.785264
 16384      8000             88.91              75.42  		     0.575378
 32768      8000             103.06             89.97  		     0.343200
 65536      8000             104.94             96.64  		     0.184323
 131072     8000             105.56             92.35  		     0.088075
 262144     8000             104.01             102.54 		     0.048897
 524288     8000             109.34             109.34 		     0.026068
 1048576    8000             109.88             109.88 		     0.013099
 2097152    8000             110.61             110.52 		     0.006588
 4194304    8000             110.10             109.92 		     0.003276
 8388608    8000             110.52             110.52 		     0.001647
---------------------------------------------------------------------------------------
deallocating GPU buffer 00007fbcfe000000
destroying current CUDA Ctx
