Disabling dynamic polling
initializing CUDA
Listing all CUDA devices in system:
CUDA device 0: PCIe address is 06:00
CUDA device 1: PCIe address is 26:00
CUDA device 2: PCIe address is A6:00
CUDA device 3: PCIe address is C6:00

Picking device No. 2
[pid = 9361, dev = 2] device name = [NVIDIA H100 80GB HBM3]
creating CUDA Ctx
making it the current CUDA Ctx
CUDA device integrated: 0
using DMA-BUF for GPU buffer address at 0x7f9c52000000 aligned at 0x7f9c52000000 with aligned size 134217728
allocated GPU buffer of a 134217728 address at 0x203c640 for type CUDA_MEM_DEVICE
Calling ibv_reg_dmabuf_mr(offset=0, size=134217728, addr=0x7f9c52000000, fd=58) for QP #0
---------------------------------------------------------------------------------------
                    RDMA_Read BW Test
 Dual-port       : OFF		Device         : mlx5_5
 Number of qps   : 8		Transport type : IB
 Connection type : RC		Using SRQ      : OFF
 PCIe relax order: ON		Lock-free      : OFF
 ibv_wr* API     : ON		Using DDP      : OFF
 TX depth        : 128
 CQ Moderation   : 100
 CQE Poll Batch  : 16
 Mtu             : 4096[B]
 Link type       : Ethernet
 GID index       : 3
 Outstand reads  : 16
 rdma_cm QPs	 : ON
 Data ex. method : rdma_cm 	TOS    : 41
---------------------------------------------------------------------------------------
 local address: LID 0000 QPN 0x0197 PSN 0x34d269
 GID: 00:00:00:00:00:00:00:00:00:00:255:255:192:168:102:91
 local address: LID 0000 QPN 0x0198 PSN 0x1b569f
 GID: 00:00:00:00:00:00:00:00:00:00:255:255:192:168:102:91
 local address: LID 0000 QPN 0x0199 PSN 0x7c3cfd
 GID: 00:00:00:00:00:00:00:00:00:00:255:255:192:168:102:91
 local address: LID 0000 QPN 0x019a PSN 0x13e508
 GID: 00:00:00:00:00:00:00:00:00:00:255:255:192:168:102:91
 local address: LID 0000 QPN 0x019b PSN 0xf6a7b
 GID: 00:00:00:00:00:00:00:00:00:00:255:255:192:168:102:91
 local address: LID 0000 QPN 0x019c PSN 0x372dc1
 GID: 00:00:00:00:00:00:00:00:00:00:255:255:192:168:102:91
 local address: LID 0000 QPN 0x019d PSN 0x6fa28c
 GID: 00:00:00:00:00:00:00:00:00:00:255:255:192:168:102:91
 local address: LID 0000 QPN 0x019e PSN 0x673995
 GID: 00:00:00:00:00:00:00:00:00:00:255:255:192:168:102:91
 remote address: LID 0000 QPN 0x0193 PSN 0x9b3336
 GID: 00:00:00:00:00:00:00:00:00:00:255:255:192:168:102:96
 remote address: LID 0000 QPN 0x0194 PSN 0xa6bbe8
 GID: 00:00:00:00:00:00:00:00:00:00:255:255:192:168:102:96
 remote address: LID 0000 QPN 0x0195 PSN 0x21f312
 GID: 00:00:00:00:00:00:00:00:00:00:255:255:192:168:102:96
 remote address: LID 0000 QPN 0x0196 PSN 0x9549f9
 GID: 00:00:00:00:00:00:00:00:00:00:255:255:192:168:102:96
 remote address: LID 0000 QPN 0x0197 PSN 0x3eb18
 GID: 00:00:00:00:00:00:00:00:00:00:255:255:192:168:102:96
 remote address: LID 0000 QPN 0x0198 PSN 0x9afe9a
 GID: 00:00:00:00:00:00:00:00:00:00:255:255:192:168:102:96
 remote address: LID 0000 QPN 0x0199 PSN 0x9e84f1
 GID: 00:00:00:00:00:00:00:00:00:00:255:255:192:168:102:96
 remote address: LID 0000 QPN 0x019a PSN 0xe05c96
 GID: 00:00:00:00:00:00:00:00:00:00:255:255:192:168:102:96
---------------------------------------------------------------------------------------
 #bytes     #iterations    BW peak[Gb/sec]    BW average[Gb/sec]   MsgRate[Mpps]
 2          8000           0.062069            0.061278            3.829859
 4          8000             0.13               0.12   		     3.898066
 8          8000             0.26               0.25   		     3.923087
 16         8000             0.51               0.50   		     3.911674
 32         8000             1.01               1.00   		     3.919916
 64         8000             2.04               2.01   		     3.934026
 128        8000             4.05               4.01   		     3.917382
 256        8000             8.20               8.10   		     3.953272
 512        8000             16.40              15.92  		     3.886192
 1024       8000             33.15              32.73  		     3.994866
 2048       8000             66.78              65.92  		     4.023316
 4096       8000             138.07             137.09 		     4.183750
 8192       8000             223.75             223.49 		     3.410229
 16384      8000             224.44             224.26 		     1.710996
 32768      8000             221.07             221.02 		     0.843130
 65536      8000             224.05             224.04 		     0.427322
 131072     8000             225.14             225.12 		     0.214692
 262144     8000             225.74             225.73 		     0.107635
 524288     8000             226.00             226.00 		     0.053882
 1048576    8000             226.10             226.10 		     0.026953
 2097152    8000             226.19             226.19 		     0.013482
 4194304    8000             226.23             226.23 		     0.006742
 8388608    8000             226.24             226.24 		     0.003371
---------------------------------------------------------------------------------------
deallocating GPU buffer 00007f9c52000000
destroying current CUDA Ctx
