Disabling dynamic polling
initializing CUDA
Listing all CUDA devices in system:
CUDA device 0: PCIe address is 06:00
CUDA device 1: PCIe address is 26:00
CUDA device 2: PCIe address is A6:00
CUDA device 3: PCIe address is C6:00

Picking device No. 1
[pid = 9336, dev = 1] device name = [NVIDIA H100 80GB HBM3]
creating CUDA Ctx
making it the current CUDA Ctx
CUDA device integrated: 0
using DMA-BUF for GPU buffer address at 0x7f2f44000000 aligned at 0x7f2f44000000 with aligned size 134217728
allocated GPU buffer of a 134217728 address at 0x12f4640 for type CUDA_MEM_DEVICE
Calling ibv_reg_dmabuf_mr(offset=0, size=134217728, addr=0x7f2f44000000, fd=58) for QP #0
---------------------------------------------------------------------------------------
                    RDMA_Read BW Test
 Dual-port       : OFF		Device         : mlx5_4
 Number of qps   : 8		Transport type : IB
 Connection type : RC		Using SRQ      : OFF
 PCIe relax order: ON		Lock-free      : OFF
 ibv_wr* API     : ON		Using DDP      : OFF
 TX depth        : 128
 CQ Moderation   : 100
 CQE Poll Batch  : 16
 Mtu             : 4096[B]
 Link type       : Ethernet
 GID index       : 3
 Outstand reads  : 16
 rdma_cm QPs	 : ON
 Data ex. method : rdma_cm 	TOS    : 41
---------------------------------------------------------------------------------------
 local address: LID 0000 QPN 0x018a PSN 0x5bf0ca
 GID: 00:00:00:00:00:00:00:00:00:00:255:255:192:168:103:91
 local address: LID 0000 QPN 0x018b PSN 0x7a6bec
 GID: 00:00:00:00:00:00:00:00:00:00:255:255:192:168:103:91
 local address: LID 0000 QPN 0x018c PSN 0x177cc6
 GID: 00:00:00:00:00:00:00:00:00:00:255:255:192:168:103:91
 local address: LID 0000 QPN 0x018d PSN 0xc8a39d
 GID: 00:00:00:00:00:00:00:00:00:00:255:255:192:168:103:91
 local address: LID 0000 QPN 0x018e PSN 0x9a6dec
 GID: 00:00:00:00:00:00:00:00:00:00:255:255:192:168:103:91
 local address: LID 0000 QPN 0x018f PSN 0xab2ade
 GID: 00:00:00:00:00:00:00:00:00:00:255:255:192:168:103:91
 local address: LID 0000 QPN 0x0190 PSN 0xf675e5
 GID: 00:00:00:00:00:00:00:00:00:00:255:255:192:168:103:91
 local address: LID 0000 QPN 0x0191 PSN 0xbd2c7a
 GID: 00:00:00:00:00:00:00:00:00:00:255:255:192:168:103:91
 remote address: LID 0000 QPN 0x018a PSN 0x25f2e2
 GID: 00:00:00:00:00:00:00:00:00:00:255:255:192:168:103:96
 remote address: LID 0000 QPN 0x018b PSN 0xf5535b
 GID: 00:00:00:00:00:00:00:00:00:00:255:255:192:168:103:96
 remote address: LID 0000 QPN 0x018c PSN 0x374dd3
 GID: 00:00:00:00:00:00:00:00:00:00:255:255:192:168:103:96
 remote address: LID 0000 QPN 0x018d PSN 0xabe0ef
 GID: 00:00:00:00:00:00:00:00:00:00:255:255:192:168:103:96
 remote address: LID 0000 QPN 0x018e PSN 0x81a90d
 GID: 00:00:00:00:00:00:00:00:00:00:255:255:192:168:103:96
 remote address: LID 0000 QPN 0x018f PSN 0x348ab5
 GID: 00:00:00:00:00:00:00:00:00:00:255:255:192:168:103:96
 remote address: LID 0000 QPN 0x0190 PSN 0x4cfb3a
 GID: 00:00:00:00:00:00:00:00:00:00:255:255:192:168:103:96
 remote address: LID 0000 QPN 0x0191 PSN 0x43dc75
 GID: 00:00:00:00:00:00:00:00:00:00:255:255:192:168:103:96
---------------------------------------------------------------------------------------
 #bytes     #iterations    BW peak[Gb/sec]    BW average[Gb/sec]   MsgRate[Mpps]
 2          8000           0.033676            0.033067            2.066708
 4          8000           0.067669            0.067370            2.105324
 8          8000             0.14               0.13   		     2.097876
 16         8000             0.27               0.27   		     2.081404
 32         8000             0.55               0.54   		     2.115244
 64         8000             1.08               1.07   		     2.088969
 128        8000             2.17               2.15   		     2.103287
 256        8000             4.34               4.30   		     2.099429
 512        8000             8.70               8.58   		     2.094685
 1024       8000             17.45              17.35  		     2.117870
 2048       8000             34.16              31.71  		     1.935252
 4096       8000             75.31              55.45  		     1.692352
 8192       8000             98.57              74.99  		     1.144287
 16384      8000             101.59             95.11  		     0.725608
 32768      8000             102.29             95.43  		     0.364035
 65536      8000             105.42             101.36 		     0.193338
 131072     8000             104.28             103.69 		     0.098891
 262144     8000             105.14             105.14 		     0.050135
 524288     8000             106.33             106.33 		     0.025351
 1048576    8000             109.55             109.35 		     0.013035
 2097152    8000             109.62             109.62 		     0.006534
 4194304    8000             110.30             110.30 		     0.003287
 8388608    8000             110.91             110.89 		     0.001652
---------------------------------------------------------------------------------------
deallocating GPU buffer 00007f2f44000000
destroying current CUDA Ctx
