Disabling dynamic polling
initializing CUDA
Listing all CUDA devices in system:
CUDA device 0: PCIe address is 06:00
CUDA device 1: PCIe address is 26:00
CUDA device 2: PCIe address is A6:00
CUDA device 3: PCIe address is C6:00

Picking device No. 1
[pid = 9316, dev = 1] device name = [NVIDIA H100 80GB HBM3]
creating CUDA Ctx
making it the current CUDA Ctx
CUDA device integrated: 0
using DMA-BUF for GPU buffer address at 0x7f2a1c000000 aligned at 0x7f2a1c000000 with aligned size 134217728
allocated GPU buffer of a 134217728 address at 0xeda640 for type CUDA_MEM_DEVICE
Calling ibv_reg_dmabuf_mr(offset=0, size=134217728, addr=0x7f2a1c000000, fd=58) for QP #0
---------------------------------------------------------------------------------------
                    RDMA_Read BW Test
 Dual-port       : OFF		Device         : mlx5_3
 Number of qps   : 8		Transport type : IB
 Connection type : RC		Using SRQ      : OFF
 PCIe relax order: ON		Lock-free      : OFF
 ibv_wr* API     : ON		Using DDP      : OFF
 TX depth        : 128
 CQ Moderation   : 100
 CQE Poll Batch  : 16
 Mtu             : 4096[B]
 Link type       : Ethernet
 GID index       : 3
 Outstand reads  : 16
 rdma_cm QPs	 : ON
 Data ex. method : rdma_cm 	TOS    : 41
---------------------------------------------------------------------------------------
 local address: LID 0000 QPN 0x01d2 PSN 0x5fe1a6
 GID: 00:00:00:00:00:00:00:00:00:00:255:255:192:168:100:91
 local address: LID 0000 QPN 0x01d3 PSN 0x5da198
 GID: 00:00:00:00:00:00:00:00:00:00:255:255:192:168:100:91
 local address: LID 0000 QPN 0x01d4 PSN 0x9ddf02
 GID: 00:00:00:00:00:00:00:00:00:00:255:255:192:168:100:91
 local address: LID 0000 QPN 0x01d5 PSN 0x925f29
 GID: 00:00:00:00:00:00:00:00:00:00:255:255:192:168:100:91
 local address: LID 0000 QPN 0x01d6 PSN 0xf1088
 GID: 00:00:00:00:00:00:00:00:00:00:255:255:192:168:100:91
 local address: LID 0000 QPN 0x01d7 PSN 0x3c8f4a
 GID: 00:00:00:00:00:00:00:00:00:00:255:255:192:168:100:91
 local address: LID 0000 QPN 0x01d8 PSN 0xa73fe1
 GID: 00:00:00:00:00:00:00:00:00:00:255:255:192:168:100:91
 local address: LID 0000 QPN 0x01d9 PSN 0xcb94c6
 GID: 00:00:00:00:00:00:00:00:00:00:255:255:192:168:100:91
 remote address: LID 0000 QPN 0x01e9 PSN 0x449700
 GID: 00:00:00:00:00:00:00:00:00:00:255:255:192:168:100:96
 remote address: LID 0000 QPN 0x01ea PSN 0xa5b4ea
 GID: 00:00:00:00:00:00:00:00:00:00:255:255:192:168:100:96
 remote address: LID 0000 QPN 0x01eb PSN 0x41c4ec
 GID: 00:00:00:00:00:00:00:00:00:00:255:255:192:168:100:96
 remote address: LID 0000 QPN 0x01ec PSN 0xa37fcb
 GID: 00:00:00:00:00:00:00:00:00:00:255:255:192:168:100:96
 remote address: LID 0000 QPN 0x01ed PSN 0x38182
 GID: 00:00:00:00:00:00:00:00:00:00:255:255:192:168:100:96
 remote address: LID 0000 QPN 0x01ee PSN 0x4945bc
 GID: 00:00:00:00:00:00:00:00:00:00:255:255:192:168:100:96
 remote address: LID 0000 QPN 0x01ef PSN 0x135a6b
 GID: 00:00:00:00:00:00:00:00:00:00:255:255:192:168:100:96
 remote address: LID 0000 QPN 0x01f0 PSN 0xe2dd88
 GID: 00:00:00:00:00:00:00:00:00:00:255:255:192:168:100:96
---------------------------------------------------------------------------------------
 #bytes     #iterations    BW peak[Gb/sec]    BW average[Gb/sec]   MsgRate[Mpps]
 2          8000           0.060100            0.059033            3.689578
 4          8000             0.12               0.11   		     3.591476
 8          8000             0.25               0.24   		     3.803637
 16         8000             0.49               0.48   		     3.783598
 32         8000             0.97               0.97   		     3.774875
 64         8000             1.86               1.76   		     3.440180
 128        8000             4.02               3.99   		     3.896907
 256        8000             7.84               7.76   		     3.791020
 512        8000             15.46              15.40  		     3.760282
 1024       8000             30.87              30.58  		     3.732789
 2048       8000             61.54              60.94  		     3.719736
 4096       8000             120.67             118.65 		     3.620925
 8192       8000             220.41             220.05 		     3.357733
 16384      8000             225.12             225.06 		     1.717088
 32768      8000             225.90             225.69 		     0.860958
 65536      8000             226.12             226.10 		     0.431261
 131072     8000             226.09             226.09 		     0.215618
 262144     8000             226.20             226.19 		     0.107858
 524288     8000             226.21             226.21 		     0.053933
 1048576    8000             226.22             226.22 		     0.026967
 2097152    8000             226.22             226.22 		     0.013484
 4194304    8000             226.12             226.10 		     0.006738
 8388608    8000             226.23             226.23 		     0.003371
---------------------------------------------------------------------------------------
deallocating GPU buffer 00007f2a1c000000
destroying current CUDA Ctx
