Disabling dynamic polling
initializing CUDA
Listing all CUDA devices in system:
CUDA device 0: PCIe address is 06:00
CUDA device 1: PCIe address is 26:00
CUDA device 2: PCIe address is A6:00
CUDA device 3: PCIe address is C6:00

Picking device No. 1
[pid = 9356, dev = 1] device name = [NVIDIA H100 80GB HBM3]
creating CUDA Ctx
making it the current CUDA Ctx
CUDA device integrated: 0
using DMA-BUF for GPU buffer address at 0x7fba62000000 aligned at 0x7fba62000000 with aligned size 134217728
allocated GPU buffer of a 134217728 address at 0x1ccf640 for type CUDA_MEM_DEVICE
Calling ibv_reg_dmabuf_mr(offset=0, size=134217728, addr=0x7fba62000000, fd=58) for QP #0
---------------------------------------------------------------------------------------
                    RDMA_Read BW Test
 Dual-port       : OFF		Device         : mlx5_5
 Number of qps   : 8		Transport type : IB
 Connection type : RC		Using SRQ      : OFF
 PCIe relax order: ON		Lock-free      : OFF
 ibv_wr* API     : ON		Using DDP      : OFF
 TX depth        : 128
 CQ Moderation   : 100
 CQE Poll Batch  : 16
 Mtu             : 4096[B]
 Link type       : Ethernet
 GID index       : 3
 Outstand reads  : 16
 rdma_cm QPs	 : ON
 Data ex. method : rdma_cm 	TOS    : 41
---------------------------------------------------------------------------------------
 local address: LID 0000 QPN 0x018e PSN 0x1a43de
 GID: 00:00:00:00:00:00:00:00:00:00:255:255:192:168:102:91
 local address: LID 0000 QPN 0x018f PSN 0x97c370
 GID: 00:00:00:00:00:00:00:00:00:00:255:255:192:168:102:91
 local address: LID 0000 QPN 0x0190 PSN 0xe657fa
 GID: 00:00:00:00:00:00:00:00:00:00:255:255:192:168:102:91
 local address: LID 0000 QPN 0x0191 PSN 0xbcb0c1
 GID: 00:00:00:00:00:00:00:00:00:00:255:255:192:168:102:91
 local address: LID 0000 QPN 0x0192 PSN 0x825e40
 GID: 00:00:00:00:00:00:00:00:00:00:255:255:192:168:102:91
 local address: LID 0000 QPN 0x0193 PSN 0xc7f6a2
 GID: 00:00:00:00:00:00:00:00:00:00:255:255:192:168:102:91
 local address: LID 0000 QPN 0x0194 PSN 0xfb5059
 GID: 00:00:00:00:00:00:00:00:00:00:255:255:192:168:102:91
 local address: LID 0000 QPN 0x0195 PSN 0x267de
 GID: 00:00:00:00:00:00:00:00:00:00:255:255:192:168:102:91
 remote address: LID 0000 QPN 0x018a PSN 0xf0740e
 GID: 00:00:00:00:00:00:00:00:00:00:255:255:192:168:102:96
 remote address: LID 0000 QPN 0x018b PSN 0x5567e0
 GID: 00:00:00:00:00:00:00:00:00:00:255:255:192:168:102:96
 remote address: LID 0000 QPN 0x018c PSN 0xa1fbaa
 GID: 00:00:00:00:00:00:00:00:00:00:255:255:192:168:102:96
 remote address: LID 0000 QPN 0x018d PSN 0xf182b1
 GID: 00:00:00:00:00:00:00:00:00:00:255:255:192:168:102:96
 remote address: LID 0000 QPN 0x018e PSN 0xdd6170
 GID: 00:00:00:00:00:00:00:00:00:00:255:255:192:168:102:96
 remote address: LID 0000 QPN 0x018f PSN 0xa57212
 GID: 00:00:00:00:00:00:00:00:00:00:255:255:192:168:102:96
 remote address: LID 0000 QPN 0x0190 PSN 0x6f7f09
 GID: 00:00:00:00:00:00:00:00:00:00:255:255:192:168:102:96
 remote address: LID 0000 QPN 0x0191 PSN 0xac68ce
 GID: 00:00:00:00:00:00:00:00:00:00:255:255:192:168:102:96
---------------------------------------------------------------------------------------
 #bytes     #iterations    BW peak[Gb/sec]    BW average[Gb/sec]   MsgRate[Mpps]
 2          8000           0.033333            0.032762            2.047612
 4          8000           0.066667            0.066145            2.067029
 8          8000             0.13               0.13   		     2.073028
 16         8000             0.27               0.27   		     2.081402
 32         8000             0.54               0.53   		     2.073984
 64         8000             1.07               1.06   		     2.076223
 128        8000             2.15               2.12   		     2.071112
 256        8000             4.30               4.27   		     2.083831
 512        8000             8.53               8.49   		     2.072668
 1024       8000             17.15              17.04  		     2.080099
 2048       8000             35.96              31.30  		     1.910484
 4096       8000             46.69              29.74  		     0.907549
 8192       8000             65.65              55.51  		     0.846954
 16384      8000             87.56              71.11  		     0.542526
 32768      8000             96.66              83.25  		     0.317557
 65536      8000             99.45              92.89  		     0.177165
 131072     8000             101.45             98.62  		     0.094049
 262144     8000             102.14             102.14 		     0.048703
 524288     8000             103.63             103.63 		     0.024707
 1048576    8000             103.97             103.97 		     0.012394
 2097152    8000             104.63             104.63 		     0.006236
 4194304    8000             104.68             104.68 		     0.003120
 8388608    8000             104.80             104.40 		     0.001556
---------------------------------------------------------------------------------------
deallocating GPU buffer 00007fba62000000
destroying current CUDA Ctx
