Disabling dynamic polling
initializing CUDA
Listing all CUDA devices in system:
CUDA device 0: PCIe address is 06:00
CUDA device 1: PCIe address is 26:00
CUDA device 2: PCIe address is A6:00
CUDA device 3: PCIe address is C6:00

Picking device No. 3
[pid = 9225, dev = 3] device name = [NVIDIA H100 80GB HBM3]
creating CUDA Ctx
making it the current CUDA Ctx
CUDA device integrated: 0
using DMA-BUF for GPU buffer address at 0x7f4f1a800000 aligned at 0x7f4f1a800000 with aligned size 16777216
allocated GPU buffer of a 16777216 address at 0x1c23f50 for type CUDA_MEM_DEVICE
Calling ibv_reg_dmabuf_mr(offset=0, size=16777216, addr=0x7f4f1a800000, fd=58) for QP #0
---------------------------------------------------------------------------------------
                    RDMA_Read Latency Test
 Dual-port       : OFF		Device         : mlx5_2
 Number of qps   : 1		Transport type : IB
 Connection type : RC		Using SRQ      : OFF
 PCIe relax order: ON		Lock-free      : OFF
 ibv_wr* API     : ON		Using DDP      : OFF
 TX depth        : 1
 Mtu             : 4096[B]
 Link type       : Ethernet
 GID index       : 3
 Outstand reads  : 16
 rdma_cm QPs	 : ON
 Data ex. method : rdma_cm 	TOS    : 41
---------------------------------------------------------------------------------------
 local address: LID 0000 QPN 0x0207 PSN 0x9b1e1b
 GID: 00:00:00:00:00:00:00:00:00:00:255:255:192:168:101:91
 remote address: LID 0000 QPN 0x0213 PSN 0x712811
 GID: 00:00:00:00:00:00:00:00:00:00:255:255:192:168:101:96
---------------------------------------------------------------------------------------
 #bytes #iterations    t_min[usec]    t_max[usec]  t_typical[usec]    t_avg[usec]    t_stdev[usec]   99% percentile[usec]   99.9% percentile[usec] 
 2       1000          6.50           13.83        6.55     	       6.60        	0.33   		7.26    		13.83  
 4       1000          6.52           20.38        6.56     	       6.59        	0.41   		6.74    		20.38  
 8       1000          6.50           28.37        6.55     	       6.65        	1.24   		6.74    		28.37  
 16      1000          6.51           20.48        6.56     	       6.60        	0.44   		6.76    		20.48  
 32      1000          6.32           14.65        6.37     	       6.41        	0.43   		6.59    		14.65  
 64      1000          6.53           15.85        6.58     	       6.61        	0.33   		6.85    		15.85  
 128     1000          6.58           15.54        6.63     	       6.67        	0.37   		6.83    		15.54  
 256     1000          6.68           15.40        6.81     	       6.82        	0.38   		6.96    		15.40  
 512     1000          6.76           15.34        6.81     	       6.84        	0.35   		7.04    		15.34  
 1024    1000          6.92           15.83        6.98     	       7.02        	0.48   		7.15    		15.83  
 2048    1000          7.23           18.20        7.30     	       7.35        	0.57   		7.61    		18.20  
 4096    1000          7.94           16.72        7.99     	       8.02        	0.34   		8.33    		16.72  
 8192    1000          8.57           19.10        8.64     	       8.70        	0.49   		9.00    		19.10  
 16384   1000          10.48          19.44        10.54    	       10.62       	0.49   		12.64   		19.44  
 32768   1000          13.59          17.40        13.66    	       13.69       	0.12   		14.03   		17.40  
 65536   1000          16.10          30.43        18.59    	       17.71       	0.93   		20.90   		30.43  
 131072  1000          18.17          298.02       18.28    	       20.61       	3.67   		29.22   		298.02 
 262144  1000          28.11          1356.45      28.25    	       36.58       	66.50  		190.96  		1356.45
 524288  1000          47.96          2130.24      48.30    	       55.05       	66.46  		126.15  		2130.24
 1048576 1000          87.54          343.60       87.69    	       89.71       	11.95  		168.18  		343.60 
 2097152 1000          166.82         521.25       167.34   	       170.81      	18.25  		327.00  		521.25 
 4194304 1000          325.50         964.28       326.01   	       331.38      	38.24  		646.82  		964.28 
 8388608 1000          643.25         1334.95      645.79   	       652.56      	50.55  		678.96  		1334.95
---------------------------------------------------------------------------------------
deallocating GPU buffer 00007f4f1a800000
destroying current CUDA Ctx
