Disabling dynamic polling

************************************
* Waiting for client to connect... *
************************************
initializing CUDA
Listing all CUDA devices in system:
CUDA device 0: PCIe address is 06:00
CUDA device 1: PCIe address is 26:00
CUDA device 2: PCIe address is A6:00
CUDA device 3: PCIe address is C6:00

Picking device No. 2
[pid = 9088, dev = 2] device name = [NVIDIA H100 80GB HBM3]
creating CUDA Ctx
making it the current CUDA Ctx
CUDA device integrated: 0
using DMA-BUF for GPU buffer address at 0x7f41a8000000 aligned at 0x7f41a8000000 with aligned size 134217728
allocated GPU buffer of a 134217728 address at 0xe56c30 for type CUDA_MEM_DEVICE
Calling ibv_reg_dmabuf_mr(offset=0, size=134217728, addr=0x7f41a8000000, fd=58) for QP #0
---------------------------------------------------------------------------------------
                    RDMA_Read BW Test
 Dual-port       : OFF		Device         : mlx5_2
 Number of qps   : 8		Transport type : IB
 Connection type : RC		Using SRQ      : OFF
 PCIe relax order: ON		Lock-free      : OFF
 ibv_wr* API     : ON		Using DDP      : OFF
 CQ Moderation   : 100
 CQE Poll Batch  : 16
 Mtu             : 4096[B]
 Link type       : Ethernet
 GID index       : 3
 Outstand reads  : 16
 rdma_cm QPs	 : ON
 Data ex. method : rdma_cm 	TOS    : 41
---------------------------------------------------------------------------------------
 Waiting for client rdma_cm QP to connect
 Please run the same command with the IB/RoCE interface IP
---------------------------------------------------------------------------------------
 local address: LID 0000 QPN 0x01e7 PSN 0x95b4ee
 GID: 00:00:00:00:00:00:00:00:00:00:255:255:192:168:101:91
 local address: LID 0000 QPN 0x01e8 PSN 0x7b4740
 GID: 00:00:00:00:00:00:00:00:00:00:255:255:192:168:101:91
 local address: LID 0000 QPN 0x01e9 PSN 0xf2578a
 GID: 00:00:00:00:00:00:00:00:00:00:255:255:192:168:101:91
 local address: LID 0000 QPN 0x01ea PSN 0x33e111
 GID: 00:00:00:00:00:00:00:00:00:00:255:255:192:168:101:91
 local address: LID 0000 QPN 0x01eb PSN 0x69d050
 GID: 00:00:00:00:00:00:00:00:00:00:255:255:192:168:101:91
 local address: LID 0000 QPN 0x01ec PSN 0x8de772
 GID: 00:00:00:00:00:00:00:00:00:00:255:255:192:168:101:91
 local address: LID 0000 QPN 0x01ed PSN 0x5db8e9
 GID: 00:00:00:00:00:00:00:00:00:00:255:255:192:168:101:91
 local address: LID 0000 QPN 0x01ee PSN 0x9a4d2e
 GID: 00:00:00:00:00:00:00:00:00:00:255:255:192:168:101:91
 remote address: LID 0000 QPN 0x01f3 PSN 0x94e7cc
 GID: 00:00:00:00:00:00:00:00:00:00:255:255:192:168:101:96
 remote address: LID 0000 QPN 0x01f4 PSN 0x7f63c6
 GID: 00:00:00:00:00:00:00:00:00:00:255:255:192:168:101:96
 remote address: LID 0000 QPN 0x01f5 PSN 0xdae098
 GID: 00:00:00:00:00:00:00:00:00:00:255:255:192:168:101:96
 remote address: LID 0000 QPN 0x01f6 PSN 0x40d007
 GID: 00:00:00:00:00:00:00:00:00:00:255:255:192:168:101:96
 remote address: LID 0000 QPN 0x01f7 PSN 0x64930e
 GID: 00:00:00:00:00:00:00:00:00:00:255:255:192:168:101:96
 remote address: LID 0000 QPN 0x01f8 PSN 0x718658
 GID: 00:00:00:00:00:00:00:00:00:00:255:255:192:168:101:96
 remote address: LID 0000 QPN 0x01f9 PSN 0x1304d7
 GID: 00:00:00:00:00:00:00:00:00:00:255:255:192:168:101:96
 remote address: LID 0000 QPN 0x01fa PSN 0x6b7584
 GID: 00:00:00:00:00:00:00:00:00:00:255:255:192:168:101:96
---------------------------------------------------------------------------------------
 #bytes     #iterations    BW peak[Gb/sec]    BW average[Gb/sec]   MsgRate[Mpps]
 8388608    8000             105.26             105.20 		     0.001568
---------------------------------------------------------------------------------------
deallocating GPU buffer 00007f41a8000000
destroying current CUDA Ctx
