Disabling dynamic polling
initializing CUDA
Listing all CUDA devices in system:
CUDA device 0: PCIe address is 06:00
CUDA device 1: PCIe address is 26:00
CUDA device 2: PCIe address is A6:00
CUDA device 3: PCIe address is C6:00

Picking device No. 2
[pid = 9220, dev = 2] device name = [NVIDIA H100 80GB HBM3]
creating CUDA Ctx
making it the current CUDA Ctx
CUDA device integrated: 0
using DMA-BUF for GPU buffer address at 0x7ff81a800000 aligned at 0x7ff81a800000 with aligned size 16777216
allocated GPU buffer of a 16777216 address at 0xce0f50 for type CUDA_MEM_DEVICE
Calling ibv_reg_dmabuf_mr(offset=0, size=16777216, addr=0x7ff81a800000, fd=58) for QP #0
---------------------------------------------------------------------------------------
                    RDMA_Read Latency Test
 Dual-port       : OFF		Device         : mlx5_2
 Number of qps   : 1		Transport type : IB
 Connection type : RC		Using SRQ      : OFF
 PCIe relax order: ON		Lock-free      : OFF
 ibv_wr* API     : ON		Using DDP      : OFF
 TX depth        : 1
 Mtu             : 4096[B]
 Link type       : Ethernet
 GID index       : 3
 Outstand reads  : 16
 rdma_cm QPs	 : ON
 Data ex. method : rdma_cm 	TOS    : 41
---------------------------------------------------------------------------------------
 local address: LID 0000 QPN 0x0205 PSN 0x7ece26
 GID: 00:00:00:00:00:00:00:00:00:00:255:255:192:168:101:91
 remote address: LID 0000 QPN 0x0211 PSN 0xc05870
 GID: 00:00:00:00:00:00:00:00:00:00:255:255:192:168:101:96
---------------------------------------------------------------------------------------
 #bytes #iterations    t_min[usec]    t_max[usec]  t_typical[usec]    t_avg[usec]    t_stdev[usec]   99% percentile[usec]   99.9% percentile[usec] 
 2       1000          6.48           15.93        6.54     	       6.58        	0.44   		7.00    		15.93  
 4       1000          6.49           15.76        6.53     	       6.59        	0.56   		6.78    		15.76  
 8       1000          6.49           16.42        6.54     	       6.57        	0.42   		6.75    		16.42  
 16      1000          6.48           15.75        6.53     	       6.57        	0.39   		6.75    		15.75  
 32      1000          6.48           14.34        6.53     	       6.57        	0.38   		6.68    		14.34  
 64      1000          6.52           21.52        6.57     	       6.62        	0.56   		6.82    		21.52  
 128     1000          6.56           19.23        6.61     	       6.69        	0.75   		6.99    		19.23  
 256     1000          6.66           14.89        6.81     	       6.82        	0.27   		6.93    		14.89  
 512     1000          6.75           17.89        6.81     	       6.84        	0.29   		6.94    		17.89  
 1024    1000          6.90           15.58        6.96     	       7.00        	0.36   		7.23    		15.58  
 2048    1000          7.21           16.09        7.27     	       7.30        	0.25   		7.78    		16.09  
 4096    1000          7.93           19.92        7.98     	       8.04        	0.55   		8.29    		19.92  
 8192    1000          8.54           16.51        8.60     	       8.63        	0.28   		8.83    		16.51  
 16384   1000          11.10          20.97        11.16    	       11.22       	0.44   		13.13   		20.97  
 32768   1000          13.56          24.15        13.65    	       13.70       	0.32   		15.46   		24.15  
 65536   1000          16.08          29.72        16.36    	       17.18       	0.96   		19.53   		29.72  
 131072  1000          18.16          310.84       18.24    	       20.52       	3.47   		28.80   		310.84 
 262144  1000          28.09          157.66       28.32    	       30.17       	5.52   		49.85   		157.66 
 524288  1000          47.94          2195.66      48.17    	       54.59       	66.02  		127.12  		2195.66
 1048576 1000          87.47          2395.54      87.65    	       92.04       	32.04  		171.35  		2395.54
 2097152 1000          166.89         1195.04      167.80   	       171.34      	24.70  		329.07  		1195.04
 4194304 1000          325.60         1004.70      326.45   	       332.19      	40.97  		662.16  		1004.70
 8388608 1000          642.77         1984.02      643.92   	       650.02      	64.47  		672.04  		1984.02
---------------------------------------------------------------------------------------
deallocating GPU buffer 00007ff81a800000
destroying current CUDA Ctx
