Disabling dynamic polling
initializing CUDA
Listing all CUDA devices in system:
CUDA device 0: PCIe address is 06:00
CUDA device 1: PCIe address is 26:00
CUDA device 2: PCIe address is A6:00
CUDA device 3: PCIe address is C6:00

Picking device No. 3
[pid = 9265, dev = 3] device name = [NVIDIA H100 80GB HBM3]
creating CUDA Ctx
making it the current CUDA Ctx
CUDA device integrated: 0
using DMA-BUF for GPU buffer address at 0x7fbac4800000 aligned at 0x7fbac4800000 with aligned size 16777216
allocated GPU buffer of a 16777216 address at 0xf04f50 for type CUDA_MEM_DEVICE
Calling ibv_reg_dmabuf_mr(offset=0, size=16777216, addr=0x7fbac4800000, fd=58) for QP #0
---------------------------------------------------------------------------------------
                    RDMA_Read Latency Test
 Dual-port       : OFF		Device         : mlx5_4
 Number of qps   : 1		Transport type : IB
 Connection type : RC		Using SRQ      : OFF
 PCIe relax order: ON		Lock-free      : OFF
 ibv_wr* API     : ON		Using DDP      : OFF
 TX depth        : 1
 Mtu             : 4096[B]
 Link type       : Ethernet
 GID index       : 3
 Outstand reads  : 16
 rdma_cm QPs	 : ON
 Data ex. method : rdma_cm 	TOS    : 41
---------------------------------------------------------------------------------------
 local address: LID 0000 QPN 0x017f PSN 0x563c2e
 GID: 00:00:00:00:00:00:00:00:00:00:255:255:192:168:103:91
 remote address: LID 0000 QPN 0x017f PSN 0xd74bee
 GID: 00:00:00:00:00:00:00:00:00:00:255:255:192:168:103:96
---------------------------------------------------------------------------------------
 #bytes #iterations    t_min[usec]    t_max[usec]  t_typical[usec]    t_avg[usec]    t_stdev[usec]   99% percentile[usec]   99.9% percentile[usec] 
 2       1000          4.81           17.28        4.89     	       4.93        	0.47   		5.07    		17.28  
 4       1000          4.81           12.37        4.89     	       4.91        	0.26   		5.06    		12.37  
 8       1000          4.81           16.60        4.90     	       4.93        	0.47   		5.08    		16.60  
 16      1000          4.81           14.06        4.89     	       4.92        	0.40   		5.05    		14.06  
 32      1000          4.81           17.96        4.90     	       4.94        	0.54   		5.08    		17.96  
 64      1000          4.82           14.54        4.91     	       4.94        	0.41   		5.15    		14.54  
 128     1000          4.87           27.22        4.96     	       5.03        	0.94   		5.21    		27.22  
 256     1000          4.86           13.10        4.96     	       4.99        	0.37   		5.24    		13.10  
 512     1000          4.91           18.82        4.99     	       5.03        	0.53   		5.16    		18.82  
 1024    1000          4.96           16.35        5.05     	       5.08        	0.38   		5.21    		16.35  
 2048    1000          5.08           12.57        5.17     	       5.20        	0.31   		5.35    		12.57  
 4096    1000          5.34           12.99        5.43     	       5.45        	0.26   		5.61    		12.99  
 8192    1000          5.51           15.87        5.60     	       5.63        	0.43   		5.75    		15.87  
 16384   1000          6.33           16.93        6.43     	       6.45        	0.35   		6.65    		16.93  
 32768   1000          6.90           13.94        7.00     	       7.03        	0.30   		7.17    		13.94  
 65536   1000          8.08           21.82        8.17     	       8.22        	0.51   		8.41    		21.82  
 131072  1000          10.41          25.62        10.50    	       10.56       	0.53   		12.23   		25.62  
 262144  1000          15.06          21.63        15.16    	       15.19       	0.23   		15.83   		21.63  
 524288  1000          24.30          35.85        24.43    	       24.47       	0.49   		24.72   		35.85  
 1048576 1000          42.83          53.29        42.94    	       43.00       	0.46   		45.49   		53.29  
 2097152 1000          79.92          83.31        80.02    	       80.03       	0.00   		80.27   		83.31  
 4194304 1000          154.14         163.07       154.40   	       154.45      	0.47   		154.84  		163.07 
 8388608 1000          302.67         321.19       302.96   	       304.27      	2.90   		320.99  		321.19 
---------------------------------------------------------------------------------------
deallocating GPU buffer 00007fbac4800000
destroying current CUDA Ctx
