Disabling dynamic polling
initializing CUDA
Listing all CUDA devices in system:
CUDA device 0: PCIe address is 06:00
CUDA device 1: PCIe address is 26:00
CUDA device 2: PCIe address is A6:00
CUDA device 3: PCIe address is C6:00

Picking device No. 1
[pid = 9235, dev = 1] device name = [NVIDIA H100 80GB HBM3]
creating CUDA Ctx
making it the current CUDA Ctx
CUDA device integrated: 0
using DMA-BUF for GPU buffer address at 0x7fb97e800000 aligned at 0x7fb97e800000 with aligned size 16777216
allocated GPU buffer of a 16777216 address at 0x19c8f50 for type CUDA_MEM_DEVICE
Calling ibv_reg_dmabuf_mr(offset=0, size=16777216, addr=0x7fb97e800000, fd=58) for QP #0
---------------------------------------------------------------------------------------
                    RDMA_Read Latency Test
 Dual-port       : OFF		Device         : mlx5_3
 Number of qps   : 1		Transport type : IB
 Connection type : RC		Using SRQ      : OFF
 PCIe relax order: ON		Lock-free      : OFF
 ibv_wr* API     : ON		Using DDP      : OFF
 TX depth        : 1
 Mtu             : 4096[B]
 Link type       : Ethernet
 GID index       : 3
 Outstand reads  : 16
 rdma_cm QPs	 : ON
 Data ex. method : rdma_cm 	TOS    : 41
---------------------------------------------------------------------------------------
 local address: LID 0000 QPN 0x01c3 PSN 0xada66d
 GID: 00:00:00:00:00:00:00:00:00:00:255:255:192:168:100:91
 remote address: LID 0000 QPN 0x01da PSN 0x759421
 GID: 00:00:00:00:00:00:00:00:00:00:255:255:192:168:100:96
---------------------------------------------------------------------------------------
 #bytes #iterations    t_min[usec]    t_max[usec]  t_typical[usec]    t_avg[usec]    t_stdev[usec]   99% percentile[usec]   99.9% percentile[usec] 
 2       1000          6.16           21.36        6.21     	       6.26        	0.54   		6.63    		21.36  
 4       1000          6.15           14.49        6.21     	       6.24        	0.29   		6.42    		14.49  
 8       1000          6.16           22.72        6.21     	       6.24        	0.36   		6.43    		22.72  
 16      1000          6.15           14.68        6.20     	       6.24        	0.42   		6.40    		14.68  
 32      1000          6.16           16.71        6.21     	       6.24        	0.31   		6.42    		16.71  
 64      1000          6.18           15.71        6.24     	       6.28        	0.42   		6.51    		15.71  
 128     1000          6.21           18.65        6.26     	       6.30        	0.46   		6.52    		18.65  
 256     1000          6.27           17.04        6.32     	       6.37        	0.46   		6.53    		17.04  
 512     1000          6.30           11.26        6.35     	       6.37        	0.19   		6.51    		11.26  
 1024    1000          6.36           14.28        6.42     	       6.46        	0.37   		6.59    		14.28  
 2048    1000          6.48           14.70        6.53     	       6.57        	0.37   		6.69    		14.70  
 4096    1000          6.76           13.44        6.81     	       6.84        	0.31   		7.13    		13.44  
 8192    1000          6.93           16.23        6.99     	       7.03        	0.40   		7.19    		16.23  
 16384   1000          8.63           18.01        8.76     	       8.77        	0.27   		8.91    		18.01  
 32768   1000          9.22           18.49        9.41     	       9.43        	0.31   		10.06   		18.49  
 65536   1000          10.51          21.52        10.57    	       10.64       	0.59   		10.92   		21.52  
 131072  1000          12.82          21.28        12.89    	       12.95       	0.50   		15.44   		21.28  
 262144  1000          18.75          31.53        18.93    	       18.98       	0.56   		19.25   		31.53  
 524288  1000          28.12          35.75        28.24    	       28.27       	0.42   		28.52   		35.75  
 1048576 1000          46.67          58.63        46.87    	       46.90       	0.40   		47.24   		58.63  
 2097152 1000          85.12          131.40       85.36    	       85.46       	1.21   		89.43   		131.40 
 4194304 1000          162.13         176.62       162.40   	       162.51      	0.95   		170.45  		176.62 
 8388608 1000          316.23         328.13       316.37   	       316.48      	0.75   		321.56  		328.13 
---------------------------------------------------------------------------------------
deallocating GPU buffer 00007fb97e800000
destroying current CUDA Ctx
