Disabling dynamic polling

************************************
* Waiting for client to connect... *
************************************
initializing CUDA
Listing all CUDA devices in system:
CUDA device 0: PCIe address is 06:00
CUDA device 1: PCIe address is 26:00
CUDA device 2: PCIe address is A6:00
CUDA device 3: PCIe address is C6:00

Picking device No. 2
[pid = 9120, dev = 2] device name = [NVIDIA H100 80GB HBM3]
creating CUDA Ctx
making it the current CUDA Ctx
CUDA device integrated: 0
using DMA-BUF for GPU buffer address at 0x7f0d18000000 aligned at 0x7f0d18000000 with aligned size 134217728
allocated GPU buffer of a 134217728 address at 0x1d44c30 for type CUDA_MEM_DEVICE
Calling ibv_reg_dmabuf_mr(offset=0, size=134217728, addr=0x7f0d18000000, fd=58) for QP #0
---------------------------------------------------------------------------------------
                    RDMA_Read BW Test
 Dual-port       : OFF		Device         : mlx5_4
 Number of qps   : 8		Transport type : IB
 Connection type : RC		Using SRQ      : OFF
 PCIe relax order: ON		Lock-free      : OFF
 ibv_wr* API     : ON		Using DDP      : OFF
 CQ Moderation   : 100
 CQE Poll Batch  : 16
 Mtu             : 4096[B]
 Link type       : Ethernet
 GID index       : 3
 Outstand reads  : 16
 rdma_cm QPs	 : ON
 Data ex. method : rdma_cm 	TOS    : 41
---------------------------------------------------------------------------------------
 Waiting for client rdma_cm QP to connect
 Please run the same command with the IB/RoCE interface IP
---------------------------------------------------------------------------------------
 local address: LID 0000 QPN 0x015f PSN 0x5ba76e
 GID: 00:00:00:00:00:00:00:00:00:00:255:255:192:168:103:91
 local address: LID 0000 QPN 0x0160 PSN 0xa287c0
 GID: 00:00:00:00:00:00:00:00:00:00:255:255:192:168:103:91
 local address: LID 0000 QPN 0x0161 PSN 0x9bce0a
 GID: 00:00:00:00:00:00:00:00:00:00:255:255:192:168:103:91
 local address: LID 0000 QPN 0x0162 PSN 0xd25591
 GID: 00:00:00:00:00:00:00:00:00:00:255:255:192:168:103:91
 local address: LID 0000 QPN 0x0163 PSN 0x8c6ad0
 GID: 00:00:00:00:00:00:00:00:00:00:255:255:192:168:103:91
 local address: LID 0000 QPN 0x0164 PSN 0x18aff2
 GID: 00:00:00:00:00:00:00:00:00:00:255:255:192:168:103:91
 local address: LID 0000 QPN 0x0165 PSN 0x981769
 GID: 00:00:00:00:00:00:00:00:00:00:255:255:192:168:103:91
 local address: LID 0000 QPN 0x0166 PSN 0x5b89ae
 GID: 00:00:00:00:00:00:00:00:00:00:255:255:192:168:103:91
 remote address: LID 0000 QPN 0x015f PSN 0x9ead7e
 GID: 00:00:00:00:00:00:00:00:00:00:255:255:192:168:103:96
 remote address: LID 0000 QPN 0x0160 PSN 0x5e7c90
 GID: 00:00:00:00:00:00:00:00:00:00:255:255:192:168:103:96
 remote address: LID 0000 QPN 0x0161 PSN 0x55ea9a
 GID: 00:00:00:00:00:00:00:00:00:00:255:255:192:168:103:96
 remote address: LID 0000 QPN 0x0162 PSN 0x79dee1
 GID: 00:00:00:00:00:00:00:00:00:00:255:255:192:168:103:96
 remote address: LID 0000 QPN 0x0163 PSN 0xffc1e0
 GID: 00:00:00:00:00:00:00:00:00:00:255:255:192:168:103:96
 remote address: LID 0000 QPN 0x0164 PSN 0x2d21c2
 GID: 00:00:00:00:00:00:00:00:00:00:255:255:192:168:103:96
 remote address: LID 0000 QPN 0x0165 PSN 0x4d6cf9
 GID: 00:00:00:00:00:00:00:00:00:00:255:255:192:168:103:96
 remote address: LID 0000 QPN 0x0166 PSN 0x3057fe
 GID: 00:00:00:00:00:00:00:00:00:00:255:255:192:168:103:96
---------------------------------------------------------------------------------------
 #bytes     #iterations    BW peak[Gb/sec]    BW average[Gb/sec]   MsgRate[Mpps]
 8388608    8000             168.49             168.49 		     0.002511
---------------------------------------------------------------------------------------
deallocating GPU buffer 00007f0d18000000
destroying current CUDA Ctx
