Disabling dynamic polling
initializing CUDA
Listing all CUDA devices in system:
CUDA device 0: PCIe address is 06:00
CUDA device 1: PCIe address is 26:00
CUDA device 2: PCIe address is A6:00
CUDA device 3: PCIe address is C6:00

Picking device No. 0
[pid = 9291, dev = 0] device name = [NVIDIA H100 80GB HBM3]
creating CUDA Ctx
making it the current CUDA Ctx
CUDA device integrated: 0
using DMA-BUF for GPU buffer address at 0x7f8878000000 aligned at 0x7f8878000000 with aligned size 134217728
allocated GPU buffer of a 134217728 address at 0xda9640 for type CUDA_MEM_DEVICE
Calling ibv_reg_dmabuf_mr(offset=0, size=134217728, addr=0x7f8878000000, fd=58) for QP #0
---------------------------------------------------------------------------------------
                    RDMA_Read BW Test
 Dual-port       : OFF		Device         : mlx5_2
 Number of qps   : 8		Transport type : IB
 Connection type : RC		Using SRQ      : OFF
 PCIe relax order: ON		Lock-free      : OFF
 ibv_wr* API     : ON		Using DDP      : OFF
 TX depth        : 128
 CQ Moderation   : 100
 CQE Poll Batch  : 16
 Mtu             : 4096[B]
 Link type       : Ethernet
 GID index       : 3
 Outstand reads  : 16
 rdma_cm QPs	 : ON
 Data ex. method : rdma_cm 	TOS    : 41
---------------------------------------------------------------------------------------
 local address: LID 0000 QPN 0x0209 PSN 0x363a56
 GID: 00:00:00:00:00:00:00:00:00:00:255:255:192:168:101:91
 local address: LID 0000 QPN 0x020a PSN 0x5f7bf
 GID: 00:00:00:00:00:00:00:00:00:00:255:255:192:168:101:91
 local address: LID 0000 QPN 0x020b PSN 0x2f2467
 GID: 00:00:00:00:00:00:00:00:00:00:255:255:192:168:101:91
 local address: LID 0000 QPN 0x020c PSN 0x6b35f3
 GID: 00:00:00:00:00:00:00:00:00:00:255:255:192:168:101:91
 local address: LID 0000 QPN 0x020d PSN 0xa73c1
 GID: 00:00:00:00:00:00:00:00:00:00:255:255:192:168:101:91
 local address: LID 0000 QPN 0x020e PSN 0x809159
 GID: 00:00:00:00:00:00:00:00:00:00:255:255:192:168:101:91
 local address: LID 0000 QPN 0x020f PSN 0xd3270e
 GID: 00:00:00:00:00:00:00:00:00:00:255:255:192:168:101:91
 local address: LID 0000 QPN 0x0210 PSN 0x34fdb9
 GID: 00:00:00:00:00:00:00:00:00:00:255:255:192:168:101:91
 remote address: LID 0000 QPN 0x0215 PSN 0x653caa
 GID: 00:00:00:00:00:00:00:00:00:00:255:255:192:168:101:96
 remote address: LID 0000 QPN 0x0216 PSN 0x916d83
 GID: 00:00:00:00:00:00:00:00:00:00:255:255:192:168:101:96
 remote address: LID 0000 QPN 0x0217 PSN 0xe60db
 GID: 00:00:00:00:00:00:00:00:00:00:255:255:192:168:101:96
 remote address: LID 0000 QPN 0x0218 PSN 0xb82b57
 GID: 00:00:00:00:00:00:00:00:00:00:255:255:192:168:101:96
 remote address: LID 0000 QPN 0x0219 PSN 0x76c755
 GID: 00:00:00:00:00:00:00:00:00:00:255:255:192:168:101:96
 remote address: LID 0000 QPN 0x021a PSN 0x271f5d
 GID: 00:00:00:00:00:00:00:00:00:00:255:255:192:168:101:96
 remote address: LID 0000 QPN 0x021b PSN 0x536c2
 GID: 00:00:00:00:00:00:00:00:00:00:255:255:192:168:101:96
 remote address: LID 0000 QPN 0x021c PSN 0x91655d
 GID: 00:00:00:00:00:00:00:00:00:00:255:255:192:168:101:96
---------------------------------------------------------------------------------------
 #bytes     #iterations    BW peak[Gb/sec]    BW average[Gb/sec]   MsgRate[Mpps]
 2          8000           0.034091            0.033863            2.116452
 4          8000           0.068637            0.068032            2.125991
 8          8000             0.14               0.13   		     2.102210
 16         8000             0.27               0.27   		     2.118402
 32         8000             0.54               0.54   		     2.106355
 64         8000             1.08               1.07   		     2.092389
 128        8000             2.18               2.17   		     2.116391
 256        8000             4.39               4.34   		     2.119772
 512        8000             8.74               8.57   		     2.091853
 1024       8000             17.47              17.34  		     2.116341
 2048       8000             34.78              34.56  		     2.109493
 4096       8000             70.02              69.79  		     2.129795
 8192       8000             139.64             138.99 		     2.120891
 16384      8000             224.26             224.15 		     1.710153
 32768      8000             225.81             225.74 		     0.861120
 65536      8000             226.06             226.05 		     0.431149
 131072     8000             226.17             226.16 		     0.215684
 262144     8000             225.27             225.27 		     0.107419
 524288     8000             226.22             226.22 		     0.053935
 1048576    8000             225.73             225.72 		     0.026908
 2097152    8000             226.23             226.23 		     0.013484
 4194304    8000             226.23             226.23 		     0.006742
 8388608    8000             226.22             226.22 		     0.003371
---------------------------------------------------------------------------------------
deallocating GPU buffer 00007f8878000000
destroying current CUDA Ctx
