Disabling dynamic polling
initializing CUDA
Listing all CUDA devices in system:
CUDA device 0: PCIe address is 06:00
CUDA device 1: PCIe address is 26:00
CUDA device 2: PCIe address is A6:00
CUDA device 3: PCIe address is C6:00

Picking device No. 3
[pid = 9285, dev = 3] device name = [NVIDIA H100 80GB HBM3]
creating CUDA Ctx
making it the current CUDA Ctx
CUDA device integrated: 0
using DMA-BUF for GPU buffer address at 0x7f62f6800000 aligned at 0x7f62f6800000 with aligned size 16777216
allocated GPU buffer of a 16777216 address at 0xe92f50 for type CUDA_MEM_DEVICE
Calling ibv_reg_dmabuf_mr(offset=0, size=16777216, addr=0x7f62f6800000, fd=58) for QP #0
---------------------------------------------------------------------------------------
                    RDMA_Read Latency Test
 Dual-port       : OFF		Device         : mlx5_5
 Number of qps   : 1		Transport type : IB
 Connection type : RC		Using SRQ      : OFF
 PCIe relax order: ON		Lock-free      : OFF
 ibv_wr* API     : ON		Using DDP      : OFF
 TX depth        : 1
 Mtu             : 4096[B]
 Link type       : Ethernet
 GID index       : 3
 Outstand reads  : 16
 rdma_cm QPs	 : ON
 Data ex. method : rdma_cm 	TOS    : 41
---------------------------------------------------------------------------------------
 local address: LID 0000 QPN 0x0183 PSN 0x1d58f2
 GID: 00:00:00:00:00:00:00:00:00:00:255:255:192:168:102:91
 remote address: LID 0000 QPN 0x017f PSN 0xfc9f82
 GID: 00:00:00:00:00:00:00:00:00:00:255:255:192:168:102:96
---------------------------------------------------------------------------------------
 #bytes #iterations    t_min[usec]    t_max[usec]  t_typical[usec]    t_avg[usec]    t_stdev[usec]   99% percentile[usec]   99.9% percentile[usec] 
 2       1000          5.68           19.00        5.77     	       5.82        	0.53   		6.25    		19.00  
 4       1000          5.68           13.11        5.77     	       5.80        	0.32   		5.95    		13.11  
 8       1000          5.70           26.67        5.77     	       5.84        	0.66   		6.10    		26.67  
 16      1000          5.69           19.02        5.77     	       5.82        	0.51   		5.96    		19.02  
 32      1000          5.68           17.45        5.77     	       5.81        	0.28   		6.00    		17.45  
 64      1000          5.71           17.12        5.80     	       5.85        	0.53   		5.96    		17.12  
 128     1000          5.74           17.91        5.83     	       5.88        	0.48   		6.00    		17.91  
 256     1000          5.79           14.67        5.87     	       5.91        	0.39   		6.09    		14.67  
 512     1000          5.83           17.00        5.90     	       5.94        	0.38   		6.07    		17.00  
 1024    1000          5.90           13.69        5.97     	       6.01        	0.34   		6.13    		13.69  
 2048    1000          6.01           15.53        6.09     	       6.13        	0.44   		6.30    		15.53  
 4096    1000          6.29           15.33        6.38     	       6.42        	0.44   		6.60    		15.33  
 8192    1000          6.47           12.44        6.55     	       6.57        	0.16   		6.87    		12.44  
 16384   1000          8.18           16.08        8.28     	       8.32        	0.46   		8.48    		16.08  
 32768   1000          8.78           17.65        8.99     	       9.01        	0.32   		9.20    		17.65  
 65536   1000          10.05          20.26        10.15    	       10.21       	0.49   		13.31   		20.26  
 131072  1000          12.38          25.26        12.46    	       12.56       	0.73   		17.35   		25.26  
 262144  1000          18.32          23.61        18.51    	       18.52       	0.10   		18.70   		23.61  
 524288  1000          27.68          39.34        27.86    	       27.89       	0.31   		28.14   		39.34  
 1048576 1000          45.93          57.73        46.31    	       46.41       	0.67   		52.22   		57.73  
 2097152 1000          84.34          112.94       84.80    	       84.90       	0.99   		88.55   		112.94 
 4194304 1000          160.92         208.62       161.99   	       162.12      	0.78   		167.75  		208.62 
 8388608 1000          315.14         364.33       316.14   	       316.31      	2.15   		321.50  		364.33 
---------------------------------------------------------------------------------------
deallocating GPU buffer 00007f62f6800000
destroying current CUDA Ctx
