Perftest doesn't supports CUDA tests with inline messages: inline size set to 0
initializing CUDA
Listing all CUDA devices in system:
CUDA device 0: PCIe address is 06:00
CUDA device 1: PCIe address is 26:00
CUDA device 2: PCIe address is A6:00
CUDA device 3: PCIe address is C6:00

Picking device No. 3
[pid = 9427, dev = 3] device name = [NVIDIA H100 80GB HBM3]
creating CUDA Ctx
making it the current CUDA Ctx
CUDA device integrated: 0
using DMA-BUF for GPU buffer address at 0x7f872a000000 aligned at 0x7f872a000000 with aligned size 134217728
allocated GPU buffer of a 134217728 address at 0xde3c50 for type CUDA_MEM_DEVICE
Calling ibv_reg_dmabuf_mr(offset=0, size=134217728, addr=0x7f872a000000, fd=58) for QP #0
---------------------------------------------------------------------------------------
                    RDMA_Write BW Test
 Dual-port       : OFF		Device         : mlx5_4
 Number of qps   : 8		Transport type : IB
 Connection type : RC		Using SRQ      : OFF
 PCIe relax order: ON		Lock-free      : OFF
 ibv_wr* API     : ON		Using DDP      : OFF
 TX depth        : 128
 CQ Moderation   : 100
 CQE Poll Batch  : Dynamic
 Mtu             : 4096[B]
 Link type       : Ethernet
 GID index       : 3
 Max inline data : 0[B]
 rdma_cm QPs	 : ON
 Data ex. method : rdma_cm 	TOS    : 41
---------------------------------------------------------------------------------------
 local address: LID 0000 QPN 0x01c0 PSN 0xac25f5
 GID: 00:00:00:00:00:00:00:00:00:00:255:255:192:168:103:91
 local address: LID 0000 QPN 0x01c1 PSN 0x802472
 GID: 00:00:00:00:00:00:00:00:00:00:255:255:192:168:103:91
 local address: LID 0000 QPN 0x01c2 PSN 0x60fe9e
 GID: 00:00:00:00:00:00:00:00:00:00:255:255:192:168:103:91
 local address: LID 0000 QPN 0x01c3 PSN 0x66895e
 GID: 00:00:00:00:00:00:00:00:00:00:255:255:192:168:103:91
 local address: LID 0000 QPN 0x01c4 PSN 0xa31a50
 GID: 00:00:00:00:00:00:00:00:00:00:255:255:192:168:103:91
 local address: LID 0000 QPN 0x01c5 PSN 0xf7f63c
 GID: 00:00:00:00:00:00:00:00:00:00:255:255:192:168:103:91
 local address: LID 0000 QPN 0x01c6 PSN 0x910db5
 GID: 00:00:00:00:00:00:00:00:00:00:255:255:192:168:103:91
 local address: LID 0000 QPN 0x01c7 PSN 0x3e3cd4
 GID: 00:00:00:00:00:00:00:00:00:00:255:255:192:168:103:91
 remote address: LID 0000 QPN 0x01c0 PSN 0xf250a9
 GID: 00:00:00:00:00:00:00:00:00:00:255:255:192:168:103:96
 remote address: LID 0000 QPN 0x01c1 PSN 0xae0b16
 GID: 00:00:00:00:00:00:00:00:00:00:255:255:192:168:103:96
 remote address: LID 0000 QPN 0x01c2 PSN 0x538a72
 GID: 00:00:00:00:00:00:00:00:00:00:255:255:192:168:103:96
 remote address: LID 0000 QPN 0x01c3 PSN 0xbc8aa2
 GID: 00:00:00:00:00:00:00:00:00:00:255:255:192:168:103:96
 remote address: LID 0000 QPN 0x01c4 PSN 0x14bc44
 GID: 00:00:00:00:00:00:00:00:00:00:255:255:192:168:103:96
 remote address: LID 0000 QPN 0x01c5 PSN 0xcb2320
 GID: 00:00:00:00:00:00:00:00:00:00:255:255:192:168:103:96
 remote address: LID 0000 QPN 0x01c6 PSN 0x02c9
 GID: 00:00:00:00:00:00:00:00:00:00:255:255:192:168:103:96
 remote address: LID 0000 QPN 0x01c7 PSN 0x1c8e58
 GID: 00:00:00:00:00:00:00:00:00:00:255:255:192:168:103:96
---------------------------------------------------------------------------------------
 #bytes     #iterations    BW peak[Gb/sec]    BW average[Gb/sec]   MsgRate[Mpps]
 2          40000           0.061114            0.060426            3.776598
 4          40000            0.13               0.13   		     3.969727
 8          40000            0.25               0.25   		     3.941178
 16         40000            0.51               0.51   		     3.962028
 32         40000            1.02               1.02   		     3.969459
 64         40000            2.04               2.03   		     3.958507
 128        40000            4.08               4.02   		     3.922176
 256        40000            8.21               8.14   		     3.976689
 512        40000            16.37              16.31  		     3.981867
 1024       40000            33.09              32.96  		     4.023691
 2048       40000            67.64              67.26  		     4.105301
 4096       40000            139.11             138.42 		     4.224191
 8192       40000            200.08             199.98 		     3.051476
 16384      40000            201.30             201.22 		     1.535189
 32768      40000            201.86             201.84 		     0.769975
 65536      40000            202.20             202.18 		     0.385630
 131072     40000            202.34             202.34 		     0.192962
 262144     40000            202.41             202.40 		     0.096514
 524288     40000            202.45             202.45 		     0.048267
 1048576    40000            202.47             202.47 		     0.024136
 2097152    40000            202.48             202.48 		     0.012069
 4194304    40000            202.32             202.32 		     0.006029
 8388608    40000            168.56             168.56 		     0.002512
---------------------------------------------------------------------------------------
deallocating GPU buffer 00007f872a000000
destroying current CUDA Ctx
