Perftest doesn't supports CUDA tests with inline messages: inline size set to 0

************************************
* Waiting for client to connect... *
************************************
initializing CUDA
Listing all CUDA devices in system:
CUDA device 0: PCIe address is 06:00
CUDA device 1: PCIe address is 26:00
CUDA device 2: PCIe address is A6:00
CUDA device 3: PCIe address is C6:00

Picking device No. 1
[pid = 9067, dev = 1] device name = [NVIDIA H100 80GB HBM3]
creating CUDA Ctx
making it the current CUDA Ctx
CUDA device integrated: 0
using DMA-BUF for GPU buffer address at 0x7f382a000000 aligned at 0x7f382a000000 with aligned size 134217728
allocated GPU buffer of a 134217728 address at 0x16aec30 for type CUDA_MEM_DEVICE
Calling ibv_reg_dmabuf_mr(offset=0, size=134217728, addr=0x7f382a000000, fd=58) for QP #0
---------------------------------------------------------------------------------------
                    RDMA_Write BW Test
 Dual-port       : OFF		Device         : mlx5_5
 Number of qps   : 8		Transport type : IB
 Connection type : RC		Using SRQ      : OFF
 PCIe relax order: ON		Lock-free      : OFF
 ibv_wr* API     : ON		Using DDP      : OFF
 CQ Moderation   : 100
 CQE Poll Batch  : Dynamic
 Mtu             : 4096[B]
 Link type       : Ethernet
 GID index       : 3
 Max inline data : 0[B]
 rdma_cm QPs	 : ON
 Data ex. method : rdma_cm 	TOS    : 41
---------------------------------------------------------------------------------------
 Waiting for client rdma_cm QP to connect
 Please run the same command with the IB/RoCE interface IP
---------------------------------------------------------------------------------------
 local address: LID 0000 QPN 0x0136 PSN 0xf60bdd
 GID: 00:00:00:00:00:00:00:00:00:00:255:255:192:168:102:91
 local address: LID 0000 QPN 0x0137 PSN 0x65783a
 GID: 00:00:00:00:00:00:00:00:00:00:255:255:192:168:102:91
 local address: LID 0000 QPN 0x0138 PSN 0xab5ac6
 GID: 00:00:00:00:00:00:00:00:00:00:255:255:192:168:102:91
 local address: LID 0000 QPN 0x0139 PSN 0xbbb666
 GID: 00:00:00:00:00:00:00:00:00:00:255:255:192:168:102:91
 local address: LID 0000 QPN 0x013a PSN 0xbc76b8
 GID: 00:00:00:00:00:00:00:00:00:00:255:255:192:168:102:91
 local address: LID 0000 QPN 0x013b PSN 0xa9be84
 GID: 00:00:00:00:00:00:00:00:00:00:255:255:192:168:102:91
 local address: LID 0000 QPN 0x013c PSN 0x94045d
 GID: 00:00:00:00:00:00:00:00:00:00:255:255:192:168:102:91
 local address: LID 0000 QPN 0x013d PSN 0xfc325c
 GID: 00:00:00:00:00:00:00:00:00:00:255:255:192:168:102:91
 remote address: LID 0000 QPN 0x0131 PSN 0x236c08
 GID: 00:00:00:00:00:00:00:00:00:00:255:255:192:168:102:96
 remote address: LID 0000 QPN 0x0132 PSN 0x4b9952
 GID: 00:00:00:00:00:00:00:00:00:00:255:255:192:168:102:96
 remote address: LID 0000 QPN 0x0133 PSN 0xf97534
 GID: 00:00:00:00:00:00:00:00:00:00:255:255:192:168:102:96
 remote address: LID 0000 QPN 0x0135 PSN 0x9a3e73
 GID: 00:00:00:00:00:00:00:00:00:00:255:255:192:168:102:96
 remote address: LID 0000 QPN 0x0136 PSN 0x3d9f0a
 GID: 00:00:00:00:00:00:00:00:00:00:255:255:192:168:102:96
 remote address: LID 0000 QPN 0x0137 PSN 0xf008a4
 GID: 00:00:00:00:00:00:00:00:00:00:255:255:192:168:102:96
 remote address: LID 0000 QPN 0x0138 PSN 0x10c733
 GID: 00:00:00:00:00:00:00:00:00:00:255:255:192:168:102:96
 remote address: LID 0000 QPN 0x0139 PSN 0xe5deb0
 GID: 00:00:00:00:00:00:00:00:00:00:255:255:192:168:102:96
---------------------------------------------------------------------------------------
 #bytes     #iterations    BW peak[Gb/sec]    BW average[Gb/sec]   MsgRate[Mpps]
 8388608    40000            104.92             104.50 		     0.001557
---------------------------------------------------------------------------------------
deallocating GPU buffer 00007f382a000000
destroying current CUDA Ctx
