Perftest doesn't supports CUDA tests with inline messages: inline size set to 0
initializing CUDA
Listing all CUDA devices in system:
CUDA device 0: PCIe address is 06:00
CUDA device 1: PCIe address is 26:00
CUDA device 2: PCIe address is A6:00
CUDA device 3: PCIe address is C6:00

Picking device No. 0
[pid = 9372, dev = 0] device name = [NVIDIA H100 80GB HBM3]
creating CUDA Ctx
making it the current CUDA Ctx
CUDA device integrated: 0
using DMA-BUF for GPU buffer address at 0x7fa044000000 aligned at 0x7fa044000000 with aligned size 134217728
allocated GPU buffer of a 134217728 address at 0x1a88c50 for type CUDA_MEM_DEVICE
Calling ibv_reg_dmabuf_mr(offset=0, size=134217728, addr=0x7fa044000000, fd=58) for QP #0
---------------------------------------------------------------------------------------
                    RDMA_Write BW Test
 Dual-port       : OFF		Device         : mlx5_2
 Number of qps   : 8		Transport type : IB
 Connection type : RC		Using SRQ      : OFF
 PCIe relax order: ON		Lock-free      : OFF
 ibv_wr* API     : ON		Using DDP      : OFF
 TX depth        : 128
 CQ Moderation   : 100
 CQE Poll Batch  : Dynamic
 Mtu             : 4096[B]
 Link type       : Ethernet
 GID index       : 3
 Max inline data : 0[B]
 rdma_cm QPs	 : ON
 Data ex. method : rdma_cm 	TOS    : 41
---------------------------------------------------------------------------------------
 local address: LID 0000 QPN 0x022d PSN 0xc55f4
 GID: 00:00:00:00:00:00:00:00:00:00:255:255:192:168:101:91
 local address: LID 0000 QPN 0x022e PSN 0x313ace
 GID: 00:00:00:00:00:00:00:00:00:00:255:255:192:168:101:91
 local address: LID 0000 QPN 0x022f PSN 0x249f00
 GID: 00:00:00:00:00:00:00:00:00:00:255:255:192:168:101:91
 local address: LID 0000 QPN 0x0230 PSN 0x98524f
 GID: 00:00:00:00:00:00:00:00:00:00:255:255:192:168:101:91
 local address: LID 0000 QPN 0x0231 PSN 0x13bbb6
 GID: 00:00:00:00:00:00:00:00:00:00:255:255:192:168:101:91
 local address: LID 0000 QPN 0x0232 PSN 0x6cc5e0
 GID: 00:00:00:00:00:00:00:00:00:00:255:255:192:168:101:91
 local address: LID 0000 QPN 0x0233 PSN 0x8141bf
 GID: 00:00:00:00:00:00:00:00:00:00:255:255:192:168:101:91
 local address: LID 0000 QPN 0x0234 PSN 0xf3d44c
 GID: 00:00:00:00:00:00:00:00:00:00:255:255:192:168:101:91
 remote address: LID 0000 QPN 0x0239 PSN 0x65ecc3
 GID: 00:00:00:00:00:00:00:00:00:00:255:255:192:168:101:96
 remote address: LID 0000 QPN 0x023a PSN 0x1ede28
 GID: 00:00:00:00:00:00:00:00:00:00:255:255:192:168:101:96
 remote address: LID 0000 QPN 0x023b PSN 0x97951c
 GID: 00:00:00:00:00:00:00:00:00:00:255:255:192:168:101:96
 remote address: LID 0000 QPN 0x023c PSN 0x1d104
 GID: 00:00:00:00:00:00:00:00:00:00:255:255:192:168:101:96
 remote address: LID 0000 QPN 0x023d PSN 0x27bffe
 GID: 00:00:00:00:00:00:00:00:00:00:255:255:192:168:101:96
 remote address: LID 0000 QPN 0x023e PSN 0xb4d552
 GID: 00:00:00:00:00:00:00:00:00:00:255:255:192:168:101:96
 remote address: LID 0000 QPN 0x023f PSN 0xb1ce13
 GID: 00:00:00:00:00:00:00:00:00:00:255:255:192:168:101:96
 remote address: LID 0000 QPN 0x0240 PSN 0xac98da
 GID: 00:00:00:00:00:00:00:00:00:00:255:255:192:168:101:96
---------------------------------------------------------------------------------------
 #bytes     #iterations    BW peak[Gb/sec]    BW average[Gb/sec]   MsgRate[Mpps]
 2          40000           0.033994            0.033684            2.105251
 4          40000           0.068702            0.068533            2.141664
 8          40000            0.15               0.14   		     2.148441
 16         40000            0.28               0.27   		     2.141219
 32         40000            0.55               0.55   		     2.134506
 64         40000            1.10               1.09   		     2.136289
 128        40000            2.19               2.18   		     2.129136
 256        40000            4.43               4.38   		     2.139492
 512        40000            8.79               8.76   		     2.138738
 1024       40000            17.52              17.43  		     2.127104
 2048       40000            34.94              34.78  		     2.122712
 4096       40000            77.28              76.73  		     2.341549
 8192       40000            150.46             140.83 		     2.148950
 16384      40000            204.09             203.96 		     1.556092
 32768      40000            204.87             204.86 		     0.781465
 65536      40000            205.40             205.37 		     0.391705
 131072     40000            205.48             205.47 		     0.195948
 262144     40000            205.67             205.66 		     0.098069
 524288     40000            205.72             205.72 		     0.049048
 1048576    40000            205.73             205.73 		     0.024525
 2097152    40000            205.86             205.86 		     0.012270
 4194304    40000            205.64             205.63 		     0.006128
 8388608    40000            168.92             168.92 		     0.002517
---------------------------------------------------------------------------------------
deallocating GPU buffer 00007fa044000000
destroying current CUDA Ctx
