Perftest doesn't supports CUDA tests with inline messages: inline size set to 0
initializing CUDA
Listing all CUDA devices in system:
CUDA device 0: PCIe address is 06:00
CUDA device 1: PCIe address is 26:00
CUDA device 2: PCIe address is A6:00
CUDA device 3: PCIe address is C6:00

Picking device No. 3
[pid = 9407, dev = 3] device name = [NVIDIA H100 80GB HBM3]
creating CUDA Ctx
making it the current CUDA Ctx
CUDA device integrated: 0
using DMA-BUF for GPU buffer address at 0x7f5ea6000000 aligned at 0x7f5ea6000000 with aligned size 134217728
allocated GPU buffer of a 134217728 address at 0xf8ac50 for type CUDA_MEM_DEVICE
Calling ibv_reg_dmabuf_mr(offset=0, size=134217728, addr=0x7f5ea6000000, fd=58) for QP #0
---------------------------------------------------------------------------------------
                    RDMA_Write BW Test
 Dual-port       : OFF		Device         : mlx5_3
 Number of qps   : 8		Transport type : IB
 Connection type : RC		Using SRQ      : OFF
 PCIe relax order: ON		Lock-free      : OFF
 ibv_wr* API     : ON		Using DDP      : OFF
 TX depth        : 128
 CQ Moderation   : 100
 CQE Poll Batch  : Dynamic
 Mtu             : 4096[B]
 Link type       : Ethernet
 GID index       : 3
 Max inline data : 0[B]
 rdma_cm QPs	 : ON
 Data ex. method : rdma_cm 	TOS    : 41
---------------------------------------------------------------------------------------
 local address: LID 0000 QPN 0x0208 PSN 0x243554
 GID: 00:00:00:00:00:00:00:00:00:00:255:255:192:168:100:91
 local address: LID 0000 QPN 0x0209 PSN 0x209e5
 GID: 00:00:00:00:00:00:00:00:00:00:255:255:192:168:100:91
 local address: LID 0000 QPN 0x020a PSN 0xd90295
 GID: 00:00:00:00:00:00:00:00:00:00:255:255:192:168:100:91
 local address: LID 0000 QPN 0x020b PSN 0xc42389
 GID: 00:00:00:00:00:00:00:00:00:00:255:255:192:168:100:91
 local address: LID 0000 QPN 0x020c PSN 0xa4609f
 GID: 00:00:00:00:00:00:00:00:00:00:255:255:192:168:100:91
 local address: LID 0000 QPN 0x020d PSN 0x81dfdf
 GID: 00:00:00:00:00:00:00:00:00:00:255:255:192:168:100:91
 local address: LID 0000 QPN 0x020e PSN 0x75fa1c
 GID: 00:00:00:00:00:00:00:00:00:00:255:255:192:168:100:91
 local address: LID 0000 QPN 0x020f PSN 0xf6eaf
 GID: 00:00:00:00:00:00:00:00:00:00:255:255:192:168:100:91
 remote address: LID 0000 QPN 0x021f PSN 0xaec5a6
 GID: 00:00:00:00:00:00:00:00:00:00:255:255:192:168:100:96
 remote address: LID 0000 QPN 0x0220 PSN 0x4328cf
 GID: 00:00:00:00:00:00:00:00:00:00:255:255:192:168:100:96
 remote address: LID 0000 QPN 0x0221 PSN 0x116837
 GID: 00:00:00:00:00:00:00:00:00:00:255:255:192:168:100:96
 remote address: LID 0000 QPN 0x0222 PSN 0x6ef583
 GID: 00:00:00:00:00:00:00:00:00:00:255:255:192:168:100:96
 remote address: LID 0000 QPN 0x0223 PSN 0x7e6411
 GID: 00:00:00:00:00:00:00:00:00:00:255:255:192:168:100:96
 remote address: LID 0000 QPN 0x0224 PSN 0x85c369
 GID: 00:00:00:00:00:00:00:00:00:00:255:255:192:168:100:96
 remote address: LID 0000 QPN 0x0225 PSN 0xc3d7de
 GID: 00:00:00:00:00:00:00:00:00:00:255:255:192:168:100:96
 remote address: LID 0000 QPN 0x0226 PSN 0x4b2649
 GID: 00:00:00:00:00:00:00:00:00:00:255:255:192:168:100:96
---------------------------------------------------------------------------------------
 #bytes     #iterations    BW peak[Gb/sec]    BW average[Gb/sec]   MsgRate[Mpps]
 2          40000           0.031607            0.031232            1.952008
 4          40000           0.063943            0.063657            1.989272
 8          40000            0.13               0.13   		     1.998649
 16         40000            0.25               0.25   		     1.980390
 32         40000            0.51               0.51   		     2.003689
 64         40000            1.03               1.03   		     2.003867
 128        40000            2.04               2.04   		     1.992034
 256        40000            4.10               4.09   		     1.997510
 512        40000            8.18               8.15   		     1.989185
 1024       40000            16.33              16.20  		     1.977281
 2048       40000            32.42              32.05  		     1.956096
 4096       40000            74.40              69.12  		     2.109415
 8192       40000            109.39             97.72  		     1.491109
 16384      40000            109.84             102.34 		     0.780786
 32768      40000            109.98             101.84 		     0.388505
 65536      40000            110.61             109.79 		     0.209399
 131072     40000            110.66             109.79 		     0.104703
 262144     40000            110.35             110.11 		     0.052505
 524288     40000            110.97             110.97 		     0.026458
 1048576    40000            110.98             110.98 		     0.013230
 2097152    40000            111.11             111.04 		     0.006618
 4194304    40000            111.13             111.10 		     0.003311
 8388608    40000            111.10             111.10 		     0.001656
---------------------------------------------------------------------------------------
deallocating GPU buffer 00007f5ea6000000
destroying current CUDA Ctx
