Perftest doesn't supports CUDA tests with inline messages: inline size set to 0
initializing CUDA
Listing all CUDA devices in system:
CUDA device 0: PCIe address is 06:00
CUDA device 1: PCIe address is 26:00
CUDA device 2: PCIe address is A6:00
CUDA device 3: PCIe address is C6:00

Picking device No. 0
[pid = 9392, dev = 0] device name = [NVIDIA H100 80GB HBM3]
creating CUDA Ctx
making it the current CUDA Ctx
CUDA device integrated: 0
using DMA-BUF for GPU buffer address at 0x7f962a000000 aligned at 0x7f962a000000 with aligned size 134217728
allocated GPU buffer of a 134217728 address at 0x592c50 for type CUDA_MEM_DEVICE
Calling ibv_reg_dmabuf_mr(offset=0, size=134217728, addr=0x7f962a000000, fd=58) for QP #0
---------------------------------------------------------------------------------------
                    RDMA_Write BW Test
 Dual-port       : OFF		Device         : mlx5_3
 Number of qps   : 8		Transport type : IB
 Connection type : RC		Using SRQ      : OFF
 PCIe relax order: ON		Lock-free      : OFF
 ibv_wr* API     : ON		Using DDP      : OFF
 TX depth        : 128
 CQ Moderation   : 100
 CQE Poll Batch  : Dynamic
 Mtu             : 4096[B]
 Link type       : Ethernet
 GID index       : 3
 Max inline data : 0[B]
 rdma_cm QPs	 : ON
 Data ex. method : rdma_cm 	TOS    : 41
---------------------------------------------------------------------------------------
 local address: LID 0000 QPN 0x01ed PSN 0xa14936
 GID: 00:00:00:00:00:00:00:00:00:00:255:255:192:168:100:91
 local address: LID 0000 QPN 0x01ee PSN 0x219e8
 GID: 00:00:00:00:00:00:00:00:00:00:255:255:192:168:100:91
 local address: LID 0000 QPN 0x01ef PSN 0x7cf912
 GID: 00:00:00:00:00:00:00:00:00:00:255:255:192:168:100:91
 local address: LID 0000 QPN 0x01f0 PSN 0xbad7f9
 GID: 00:00:00:00:00:00:00:00:00:00:255:255:192:168:100:91
 local address: LID 0000 QPN 0x01f1 PSN 0x956118
 GID: 00:00:00:00:00:00:00:00:00:00:255:255:192:168:100:91
 local address: LID 0000 QPN 0x01f2 PSN 0x8e3c9a
 GID: 00:00:00:00:00:00:00:00:00:00:255:255:192:168:100:91
 local address: LID 0000 QPN 0x01f3 PSN 0xe3eaf1
 GID: 00:00:00:00:00:00:00:00:00:00:255:255:192:168:100:91
 local address: LID 0000 QPN 0x01f4 PSN 0x10ca96
 GID: 00:00:00:00:00:00:00:00:00:00:255:255:192:168:100:91
 remote address: LID 0000 QPN 0x0204 PSN 0x70cf88
 GID: 00:00:00:00:00:00:00:00:00:00:255:255:192:168:100:96
 remote address: LID 0000 QPN 0x0205 PSN 0x1a6a09
 GID: 00:00:00:00:00:00:00:00:00:00:255:255:192:168:100:96
 remote address: LID 0000 QPN 0x0206 PSN 0xca49e9
 GID: 00:00:00:00:00:00:00:00:00:00:255:255:192:168:100:96
 remote address: LID 0000 QPN 0x0207 PSN 0x4fa4d
 GID: 00:00:00:00:00:00:00:00:00:00:255:255:192:168:100:96
 remote address: LID 0000 QPN 0x0208 PSN 0xe3ea13
 GID: 00:00:00:00:00:00:00:00:00:00:255:255:192:168:100:96
 remote address: LID 0000 QPN 0x0209 PSN 0xfd9e43
 GID: 00:00:00:00:00:00:00:00:00:00:255:255:192:168:100:96
 remote address: LID 0000 QPN 0x020a PSN 0x63e2b0
 GID: 00:00:00:00:00:00:00:00:00:00:255:255:192:168:100:96
 remote address: LID 0000 QPN 0x020b PSN 0xc06db3
 GID: 00:00:00:00:00:00:00:00:00:00:255:255:192:168:100:96
---------------------------------------------------------------------------------------
 #bytes     #iterations    BW peak[Gb/sec]    BW average[Gb/sec]   MsgRate[Mpps]
 2          40000           0.032258            0.032125            2.007837
 4          40000           0.066116            0.065811            2.056583
 8          40000            0.13               0.13   		     2.047290
 16         40000            0.26               0.26   		     2.053014
 32         40000            0.53               0.53   		     2.060586
 64         40000            1.05               1.05   		     2.048605
 128        40000            2.12               2.11   		     2.061845
 256        40000            4.22               4.21   		     2.055496
 512        40000            9.37               9.25   		     2.257934
 1024       40000            19.59              16.77  		     2.046821
 2048       40000            33.91              33.62  		     2.052014
 4096       40000            69.49              69.17  		     2.110997
 8192       40000            140.97             140.22 		     2.139560
 16384      40000            202.83             202.81 		     1.547285
 32768      40000            203.53             203.52 		     0.776359
 65536      40000            203.88             203.84 		     0.388803
 131072     40000            204.02             204.02 		     0.194566
 262144     40000            204.10             204.10 		     0.097320
 524288     40000            204.15             204.15 		     0.048672
 1048576    40000            204.17             204.17 		     0.024339
 2097152    40000            204.18             204.18 		     0.012170
 4194304    40000            204.09             204.08 		     0.006082
 8388608    40000            170.98             170.98 		     0.002548
---------------------------------------------------------------------------------------
deallocating GPU buffer 00007f962a000000
destroying current CUDA Ctx
