Perftest doesn't supports CUDA tests with inline messages: inline size set to 0
initializing CUDA
Listing all CUDA devices in system:
CUDA device 0: PCIe address is 06:00
CUDA device 1: PCIe address is 26:00
CUDA device 2: PCIe address is A6:00
CUDA device 3: PCIe address is C6:00

Picking device No. 2
[pid = 9422, dev = 2] device name = [NVIDIA H100 80GB HBM3]
creating CUDA Ctx
making it the current CUDA Ctx
CUDA device integrated: 0
using DMA-BUF for GPU buffer address at 0x7f4536000000 aligned at 0x7f4536000000 with aligned size 134217728
allocated GPU buffer of a 134217728 address at 0x19a4c50 for type CUDA_MEM_DEVICE
Calling ibv_reg_dmabuf_mr(offset=0, size=134217728, addr=0x7f4536000000, fd=58) for QP #0
---------------------------------------------------------------------------------------
                    RDMA_Write BW Test
 Dual-port       : OFF		Device         : mlx5_4
 Number of qps   : 8		Transport type : IB
 Connection type : RC		Using SRQ      : OFF
 PCIe relax order: ON		Lock-free      : OFF
 ibv_wr* API     : ON		Using DDP      : OFF
 TX depth        : 128
 CQ Moderation   : 100
 CQE Poll Batch  : Dynamic
 Mtu             : 4096[B]
 Link type       : Ethernet
 GID index       : 3
 Max inline data : 0[B]
 rdma_cm QPs	 : ON
 Data ex. method : rdma_cm 	TOS    : 41
---------------------------------------------------------------------------------------
 local address: LID 0000 QPN 0x01b7 PSN 0xfe0928
 GID: 00:00:00:00:00:00:00:00:00:00:255:255:192:168:103:91
 local address: LID 0000 QPN 0x01b8 PSN 0xb3ff2
 GID: 00:00:00:00:00:00:00:00:00:00:255:255:192:168:103:91
 local address: LID 0000 QPN 0x01b9 PSN 0xc72754
 GID: 00:00:00:00:00:00:00:00:00:00:255:255:192:168:103:91
 local address: LID 0000 QPN 0x01ba PSN 0xb7d613
 GID: 00:00:00:00:00:00:00:00:00:00:255:255:192:168:103:91
 local address: LID 0000 QPN 0x01bb PSN 0x90ee2a
 GID: 00:00:00:00:00:00:00:00:00:00:255:255:192:168:103:91
 local address: LID 0000 QPN 0x01bc PSN 0xff7944
 GID: 00:00:00:00:00:00:00:00:00:00:255:255:192:168:103:91
 local address: LID 0000 QPN 0x01bd PSN 0x537b53
 GID: 00:00:00:00:00:00:00:00:00:00:255:255:192:168:103:91
 local address: LID 0000 QPN 0x01be PSN 0xa15050
 GID: 00:00:00:00:00:00:00:00:00:00:255:255:192:168:103:91
 remote address: LID 0000 QPN 0x01b7 PSN 0x8c385b
 GID: 00:00:00:00:00:00:00:00:00:00:255:255:192:168:103:96
 remote address: LID 0000 QPN 0x01b8 PSN 0x12aa9
 GID: 00:00:00:00:00:00:00:00:00:00:255:255:192:168:103:96
 remote address: LID 0000 QPN 0x01b9 PSN 0x10813f
 GID: 00:00:00:00:00:00:00:00:00:00:255:255:192:168:103:96
 remote address: LID 0000 QPN 0x01ba PSN 0x604122
 GID: 00:00:00:00:00:00:00:00:00:00:255:255:192:168:103:96
 remote address: LID 0000 QPN 0x01bb PSN 0x49fd8d
 GID: 00:00:00:00:00:00:00:00:00:00:255:255:192:168:103:96
 remote address: LID 0000 QPN 0x01bc PSN 0xe1f86b
 GID: 00:00:00:00:00:00:00:00:00:00:255:255:192:168:103:96
 remote address: LID 0000 QPN 0x01bd PSN 0xf4a8ee
 GID: 00:00:00:00:00:00:00:00:00:00:255:255:192:168:103:96
 remote address: LID 0000 QPN 0x01be PSN 0x1efd4f
 GID: 00:00:00:00:00:00:00:00:00:00:255:255:192:168:103:96
---------------------------------------------------------------------------------------
 #bytes     #iterations    BW peak[Gb/sec]    BW average[Gb/sec]   MsgRate[Mpps]
 2          40000           0.036172            0.035881            2.242546
 4          40000           0.069024            0.068022            2.125701
 8          40000            0.23               0.20   		     3.068122
 16         40000            0.48               0.48   		     3.737902
 32         40000            0.96               0.95   		     3.722104
 64         40000            1.92               1.88   		     3.678912
 128        40000            3.90               3.87   		     3.775492
 256        40000            7.82               7.76   		     3.787893
 512        40000            15.89              15.47  		     3.776064
 1024       40000            31.78              31.62  		     3.859365
 2048       40000            63.34              63.08  		     3.850400
 4096       40000            125.17             124.52 		     3.799919
 8192       40000            203.11             203.00 		     3.097610
 16384      40000            204.23             204.10 		     1.557127
 32768      40000            204.66             204.65 		     0.780683
 65536      40000            204.94             204.91 		     0.390843
 131072     40000            205.03             205.03 		     0.195528
 262144     40000            205.04             205.03 		     0.097768
 524288     40000            205.04             205.04 		     0.048886
 1048576    40000            205.12             205.12 		     0.024452
 2097152    40000            205.15             205.15 		     0.012228
 4194304    40000            204.90             204.87 		     0.006105
 8388608    40000            168.51             168.51 		     0.002511
---------------------------------------------------------------------------------------
deallocating GPU buffer 00007f4536000000
destroying current CUDA Ctx
