Perftest doesn't supports CUDA tests with inline messages: inline size set to 0
initializing CUDA
Listing all CUDA devices in system:
CUDA device 0: PCIe address is 06:00
CUDA device 1: PCIe address is 26:00
CUDA device 2: PCIe address is A6:00
CUDA device 3: PCIe address is C6:00

Picking device No. 0
[pid = 9432, dev = 0] device name = [NVIDIA H100 80GB HBM3]
creating CUDA Ctx
making it the current CUDA Ctx
CUDA device integrated: 0
using DMA-BUF for GPU buffer address at 0x7f225c000000 aligned at 0x7f225c000000 with aligned size 134217728
allocated GPU buffer of a 134217728 address at 0x21ffc50 for type CUDA_MEM_DEVICE
Calling ibv_reg_dmabuf_mr(offset=0, size=134217728, addr=0x7f225c000000, fd=58) for QP #0
---------------------------------------------------------------------------------------
                    RDMA_Write BW Test
 Dual-port       : OFF		Device         : mlx5_5
 Number of qps   : 8		Transport type : IB
 Connection type : RC		Using SRQ      : OFF
 PCIe relax order: ON		Lock-free      : OFF
 ibv_wr* API     : ON		Using DDP      : OFF
 TX depth        : 128
 CQ Moderation   : 100
 CQE Poll Batch  : Dynamic
 Mtu             : 4096[B]
 Link type       : Ethernet
 GID index       : 3
 Max inline data : 0[B]
 rdma_cm QPs	 : ON
 Data ex. method : rdma_cm 	TOS    : 41
---------------------------------------------------------------------------------------
 local address: LID 0000 QPN 0x01a9 PSN 0xa18a56
 GID: 00:00:00:00:00:00:00:00:00:00:255:255:192:168:102:91
 local address: LID 0000 QPN 0x01aa PSN 0x209488
 GID: 00:00:00:00:00:00:00:00:00:00:255:255:192:168:102:91
 local address: LID 0000 QPN 0x01ab PSN 0x22ef32
 GID: 00:00:00:00:00:00:00:00:00:00:255:255:192:168:102:91
 local address: LID 0000 QPN 0x01ac PSN 0x56399
 GID: 00:00:00:00:00:00:00:00:00:00:255:255:192:168:102:91
 local address: LID 0000 QPN 0x01ad PSN 0x449438
 GID: 00:00:00:00:00:00:00:00:00:00:255:255:192:168:102:91
 local address: LID 0000 QPN 0x01ae PSN 0x95c13a
 GID: 00:00:00:00:00:00:00:00:00:00:255:255:192:168:102:91
 local address: LID 0000 QPN 0x01af PSN 0xbf2311
 GID: 00:00:00:00:00:00:00:00:00:00:255:255:192:168:102:91
 local address: LID 0000 QPN 0x01b0 PSN 0x547036
 GID: 00:00:00:00:00:00:00:00:00:00:255:255:192:168:102:91
 remote address: LID 0000 QPN 0x01a5 PSN 0x474727
 GID: 00:00:00:00:00:00:00:00:00:00:255:255:192:168:102:96
 remote address: LID 0000 QPN 0x01a6 PSN 0x1bf85
 GID: 00:00:00:00:00:00:00:00:00:00:255:255:192:168:102:96
 remote address: LID 0000 QPN 0x01a7 PSN 0xdd8aeb
 GID: 00:00:00:00:00:00:00:00:00:00:255:255:192:168:102:96
 remote address: LID 0000 QPN 0x01a8 PSN 0xede75e
 GID: 00:00:00:00:00:00:00:00:00:00:255:255:192:168:102:96
 remote address: LID 0000 QPN 0x01a9 PSN 0x43ad19
 GID: 00:00:00:00:00:00:00:00:00:00:255:255:192:168:102:96
 remote address: LID 0000 QPN 0x01aa PSN 0xf97f07
 GID: 00:00:00:00:00:00:00:00:00:00:255:255:192:168:102:96
 remote address: LID 0000 QPN 0x01ab PSN 0xb9215a
 GID: 00:00:00:00:00:00:00:00:00:00:255:255:192:168:102:96
 remote address: LID 0000 QPN 0x01ac PSN 0x874b4b
 GID: 00:00:00:00:00:00:00:00:00:00:255:255:192:168:102:96
---------------------------------------------------------------------------------------
 #bytes     #iterations    BW peak[Gb/sec]    BW average[Gb/sec]   MsgRate[Mpps]
 2          40000           0.059603            0.059352            3.709526
 4          40000            0.12               0.12   		     3.864417
 8          40000            0.25               0.25   		     3.842378
 16         40000            0.50               0.50   		     3.868053
 32         40000            0.99               0.98   		     3.838055
 64         40000            1.99               1.98   		     3.864324
 128        40000            3.97               3.94   		     3.848941
 256        40000            7.89               7.86   		     3.838620
 512        40000            15.84              15.76  		     3.846446
 1024       40000            31.24              23.91  		     2.918360
 2048       40000            62.91              56.82  		     3.468158
 4096       40000            103.70             86.60  		     2.642717
 8192       40000            103.62             99.00  		     1.510563
 16384      40000            104.03             95.97  		     0.732168
 32768      40000            103.66             101.52 		     0.387287
 65536      40000            104.46             102.78 		     0.196045
 131072     40000            104.43             103.87 		     0.099056
 262144     40000            104.60             104.56 		     0.049859
 524288     40000            104.78             104.78 		     0.024981
 1048576    40000            104.98             104.89 		     0.012503
 2097152    40000            105.16             105.11 		     0.006265
 4194304    40000            105.09             105.06 		     0.003131
 8388608    40000            105.10             105.10 		     0.001566
---------------------------------------------------------------------------------------
deallocating GPU buffer 00007f225c000000
destroying current CUDA Ctx
