Perftest doesn't supports CUDA tests with inline messages: inline size set to 0

************************************
* Waiting for client to connect... *
************************************
initializing CUDA
Listing all CUDA devices in system:
CUDA device 0: PCIe address is 06:00
CUDA device 1: PCIe address is 26:00
CUDA device 2: PCIe address is A6:00
CUDA device 3: PCIe address is C6:00

Picking device No. 3
[pid = 9075, dev = 3] device name = [NVIDIA H100 80GB HBM3]
creating CUDA Ctx
making it the current CUDA Ctx
CUDA device integrated: 0
using DMA-BUF for GPU buffer address at 0x7f2bf2000000 aligned at 0x7f2bf2000000 with aligned size 134217728
allocated GPU buffer of a 134217728 address at 0x1575c30 for type CUDA_MEM_DEVICE
Calling ibv_reg_dmabuf_mr(offset=0, size=134217728, addr=0x7f2bf2000000, fd=58) for QP #0
---------------------------------------------------------------------------------------
                    RDMA_Write BW Test
 Dual-port       : OFF		Device         : mlx5_5
 Number of qps   : 8		Transport type : IB
 Connection type : RC		Using SRQ      : OFF
 PCIe relax order: ON		Lock-free      : OFF
 ibv_wr* API     : ON		Using DDP      : OFF
 CQ Moderation   : 100
 CQE Poll Batch  : Dynamic
 Mtu             : 4096[B]
 Link type       : Ethernet
 GID index       : 3
 Max inline data : 0[B]
 rdma_cm QPs	 : ON
 Data ex. method : rdma_cm 	TOS    : 41
---------------------------------------------------------------------------------------
 Waiting for client rdma_cm QP to connect
 Please run the same command with the IB/RoCE interface IP
---------------------------------------------------------------------------------------
 local address: LID 0000 QPN 0x0148 PSN 0x1e0908
 GID: 00:00:00:00:00:00:00:00:00:00:255:255:192:168:102:91
 local address: LID 0000 QPN 0x0149 PSN 0x84e589
 GID: 00:00:00:00:00:00:00:00:00:00:255:255:192:168:102:91
 local address: LID 0000 QPN 0x014a PSN 0x15df69
 GID: 00:00:00:00:00:00:00:00:00:00:255:255:192:168:102:91
 local address: LID 0000 QPN 0x014b PSN 0x84a1cd
 GID: 00:00:00:00:00:00:00:00:00:00:255:255:192:168:102:91
 local address: LID 0000 QPN 0x014c PSN 0xbb3b93
 GID: 00:00:00:00:00:00:00:00:00:00:255:255:192:168:102:91
 local address: LID 0000 QPN 0x014d PSN 0xe451c3
 GID: 00:00:00:00:00:00:00:00:00:00:255:255:192:168:102:91
 local address: LID 0000 QPN 0x014e PSN 0xe35030
 GID: 00:00:00:00:00:00:00:00:00:00:255:255:192:168:102:91
 local address: LID 0000 QPN 0x014f PSN 0x630d33
 GID: 00:00:00:00:00:00:00:00:00:00:255:255:192:168:102:91
 remote address: LID 0000 QPN 0x0144 PSN 0x421a0f
 GID: 00:00:00:00:00:00:00:00:00:00:255:255:192:168:102:96
 remote address: LID 0000 QPN 0x0145 PSN 0x29fc4d
 GID: 00:00:00:00:00:00:00:00:00:00:255:255:192:168:102:96
 remote address: LID 0000 QPN 0x0146 PSN 0xfb1c13
 GID: 00:00:00:00:00:00:00:00:00:00:255:255:192:168:102:96
 remote address: LID 0000 QPN 0x0147 PSN 0xcea566
 GID: 00:00:00:00:00:00:00:00:00:00:255:255:192:168:102:96
 remote address: LID 0000 QPN 0x0148 PSN 0xfc681
 GID: 00:00:00:00:00:00:00:00:00:00:255:255:192:168:102:96
 remote address: LID 0000 QPN 0x0149 PSN 0x93c04f
 GID: 00:00:00:00:00:00:00:00:00:00:255:255:192:168:102:96
 remote address: LID 0000 QPN 0x014a PSN 0x6d9d02
 GID: 00:00:00:00:00:00:00:00:00:00:255:255:192:168:102:96
 remote address: LID 0000 QPN 0x014b PSN 0x58e1d3
 GID: 00:00:00:00:00:00:00:00:00:00:255:255:192:168:102:96
---------------------------------------------------------------------------------------
 #bytes     #iterations    BW peak[Gb/sec]    BW average[Gb/sec]   MsgRate[Mpps]
 8388608    40000            226.09             226.09 		     0.003369
---------------------------------------------------------------------------------------
deallocating GPU buffer 00007f2bf2000000
destroying current CUDA Ctx
