Perftest doesn't supports CUDA tests with inline messages: inline size set to 0

************************************
* Waiting for client to connect... *
************************************
initializing CUDA
Listing all CUDA devices in system:
CUDA device 0: PCIe address is 06:00
CUDA device 1: PCIe address is 26:00
CUDA device 2: PCIe address is A6:00
CUDA device 3: PCIe address is C6:00

Picking device No. 2
[pid = 9023, dev = 2] device name = [NVIDIA H100 80GB HBM3]
creating CUDA Ctx
making it the current CUDA Ctx
CUDA device integrated: 0
using DMA-BUF for GPU buffer address at 0x7fe63e000000 aligned at 0x7fe63e000000 with aligned size 134217728
allocated GPU buffer of a 134217728 address at 0x1671c30 for type CUDA_MEM_DEVICE
Calling ibv_reg_dmabuf_mr(offset=0, size=134217728, addr=0x7fe63e000000, fd=58) for QP #0
---------------------------------------------------------------------------------------
                    RDMA_Write BW Test
 Dual-port       : OFF		Device         : mlx5_2
 Number of qps   : 8		Transport type : IB
 Connection type : RC		Using SRQ      : OFF
 PCIe relax order: ON		Lock-free      : OFF
 ibv_wr* API     : ON		Using DDP      : OFF
 CQ Moderation   : 100
 CQE Poll Batch  : Dynamic
 Mtu             : 4096[B]
 Link type       : Ethernet
 GID index       : 3
 Max inline data : 0[B]
 rdma_cm QPs	 : ON
 Data ex. method : rdma_cm 	TOS    : 41
---------------------------------------------------------------------------------------
 Waiting for client rdma_cm QP to connect
 Please run the same command with the IB/RoCE interface IP
---------------------------------------------------------------------------------------
 local address: LID 0000 QPN 0x01c3 PSN 0xaa05e1
 GID: 00:00:00:00:00:00:00:00:00:00:255:255:192:168:101:91
 local address: LID 0000 QPN 0x01c4 PSN 0xe010b7
 GID: 00:00:00:00:00:00:00:00:00:00:255:255:192:168:101:91
 local address: LID 0000 QPN 0x01c5 PSN 0x910935
 GID: 00:00:00:00:00:00:00:00:00:00:255:255:192:168:101:91
 local address: LID 0000 QPN 0x01c6 PSN 0x928e0
 GID: 00:00:00:00:00:00:00:00:00:00:255:255:192:168:101:91
 local address: LID 0000 QPN 0x01c7 PSN 0x915d73
 GID: 00:00:00:00:00:00:00:00:00:00:255:255:192:168:101:91
 local address: LID 0000 QPN 0x01c8 PSN 0x767159
 GID: 00:00:00:00:00:00:00:00:00:00:255:255:192:168:101:91
 local address: LID 0000 QPN 0x01c9 PSN 0x39fa44
 GID: 00:00:00:00:00:00:00:00:00:00:255:255:192:168:101:91
 local address: LID 0000 QPN 0x01ca PSN 0xfde2ed
 GID: 00:00:00:00:00:00:00:00:00:00:255:255:192:168:101:91
 remote address: LID 0000 QPN 0x01cf PSN 0x3fbd57
 GID: 00:00:00:00:00:00:00:00:00:00:255:255:192:168:101:96
 remote address: LID 0000 QPN 0x01d0 PSN 0x3b31f5
 GID: 00:00:00:00:00:00:00:00:00:00:255:255:192:168:101:96
 remote address: LID 0000 QPN 0x01d1 PSN 0x63e49b
 GID: 00:00:00:00:00:00:00:00:00:00:255:255:192:168:101:96
 remote address: LID 0000 QPN 0x01d2 PSN 0xf6374e
 GID: 00:00:00:00:00:00:00:00:00:00:255:255:192:168:101:96
 remote address: LID 0000 QPN 0x01d3 PSN 0xdf5649
 GID: 00:00:00:00:00:00:00:00:00:00:255:255:192:168:101:96
 remote address: LID 0000 QPN 0x01d4 PSN 0x81a877
 GID: 00:00:00:00:00:00:00:00:00:00:255:255:192:168:101:96
 remote address: LID 0000 QPN 0x01d5 PSN 0x2d660a
 GID: 00:00:00:00:00:00:00:00:00:00:255:255:192:168:101:96
 remote address: LID 0000 QPN 0x01d6 PSN 0xfeaa3b
 GID: 00:00:00:00:00:00:00:00:00:00:255:255:192:168:101:96
---------------------------------------------------------------------------------------
 #bytes     #iterations    BW peak[Gb/sec]    BW average[Gb/sec]   MsgRate[Mpps]
 8388608    40000            104.92             104.90 		     0.001563
---------------------------------------------------------------------------------------
deallocating GPU buffer 00007fe63e000000
destroying current CUDA Ctx
