Perftest doesn't supports CUDA tests with inline messages: inline size set to 0
initializing CUDA
Listing all CUDA devices in system:
CUDA device 0: PCIe address is 06:00
CUDA device 1: PCIe address is 26:00
CUDA device 2: PCIe address is A6:00
CUDA device 3: PCIe address is C6:00

Picking device No. 3
[pid = 9447, dev = 3] device name = [NVIDIA H100 80GB HBM3]
creating CUDA Ctx
making it the current CUDA Ctx
CUDA device integrated: 0
using DMA-BUF for GPU buffer address at 0x7fb6c6000000 aligned at 0x7fb6c6000000 with aligned size 134217728
allocated GPU buffer of a 134217728 address at 0x1566c50 for type CUDA_MEM_DEVICE
Calling ibv_reg_dmabuf_mr(offset=0, size=134217728, addr=0x7fb6c6000000, fd=58) for QP #0
---------------------------------------------------------------------------------------
                    RDMA_Write BW Test
 Dual-port       : OFF		Device         : mlx5_5
 Number of qps   : 8		Transport type : IB
 Connection type : RC		Using SRQ      : OFF
 PCIe relax order: ON		Lock-free      : OFF
 ibv_wr* API     : ON		Using DDP      : OFF
 TX depth        : 128
 CQ Moderation   : 100
 CQE Poll Batch  : Dynamic
 Mtu             : 4096[B]
 Link type       : Ethernet
 GID index       : 3
 Max inline data : 0[B]
 rdma_cm QPs	 : ON
 Data ex. method : rdma_cm 	TOS    : 41
---------------------------------------------------------------------------------------
 local address: LID 0000 QPN 0x01c4 PSN 0x6f8def
 GID: 00:00:00:00:00:00:00:00:00:00:255:255:192:168:102:91
 local address: LID 0000 QPN 0x01c5 PSN 0x1f92ad
 GID: 00:00:00:00:00:00:00:00:00:00:255:255:192:168:102:91
 local address: LID 0000 QPN 0x01c6 PSN 0x2662f3
 GID: 00:00:00:00:00:00:00:00:00:00:255:255:192:168:102:91
 local address: LID 0000 QPN 0x01c7 PSN 0x6912c6
 GID: 00:00:00:00:00:00:00:00:00:00:255:255:192:168:102:91
 local address: LID 0000 QPN 0x01c8 PSN 0x949861
 GID: 00:00:00:00:00:00:00:00:00:00:255:255:192:168:102:91
 local address: LID 0000 QPN 0x01c9 PSN 0x305caf
 GID: 00:00:00:00:00:00:00:00:00:00:255:255:192:168:102:91
 local address: LID 0000 QPN 0x01ca PSN 0x1a71e2
 GID: 00:00:00:00:00:00:00:00:00:00:255:255:192:168:102:91
 local address: LID 0000 QPN 0x01cb PSN 0xb0c533
 GID: 00:00:00:00:00:00:00:00:00:00:255:255:192:168:102:91
 remote address: LID 0000 QPN 0x01c0 PSN 0x47718b
 GID: 00:00:00:00:00:00:00:00:00:00:255:255:192:168:102:96
 remote address: LID 0000 QPN 0x01c1 PSN 0x59a419
 GID: 00:00:00:00:00:00:00:00:00:00:255:255:192:168:102:96
 remote address: LID 0000 QPN 0x01c2 PSN 0x16d5ef
 GID: 00:00:00:00:00:00:00:00:00:00:255:255:192:168:102:96
 remote address: LID 0000 QPN 0x01c3 PSN 0x687012
 GID: 00:00:00:00:00:00:00:00:00:00:255:255:192:168:102:96
 remote address: LID 0000 QPN 0x01c4 PSN 0x3199bd
 GID: 00:00:00:00:00:00:00:00:00:00:255:255:192:168:102:96
 remote address: LID 0000 QPN 0x01c5 PSN 0x1298db
 GID: 00:00:00:00:00:00:00:00:00:00:255:255:192:168:102:96
 remote address: LID 0000 QPN 0x01c6 PSN 0xd989e
 GID: 00:00:00:00:00:00:00:00:00:00:255:255:192:168:102:96
 remote address: LID 0000 QPN 0x01c7 PSN 0x552b3f
 GID: 00:00:00:00:00:00:00:00:00:00:255:255:192:168:102:96
---------------------------------------------------------------------------------------
 #bytes     #iterations    BW peak[Gb/sec]    BW average[Gb/sec]   MsgRate[Mpps]
 2          40000           0.058720            0.057404            3.587725
 4          40000            0.12               0.12   		     3.806279
 8          40000            0.24               0.24   		     3.788682
 16         40000            0.49               0.49   		     3.796042
 32         40000            0.97               0.97   		     3.792483
 64         40000            1.96               1.95   		     3.803160
 128        40000            3.89               3.88   		     3.784653
 256        40000            7.80               7.77   		     3.792436
 512        40000            15.57              15.46  		     3.775173
 1024       40000            31.14              30.98  		     3.781927
 2048       40000            60.93              60.54  		     3.694983
 4096       40000            126.03             125.51 		     3.830398
 8192       40000            202.82             202.60 		     3.091427
 16384      40000            203.95             203.72 		     1.554232
 32768      40000            204.37             204.31 		     0.779389
 65536      40000            204.59             204.57 		     0.390193
 131072     40000            204.68             204.68 		     0.195199
 262144     40000            204.72             204.71 		     0.097615
 524288     40000            204.69             204.69 		     0.048802
 1048576    40000            204.81             204.81 		     0.024415
 2097152    40000            204.79             204.79 		     0.012206
 4194304    40000            204.63             204.63 		     0.006098
 8388608    40000            168.24             168.21 		     0.002507
---------------------------------------------------------------------------------------
deallocating GPU buffer 00007fb6c6000000
destroying current CUDA Ctx
