Perftest doesn't supports CUDA tests with inline messages: inline size set to 0
initializing CUDA
Listing all CUDA devices in system:
CUDA device 0: PCIe address is 06:00
CUDA device 1: PCIe address is 26:00
CUDA device 2: PCIe address is A6:00
CUDA device 3: PCIe address is C6:00

Picking device No. 0
[pid = 9412, dev = 0] device name = [NVIDIA H100 80GB HBM3]
creating CUDA Ctx
making it the current CUDA Ctx
CUDA device integrated: 0
using DMA-BUF for GPU buffer address at 0x7f3480000000 aligned at 0x7f3480000000 with aligned size 134217728
allocated GPU buffer of a 134217728 address at 0xa9ac50 for type CUDA_MEM_DEVICE
Calling ibv_reg_dmabuf_mr(offset=0, size=134217728, addr=0x7f3480000000, fd=58) for QP #0
---------------------------------------------------------------------------------------
                    RDMA_Write BW Test
 Dual-port       : OFF		Device         : mlx5_4
 Number of qps   : 8		Transport type : IB
 Connection type : RC		Using SRQ      : OFF
 PCIe relax order: ON		Lock-free      : OFF
 ibv_wr* API     : ON		Using DDP      : OFF
 TX depth        : 128
 CQ Moderation   : 100
 CQE Poll Batch  : Dynamic
 Mtu             : 4096[B]
 Link type       : Ethernet
 GID index       : 3
 Max inline data : 0[B]
 rdma_cm QPs	 : ON
 Data ex. method : rdma_cm 	TOS    : 41
---------------------------------------------------------------------------------------
 local address: LID 0000 QPN 0x01a5 PSN 0x37b1da
 GID: 00:00:00:00:00:00:00:00:00:00:255:255:192:168:103:91
 local address: LID 0000 QPN 0x01a6 PSN 0x3fffbc
 GID: 00:00:00:00:00:00:00:00:00:00:255:255:192:168:103:91
 local address: LID 0000 QPN 0x01a7 PSN 0xc44c56
 GID: 00:00:00:00:00:00:00:00:00:00:255:255:192:168:103:91
 local address: LID 0000 QPN 0x01a8 PSN 0x9863ed
 GID: 00:00:00:00:00:00:00:00:00:00:255:255:192:168:103:91
 local address: LID 0000 QPN 0x01a9 PSN 0x972ffc
 GID: 00:00:00:00:00:00:00:00:00:00:255:255:192:168:103:91
 local address: LID 0000 QPN 0x01aa PSN 0x642bae
 GID: 00:00:00:00:00:00:00:00:00:00:255:255:192:168:103:91
 local address: LID 0000 QPN 0x01ab PSN 0x36ae75
 GID: 00:00:00:00:00:00:00:00:00:00:255:255:192:168:103:91
 local address: LID 0000 QPN 0x01ac PSN 0xa6a1ca
 GID: 00:00:00:00:00:00:00:00:00:00:255:255:192:168:103:91
 remote address: LID 0000 QPN 0x01a5 PSN 0x806893
 GID: 00:00:00:00:00:00:00:00:00:00:255:255:192:168:103:96
 remote address: LID 0000 QPN 0x01a6 PSN 0xec0281
 GID: 00:00:00:00:00:00:00:00:00:00:255:255:192:168:103:96
 remote address: LID 0000 QPN 0x01a7 PSN 0x1a7837
 GID: 00:00:00:00:00:00:00:00:00:00:255:255:192:168:103:96
 remote address: LID 0000 QPN 0x01a8 PSN 0x2138ba
 GID: 00:00:00:00:00:00:00:00:00:00:255:255:192:168:103:96
 remote address: LID 0000 QPN 0x01a9 PSN 0x5f945
 GID: 00:00:00:00:00:00:00:00:00:00:255:255:192:168:103:96
 remote address: LID 0000 QPN 0x01aa PSN 0xb375c3
 GID: 00:00:00:00:00:00:00:00:00:00:255:255:192:168:103:96
 remote address: LID 0000 QPN 0x01ab PSN 0xe41766
 GID: 00:00:00:00:00:00:00:00:00:00:255:255:192:168:103:96
 remote address: LID 0000 QPN 0x01ac PSN 0xf0d667
 GID: 00:00:00:00:00:00:00:00:00:00:255:255:192:168:103:96
---------------------------------------------------------------------------------------
 #bytes     #iterations    BW peak[Gb/sec]    BW average[Gb/sec]   MsgRate[Mpps]
 2          40000           0.060201            0.059392            3.711994
 4          40000            0.12               0.12   		     3.859741
 8          40000            0.25               0.25   		     3.857902
 16         40000            0.49               0.49   		     3.844435
 32         40000            0.99               0.99   		     3.857627
 64         40000            1.98               1.97   		     3.845263
 128        40000            3.93               3.92   		     3.830970
 256        40000            7.92               7.88   		     3.848222
 512        40000            15.92              15.77  		     3.849148
 1024       40000            31.62              31.27  		     3.817522
 2048       40000            61.54              58.81  		     3.589594
 4096       40000            108.58             90.28  		     2.755206
 8192       40000            108.82             97.00  		     1.480165
 16384      40000            110.25             102.62 		     0.782906
 32768      40000            110.04             106.18 		     0.405047
 65536      40000            109.47             107.24 		     0.204541
 131072     40000            109.78             108.88 		     0.103837
 262144     40000            110.35             110.35 		     0.052617
 524288     40000            110.66             110.53 		     0.026353
 1048576    40000            110.69             110.69 		     0.013196
 2097152    40000            110.49             110.49 		     0.006586
 4194304    40000            110.79             110.79 		     0.003302
 8388608    40000            110.84             110.77 		     0.001651
---------------------------------------------------------------------------------------
deallocating GPU buffer 00007f3480000000
destroying current CUDA Ctx
