Perftest doesn't supports CUDA tests with inline messages: inline size set to 0
initializing CUDA
Listing all CUDA devices in system:
CUDA device 0: PCIe address is 06:00
CUDA device 1: PCIe address is 26:00
CUDA device 2: PCIe address is A6:00
CUDA device 3: PCIe address is C6:00

Picking device No. 1
[pid = 9417, dev = 1] device name = [NVIDIA H100 80GB HBM3]
creating CUDA Ctx
making it the current CUDA Ctx
CUDA device integrated: 0
using DMA-BUF for GPU buffer address at 0x7f0902000000 aligned at 0x7f0902000000 with aligned size 134217728
allocated GPU buffer of a 134217728 address at 0x906c50 for type CUDA_MEM_DEVICE
Calling ibv_reg_dmabuf_mr(offset=0, size=134217728, addr=0x7f0902000000, fd=58) for QP #0
---------------------------------------------------------------------------------------
                    RDMA_Write BW Test
 Dual-port       : OFF		Device         : mlx5_4
 Number of qps   : 8		Transport type : IB
 Connection type : RC		Using SRQ      : OFF
 PCIe relax order: ON		Lock-free      : OFF
 ibv_wr* API     : ON		Using DDP      : OFF
 TX depth        : 128
 CQ Moderation   : 100
 CQE Poll Batch  : Dynamic
 Mtu             : 4096[B]
 Link type       : Ethernet
 GID index       : 3
 Max inline data : 0[B]
 rdma_cm QPs	 : ON
 Data ex. method : rdma_cm 	TOS    : 41
---------------------------------------------------------------------------------------
 local address: LID 0000 QPN 0x01ae PSN 0x6d859
 GID: 00:00:00:00:00:00:00:00:00:00:255:255:192:168:103:91
 local address: LID 0000 QPN 0x01af PSN 0x1d7dcf
 GID: 00:00:00:00:00:00:00:00:00:00:255:255:192:168:103:91
 local address: LID 0000 QPN 0x01b0 PSN 0xdc0c6d
 GID: 00:00:00:00:00:00:00:00:00:00:255:255:192:168:103:91
 local address: LID 0000 QPN 0x01b1 PSN 0x7dd7b8
 GID: 00:00:00:00:00:00:00:00:00:00:255:255:192:168:103:91
 local address: LID 0000 QPN 0x01b2 PSN 0x75df6b
 GID: 00:00:00:00:00:00:00:00:00:00:255:255:192:168:103:91
 local address: LID 0000 QPN 0x01b3 PSN 0x2697f1
 GID: 00:00:00:00:00:00:00:00:00:00:255:255:192:168:103:91
 local address: LID 0000 QPN 0x01b4 PSN 0x6f8fc
 GID: 00:00:00:00:00:00:00:00:00:00:255:255:192:168:103:91
 local address: LID 0000 QPN 0x01b5 PSN 0xbfa745
 GID: 00:00:00:00:00:00:00:00:00:00:255:255:192:168:103:91
 remote address: LID 0000 QPN 0x01ae PSN 0xf64c57
 GID: 00:00:00:00:00:00:00:00:00:00:255:255:192:168:103:96
 remote address: LID 0000 QPN 0x01af PSN 0x7014f5
 GID: 00:00:00:00:00:00:00:00:00:00:255:255:192:168:103:96
 remote address: LID 0000 QPN 0x01b0 PSN 0xda8b9b
 GID: 00:00:00:00:00:00:00:00:00:00:255:255:192:168:103:96
 remote address: LID 0000 QPN 0x01b1 PSN 0x85524e
 GID: 00:00:00:00:00:00:00:00:00:00:255:255:192:168:103:96
 remote address: LID 0000 QPN 0x01b2 PSN 0xfd549
 GID: 00:00:00:00:00:00:00:00:00:00:255:255:192:168:103:96
 remote address: LID 0000 QPN 0x01b3 PSN 0x41bb77
 GID: 00:00:00:00:00:00:00:00:00:00:255:255:192:168:103:96
 remote address: LID 0000 QPN 0x01b4 PSN 0x77d0a
 GID: 00:00:00:00:00:00:00:00:00:00:255:255:192:168:103:96
 remote address: LID 0000 QPN 0x01b5 PSN 0x84753b
 GID: 00:00:00:00:00:00:00:00:00:00:255:255:192:168:103:96
---------------------------------------------------------------------------------------
 #bytes     #iterations    BW peak[Gb/sec]    BW average[Gb/sec]   MsgRate[Mpps]
 2          40000           0.033962            0.033111            2.069435
 4          40000           0.068702            0.068369            2.136540
 8          40000            0.14               0.14   		     2.118931
 16         40000            0.27               0.27   		     2.110790
 32         40000            0.55               0.54   		     2.113249
 64         40000            1.10               1.09   		     2.135584
 128        40000            2.20               2.19   		     2.135176
 256        40000            4.39               4.36   		     2.128510
 512        40000            8.79               8.70   		     2.123527
 1024       40000            17.55              17.48  		     2.133640
 2048       40000            40.11              37.94  		     2.315766
 4096       40000            81.20              74.42  		     2.270976
 8192       40000            108.26             93.48  		     1.426411
 16384      40000            109.71             99.41  		     0.758406
 32768      40000            109.98             107.21 		     0.408970
 65536      40000            110.30             109.02 		     0.207944
 131072     40000            110.14             110.03 		     0.104931
 262144     40000            110.59             110.59 		     0.052734
 524288     40000            110.46             110.43 		     0.026329
 1048576    40000            110.88             110.88 		     0.013218
 2097152    40000            111.01             110.96 		     0.006614
 4194304    40000            110.84             110.84 		     0.003303
 8388608    40000            110.98             110.94 		     0.001653
---------------------------------------------------------------------------------------
deallocating GPU buffer 00007f0902000000
destroying current CUDA Ctx
