Perftest doesn't supports CUDA tests with inline messages: inline size set to 0

************************************
* Waiting for client to connect... *
************************************
initializing CUDA
Listing all CUDA devices in system:
CUDA device 0: PCIe address is 06:00
CUDA device 1: PCIe address is 26:00
CUDA device 2: PCIe address is A6:00
CUDA device 3: PCIe address is C6:00

Picking device No. 0
[pid = 9015, dev = 0] device name = [NVIDIA H100 80GB HBM3]
creating CUDA Ctx
making it the current CUDA Ctx
CUDA device integrated: 0
using DMA-BUF for GPU buffer address at 0x7fa994000000 aligned at 0x7fa994000000 with aligned size 134217728
allocated GPU buffer of a 134217728 address at 0xda0c30 for type CUDA_MEM_DEVICE
Calling ibv_reg_dmabuf_mr(offset=0, size=134217728, addr=0x7fa994000000, fd=58) for QP #0
---------------------------------------------------------------------------------------
                    RDMA_Write BW Test
 Dual-port       : OFF		Device         : mlx5_2
 Number of qps   : 8		Transport type : IB
 Connection type : RC		Using SRQ      : OFF
 PCIe relax order: ON		Lock-free      : OFF
 ibv_wr* API     : ON		Using DDP      : OFF
 CQ Moderation   : 100
 CQE Poll Batch  : Dynamic
 Mtu             : 4096[B]
 Link type       : Ethernet
 GID index       : 3
 Max inline data : 0[B]
 rdma_cm QPs	 : ON
 Data ex. method : rdma_cm 	TOS    : 41
---------------------------------------------------------------------------------------
 Waiting for client rdma_cm QP to connect
 Please run the same command with the IB/RoCE interface IP
---------------------------------------------------------------------------------------
 local address: LID 0000 QPN 0x01b1 PSN 0x686d87
 GID: 00:00:00:00:00:00:00:00:00:00:255:255:192:168:101:91
 local address: LID 0000 QPN 0x01b2 PSN 0x8fc99c
 GID: 00:00:00:00:00:00:00:00:00:00:255:255:192:168:101:91
 local address: LID 0000 QPN 0x01b3 PSN 0x260d80
 GID: 00:00:00:00:00:00:00:00:00:00:255:255:192:168:101:91
 local address: LID 0000 QPN 0x01b4 PSN 0x4eb98
 GID: 00:00:00:00:00:00:00:00:00:00:255:255:192:168:101:91
 local address: LID 0000 QPN 0x01b5 PSN 0xcb0902
 GID: 00:00:00:00:00:00:00:00:00:00:255:255:192:168:101:91
 local address: LID 0000 QPN 0x01b6 PSN 0x848406
 GID: 00:00:00:00:00:00:00:00:00:00:255:255:192:168:101:91
 local address: LID 0000 QPN 0x01b7 PSN 0x4e8b7
 GID: 00:00:00:00:00:00:00:00:00:00:255:255:192:168:101:91
 local address: LID 0000 QPN 0x01b8 PSN 0x2e48ae
 GID: 00:00:00:00:00:00:00:00:00:00:255:255:192:168:101:91
 remote address: LID 0000 QPN 0x01bd PSN 0x7a0420
 GID: 00:00:00:00:00:00:00:00:00:00:255:255:192:168:101:96
 remote address: LID 0000 QPN 0x01be PSN 0x665ec1
 GID: 00:00:00:00:00:00:00:00:00:00:255:255:192:168:101:96
 remote address: LID 0000 QPN 0x01bf PSN 0x9ecc41
 GID: 00:00:00:00:00:00:00:00:00:00:255:255:192:168:101:96
 remote address: LID 0000 QPN 0x01c0 PSN 0xbb89c5
 GID: 00:00:00:00:00:00:00:00:00:00:255:255:192:168:101:96
 remote address: LID 0000 QPN 0x01c1 PSN 0x24d02b
 GID: 00:00:00:00:00:00:00:00:00:00:255:255:192:168:101:96
 remote address: LID 0000 QPN 0x01c2 PSN 0x79267b
 GID: 00:00:00:00:00:00:00:00:00:00:255:255:192:168:101:96
 remote address: LID 0000 QPN 0x01c3 PSN 0xff3288
 GID: 00:00:00:00:00:00:00:00:00:00:255:255:192:168:101:96
 remote address: LID 0000 QPN 0x01c4 PSN 0xbd7cab
 GID: 00:00:00:00:00:00:00:00:00:00:255:255:192:168:101:96
---------------------------------------------------------------------------------------
 #bytes     #iterations    BW peak[Gb/sec]    BW average[Gb/sec]   MsgRate[Mpps]
 8388608    40000            226.19             226.19 		     0.003370
---------------------------------------------------------------------------------------
deallocating GPU buffer 00007fa994000000
destroying current CUDA Ctx
