Perftest doesn't supports CUDA tests with inline messages: inline size set to 0
initializing CUDA
Listing all CUDA devices in system:
CUDA device 0: PCIe address is 06:00
CUDA device 1: PCIe address is 26:00
CUDA device 2: PCIe address is A6:00
CUDA device 3: PCIe address is C6:00

Picking device No. 2
[pid = 9402, dev = 2] device name = [NVIDIA H100 80GB HBM3]
creating CUDA Ctx
making it the current CUDA Ctx
CUDA device integrated: 0
using DMA-BUF for GPU buffer address at 0x7f45ee000000 aligned at 0x7f45ee000000 with aligned size 134217728
allocated GPU buffer of a 134217728 address at 0x2178c50 for type CUDA_MEM_DEVICE
Calling ibv_reg_dmabuf_mr(offset=0, size=134217728, addr=0x7f45ee000000, fd=58) for QP #0
---------------------------------------------------------------------------------------
                    RDMA_Write BW Test
 Dual-port       : OFF		Device         : mlx5_3
 Number of qps   : 8		Transport type : IB
 Connection type : RC		Using SRQ      : OFF
 PCIe relax order: ON		Lock-free      : OFF
 ibv_wr* API     : ON		Using DDP      : OFF
 TX depth        : 128
 CQ Moderation   : 100
 CQE Poll Batch  : Dynamic
 Mtu             : 4096[B]
 Link type       : Ethernet
 GID index       : 3
 Max inline data : 0[B]
 rdma_cm QPs	 : ON
 Data ex. method : rdma_cm 	TOS    : 41
---------------------------------------------------------------------------------------
 local address: LID 0000 QPN 0x01ff PSN 0x54e365
 GID: 00:00:00:00:00:00:00:00:00:00:255:255:192:168:100:91
 local address: LID 0000 QPN 0x0200 PSN 0x54f9eb
 GID: 00:00:00:00:00:00:00:00:00:00:255:255:192:168:100:91
 local address: LID 0000 QPN 0x0201 PSN 0xcd0c59
 GID: 00:00:00:00:00:00:00:00:00:00:255:255:192:168:100:91
 local address: LID 0000 QPN 0x0202 PSN 0x98d734
 GID: 00:00:00:00:00:00:00:00:00:00:255:255:192:168:100:91
 local address: LID 0000 QPN 0x0203 PSN 0xce0f37
 GID: 00:00:00:00:00:00:00:00:00:00:255:255:192:168:100:91
 local address: LID 0000 QPN 0x0204 PSN 0xb439cd
 GID: 00:00:00:00:00:00:00:00:00:00:255:255:192:168:100:91
 local address: LID 0000 QPN 0x0205 PSN 0x908ba8
 GID: 00:00:00:00:00:00:00:00:00:00:255:255:192:168:100:91
 local address: LID 0000 QPN 0x0206 PSN 0xa9a281
 GID: 00:00:00:00:00:00:00:00:00:00:255:255:192:168:100:91
 remote address: LID 0000 QPN 0x0216 PSN 0x9f2588
 GID: 00:00:00:00:00:00:00:00:00:00:255:255:192:168:100:96
 remote address: LID 0000 QPN 0x0217 PSN 0x190809
 GID: 00:00:00:00:00:00:00:00:00:00:255:255:192:168:100:96
 remote address: LID 0000 QPN 0x0218 PSN 0x278fe9
 GID: 00:00:00:00:00:00:00:00:00:00:255:255:192:168:100:96
 remote address: LID 0000 QPN 0x0219 PSN 0x9fc84d
 GID: 00:00:00:00:00:00:00:00:00:00:255:255:192:168:100:96
 remote address: LID 0000 QPN 0x021a PSN 0xe1a013
 GID: 00:00:00:00:00:00:00:00:00:00:255:255:192:168:100:96
 remote address: LID 0000 QPN 0x021b PSN 0x881c43
 GID: 00:00:00:00:00:00:00:00:00:00:255:255:192:168:100:96
 remote address: LID 0000 QPN 0x021c PSN 0x8f88b0
 GID: 00:00:00:00:00:00:00:00:00:00:255:255:192:168:100:96
 remote address: LID 0000 QPN 0x021d PSN 0x7a1bb3
 GID: 00:00:00:00:00:00:00:00:00:00:255:255:192:168:100:96
---------------------------------------------------------------------------------------
 #bytes     #iterations    BW peak[Gb/sec]    BW average[Gb/sec]   MsgRate[Mpps]
 2          40000           0.031943            0.031438            1.964890
 4          40000           0.065336            0.064732            2.022864
 8          40000            0.13               0.13   		     2.038414
 16         40000            0.26               0.26   		     2.021286
 32         40000            0.52               0.52   		     2.036787
 64         40000            1.04               1.04   		     2.024273
 128        40000            2.10               2.09   		     2.039506
 256        40000            4.20               4.17   		     2.036246
 512        40000            8.43               8.30   		     2.026133
 1024       40000            16.64              16.48  		     2.011798
 2048       40000            36.64              32.44  		     1.980266
 4096       40000            76.32              70.26  		     2.144061
 8192       40000            109.96             100.78 		     1.537842
 16384      40000            109.27             104.56 		     0.797718
 32768      40000            110.33             107.01 		     0.408203
 65536      40000            109.98             108.86 		     0.207629
 131072     40000            110.81             110.65 		     0.105521
 262144     40000            110.56             110.35 		     0.052621
 524288     40000            110.82             110.82 		     0.026422
 1048576    40000            111.10             110.94 		     0.013225
 2097152    40000            111.16             111.02 		     0.006618
 4194304    40000            111.03             111.01 		     0.003308
 8388608    40000            111.08             111.07 		     0.001655
---------------------------------------------------------------------------------------
deallocating GPU buffer 00007f45ee000000
destroying current CUDA Ctx
