Perftest doesn't supports CUDA tests with inline messages: inline size set to 0

************************************
* Waiting for client to connect... *
************************************
initializing CUDA
Listing all CUDA devices in system:
CUDA device 0: PCIe address is 06:00
CUDA device 1: PCIe address is 26:00
CUDA device 2: PCIe address is A6:00
CUDA device 3: PCIe address is C6:00

Picking device No. 3
[pid = 9059, dev = 3] device name = [NVIDIA H100 80GB HBM3]
creating CUDA Ctx
making it the current CUDA Ctx
CUDA device integrated: 0
using DMA-BUF for GPU buffer address at 0x7f6950000000 aligned at 0x7f6950000000 with aligned size 134217728
allocated GPU buffer of a 134217728 address at 0x10b3c30 for type CUDA_MEM_DEVICE
Calling ibv_reg_dmabuf_mr(offset=0, size=134217728, addr=0x7f6950000000, fd=58) for QP #0
---------------------------------------------------------------------------------------
                    RDMA_Write BW Test
 Dual-port       : OFF		Device         : mlx5_4
 Number of qps   : 8		Transport type : IB
 Connection type : RC		Using SRQ      : OFF
 PCIe relax order: ON		Lock-free      : OFF
 ibv_wr* API     : ON		Using DDP      : OFF
 CQ Moderation   : 100
 CQE Poll Batch  : Dynamic
 Mtu             : 4096[B]
 Link type       : Ethernet
 GID index       : 3
 Max inline data : 0[B]
 rdma_cm QPs	 : ON
 Data ex. method : rdma_cm 	TOS    : 41
---------------------------------------------------------------------------------------
 Waiting for client rdma_cm QP to connect
 Please run the same command with the IB/RoCE interface IP
---------------------------------------------------------------------------------------
 local address: LID 0000 QPN 0x0144 PSN 0xa727ef
 GID: 00:00:00:00:00:00:00:00:00:00:255:255:192:168:103:91
 local address: LID 0000 QPN 0x0145 PSN 0x2824ad
 GID: 00:00:00:00:00:00:00:00:00:00:255:255:192:168:103:91
 local address: LID 0000 QPN 0x0146 PSN 0xf88cf3
 GID: 00:00:00:00:00:00:00:00:00:00:255:255:192:168:103:91
 local address: LID 0000 QPN 0x0147 PSN 0xa0f4c6
 GID: 00:00:00:00:00:00:00:00:00:00:255:255:192:168:103:91
 local address: LID 0000 QPN 0x0148 PSN 0x6bd261
 GID: 00:00:00:00:00:00:00:00:00:00:255:255:192:168:103:91
 local address: LID 0000 QPN 0x0149 PSN 0xf00eaf
 GID: 00:00:00:00:00:00:00:00:00:00:255:255:192:168:103:91
 local address: LID 0000 QPN 0x014a PSN 0xa53be2
 GID: 00:00:00:00:00:00:00:00:00:00:255:255:192:168:103:91
 local address: LID 0000 QPN 0x014b PSN 0x44c733
 GID: 00:00:00:00:00:00:00:00:00:00:255:255:192:168:103:91
 remote address: LID 0000 QPN 0x0144 PSN 0xa9ecec
 GID: 00:00:00:00:00:00:00:00:00:00:255:255:192:168:103:96
 remote address: LID 0000 QPN 0x0145 PSN 0x8d5266
 GID: 00:00:00:00:00:00:00:00:00:00:255:255:192:168:103:96
 remote address: LID 0000 QPN 0x0146 PSN 0xad3ab8
 GID: 00:00:00:00:00:00:00:00:00:00:255:255:192:168:103:96
 remote address: LID 0000 QPN 0x0147 PSN 0x49efa7
 GID: 00:00:00:00:00:00:00:00:00:00:255:255:192:168:103:96
 remote address: LID 0000 QPN 0x0148 PSN 0x30ca2e
 GID: 00:00:00:00:00:00:00:00:00:00:255:255:192:168:103:96
 remote address: LID 0000 QPN 0x0149 PSN 0x6bbef8
 GID: 00:00:00:00:00:00:00:00:00:00:255:255:192:168:103:96
 remote address: LID 0000 QPN 0x014a PSN 0xfce0f7
 GID: 00:00:00:00:00:00:00:00:00:00:255:255:192:168:103:96
 remote address: LID 0000 QPN 0x014b PSN 0x42ef24
 GID: 00:00:00:00:00:00:00:00:00:00:255:255:192:168:103:96
---------------------------------------------------------------------------------------
 #bytes     #iterations    BW peak[Gb/sec]    BW average[Gb/sec]   MsgRate[Mpps]
 8388608    40000            226.22             226.22 		     0.003371
---------------------------------------------------------------------------------------
deallocating GPU buffer 00007f6950000000
destroying current CUDA Ctx
